{"/home/ywvlfy/projects/waifu-hospital/frontend/src/App.js": {"path":"/home/ywvlfy/projects/waifu-hospital/frontend/src/App.js","statementMap":{"0":{"start":{"line":25,"column":0},"end":{"line":27,"column":1}},"1":{"start":{"line":26,"column":2},"end":{"line":26,"column":35}},"2":{"start":{"line":29,"column":12},"end":{"line":75,"column":1}},"3":{"start":{"line":30,"column":19},"end":{"line":30,"column":32}},"4":{"start":{"line":32,"column":2},"end":{"line":34,"column":17}},"5":{"start":{"line":33,"column":4},"end":{"line":33,"column":25}},"6":{"start":{"line":36,"column":2},"end":{"line":74,"column":4}}},"fnMap":{"0":{"name":"(anonymous_0)","decl":{"start":{"line":29,"column":12},"end":{"line":29,"column":13}},"loc":{"start":{"line":29,"column":18},"end":{"line":75,"column":1}},"line":29},"1":{"name":"(anonymous_1)","decl":{"start":{"line":32,"column":12},"end":{"line":32,"column":13}},"loc":{"start":{"line":32,"column":18},"end":{"line":34,"column":3}},"line":32}},"branchMap":{"0":{"loc":{"start":{"line":25,"column":0},"end":{"line":27,"column":1}},"type":"if","locations":[{"start":{"line":25,"column":0},"end":{"line":27,"column":1}},{"start":{},"end":{}}],"line":25}},"s":{"0":0,"1":0,"2":0,"3":0,"4":0,"5":0,"6":0},"f":{"0":0,"1":0},"b":{"0":[0,0]}}
,"/home/ywvlfy/projects/waifu-hospital/frontend/src/index.js": {"path":"/home/ywvlfy/projects/waifu-hospital/frontend/src/index.js","statementMap":{"0":{"start":{"line":9,"column":13},"end":{"line":9,"column":65}},"1":{"start":{"line":10,"column":0},"end":{"line":18,"column":2}}},"fnMap":{},"branchMap":{},"s":{"0":0,"1":0},"f":{},"b":{}}
,"/home/ywvlfy/projects/waifu-hospital/frontend/src/store.js": {"path":"/home/ywvlfy/projects/waifu-hospital/frontend/src/store.js","statementMap":{"0":{"start":{"line":8,"column":21},"end":{"line":16,"column":2}}},"fnMap":{},"branchMap":{},"s":{"0":0},"f":{},"b":{}}
,"/home/ywvlfy/projects/waifu-hospital/frontend/src/components/layout/Alert.js": {"path":"/home/ywvlfy/projects/waifu-hospital/frontend/src/components/layout/Alert.js","statementMap":{"0":{"start":{"line":6,"column":23},"end":{"line":8,"column":1}},"1":{"start":{"line":10,"column":18},"end":{"line":33,"column":1}},"2":{"start":{"line":16,"column":4},"end":{"line":27,"column":5}},"3":{"start":{"line":18,"column":8},"end":{"line":18,"column":38}},"4":{"start":{"line":20,"column":8},"end":{"line":20,"column":36}},"5":{"start":{"line":22,"column":8},"end":{"line":22,"column":38}},"6":{"start":{"line":24,"column":8},"end":{"line":24,"column":35}},"7":{"start":{"line":26,"column":8},"end":{"line":26,"column":35}},"8":{"start":{"line":35,"column":20},"end":{"line":41,"column":1}},"9":{"start":{"line":43,"column":14},"end":{"line":71,"column":1}},"10":{"start":{"line":44,"column":17},"end":{"line":44,"column":52}},"11":{"start":{"line":44,"column":40},"end":{"line":44,"column":51}},"12":{"start":{"line":45,"column":19},"end":{"line":45,"column":32}},"13":{"start":{"line":47,"column":2},"end":{"line":57,"column":25}},"14":{"start":{"line":48,"column":4},"end":{"line":56,"column":5}},"15":{"start":{"line":49,"column":6},"end":{"line":55,"column":9}},"16":{"start":{"line":50,"column":22},"end":{"line":52,"column":25}},"17":{"start":{"line":51,"column":10},"end":{"line":51,"column":42}},"18":{"start":{"line":54,"column":8},"end":{"line":54,"column":41}},"19":{"start":{"line":54,"column":21},"end":{"line":54,"column":40}},"20":{"start":{"line":59,"column":2},"end":{"line":70,"column":4}},"21":{"start":{"line":62,"column":8},"end":{"line":67,"column":20}},"22":{"start":{"line":64,"column":38},"end":{"line":64,"column":69}}},"fnMap":{"0":{"name":"(anonymous_0)","decl":{"start":{"line":15,"column":22},"end":{"line":15,"column":23}},"loc":{"start":{"line":15,"column":33},"end":{"line":28,"column":3}},"line":15},"1":{"name":"(anonymous_1)","decl":{"start":{"line":43,"column":14},"end":{"line":43,"column":15}},"loc":{"start":{"line":43,"column":20},"end":{"line":71,"column":1}},"line":43},"2":{"name":"(anonymous_2)","decl":{"start":{"line":44,"column":29},"end":{"line":44,"column":30}},"loc":{"start":{"line":44,"column":40},"end":{"line":44,"column":51}},"line":44},"3":{"name":"(anonymous_3)","decl":{"start":{"line":47,"column":12},"end":{"line":47,"column":13}},"loc":{"start":{"line":47,"column":18},"end":{"line":57,"column":3}},"line":47},"4":{"name":"(anonymous_4)","decl":{"start":{"line":49,"column":21},"end":{"line":49,"column":22}},"loc":{"start":{"line":49,"column":32},"end":{"line":55,"column":7}},"line":49},"5":{"name":"(anonymous_5)","decl":{"start":{"line":50,"column":33},"end":{"line":50,"column":34}},"loc":{"start":{"line":50,"column":39},"end":{"line":52,"column":9}},"line":50},"6":{"name":"(anonymous_6)","decl":{"start":{"line":54,"column":15},"end":{"line":54,"column":16}},"loc":{"start":{"line":54,"column":21},"end":{"line":54,"column":40}},"line":54},"7":{"name":"(anonymous_7)","decl":{"start":{"line":61,"column":18},"end":{"line":61,"column":19}},"loc":{"start":{"line":62,"column":8},"end":{"line":67,"column":20}},"line":62},"8":{"name":"(anonymous_8)","decl":{"start":{"line":64,"column":32},"end":{"line":64,"column":33}},"loc":{"start":{"line":64,"column":38},"end":{"line":64,"column":69}},"line":64}},"branchMap":{"0":{"loc":{"start":{"line":16,"column":4},"end":{"line":27,"column":5}},"type":"switch","locations":[{"start":{"line":17,"column":6},"end":{"line":18,"column":38}},{"start":{"line":19,"column":6},"end":{"line":20,"column":36}},{"start":{"line":21,"column":6},"end":{"line":22,"column":38}},{"start":{"line":23,"column":6},"end":{"line":24,"column":35}},{"start":{"line":25,"column":6},"end":{"line":26,"column":35}}],"line":16},"1":{"loc":{"start":{"line":48,"column":4},"end":{"line":56,"column":5}},"type":"if","locations":[{"start":{"line":48,"column":4},"end":{"line":56,"column":5}},{"start":{},"end":{}}],"line":48}},"s":{"0":0,"1":0,"2":0,"3":0,"4":0,"5":0,"6":0,"7":0,"8":0,"9":0,"10":0,"11":0,"12":0,"13":0,"14":0,"15":0,"16":0,"17":0,"18":0,"19":0,"20":0,"21":0,"22":0},"f":{"0":0,"1":0,"2":0,"3":0,"4":0,"5":0,"6":0,"7":0,"8":0},"b":{"0":[0,0,0,0,0],"1":[0,0]}}
,"/home/ywvlfy/projects/waifu-hospital/frontend/src/components/layout/Footer.js": {"path":"/home/ywvlfy/projects/waifu-hospital/frontend/src/components/layout/Footer.js","statementMap":{"0":{"start":{"line":5,"column":24},"end":{"line":9,"column":1}},"1":{"start":{"line":11,"column":22},"end":{"line":19,"column":1}},"2":{"start":{"line":21,"column":22},"end":{"line":24,"column":1}},"3":{"start":{"line":26,"column":20},"end":{"line":31,"column":1}},"4":{"start":{"line":33,"column":19},"end":{"line":42,"column":1}},"5":{"start":{"line":44,"column":19},"end":{"line":47,"column":1}},"6":{"start":{"line":49,"column":21},"end":{"line":57,"column":1}},"7":{"start":{"line":59,"column":15},"end":{"line":100,"column":1}},"8":{"start":{"line":60,"column":2},"end":{"line":99,"column":4}}},"fnMap":{"0":{"name":"(anonymous_0)","decl":{"start":{"line":59,"column":15},"end":{"line":59,"column":16}},"loc":{"start":{"line":59,"column":21},"end":{"line":100,"column":1}},"line":59}},"branchMap":{},"s":{"0":0,"1":0,"2":0,"3":0,"4":0,"5":0,"6":0,"7":0,"8":0},"f":{"0":0},"b":{}}
,"/home/ywvlfy/projects/waifu-hospital/frontend/src/components/layout/Header.js": {"path":"/home/ywvlfy/projects/waifu-hospital/frontend/src/components/layout/Header.js","statementMap":{"0":{"start":{"line":7,"column":24},"end":{"line":10,"column":1}},"1":{"start":{"line":12,"column":22},"end":{"line":20,"column":1}},"2":{"start":{"line":22,"column":13},"end":{"line":27,"column":1}},"3":{"start":{"line":29,"column":12},"end":{"line":32,"column":1}},"4":{"start":{"line":34,"column":16},"end":{"line":44,"column":1}},"5":{"start":{"line":46,"column":15},"end":{"line":58,"column":1}},"6":{"start":{"line":60,"column":18},"end":{"line":68,"column":1}},"7":{"start":{"line":70,"column":15},"end":{"line":110,"column":1}},"8":{"start":{"line":71,"column":19},"end":{"line":71,"column":32}},"9":{"start":{"line":72,"column":36},"end":{"line":72,"column":70}},"10":{"start":{"line":72,"column":59},"end":{"line":72,"column":69}},"11":{"start":{"line":73,"column":24},"end":{"line":73,"column":58}},"12":{"start":{"line":73,"column":47},"end":{"line":73,"column":57}},"13":{"start":{"line":75,"column":23},"end":{"line":77,"column":3}},"14":{"start":{"line":76,"column":4},"end":{"line":76,"column":23}},"15":{"start":{"line":80,"column":4},"end":{"line":83,"column":7}},"16":{"start":{"line":87,"column":4},"end":{"line":96,"column":7}},"17":{"start":{"line":99,"column":2},"end":{"line":109,"column":4}}},"fnMap":{"0":{"name":"(anonymous_0)","decl":{"start":{"line":70,"column":15},"end":{"line":70,"column":16}},"loc":{"start":{"line":70,"column":21},"end":{"line":110,"column":1}},"line":70},"1":{"name":"(anonymous_1)","decl":{"start":{"line":72,"column":48},"end":{"line":72,"column":49}},"loc":{"start":{"line":72,"column":59},"end":{"line":72,"column":69}},"line":72},"2":{"name":"(anonymous_2)","decl":{"start":{"line":73,"column":36},"end":{"line":73,"column":37}},"loc":{"start":{"line":73,"column":47},"end":{"line":73,"column":57}},"line":73},"3":{"name":"(anonymous_3)","decl":{"start":{"line":75,"column":23},"end":{"line":75,"column":24}},"loc":{"start":{"line":75,"column":29},"end":{"line":77,"column":3}},"line":75}},"branchMap":{"0":{"loc":{"start":{"line":93,"column":9},"end":{"line":93,"column":74}},"type":"binary-expr","locations":[{"start":{"line":93,"column":9},"end":{"line":93,"column":29}},{"start":{"line":93,"column":33},"end":{"line":93,"column":74}}],"line":93},"1":{"loc":{"start":{"line":105,"column":11},"end":{"line":105,"column":51}},"type":"cond-expr","locations":[{"start":{"line":105,"column":29},"end":{"line":105,"column":38}},{"start":{"line":105,"column":41},"end":{"line":105,"column":51}}],"line":105}},"s":{"0":0,"1":0,"2":0,"3":0,"4":0,"5":0,"6":0,"7":0,"8":0,"9":0,"10":0,"11":0,"12":0,"13":0,"14":0,"15":0,"16":0,"17":0},"f":{"0":0,"1":0,"2":0,"3":0},"b":{"0":[0,0],"1":[0,0]}}
,"/home/ywvlfy/projects/waifu-hospital/frontend/src/components/layout/Spinner.js": {"path":"/home/ywvlfy/projects/waifu-hospital/frontend/src/components/layout/Spinner.js","statementMap":{"0":{"start":{"line":4,"column":25},"end":{"line":10,"column":1}},"1":{"start":{"line":12,"column":23},"end":{"line":25,"column":1}},"2":{"start":{"line":27,"column":16},"end":{"line":33,"column":1}},"3":{"start":{"line":28,"column":2},"end":{"line":32,"column":4}}},"fnMap":{"0":{"name":"(anonymous_0)","decl":{"start":{"line":27,"column":16},"end":{"line":27,"column":17}},"loc":{"start":{"line":27,"column":22},"end":{"line":33,"column":1}},"line":27}},"branchMap":{},"s":{"0":0,"1":0,"2":0,"3":0},"f":{"0":0},"b":{}}
,"/home/ywvlfy/projects/waifu-hospital/frontend/src/components/routing/PrivateRoute.js": {"path":"/home/ywvlfy/projects/waifu-hospital/frontend/src/components/routing/PrivateRoute.js","statementMap":{"0":{"start":{"line":6,"column":21},"end":{"line":18,"column":1}},"1":{"start":{"line":7,"column":39},"end":{"line":7,"column":73}},"2":{"start":{"line":7,"column":62},"end":{"line":7,"column":72}},"3":{"start":{"line":9,"column":2},"end":{"line":11,"column":3}},"4":{"start":{"line":10,"column":4},"end":{"line":10,"column":23}},"5":{"start":{"line":13,"column":2},"end":{"line":15,"column":3}},"6":{"start":{"line":14,"column":4},"end":{"line":14,"column":36}},"7":{"start":{"line":17,"column":2},"end":{"line":17,"column":23}}},"fnMap":{"0":{"name":"(anonymous_0)","decl":{"start":{"line":6,"column":21},"end":{"line":6,"column":22}},"loc":{"start":{"line":6,"column":51},"end":{"line":18,"column":1}},"line":6},"1":{"name":"(anonymous_1)","decl":{"start":{"line":7,"column":51},"end":{"line":7,"column":52}},"loc":{"start":{"line":7,"column":62},"end":{"line":7,"column":72}},"line":7}},"branchMap":{"0":{"loc":{"start":{"line":9,"column":2},"end":{"line":11,"column":3}},"type":"if","locations":[{"start":{"line":9,"column":2},"end":{"line":11,"column":3}},{"start":{},"end":{}}],"line":9},"1":{"loc":{"start":{"line":13,"column":2},"end":{"line":15,"column":3}},"type":"if","locations":[{"start":{"line":13,"column":2},"end":{"line":15,"column":3}},{"start":{},"end":{}}],"line":13}},"s":{"0":1,"1":26,"2":48,"3":26,"4":4,"5":22,"6":5,"7":17},"f":{"0":26,"1":48},"b":{"0":[4,22],"1":[5,17]},"_coverageSchema":"1a1c01bbd47fc00a2c39e90264f33305004495a9","hash":"f34e2ab9c0e1e1f450daba801d108bd5331addda"}
,"/home/ywvlfy/projects/waifu-hospital/frontend/src/features/alerts/alertSlice.js": {"path":"/home/ywvlfy/projects/waifu-hospital/frontend/src/features/alerts/alertSlice.js","statementMap":{"0":{"start":{"line":4,"column":21},"end":{"line":4,"column":23}},"1":{"start":{"line":6,"column":19},"end":{"line":30,"column":2}},"2":{"start":{"line":12,"column":8},"end":{"line":12,"column":35}},"3":{"start":{"line":15,"column":19},"end":{"line":15,"column":27}},"4":{"start":{"line":16,"column":8},"end":{"line":23,"column":10}},"5":{"start":{"line":27,"column":6},"end":{"line":27,"column":66}},"6":{"start":{"line":27,"column":37},"end":{"line":27,"column":64}},"7":{"start":{"line":32,"column":41},"end":{"line":32,"column":59}}},"fnMap":{"0":{"name":"(anonymous_0)","decl":{"start":{"line":11,"column":15},"end":{"line":11,"column":16}},"loc":{"start":{"line":11,"column":34},"end":{"line":13,"column":7}},"line":11},"1":{"name":"(anonymous_1)","decl":{"start":{"line":14,"column":15},"end":{"line":14,"column":16}},"loc":{"start":{"line":14,"column":50},"end":{"line":24,"column":7}},"line":14},"2":{"name":"(anonymous_2)","decl":{"start":{"line":26,"column":17},"end":{"line":26,"column":18}},"loc":{"start":{"line":26,"column":36},"end":{"line":28,"column":5}},"line":26},"3":{"name":"(anonymous_3)","decl":{"start":{"line":27,"column":26},"end":{"line":27,"column":27}},"loc":{"start":{"line":27,"column":37},"end":{"line":27,"column":64}},"line":27}},"branchMap":{"0":{"loc":{"start":{"line":14,"column":29},"end":{"line":14,"column":43}},"type":"default-arg","locations":[{"start":{"line":14,"column":39},"end":{"line":14,"column":43}}],"line":14}},"s":{"0":9,"1":9,"2":55,"3":55,"4":55,"5":6,"6":9,"7":9},"f":{"0":55,"1":55,"2":6,"3":9},"b":{"0":[53]},"_coverageSchema":"1a1c01bbd47fc00a2c39e90264f33305004495a9","hash":"89eff8a8c68169768561b1572b2ec3790cc5b8c5"}
,"/home/ywvlfy/projects/waifu-hospital/frontend/src/features/auth/authSlice.js": {"path":"/home/ywvlfy/projects/waifu-hospital/frontend/src/features/auth/authSlice.js","statementMap":{"0":{"start":{"line":7,"column":24},"end":{"line":20,"column":1}},"1":{"start":{"line":10,"column":4},"end":{"line":18,"column":5}},"2":{"start":{"line":12,"column":18},"end":{"line":12,"column":53}},"3":{"start":{"line":13,"column":6},"end":{"line":13,"column":22}},"4":{"start":{"line":15,"column":6},"end":{"line":15,"column":45}},"5":{"start":{"line":16,"column":6},"end":{"line":16,"column":39}},"6":{"start":{"line":17,"column":6},"end":{"line":17,"column":79}},"7":{"start":{"line":23,"column":24},"end":{"line":63,"column":1}},"8":{"start":{"line":26,"column":4},"end":{"line":61,"column":5}},"9":{"start":{"line":27,"column":18},"end":{"line":27,"column":65}},"10":{"start":{"line":29,"column":6},"end":{"line":34,"column":8}},"11":{"start":{"line":36,"column":6},"end":{"line":36,"column":22}},"12":{"start":{"line":38,"column":6},"end":{"line":38,"column":48}},"13":{"start":{"line":40,"column":21},"end":{"line":40,"column":47}},"14":{"start":{"line":42,"column":6},"end":{"line":58,"column":7}},"15":{"start":{"line":43,"column":8},"end":{"line":50,"column":10}},"16":{"start":{"line":44,"column":10},"end":{"line":49,"column":11}},"17":{"start":{"line":52,"column":8},"end":{"line":57,"column":10}},"18":{"start":{"line":60,"column":6},"end":{"line":60,"column":79}},"19":{"start":{"line":66,"column":21},"end":{"line":93,"column":1}},"20":{"start":{"line":69,"column":4},"end":{"line":91,"column":5}},"21":{"start":{"line":70,"column":18},"end":{"line":70,"column":62}},"22":{"start":{"line":72,"column":6},"end":{"line":77,"column":8}},"23":{"start":{"line":79,"column":6},"end":{"line":79,"column":22}},"24":{"start":{"line":81,"column":6},"end":{"line":81,"column":41}},"25":{"start":{"line":83,"column":6},"end":{"line":88,"column":8}},"26":{"start":{"line":90,"column":6},"end":{"line":90,"column":72}},"27":{"start":{"line":96,"column":29},"end":{"line":123,"column":1}},"28":{"start":{"line":99,"column":4},"end":{"line":121,"column":5}},"29":{"start":{"line":100,"column":18},"end":{"line":100,"column":63}},"30":{"start":{"line":102,"column":6},"end":{"line":107,"column":8}},"31":{"start":{"line":109,"column":6},"end":{"line":109,"column":22}},"32":{"start":{"line":111,"column":6},"end":{"line":111,"column":50}},"33":{"start":{"line":113,"column":6},"end":{"line":118,"column":8}},"34":{"start":{"line":120,"column":6},"end":{"line":120,"column":73}},"35":{"start":{"line":126,"column":21},"end":{"line":132,"column":1}},"36":{"start":{"line":135,"column":18},"end":{"line":218,"column":2}},"37":{"start":{"line":140,"column":6},"end":{"line":140,"column":39}},"38":{"start":{"line":141,"column":6},"end":{"line":141,"column":25}},"39":{"start":{"line":142,"column":6},"end":{"line":142,"column":36}},"40":{"start":{"line":143,"column":6},"end":{"line":143,"column":28}},"41":{"start":{"line":144,"column":6},"end":{"line":144,"column":24}},"42":{"start":{"line":147,"column":6},"end":{"line":147,"column":25}},"43":{"start":{"line":151,"column":4},"end":{"line":216,"column":9}},"44":{"start":{"line":154,"column":8},"end":{"line":154,"column":29}},"45":{"start":{"line":157,"column":8},"end":{"line":157,"column":37}},"46":{"start":{"line":158,"column":8},"end":{"line":158,"column":30}},"47":{"start":{"line":159,"column":8},"end":{"line":159,"column":36}},"48":{"start":{"line":162,"column":8},"end":{"line":162,"column":27}},"49":{"start":{"line":163,"column":8},"end":{"line":163,"column":38}},"50":{"start":{"line":164,"column":8},"end":{"line":164,"column":30}},"51":{"start":{"line":165,"column":8},"end":{"line":165,"column":26}},"52":{"start":{"line":166,"column":8},"end":{"line":166,"column":37}},"53":{"start":{"line":171,"column":8},"end":{"line":171,"column":29}},"54":{"start":{"line":174,"column":8},"end":{"line":174,"column":43}},"55":{"start":{"line":175,"column":8},"end":{"line":175,"column":37}},"56":{"start":{"line":176,"column":8},"end":{"line":176,"column":30}},"57":{"start":{"line":177,"column":8},"end":{"line":177,"column":41}},"58":{"start":{"line":178,"column":8},"end":{"line":178,"column":60}},"59":{"start":{"line":181,"column":8},"end":{"line":181,"column":27}},"60":{"start":{"line":182,"column":8},"end":{"line":182,"column":38}},"61":{"start":{"line":183,"column":8},"end":{"line":183,"column":30}},"62":{"start":{"line":184,"column":8},"end":{"line":184,"column":37}},"63":{"start":{"line":189,"column":8},"end":{"line":189,"column":29}},"64":{"start":{"line":192,"column":8},"end":{"line":192,"column":43}},"65":{"start":{"line":193,"column":8},"end":{"line":193,"column":37}},"66":{"start":{"line":194,"column":8},"end":{"line":194,"column":30}},"67":{"start":{"line":195,"column":8},"end":{"line":195,"column":41}},"68":{"start":{"line":196,"column":8},"end":{"line":196,"column":60}},"69":{"start":{"line":199,"column":8},"end":{"line":199,"column":27}},"70":{"start":{"line":200,"column":8},"end":{"line":200,"column":38}},"71":{"start":{"line":201,"column":8},"end":{"line":201,"column":30}},"72":{"start":{"line":202,"column":8},"end":{"line":202,"column":37}},"73":{"start":{"line":207,"column":8},"end":{"line":207,"column":29}},"74":{"start":{"line":210,"column":8},"end":{"line":210,"column":30}},"75":{"start":{"line":211,"column":8},"end":{"line":211,"column":36}},"76":{"start":{"line":214,"column":8},"end":{"line":214,"column":30}},"77":{"start":{"line":215,"column":8},"end":{"line":215,"column":37}},"78":{"start":{"line":220,"column":38},"end":{"line":220,"column":55}}},"fnMap":{"0":{"name":"(anonymous_0)","decl":{"start":{"line":9,"column":2},"end":{"line":9,"column":3}},"loc":{"start":{"line":9,"column":36},"end":{"line":19,"column":3}},"line":9},"1":{"name":"(anonymous_1)","decl":{"start":{"line":25,"column":2},"end":{"line":25,"column":3}},"loc":{"start":{"line":25,"column":53},"end":{"line":62,"column":3}},"line":25},"2":{"name":"(anonymous_2)","decl":{"start":{"line":43,"column":23},"end":{"line":43,"column":24}},"loc":{"start":{"line":44,"column":10},"end":{"line":49,"column":11}},"line":44},"3":{"name":"(anonymous_3)","decl":{"start":{"line":68,"column":2},"end":{"line":68,"column":3}},"loc":{"start":{"line":68,"column":53},"end":{"line":92,"column":3}},"line":68},"4":{"name":"(anonymous_4)","decl":{"start":{"line":98,"column":2},"end":{"line":98,"column":3}},"loc":{"start":{"line":98,"column":53},"end":{"line":122,"column":3}},"line":98},"5":{"name":"(anonymous_5)","decl":{"start":{"line":139,"column":12},"end":{"line":139,"column":13}},"loc":{"start":{"line":139,"column":23},"end":{"line":145,"column":5}},"line":139},"6":{"name":"(anonymous_6)","decl":{"start":{"line":146,"column":16},"end":{"line":146,"column":17}},"loc":{"start":{"line":146,"column":27},"end":{"line":148,"column":5}},"line":146},"7":{"name":"(anonymous_7)","decl":{"start":{"line":150,"column":17},"end":{"line":150,"column":18}},"loc":{"start":{"line":150,"column":30},"end":{"line":217,"column":3}},"line":150},"8":{"name":"(anonymous_8)","decl":{"start":{"line":153,"column":33},"end":{"line":153,"column":34}},"loc":{"start":{"line":153,"column":44},"end":{"line":155,"column":7}},"line":153},"9":{"name":"(anonymous_9)","decl":{"start":{"line":156,"column":35},"end":{"line":156,"column":36}},"loc":{"start":{"line":156,"column":54},"end":{"line":160,"column":7}},"line":156},"10":{"name":"(anonymous_10)","decl":{"start":{"line":161,"column":34},"end":{"line":161,"column":35}},"loc":{"start":{"line":161,"column":53},"end":{"line":167,"column":7}},"line":161},"11":{"name":"(anonymous_11)","decl":{"start":{"line":170,"column":33},"end":{"line":170,"column":34}},"loc":{"start":{"line":170,"column":44},"end":{"line":172,"column":7}},"line":170},"12":{"name":"(anonymous_12)","decl":{"start":{"line":173,"column":35},"end":{"line":173,"column":36}},"loc":{"start":{"line":173,"column":54},"end":{"line":179,"column":7}},"line":173},"13":{"name":"(anonymous_13)","decl":{"start":{"line":180,"column":34},"end":{"line":180,"column":35}},"loc":{"start":{"line":180,"column":53},"end":{"line":185,"column":7}},"line":180},"14":{"name":"(anonymous_14)","decl":{"start":{"line":188,"column":30},"end":{"line":188,"column":31}},"loc":{"start":{"line":188,"column":41},"end":{"line":190,"column":7}},"line":188},"15":{"name":"(anonymous_15)","decl":{"start":{"line":191,"column":32},"end":{"line":191,"column":33}},"loc":{"start":{"line":191,"column":51},"end":{"line":197,"column":7}},"line":191},"16":{"name":"(anonymous_16)","decl":{"start":{"line":198,"column":31},"end":{"line":198,"column":32}},"loc":{"start":{"line":198,"column":50},"end":{"line":203,"column":7}},"line":198},"17":{"name":"(anonymous_17)","decl":{"start":{"line":206,"column":38},"end":{"line":206,"column":39}},"loc":{"start":{"line":206,"column":49},"end":{"line":208,"column":7}},"line":206},"18":{"name":"(anonymous_18)","decl":{"start":{"line":209,"column":40},"end":{"line":209,"column":41}},"loc":{"start":{"line":209,"column":59},"end":{"line":212,"column":7}},"line":209},"19":{"name":"(anonymous_19)","decl":{"start":{"line":213,"column":39},"end":{"line":213,"column":40}},"loc":{"start":{"line":213,"column":58},"end":{"line":216,"column":7}},"line":213}},"branchMap":{"0":{"loc":{"start":{"line":17,"column":29},"end":{"line":17,"column":77}},"type":"binary-expr","locations":[{"start":{"line":17,"column":29},"end":{"line":17,"column":52}},{"start":{"line":17,"column":56},"end":{"line":17,"column":77}}],"line":17},"1":{"loc":{"start":{"line":42,"column":6},"end":{"line":58,"column":7}},"type":"if","locations":[{"start":{"line":42,"column":6},"end":{"line":58,"column":7}},{"start":{"line":51,"column":13},"end":{"line":58,"column":7}}],"line":42},"2":{"loc":{"start":{"line":54,"column":17},"end":{"line":54,"column":69}},"type":"binary-expr","locations":[{"start":{"line":54,"column":17},"end":{"line":54,"column":28}},{"start":{"line":54,"column":32},"end":{"line":54,"column":69}}],"line":54},"3":{"loc":{"start":{"line":60,"column":29},"end":{"line":60,"column":77}},"type":"binary-expr","locations":[{"start":{"line":60,"column":29},"end":{"line":60,"column":52}},{"start":{"line":60,"column":56},"end":{"line":60,"column":77}}],"line":60},"4":{"loc":{"start":{"line":85,"column":15},"end":{"line":85,"column":63}},"type":"binary-expr","locations":[{"start":{"line":85,"column":15},"end":{"line":85,"column":38}},{"start":{"line":85,"column":42},"end":{"line":85,"column":63}}],"line":85},"5":{"loc":{"start":{"line":90,"column":29},"end":{"line":90,"column":70}},"type":"binary-expr","locations":[{"start":{"line":90,"column":29},"end":{"line":90,"column":52}},{"start":{"line":90,"column":56},"end":{"line":90,"column":70}}],"line":90},"6":{"loc":{"start":{"line":115,"column":15},"end":{"line":115,"column":68}},"type":"binary-expr","locations":[{"start":{"line":115,"column":15},"end":{"line":115,"column":38}},{"start":{"line":115,"column":42},"end":{"line":115,"column":68}}],"line":115},"7":{"loc":{"start":{"line":120,"column":29},"end":{"line":120,"column":71}},"type":"binary-expr","locations":[{"start":{"line":120,"column":29},"end":{"line":120,"column":52}},{"start":{"line":120,"column":56},"end":{"line":120,"column":71}}],"line":120}},"s":{"0":4,"1":4,"2":4,"3":1,"4":3,"5":3,"6":3,"7":4,"8":4,"9":4,"10":1,"11":1,"12":3,"13":3,"14":3,"15":1,"16":2,"17":2,"18":3,"19":4,"20":4,"21":4,"22":1,"23":1,"24":3,"25":3,"26":3,"27":4,"28":4,"29":4,"30":1,"31":1,"32":3,"33":3,"34":3,"35":4,"36":4,"37":2,"38":2,"39":2,"40":2,"41":2,"42":1,"43":4,"44":5,"45":1,"46":1,"47":1,"48":3,"49":3,"50":3,"51":3,"52":3,"53":5,"54":1,"55":1,"56":1,"57":1,"58":1,"59":3,"60":3,"61":3,"62":3,"63":5,"64":1,"65":1,"66":1,"67":1,"68":1,"69":3,"70":3,"71":3,"72":3,"73":5,"74":1,"75":1,"76":3,"77":3,"78":4},"f":{"0":4,"1":4,"2":2,"3":4,"4":4,"5":2,"6":1,"7":4,"8":5,"9":1,"10":3,"11":5,"12":1,"13":3,"14":5,"15":1,"16":3,"17":5,"18":1,"19":3},"b":{"0":[3,2],"1":[1,2],"2":[2,0],"3":[3,2],"4":[3,2],"5":[3,2],"6":[3,2],"7":[3,2]},"_coverageSchema":"1a1c01bbd47fc00a2c39e90264f33305004495a9","hash":"91326f2f75d7a826a9a8c2cc9bb978d0020450cc"}
,"/home/ywvlfy/projects/waifu-hospital/frontend/src/features/cart/cartSlice.js": {"path":"/home/ywvlfy/projects/waifu-hospital/frontend/src/features/cart/cartSlice.js","statementMap":{"0":{"start":{"line":7,"column":37},"end":{"line":44,"column":1}},"1":{"start":{"line":10,"column":4},"end":{"line":42,"column":5}},"2":{"start":{"line":11,"column":23},"end":{"line":11,"column":33}},"3":{"start":{"line":14,"column":20},"end":{"line":19,"column":9}},"4":{"start":{"line":14,"column":50},"end":{"line":19,"column":7}},"5":{"start":{"line":21,"column":18},"end":{"line":21,"column":72}},"6":{"start":{"line":23,"column":6},"end":{"line":28,"column":8}},"7":{"start":{"line":30,"column":6},"end":{"line":30,"column":22}},"8":{"start":{"line":32,"column":6},"end":{"line":37,"column":8}},"9":{"start":{"line":39,"column":6},"end":{"line":41,"column":8}},"10":{"start":{"line":47,"column":35},"end":{"line":62,"column":1}},"11":{"start":{"line":50,"column":4},"end":{"line":60,"column":5}},"12":{"start":{"line":51,"column":18},"end":{"line":54,"column":8}},"13":{"start":{"line":55,"column":6},"end":{"line":55,"column":22}},"14":{"start":{"line":57,"column":6},"end":{"line":59,"column":8}},"15":{"start":{"line":65,"column":36},"end":{"line":85,"column":1}},"16":{"start":{"line":71,"column":4},"end":{"line":83,"column":5}},"17":{"start":{"line":72,"column":18},"end":{"line":77,"column":8}},"18":{"start":{"line":78,"column":6},"end":{"line":78,"column":22}},"19":{"start":{"line":80,"column":6},"end":{"line":82,"column":8}},"20":{"start":{"line":88,"column":31},"end":{"line":123,"column":1}},"21":{"start":{"line":94,"column":4},"end":{"line":121,"column":5}},"22":{"start":{"line":95,"column":18},"end":{"line":100,"column":8}},"23":{"start":{"line":102,"column":6},"end":{"line":107,"column":8}},"24":{"start":{"line":109,"column":6},"end":{"line":109,"column":22}},"25":{"start":{"line":111,"column":6},"end":{"line":116,"column":8}},"26":{"start":{"line":118,"column":6},"end":{"line":120,"column":8}},"27":{"start":{"line":126,"column":29},"end":{"line":136,"column":1}},"28":{"start":{"line":129,"column":4},"end":{"line":134,"column":5}},"29":{"start":{"line":130,"column":18},"end":{"line":130,"column":57}},"30":{"start":{"line":131,"column":6},"end":{"line":131,"column":22}},"31":{"start":{"line":133,"column":6},"end":{"line":133,"column":80}},"32":{"start":{"line":139,"column":28},"end":{"line":149,"column":1}},"33":{"start":{"line":142,"column":4},"end":{"line":147,"column":5}},"34":{"start":{"line":143,"column":18},"end":{"line":143,"column":63}},"35":{"start":{"line":144,"column":6},"end":{"line":144,"column":22}},"36":{"start":{"line":146,"column":6},"end":{"line":146,"column":79}},"37":{"start":{"line":152,"column":21},"end":{"line":168,"column":1}},"38":{"start":{"line":171,"column":27},"end":{"line":173,"column":1}},"39":{"start":{"line":172,"column":2},"end":{"line":172,"column":51}},"40":{"start":{"line":176,"column":18},"end":{"line":331,"column":2}},"41":{"start":{"line":181,"column":19},"end":{"line":181,"column":33}},"42":{"start":{"line":183,"column":24},"end":{"line":186,"column":7}},"43":{"start":{"line":185,"column":10},"end":{"line":185,"column":78}},"44":{"start":{"line":188,"column":6},"end":{"line":198,"column":7}},"45":{"start":{"line":189,"column":8},"end":{"line":195,"column":10}},"46":{"start":{"line":190,"column":10},"end":{"line":194,"column":15}},"47":{"start":{"line":197,"column":8},"end":{"line":197,"column":53}},"48":{"start":{"line":200,"column":6},"end":{"line":200,"column":55}},"49":{"start":{"line":203,"column":6},"end":{"line":210,"column":8}},"50":{"start":{"line":205,"column":10},"end":{"line":209,"column":11}},"51":{"start":{"line":212,"column":6},"end":{"line":212,"column":55}},"52":{"start":{"line":215,"column":44},"end":{"line":215,"column":58}},"53":{"start":{"line":217,"column":6},"end":{"line":221,"column":8}},"54":{"start":{"line":218,"column":8},"end":{"line":220,"column":16}},"55":{"start":{"line":223,"column":6},"end":{"line":223,"column":55}},"56":{"start":{"line":226,"column":6},"end":{"line":226,"column":27}},"57":{"start":{"line":227,"column":6},"end":{"line":227,"column":43}},"58":{"start":{"line":230,"column":6},"end":{"line":230,"column":45}},"59":{"start":{"line":231,"column":6},"end":{"line":231,"column":60}},"60":{"start":{"line":234,"column":6},"end":{"line":234,"column":43}},"61":{"start":{"line":235,"column":6},"end":{"line":235,"column":60}},"62":{"start":{"line":238,"column":6},"end":{"line":238,"column":32}},"63":{"start":{"line":239,"column":6},"end":{"line":239,"column":29}},"64":{"start":{"line":240,"column":6},"end":{"line":240,"column":38}},"65":{"start":{"line":241,"column":6},"end":{"line":241,"column":37}},"66":{"start":{"line":244,"column":6},"end":{"line":244,"column":32}},"67":{"start":{"line":248,"column":4},"end":{"line":329,"column":9}},"68":{"start":{"line":251,"column":8},"end":{"line":251,"column":29}},"69":{"start":{"line":252,"column":8},"end":{"line":252,"column":27}},"70":{"start":{"line":255,"column":8},"end":{"line":255,"column":30}},"71":{"start":{"line":256,"column":8},"end":{"line":256,"column":62}},"72":{"start":{"line":257,"column":8},"end":{"line":257,"column":60}},"73":{"start":{"line":260,"column":8},"end":{"line":260,"column":30}},"74":{"start":{"line":261,"column":8},"end":{"line":261,"column":37}},"75":{"start":{"line":266,"column":8},"end":{"line":266,"column":29}},"76":{"start":{"line":269,"column":8},"end":{"line":269,"column":30}},"77":{"start":{"line":270,"column":8},"end":{"line":270,"column":57}},"78":{"start":{"line":273,"column":8},"end":{"line":273,"column":30}},"79":{"start":{"line":274,"column":8},"end":{"line":274,"column":37}},"80":{"start":{"line":279,"column":8},"end":{"line":279,"column":29}},"81":{"start":{"line":282,"column":8},"end":{"line":282,"column":30}},"82":{"start":{"line":283,"column":8},"end":{"line":283,"column":51}},"83":{"start":{"line":286,"column":8},"end":{"line":286,"column":30}},"84":{"start":{"line":287,"column":8},"end":{"line":287,"column":37}},"85":{"start":{"line":292,"column":8},"end":{"line":292,"column":29}},"86":{"start":{"line":295,"column":8},"end":{"line":295,"column":30}},"87":{"start":{"line":296,"column":8},"end":{"line":296,"column":29}},"88":{"start":{"line":297,"column":8},"end":{"line":297,"column":44}},"89":{"start":{"line":298,"column":8},"end":{"line":298,"column":45}},"90":{"start":{"line":301,"column":8},"end":{"line":301,"column":30}},"91":{"start":{"line":302,"column":8},"end":{"line":302,"column":37}},"92":{"start":{"line":307,"column":8},"end":{"line":307,"column":29}},"93":{"start":{"line":310,"column":8},"end":{"line":310,"column":30}},"94":{"start":{"line":311,"column":8},"end":{"line":311,"column":38}},"95":{"start":{"line":314,"column":8},"end":{"line":314,"column":30}},"96":{"start":{"line":315,"column":8},"end":{"line":315,"column":37}},"97":{"start":{"line":320,"column":8},"end":{"line":320,"column":29}},"98":{"start":{"line":323,"column":8},"end":{"line":323,"column":30}},"99":{"start":{"line":324,"column":8},"end":{"line":324,"column":44}},"100":{"start":{"line":327,"column":8},"end":{"line":327,"column":30}},"101":{"start":{"line":328,"column":8},"end":{"line":328,"column":37}},"102":{"start":{"line":342,"column":4},"end":{"line":342,"column":21}}},"fnMap":{"0":{"name":"(anonymous_0)","decl":{"start":{"line":9,"column":2},"end":{"line":9,"column":3}},"loc":{"start":{"line":9,"column":56},"end":{"line":43,"column":3}},"line":9},"1":{"name":"(anonymous_1)","decl":{"start":{"line":14,"column":39},"end":{"line":14,"column":40}},"loc":{"start":{"line":14,"column":50},"end":{"line":19,"column":7}},"line":14},"2":{"name":"(anonymous_2)","decl":{"start":{"line":49,"column":2},"end":{"line":49,"column":3}},"loc":{"start":{"line":49,"column":57},"end":{"line":61,"column":3}},"line":49},"3":{"name":"(anonymous_3)","decl":{"start":{"line":67,"column":2},"end":{"line":67,"column":3}},"loc":{"start":{"line":70,"column":7},"end":{"line":84,"column":3}},"line":70},"4":{"name":"(anonymous_4)","decl":{"start":{"line":90,"column":2},"end":{"line":90,"column":3}},"loc":{"start":{"line":93,"column":7},"end":{"line":122,"column":3}},"line":93},"5":{"name":"(anonymous_5)","decl":{"start":{"line":128,"column":2},"end":{"line":128,"column":3}},"loc":{"start":{"line":128,"column":36},"end":{"line":135,"column":3}},"line":128},"6":{"name":"(anonymous_6)","decl":{"start":{"line":141,"column":2},"end":{"line":141,"column":3}},"loc":{"start":{"line":141,"column":37},"end":{"line":148,"column":3}},"line":141},"7":{"name":"(anonymous_7)","decl":{"start":{"line":171,"column":27},"end":{"line":171,"column":28}},"loc":{"start":{"line":171,"column":43},"end":{"line":173,"column":1}},"line":171},"8":{"name":"(anonymous_8)","decl":{"start":{"line":180,"column":15},"end":{"line":180,"column":16}},"loc":{"start":{"line":180,"column":34},"end":{"line":201,"column":5}},"line":180},"9":{"name":"(anonymous_9)","decl":{"start":{"line":184,"column":8},"end":{"line":184,"column":9}},"loc":{"start":{"line":185,"column":10},"end":{"line":185,"column":78}},"line":185},"10":{"name":"(anonymous_10)","decl":{"start":{"line":189,"column":46},"end":{"line":189,"column":47}},"loc":{"start":{"line":190,"column":10},"end":{"line":194,"column":15}},"line":190},"11":{"name":"(anonymous_11)","decl":{"start":{"line":202,"column":20},"end":{"line":202,"column":21}},"loc":{"start":{"line":202,"column":39},"end":{"line":213,"column":5}},"line":202},"12":{"name":"(anonymous_12)","decl":{"start":{"line":204,"column":8},"end":{"line":204,"column":9}},"loc":{"start":{"line":205,"column":10},"end":{"line":209,"column":11}},"line":205},"13":{"name":"(anonymous_13)","decl":{"start":{"line":214,"column":28},"end":{"line":214,"column":29}},"loc":{"start":{"line":214,"column":47},"end":{"line":224,"column":5}},"line":214},"14":{"name":"(anonymous_14)","decl":{"start":{"line":217,"column":44},"end":{"line":217,"column":45}},"loc":{"start":{"line":218,"column":8},"end":{"line":220,"column":16}},"line":218},"15":{"name":"(anonymous_15)","decl":{"start":{"line":225,"column":15},"end":{"line":225,"column":16}},"loc":{"start":{"line":225,"column":26},"end":{"line":228,"column":5}},"line":225},"16":{"name":"(anonymous_16)","decl":{"start":{"line":229,"column":25},"end":{"line":229,"column":26}},"loc":{"start":{"line":229,"column":44},"end":{"line":232,"column":5}},"line":229},"17":{"name":"(anonymous_17)","decl":{"start":{"line":233,"column":23},"end":{"line":233,"column":24}},"loc":{"start":{"line":233,"column":42},"end":{"line":236,"column":5}},"line":233},"18":{"name":"(anonymous_18)","decl":{"start":{"line":237,"column":22},"end":{"line":237,"column":23}},"loc":{"start":{"line":237,"column":33},"end":{"line":242,"column":5}},"line":237},"19":{"name":"(anonymous_19)","decl":{"start":{"line":243,"column":20},"end":{"line":243,"column":21}},"loc":{"start":{"line":243,"column":31},"end":{"line":245,"column":5}},"line":243},"20":{"name":"(anonymous_20)","decl":{"start":{"line":247,"column":17},"end":{"line":247,"column":18}},"loc":{"start":{"line":247,"column":30},"end":{"line":330,"column":3}},"line":247},"21":{"name":"(anonymous_21)","decl":{"start":{"line":250,"column":46},"end":{"line":250,"column":47}},"loc":{"start":{"line":250,"column":57},"end":{"line":253,"column":7}},"line":250},"22":{"name":"(anonymous_22)","decl":{"start":{"line":254,"column":48},"end":{"line":254,"column":49}},"loc":{"start":{"line":254,"column":67},"end":{"line":258,"column":7}},"line":254},"23":{"name":"(anonymous_23)","decl":{"start":{"line":259,"column":47},"end":{"line":259,"column":48}},"loc":{"start":{"line":259,"column":66},"end":{"line":262,"column":7}},"line":259},"24":{"name":"(anonymous_24)","decl":{"start":{"line":265,"column":44},"end":{"line":265,"column":45}},"loc":{"start":{"line":265,"column":55},"end":{"line":267,"column":7}},"line":265},"25":{"name":"(anonymous_25)","decl":{"start":{"line":268,"column":46},"end":{"line":268,"column":47}},"loc":{"start":{"line":268,"column":65},"end":{"line":271,"column":7}},"line":268},"26":{"name":"(anonymous_26)","decl":{"start":{"line":272,"column":45},"end":{"line":272,"column":46}},"loc":{"start":{"line":272,"column":64},"end":{"line":275,"column":7}},"line":272},"27":{"name":"(anonymous_27)","decl":{"start":{"line":278,"column":45},"end":{"line":278,"column":46}},"loc":{"start":{"line":278,"column":56},"end":{"line":280,"column":7}},"line":278},"28":{"name":"(anonymous_28)","decl":{"start":{"line":281,"column":47},"end":{"line":281,"column":48}},"loc":{"start":{"line":281,"column":66},"end":{"line":284,"column":7}},"line":281},"29":{"name":"(anonymous_29)","decl":{"start":{"line":285,"column":46},"end":{"line":285,"column":47}},"loc":{"start":{"line":285,"column":65},"end":{"line":288,"column":7}},"line":285},"30":{"name":"(anonymous_30)","decl":{"start":{"line":291,"column":40},"end":{"line":291,"column":41}},"loc":{"start":{"line":291,"column":51},"end":{"line":293,"column":7}},"line":291},"31":{"name":"(anonymous_31)","decl":{"start":{"line":294,"column":42},"end":{"line":294,"column":43}},"loc":{"start":{"line":294,"column":61},"end":{"line":299,"column":7}},"line":294},"32":{"name":"(anonymous_32)","decl":{"start":{"line":300,"column":41},"end":{"line":300,"column":42}},"loc":{"start":{"line":300,"column":60},"end":{"line":303,"column":7}},"line":300},"33":{"name":"(anonymous_33)","decl":{"start":{"line":306,"column":38},"end":{"line":306,"column":39}},"loc":{"start":{"line":306,"column":49},"end":{"line":308,"column":7}},"line":306},"34":{"name":"(anonymous_34)","decl":{"start":{"line":309,"column":40},"end":{"line":309,"column":41}},"loc":{"start":{"line":309,"column":59},"end":{"line":312,"column":7}},"line":309},"35":{"name":"(anonymous_35)","decl":{"start":{"line":313,"column":39},"end":{"line":313,"column":40}},"loc":{"start":{"line":313,"column":58},"end":{"line":316,"column":7}},"line":313},"36":{"name":"(anonymous_36)","decl":{"start":{"line":319,"column":37},"end":{"line":319,"column":38}},"loc":{"start":{"line":319,"column":48},"end":{"line":321,"column":7}},"line":319},"37":{"name":"(anonymous_37)","decl":{"start":{"line":322,"column":39},"end":{"line":322,"column":40}},"loc":{"start":{"line":322,"column":58},"end":{"line":325,"column":7}},"line":322},"38":{"name":"(anonymous_38)","decl":{"start":{"line":326,"column":38},"end":{"line":326,"column":39}},"loc":{"start":{"line":326,"column":57},"end":{"line":329,"column":7}},"line":326}},"branchMap":{"0":{"loc":{"start":{"line":34,"column":15},"end":{"line":34,"column":69}},"type":"binary-expr","locations":[{"start":{"line":34,"column":15},"end":{"line":34,"column":38}},{"start":{"line":34,"column":42},"end":{"line":34,"column":69}}],"line":34},"1":{"loc":{"start":{"line":40,"column":8},"end":{"line":40,"column":62}},"type":"binary-expr","locations":[{"start":{"line":40,"column":8},"end":{"line":40,"column":31}},{"start":{"line":40,"column":35},"end":{"line":40,"column":62}}],"line":40},"2":{"loc":{"start":{"line":58,"column":8},"end":{"line":58,"column":66}},"type":"binary-expr","locations":[{"start":{"line":58,"column":8},"end":{"line":58,"column":29}},{"start":{"line":58,"column":33},"end":{"line":58,"column":66}}],"line":58},"3":{"loc":{"start":{"line":81,"column":8},"end":{"line":81,"column":67}},"type":"binary-expr","locations":[{"start":{"line":81,"column":8},"end":{"line":81,"column":29}},{"start":{"line":81,"column":33},"end":{"line":81,"column":67}}],"line":81},"4":{"loc":{"start":{"line":113,"column":15},"end":{"line":113,"column":66}},"type":"binary-expr","locations":[{"start":{"line":113,"column":15},"end":{"line":113,"column":36}},{"start":{"line":113,"column":40},"end":{"line":113,"column":66}}],"line":113},"5":{"loc":{"start":{"line":119,"column":8},"end":{"line":119,"column":60}},"type":"binary-expr","locations":[{"start":{"line":119,"column":8},"end":{"line":119,"column":29}},{"start":{"line":119,"column":33},"end":{"line":119,"column":60}}],"line":119},"6":{"loc":{"start":{"line":133,"column":29},"end":{"line":133,"column":78}},"type":"binary-expr","locations":[{"start":{"line":133,"column":29},"end":{"line":133,"column":50}},{"start":{"line":133,"column":54},"end":{"line":133,"column":78}}],"line":133},"7":{"loc":{"start":{"line":146,"column":29},"end":{"line":146,"column":77}},"type":"binary-expr","locations":[{"start":{"line":146,"column":29},"end":{"line":146,"column":50}},{"start":{"line":146,"column":54},"end":{"line":146,"column":77}}],"line":146},"8":{"loc":{"start":{"line":153,"column":13},"end":{"line":155,"column":8}},"type":"cond-expr","locations":[{"start":{"line":154,"column":6},"end":{"line":154,"column":51}},{"start":{"line":155,"column":6},"end":{"line":155,"column":8}}],"line":153},"9":{"loc":{"start":{"line":156,"column":19},"end":{"line":158,"column":8}},"type":"cond-expr","locations":[{"start":{"line":157,"column":6},"end":{"line":157,"column":57}},{"start":{"line":158,"column":6},"end":{"line":158,"column":8}}],"line":156},"10":{"loc":{"start":{"line":159,"column":17},"end":{"line":159,"column":71}},"type":"binary-expr","locations":[{"start":{"line":159,"column":17},"end":{"line":159,"column":54}},{"start":{"line":159,"column":58},"end":{"line":159,"column":71}}],"line":159},"11":{"loc":{"start":{"line":185,"column":10},"end":{"line":185,"column":78}},"type":"binary-expr","locations":[{"start":{"line":185,"column":10},"end":{"line":185,"column":28}},{"start":{"line":185,"column":32},"end":{"line":185,"column":52}},{"start":{"line":185,"column":56},"end":{"line":185,"column":78}}],"line":185},"12":{"loc":{"start":{"line":188,"column":6},"end":{"line":198,"column":7}},"type":"if","locations":[{"start":{"line":188,"column":6},"end":{"line":198,"column":7}},{"start":{"line":196,"column":13},"end":{"line":198,"column":7}}],"line":188},"13":{"loc":{"start":{"line":190,"column":10},"end":{"line":194,"column":15}},"type":"cond-expr","locations":[{"start":{"line":193,"column":14},"end":{"line":193,"column":18}},{"start":{"line":194,"column":14},"end":{"line":194,"column":15}}],"line":190},"14":{"loc":{"start":{"line":190,"column":10},"end":{"line":192,"column":37}},"type":"binary-expr","locations":[{"start":{"line":190,"column":10},"end":{"line":190,"column":33}},{"start":{"line":191,"column":10},"end":{"line":191,"column":35}},{"start":{"line":192,"column":10},"end":{"line":192,"column":37}}],"line":190},"15":{"loc":{"start":{"line":206,"column":12},"end":{"line":208,"column":44}},"type":"binary-expr","locations":[{"start":{"line":206,"column":12},"end":{"line":206,"column":40}},{"start":{"line":207,"column":12},"end":{"line":207,"column":42}},{"start":{"line":208,"column":12},"end":{"line":208,"column":44}}],"line":206},"16":{"loc":{"start":{"line":218,"column":8},"end":{"line":220,"column":16}},"type":"cond-expr","locations":[{"start":{"line":219,"column":12},"end":{"line":219,"column":33}},{"start":{"line":220,"column":12},"end":{"line":220,"column":16}}],"line":218},"17":{"loc":{"start":{"line":218,"column":8},"end":{"line":218,"column":69}},"type":"binary-expr","locations":[{"start":{"line":218,"column":8},"end":{"line":218,"column":23}},{"start":{"line":218,"column":27},"end":{"line":218,"column":45}},{"start":{"line":218,"column":49},"end":{"line":218,"column":69}}],"line":218}},"s":{"0":3,"1":3,"2":3,"3":3,"4":3,"5":3,"6":2,"7":2,"8":1,"9":1,"10":3,"11":3,"12":3,"13":1,"14":2,"15":3,"16":2,"17":2,"18":1,"19":1,"20":3,"21":1,"22":1,"23":0,"24":0,"25":1,"26":1,"27":3,"28":41,"29":41,"30":40,"31":40,"32":3,"33":2,"34":2,"35":1,"36":1,"37":3,"38":3,"39":13,"40":3,"41":3,"42":3,"43":2,"44":3,"45":1,"46":1,"47":2,"48":3,"49":4,"50":7,"51":4,"52":5,"53":5,"54":8,"55":5,"56":3,"57":3,"58":1,"59":1,"60":1,"61":1,"62":1,"63":1,"64":1,"65":1,"66":1,"67":3,"68":5,"69":5,"70":3,"71":3,"72":3,"73":2,"74":2,"75":4,"76":2,"77":2,"78":2,"79":2,"80":3,"81":2,"82":2,"83":1,"84":1,"85":2,"86":2,"87":2,"88":2,"89":2,"90":1,"91":1,"92":42,"93":2,"94":2,"95":40,"96":40,"97":3,"98":2,"99":2,"100":1,"101":1,"102":3},"f":{"0":3,"1":3,"2":3,"3":2,"4":1,"5":41,"6":2,"7":13,"8":3,"9":2,"10":1,"11":4,"12":7,"13":5,"14":8,"15":3,"16":1,"17":1,"18":1,"19":1,"20":3,"21":5,"22":3,"23":2,"24":4,"25":2,"26":2,"27":3,"28":2,"29":1,"30":2,"31":2,"32":1,"33":42,"34":2,"35":40,"36":3,"37":2,"38":1},"b":{"0":[1,0],"1":[1,0],"2":[2,1],"3":[1,0],"4":[1,0],"5":[1,0],"6":[40,0],"7":[1,0],"8":[0,3],"9":[0,3],"10":[3,3],"11":[2,2,1],"12":[1,2],"13":[1,0],"14":[1,1,1],"15":[7,3,3],"16":[4,4],"17":[8,4,4]},"_coverageSchema":"1a1c01bbd47fc00a2c39e90264f33305004495a9","hash":"0a3f2102c904346f72e4292768e70d93651d19c6"}
,"/home/ywvlfy/projects/waifu-hospital/frontend/src/features/characters/characterSlice.js": {"path":"/home/ywvlfy/projects/waifu-hospital/frontend/src/features/characters/characterSlice.js","statementMap":{"0":{"start":{"line":6,"column":29},"end":{"line":19,"column":1}},"1":{"start":{"line":9,"column":4},"end":{"line":17,"column":5}},"2":{"start":{"line":10,"column":18},"end":{"line":10,"column":50}},"3":{"start":{"line":11,"column":6},"end":{"line":11,"column":22}},"4":{"start":{"line":13,"column":6},"end":{"line":13,"column":50}},"5":{"start":{"line":14,"column":6},"end":{"line":16,"column":8}},"6":{"start":{"line":22,"column":33},"end":{"line":35,"column":1}},"7":{"start":{"line":25,"column":4},"end":{"line":33,"column":5}},"8":{"start":{"line":26,"column":18},"end":{"line":26,"column":55}},"9":{"start":{"line":27,"column":6},"end":{"line":27,"column":22}},"10":{"start":{"line":29,"column":6},"end":{"line":29,"column":55}},"11":{"start":{"line":30,"column":6},"end":{"line":32,"column":8}},"12":{"start":{"line":38,"column":36},"end":{"line":51,"column":1}},"13":{"start":{"line":41,"column":4},"end":{"line":49,"column":5}},"14":{"start":{"line":42,"column":18},"end":{"line":42,"column":58}},"15":{"start":{"line":43,"column":6},"end":{"line":43,"column":22}},"16":{"start":{"line":45,"column":6},"end":{"line":45,"column":58}},"17":{"start":{"line":46,"column":6},"end":{"line":48,"column":8}},"18":{"start":{"line":54,"column":32},"end":{"line":66,"column":1}},"19":{"start":{"line":57,"column":4},"end":{"line":64,"column":5}},"20":{"start":{"line":58,"column":18},"end":{"line":58,"column":56}},"21":{"start":{"line":59,"column":6},"end":{"line":59,"column":22}},"22":{"start":{"line":61,"column":6},"end":{"line":63,"column":8}},"23":{"start":{"line":69,"column":31},"end":{"line":98,"column":1}},"24":{"start":{"line":72,"column":4},"end":{"line":96,"column":5}},"25":{"start":{"line":74,"column":18},"end":{"line":74,"column":61}},"26":{"start":{"line":76,"column":6},"end":{"line":81,"column":8}},"27":{"start":{"line":83,"column":6},"end":{"line":83,"column":22}},"28":{"start":{"line":85,"column":6},"end":{"line":85,"column":54}},"29":{"start":{"line":86,"column":6},"end":{"line":91,"column":8}},"30":{"start":{"line":93,"column":6},"end":{"line":95,"column":8}},"31":{"start":{"line":101,"column":31},"end":{"line":128,"column":1}},"32":{"start":{"line":104,"column":4},"end":{"line":126,"column":5}},"33":{"start":{"line":105,"column":18},"end":{"line":105,"column":66}},"34":{"start":{"line":107,"column":6},"end":{"line":112,"column":8}},"35":{"start":{"line":114,"column":6},"end":{"line":114,"column":22}},"36":{"start":{"line":116,"column":6},"end":{"line":121,"column":8}},"37":{"start":{"line":123,"column":6},"end":{"line":125,"column":8}},"38":{"start":{"line":131,"column":31},"end":{"line":158,"column":1}},"39":{"start":{"line":134,"column":4},"end":{"line":156,"column":5}},"40":{"start":{"line":135,"column":6},"end":{"line":135,"column":48}},"41":{"start":{"line":137,"column":6},"end":{"line":142,"column":8}},"42":{"start":{"line":144,"column":6},"end":{"line":144,"column":16}},"43":{"start":{"line":146,"column":6},"end":{"line":151,"column":8}},"44":{"start":{"line":153,"column":6},"end":{"line":155,"column":8}},"45":{"start":{"line":161,"column":29},"end":{"line":173,"column":1}},"46":{"start":{"line":164,"column":4},"end":{"line":171,"column":5}},"47":{"start":{"line":165,"column":18},"end":{"line":165,"column":62}},"48":{"start":{"line":166,"column":6},"end":{"line":166,"column":22}},"49":{"start":{"line":168,"column":6},"end":{"line":170,"column":8}},"50":{"start":{"line":176,"column":31},"end":{"line":188,"column":1}},"51":{"start":{"line":179,"column":4},"end":{"line":186,"column":5}},"52":{"start":{"line":180,"column":18},"end":{"line":180,"column":64}},"53":{"start":{"line":181,"column":6},"end":{"line":181,"column":22}},"54":{"start":{"line":183,"column":6},"end":{"line":185,"column":8}},"55":{"start":{"line":191,"column":21},"end":{"line":198,"column":1}},"56":{"start":{"line":201,"column":23},"end":{"line":337,"column":2}},"57":{"start":{"line":206,"column":6},"end":{"line":206,"column":29}},"58":{"start":{"line":209,"column":6},"end":{"line":209,"column":25}},"59":{"start":{"line":213,"column":4},"end":{"line":335,"column":9}},"60":{"start":{"line":216,"column":8},"end":{"line":216,"column":29}},"61":{"start":{"line":219,"column":8},"end":{"line":219,"column":30}},"62":{"start":{"line":220,"column":8},"end":{"line":220,"column":42}},"63":{"start":{"line":223,"column":8},"end":{"line":223,"column":30}},"64":{"start":{"line":224,"column":8},"end":{"line":224,"column":37}},"65":{"start":{"line":229,"column":8},"end":{"line":229,"column":29}},"66":{"start":{"line":232,"column":8},"end":{"line":232,"column":30}},"67":{"start":{"line":233,"column":8},"end":{"line":233,"column":46}},"68":{"start":{"line":236,"column":8},"end":{"line":236,"column":30}},"69":{"start":{"line":237,"column":8},"end":{"line":237,"column":37}},"70":{"start":{"line":242,"column":8},"end":{"line":242,"column":29}},"71":{"start":{"line":245,"column":8},"end":{"line":245,"column":30}},"72":{"start":{"line":246,"column":8},"end":{"line":246,"column":49}},"73":{"start":{"line":249,"column":8},"end":{"line":249,"column":30}},"74":{"start":{"line":250,"column":8},"end":{"line":250,"column":37}},"75":{"start":{"line":255,"column":8},"end":{"line":255,"column":29}},"76":{"start":{"line":258,"column":8},"end":{"line":258,"column":30}},"77":{"start":{"line":259,"column":8},"end":{"line":259,"column":41}},"78":{"start":{"line":262,"column":8},"end":{"line":262,"column":30}},"79":{"start":{"line":263,"column":8},"end":{"line":263,"column":37}},"80":{"start":{"line":268,"column":8},"end":{"line":268,"column":29}},"81":{"start":{"line":271,"column":8},"end":{"line":271,"column":30}},"82":{"start":{"line":272,"column":8},"end":{"line":272,"column":53}},"83":{"start":{"line":275,"column":8},"end":{"line":275,"column":30}},"84":{"start":{"line":276,"column":8},"end":{"line":276,"column":37}},"85":{"start":{"line":281,"column":8},"end":{"line":281,"column":29}},"86":{"start":{"line":284,"column":8},"end":{"line":284,"column":30}},"87":{"start":{"line":285,"column":8},"end":{"line":285,"column":41}},"88":{"start":{"line":286,"column":8},"end":{"line":288,"column":10}},"89":{"start":{"line":287,"column":10},"end":{"line":287,"column":75}},"90":{"start":{"line":291,"column":8},"end":{"line":291,"column":30}},"91":{"start":{"line":292,"column":8},"end":{"line":292,"column":37}},"92":{"start":{"line":297,"column":8},"end":{"line":297,"column":29}},"93":{"start":{"line":300,"column":8},"end":{"line":300,"column":30}},"94":{"start":{"line":301,"column":8},"end":{"line":303,"column":10}},"95":{"start":{"line":302,"column":25},"end":{"line":302,"column":57}},"96":{"start":{"line":304,"column":8},"end":{"line":304,"column":31}},"97":{"start":{"line":307,"column":8},"end":{"line":307,"column":30}},"98":{"start":{"line":308,"column":8},"end":{"line":308,"column":37}},"99":{"start":{"line":313,"column":8},"end":{"line":315,"column":9}},"100":{"start":{"line":314,"column":10},"end":{"line":314,"column":43}},"101":{"start":{"line":316,"column":8},"end":{"line":318,"column":10}},"102":{"start":{"line":317,"column":10},"end":{"line":317,"column":75}},"103":{"start":{"line":319,"column":8},"end":{"line":321,"column":10}},"104":{"start":{"line":320,"column":10},"end":{"line":320,"column":75}},"105":{"start":{"line":326,"column":8},"end":{"line":328,"column":9}},"106":{"start":{"line":327,"column":10},"end":{"line":327,"column":43}},"107":{"start":{"line":329,"column":8},"end":{"line":331,"column":10}},"108":{"start":{"line":330,"column":10},"end":{"line":330,"column":75}},"109":{"start":{"line":332,"column":8},"end":{"line":334,"column":10}},"110":{"start":{"line":333,"column":10},"end":{"line":333,"column":75}},"111":{"start":{"line":339,"column":46},"end":{"line":339,"column":68}}},"fnMap":{"0":{"name":"(anonymous_0)","decl":{"start":{"line":8,"column":2},"end":{"line":8,"column":3}},"loc":{"start":{"line":8,"column":36},"end":{"line":18,"column":3}},"line":8},"1":{"name":"(anonymous_1)","decl":{"start":{"line":24,"column":2},"end":{"line":24,"column":3}},"loc":{"start":{"line":24,"column":36},"end":{"line":34,"column":3}},"line":24},"2":{"name":"(anonymous_2)","decl":{"start":{"line":40,"column":2},"end":{"line":40,"column":3}},"loc":{"start":{"line":40,"column":36},"end":{"line":50,"column":3}},"line":40},"3":{"name":"(anonymous_3)","decl":{"start":{"line":56,"column":2},"end":{"line":56,"column":3}},"loc":{"start":{"line":56,"column":37},"end":{"line":65,"column":3}},"line":56},"4":{"name":"(anonymous_4)","decl":{"start":{"line":71,"column":2},"end":{"line":71,"column":3}},"loc":{"start":{"line":71,"column":53},"end":{"line":97,"column":3}},"line":71},"5":{"name":"(anonymous_5)","decl":{"start":{"line":103,"column":2},"end":{"line":103,"column":3}},"loc":{"start":{"line":103,"column":61},"end":{"line":127,"column":3}},"line":103},"6":{"name":"(anonymous_6)","decl":{"start":{"line":133,"column":2},"end":{"line":133,"column":3}},"loc":{"start":{"line":133,"column":47},"end":{"line":157,"column":3}},"line":133},"7":{"name":"(anonymous_7)","decl":{"start":{"line":163,"column":2},"end":{"line":163,"column":3}},"loc":{"start":{"line":163,"column":37},"end":{"line":172,"column":3}},"line":163},"8":{"name":"(anonymous_8)","decl":{"start":{"line":178,"column":2},"end":{"line":178,"column":3}},"loc":{"start":{"line":178,"column":37},"end":{"line":187,"column":3}},"line":178},"9":{"name":"(anonymous_9)","decl":{"start":{"line":205,"column":20},"end":{"line":205,"column":21}},"loc":{"start":{"line":205,"column":31},"end":{"line":207,"column":5}},"line":205},"10":{"name":"(anonymous_10)","decl":{"start":{"line":208,"column":16},"end":{"line":208,"column":17}},"loc":{"start":{"line":208,"column":27},"end":{"line":210,"column":5}},"line":208},"11":{"name":"(anonymous_11)","decl":{"start":{"line":212,"column":17},"end":{"line":212,"column":18}},"loc":{"start":{"line":212,"column":30},"end":{"line":336,"column":3}},"line":212},"12":{"name":"(anonymous_12)","decl":{"start":{"line":215,"column":38},"end":{"line":215,"column":39}},"loc":{"start":{"line":215,"column":49},"end":{"line":217,"column":7}},"line":215},"13":{"name":"(anonymous_13)","decl":{"start":{"line":218,"column":40},"end":{"line":218,"column":41}},"loc":{"start":{"line":218,"column":59},"end":{"line":221,"column":7}},"line":218},"14":{"name":"(anonymous_14)","decl":{"start":{"line":222,"column":39},"end":{"line":222,"column":40}},"loc":{"start":{"line":222,"column":58},"end":{"line":225,"column":7}},"line":222},"15":{"name":"(anonymous_15)","decl":{"start":{"line":228,"column":42},"end":{"line":228,"column":43}},"loc":{"start":{"line":228,"column":53},"end":{"line":230,"column":7}},"line":228},"16":{"name":"(anonymous_16)","decl":{"start":{"line":231,"column":44},"end":{"line":231,"column":45}},"loc":{"start":{"line":231,"column":63},"end":{"line":234,"column":7}},"line":231},"17":{"name":"(anonymous_17)","decl":{"start":{"line":235,"column":43},"end":{"line":235,"column":44}},"loc":{"start":{"line":235,"column":62},"end":{"line":238,"column":7}},"line":235},"18":{"name":"(anonymous_18)","decl":{"start":{"line":241,"column":45},"end":{"line":241,"column":46}},"loc":{"start":{"line":241,"column":56},"end":{"line":243,"column":7}},"line":241},"19":{"name":"(anonymous_19)","decl":{"start":{"line":244,"column":47},"end":{"line":244,"column":48}},"loc":{"start":{"line":244,"column":66},"end":{"line":247,"column":7}},"line":244},"20":{"name":"(anonymous_20)","decl":{"start":{"line":248,"column":46},"end":{"line":248,"column":47}},"loc":{"start":{"line":248,"column":65},"end":{"line":251,"column":7}},"line":248},"21":{"name":"(anonymous_21)","decl":{"start":{"line":254,"column":41},"end":{"line":254,"column":42}},"loc":{"start":{"line":254,"column":52},"end":{"line":256,"column":7}},"line":254},"22":{"name":"(anonymous_22)","decl":{"start":{"line":257,"column":43},"end":{"line":257,"column":44}},"loc":{"start":{"line":257,"column":62},"end":{"line":260,"column":7}},"line":257},"23":{"name":"(anonymous_23)","decl":{"start":{"line":261,"column":42},"end":{"line":261,"column":43}},"loc":{"start":{"line":261,"column":61},"end":{"line":264,"column":7}},"line":261},"24":{"name":"(anonymous_24)","decl":{"start":{"line":267,"column":40},"end":{"line":267,"column":41}},"loc":{"start":{"line":267,"column":51},"end":{"line":269,"column":7}},"line":267},"25":{"name":"(anonymous_25)","decl":{"start":{"line":270,"column":42},"end":{"line":270,"column":43}},"loc":{"start":{"line":270,"column":61},"end":{"line":273,"column":7}},"line":270},"26":{"name":"(anonymous_26)","decl":{"start":{"line":274,"column":41},"end":{"line":274,"column":42}},"loc":{"start":{"line":274,"column":60},"end":{"line":277,"column":7}},"line":274},"27":{"name":"(anonymous_27)","decl":{"start":{"line":280,"column":40},"end":{"line":280,"column":41}},"loc":{"start":{"line":280,"column":51},"end":{"line":282,"column":7}},"line":280},"28":{"name":"(anonymous_28)","decl":{"start":{"line":283,"column":42},"end":{"line":283,"column":43}},"loc":{"start":{"line":283,"column":61},"end":{"line":289,"column":7}},"line":283},"29":{"name":"(anonymous_29)","decl":{"start":{"line":286,"column":56},"end":{"line":286,"column":57}},"loc":{"start":{"line":287,"column":10},"end":{"line":287,"column":75}},"line":287},"30":{"name":"(anonymous_30)","decl":{"start":{"line":290,"column":41},"end":{"line":290,"column":42}},"loc":{"start":{"line":290,"column":60},"end":{"line":293,"column":7}},"line":290},"31":{"name":"(anonymous_31)","decl":{"start":{"line":296,"column":40},"end":{"line":296,"column":41}},"loc":{"start":{"line":296,"column":51},"end":{"line":298,"column":7}},"line":296},"32":{"name":"(anonymous_32)","decl":{"start":{"line":299,"column":42},"end":{"line":299,"column":43}},"loc":{"start":{"line":299,"column":61},"end":{"line":305,"column":7}},"line":299},"33":{"name":"(anonymous_33)","decl":{"start":{"line":302,"column":10},"end":{"line":302,"column":11}},"loc":{"start":{"line":302,"column":25},"end":{"line":302,"column":57}},"line":302},"34":{"name":"(anonymous_34)","decl":{"start":{"line":306,"column":41},"end":{"line":306,"column":42}},"loc":{"start":{"line":306,"column":60},"end":{"line":309,"column":7}},"line":306},"35":{"name":"(anonymous_35)","decl":{"start":{"line":312,"column":40},"end":{"line":312,"column":41}},"loc":{"start":{"line":312,"column":59},"end":{"line":322,"column":7}},"line":312},"36":{"name":"(anonymous_36)","decl":{"start":{"line":316,"column":48},"end":{"line":316,"column":49}},"loc":{"start":{"line":317,"column":10},"end":{"line":317,"column":75}},"line":317},"37":{"name":"(anonymous_37)","decl":{"start":{"line":319,"column":62},"end":{"line":319,"column":63}},"loc":{"start":{"line":320,"column":10},"end":{"line":320,"column":75}},"line":320},"38":{"name":"(anonymous_38)","decl":{"start":{"line":325,"column":42},"end":{"line":325,"column":43}},"loc":{"start":{"line":325,"column":61},"end":{"line":335,"column":7}},"line":325},"39":{"name":"(anonymous_39)","decl":{"start":{"line":329,"column":48},"end":{"line":329,"column":49}},"loc":{"start":{"line":330,"column":10},"end":{"line":330,"column":75}},"line":330},"40":{"name":"(anonymous_40)","decl":{"start":{"line":332,"column":62},"end":{"line":332,"column":63}},"loc":{"start":{"line":333,"column":10},"end":{"line":333,"column":75}},"line":333}},"branchMap":{"0":{"loc":{"start":{"line":15,"column":8},"end":{"line":15,"column":63}},"type":"binary-expr","locations":[{"start":{"line":15,"column":8},"end":{"line":15,"column":31}},{"start":{"line":15,"column":35},"end":{"line":15,"column":63}}],"line":15},"1":{"loc":{"start":{"line":31,"column":8},"end":{"line":31,"column":68}},"type":"binary-expr","locations":[{"start":{"line":31,"column":8},"end":{"line":31,"column":31}},{"start":{"line":31,"column":35},"end":{"line":31,"column":68}}],"line":31},"2":{"loc":{"start":{"line":47,"column":8},"end":{"line":47,"column":71}},"type":"binary-expr","locations":[{"start":{"line":47,"column":8},"end":{"line":47,"column":31}},{"start":{"line":47,"column":35},"end":{"line":47,"column":71}}],"line":47},"3":{"loc":{"start":{"line":62,"column":8},"end":{"line":62,"column":62}},"type":"binary-expr","locations":[{"start":{"line":62,"column":8},"end":{"line":62,"column":31}},{"start":{"line":62,"column":35},"end":{"line":62,"column":62}}],"line":62},"4":{"loc":{"start":{"line":88,"column":15},"end":{"line":88,"column":70}},"type":"binary-expr","locations":[{"start":{"line":88,"column":15},"end":{"line":88,"column":38}},{"start":{"line":88,"column":42},"end":{"line":88,"column":70}}],"line":88},"5":{"loc":{"start":{"line":94,"column":8},"end":{"line":94,"column":62}},"type":"binary-expr","locations":[{"start":{"line":94,"column":8},"end":{"line":94,"column":31}},{"start":{"line":94,"column":35},"end":{"line":94,"column":62}}],"line":94},"6":{"loc":{"start":{"line":118,"column":15},"end":{"line":118,"column":70}},"type":"binary-expr","locations":[{"start":{"line":118,"column":15},"end":{"line":118,"column":38}},{"start":{"line":118,"column":42},"end":{"line":118,"column":70}}],"line":118},"7":{"loc":{"start":{"line":124,"column":8},"end":{"line":124,"column":60}},"type":"binary-expr","locations":[{"start":{"line":124,"column":8},"end":{"line":124,"column":31}},{"start":{"line":124,"column":35},"end":{"line":124,"column":60}}],"line":124},"8":{"loc":{"start":{"line":148,"column":15},"end":{"line":148,"column":70}},"type":"binary-expr","locations":[{"start":{"line":148,"column":15},"end":{"line":148,"column":38}},{"start":{"line":148,"column":42},"end":{"line":148,"column":70}}],"line":148},"9":{"loc":{"start":{"line":154,"column":8},"end":{"line":154,"column":62}},"type":"binary-expr","locations":[{"start":{"line":154,"column":8},"end":{"line":154,"column":31}},{"start":{"line":154,"column":35},"end":{"line":154,"column":62}}],"line":154},"10":{"loc":{"start":{"line":169,"column":8},"end":{"line":169,"column":61}},"type":"binary-expr","locations":[{"start":{"line":169,"column":8},"end":{"line":169,"column":31}},{"start":{"line":169,"column":35},"end":{"line":169,"column":61}}],"line":169},"11":{"loc":{"start":{"line":184,"column":8},"end":{"line":184,"column":63}},"type":"binary-expr","locations":[{"start":{"line":184,"column":8},"end":{"line":184,"column":31}},{"start":{"line":184,"column":35},"end":{"line":184,"column":63}}],"line":184},"12":{"loc":{"start":{"line":287,"column":10},"end":{"line":287,"column":75}},"type":"cond-expr","locations":[{"start":{"line":287,"column":49},"end":{"line":287,"column":63}},{"start":{"line":287,"column":66},"end":{"line":287,"column":75}}],"line":287},"13":{"loc":{"start":{"line":313,"column":8},"end":{"line":315,"column":9}},"type":"if","locations":[{"start":{"line":313,"column":8},"end":{"line":315,"column":9}},{"start":{},"end":{}}],"line":313},"14":{"loc":{"start":{"line":317,"column":10},"end":{"line":317,"column":75}},"type":"cond-expr","locations":[{"start":{"line":317,"column":49},"end":{"line":317,"column":63}},{"start":{"line":317,"column":66},"end":{"line":317,"column":75}}],"line":317},"15":{"loc":{"start":{"line":320,"column":10},"end":{"line":320,"column":75}},"type":"cond-expr","locations":[{"start":{"line":320,"column":49},"end":{"line":320,"column":63}},{"start":{"line":320,"column":66},"end":{"line":320,"column":75}}],"line":320},"16":{"loc":{"start":{"line":326,"column":8},"end":{"line":328,"column":9}},"type":"if","locations":[{"start":{"line":326,"column":8},"end":{"line":328,"column":9}},{"start":{},"end":{}}],"line":326},"17":{"loc":{"start":{"line":330,"column":10},"end":{"line":330,"column":75}},"type":"cond-expr","locations":[{"start":{"line":330,"column":49},"end":{"line":330,"column":63}},{"start":{"line":330,"column":66},"end":{"line":330,"column":75}}],"line":330},"18":{"loc":{"start":{"line":333,"column":10},"end":{"line":333,"column":75}},"type":"cond-expr","locations":[{"start":{"line":333,"column":49},"end":{"line":333,"column":63}},{"start":{"line":333,"column":66},"end":{"line":333,"column":75}}],"line":333}},"s":{"0":3,"1":4,"2":4,"3":1,"4":3,"5":3,"6":3,"7":42,"8":42,"9":40,"10":41,"11":41,"12":3,"13":28,"14":28,"15":26,"16":27,"17":27,"18":3,"19":2,"20":2,"21":1,"22":1,"23":3,"24":4,"25":4,"26":1,"27":1,"28":3,"29":3,"30":3,"31":3,"32":2,"33":2,"34":1,"35":1,"36":1,"37":1,"38":3,"39":1,"40":1,"41":0,"42":0,"43":1,"44":1,"45":3,"46":1,"47":1,"48":0,"49":1,"50":3,"51":1,"52":1,"53":0,"54":1,"55":3,"56":3,"57":1,"58":1,"59":3,"60":6,"61":2,"62":2,"63":4,"64":4,"65":43,"66":2,"67":2,"68":42,"69":42,"70":29,"71":3,"72":3,"73":27,"74":27,"75":3,"76":2,"77":2,"78":1,"79":1,"80":5,"81":2,"82":2,"83":3,"84":3,"85":3,"86":3,"87":3,"88":3,"89":3,"90":1,"91":1,"92":2,"93":2,"94":2,"95":1,"96":2,"97":1,"98":1,"99":3,"100":2,"101":3,"102":3,"103":3,"104":3,"105":1,"106":1,"107":1,"108":1,"109":1,"110":1,"111":3},"f":{"0":4,"1":42,"2":28,"3":2,"4":4,"5":2,"6":1,"7":1,"8":1,"9":1,"10":1,"11":3,"12":6,"13":2,"14":4,"15":43,"16":2,"17":42,"18":29,"19":3,"20":27,"21":3,"22":2,"23":1,"24":5,"25":2,"26":3,"27":3,"28":3,"29":3,"30":1,"31":2,"32":2,"33":1,"34":1,"35":3,"36":3,"37":3,"38":1,"39":1,"40":1},"b":{"0":[3,2],"1":[41,40],"2":[27,27],"3":[1,0],"4":[3,2],"5":[3,2],"6":[1,0],"7":[1,0],"8":[1,0],"9":[1,0],"10":[1,0],"11":[1,1],"12":[2,1],"13":[2,1],"14":[2,1],"15":[2,1],"16":[1,0],"17":[1,0],"18":[1,0]},"_coverageSchema":"1a1c01bbd47fc00a2c39e90264f33305004495a9","hash":"80a4f24783cabb8dd7fcfd5d296edce8bae638fd"}
,"/home/ywvlfy/projects/waifu-hospital/frontend/src/features/merchandise/merchandiseSlice.js": {"path":"/home/ywvlfy/projects/waifu-hospital/frontend/src/features/merchandise/merchandiseSlice.js","statementMap":{"0":{"start":{"line":6,"column":30},"end":{"line":18,"column":1}},"1":{"start":{"line":9,"column":4},"end":{"line":16,"column":5}},"2":{"start":{"line":10,"column":18},"end":{"line":10,"column":53}},"3":{"start":{"line":11,"column":6},"end":{"line":11,"column":22}},"4":{"start":{"line":13,"column":6},"end":{"line":15,"column":8}},"5":{"start":{"line":21,"column":37},"end":{"line":33,"column":1}},"6":{"start":{"line":24,"column":4},"end":{"line":31,"column":5}},"7":{"start":{"line":25,"column":18},"end":{"line":25,"column":61}},"8":{"start":{"line":26,"column":6},"end":{"line":26,"column":22}},"9":{"start":{"line":28,"column":6},"end":{"line":30,"column":8}},"10":{"start":{"line":36,"column":39},"end":{"line":48,"column":1}},"11":{"start":{"line":39,"column":4},"end":{"line":46,"column":5}},"12":{"start":{"line":40,"column":18},"end":{"line":40,"column":78}},"13":{"start":{"line":41,"column":6},"end":{"line":41,"column":22}},"14":{"start":{"line":43,"column":6},"end":{"line":45,"column":8}},"15":{"start":{"line":51,"column":34},"end":{"line":63,"column":1}},"16":{"start":{"line":54,"column":4},"end":{"line":61,"column":5}},"17":{"start":{"line":55,"column":18},"end":{"line":55,"column":59}},"18":{"start":{"line":56,"column":6},"end":{"line":56,"column":22}},"19":{"start":{"line":58,"column":6},"end":{"line":60,"column":8}},"20":{"start":{"line":66,"column":33},"end":{"line":93,"column":1}},"21":{"start":{"line":69,"column":4},"end":{"line":91,"column":5}},"22":{"start":{"line":70,"column":18},"end":{"line":70,"column":64}},"23":{"start":{"line":72,"column":6},"end":{"line":77,"column":8}},"24":{"start":{"line":79,"column":6},"end":{"line":79,"column":22}},"25":{"start":{"line":81,"column":6},"end":{"line":86,"column":8}},"26":{"start":{"line":88,"column":6},"end":{"line":90,"column":8}},"27":{"start":{"line":96,"column":33},"end":{"line":123,"column":1}},"28":{"start":{"line":99,"column":4},"end":{"line":121,"column":5}},"29":{"start":{"line":100,"column":18},"end":{"line":100,"column":69}},"30":{"start":{"line":102,"column":6},"end":{"line":107,"column":8}},"31":{"start":{"line":109,"column":6},"end":{"line":109,"column":22}},"32":{"start":{"line":111,"column":6},"end":{"line":116,"column":8}},"33":{"start":{"line":118,"column":6},"end":{"line":120,"column":8}},"34":{"start":{"line":126,"column":33},"end":{"line":153,"column":1}},"35":{"start":{"line":129,"column":4},"end":{"line":151,"column":5}},"36":{"start":{"line":130,"column":6},"end":{"line":130,"column":51}},"37":{"start":{"line":132,"column":6},"end":{"line":137,"column":8}},"38":{"start":{"line":139,"column":6},"end":{"line":139,"column":16}},"39":{"start":{"line":141,"column":6},"end":{"line":146,"column":8}},"40":{"start":{"line":148,"column":6},"end":{"line":150,"column":8}},"41":{"start":{"line":156,"column":21},"end":{"line":163,"column":1}},"42":{"start":{"line":166,"column":25},"end":{"line":291,"column":2}},"43":{"start":{"line":171,"column":6},"end":{"line":171,"column":27}},"44":{"start":{"line":174,"column":6},"end":{"line":174,"column":25}},"45":{"start":{"line":178,"column":4},"end":{"line":289,"column":9}},"46":{"start":{"line":181,"column":8},"end":{"line":181,"column":29}},"47":{"start":{"line":184,"column":8},"end":{"line":184,"column":30}},"48":{"start":{"line":185,"column":8},"end":{"line":185,"column":43}},"49":{"start":{"line":188,"column":8},"end":{"line":188,"column":30}},"50":{"start":{"line":189,"column":8},"end":{"line":189,"column":37}},"51":{"start":{"line":194,"column":8},"end":{"line":194,"column":29}},"52":{"start":{"line":197,"column":8},"end":{"line":197,"column":30}},"53":{"start":{"line":198,"column":8},"end":{"line":198,"column":50}},"54":{"start":{"line":201,"column":8},"end":{"line":201,"column":30}},"55":{"start":{"line":202,"column":8},"end":{"line":202,"column":37}},"56":{"start":{"line":207,"column":8},"end":{"line":207,"column":29}},"57":{"start":{"line":210,"column":8},"end":{"line":210,"column":30}},"58":{"start":{"line":211,"column":8},"end":{"line":211,"column":52}},"59":{"start":{"line":214,"column":8},"end":{"line":214,"column":30}},"60":{"start":{"line":215,"column":8},"end":{"line":215,"column":37}},"61":{"start":{"line":220,"column":8},"end":{"line":220,"column":29}},"62":{"start":{"line":223,"column":8},"end":{"line":223,"column":30}},"63":{"start":{"line":224,"column":8},"end":{"line":224,"column":39}},"64":{"start":{"line":227,"column":8},"end":{"line":227,"column":30}},"65":{"start":{"line":228,"column":8},"end":{"line":228,"column":37}},"66":{"start":{"line":233,"column":8},"end":{"line":233,"column":29}},"67":{"start":{"line":236,"column":8},"end":{"line":236,"column":30}},"68":{"start":{"line":237,"column":8},"end":{"line":237,"column":57}},"69":{"start":{"line":238,"column":8},"end":{"line":238,"column":50}},"70":{"start":{"line":241,"column":8},"end":{"line":241,"column":30}},"71":{"start":{"line":242,"column":8},"end":{"line":242,"column":37}},"72":{"start":{"line":247,"column":8},"end":{"line":247,"column":29}},"73":{"start":{"line":250,"column":8},"end":{"line":250,"column":30}},"74":{"start":{"line":251,"column":8},"end":{"line":251,"column":39}},"75":{"start":{"line":252,"column":8},"end":{"line":254,"column":10}},"76":{"start":{"line":253,"column":10},"end":{"line":253,"column":65}},"77":{"start":{"line":255,"column":8},"end":{"line":257,"column":10}},"78":{"start":{"line":256,"column":10},"end":{"line":256,"column":65}},"79":{"start":{"line":258,"column":8},"end":{"line":260,"column":10}},"80":{"start":{"line":259,"column":10},"end":{"line":259,"column":65}},"81":{"start":{"line":263,"column":8},"end":{"line":263,"column":30}},"82":{"start":{"line":264,"column":8},"end":{"line":264,"column":37}},"83":{"start":{"line":269,"column":8},"end":{"line":269,"column":29}},"84":{"start":{"line":272,"column":8},"end":{"line":272,"column":30}},"85":{"start":{"line":273,"column":8},"end":{"line":275,"column":10}},"86":{"start":{"line":274,"column":20},"end":{"line":274,"column":47}},"87":{"start":{"line":276,"column":8},"end":{"line":278,"column":10}},"88":{"start":{"line":277,"column":20},"end":{"line":277,"column":47}},"89":{"start":{"line":279,"column":8},"end":{"line":281,"column":10}},"90":{"start":{"line":280,"column":20},"end":{"line":280,"column":47}},"91":{"start":{"line":282,"column":8},"end":{"line":284,"column":9}},"92":{"start":{"line":283,"column":10},"end":{"line":283,"column":31}},"93":{"start":{"line":287,"column":8},"end":{"line":287,"column":30}},"94":{"start":{"line":288,"column":8},"end":{"line":288,"column":37}},"95":{"start":{"line":293,"column":44},"end":{"line":293,"column":68}}},"fnMap":{"0":{"name":"(anonymous_0)","decl":{"start":{"line":8,"column":2},"end":{"line":8,"column":3}},"loc":{"start":{"line":8,"column":36},"end":{"line":17,"column":3}},"line":8},"1":{"name":"(anonymous_1)","decl":{"start":{"line":23,"column":2},"end":{"line":23,"column":3}},"loc":{"start":{"line":23,"column":36},"end":{"line":32,"column":3}},"line":23},"2":{"name":"(anonymous_2)","decl":{"start":{"line":38,"column":2},"end":{"line":38,"column":3}},"loc":{"start":{"line":38,"column":46},"end":{"line":47,"column":3}},"line":38},"3":{"name":"(anonymous_3)","decl":{"start":{"line":53,"column":2},"end":{"line":53,"column":3}},"loc":{"start":{"line":53,"column":37},"end":{"line":62,"column":3}},"line":53},"4":{"name":"(anonymous_4)","decl":{"start":{"line":68,"column":2},"end":{"line":68,"column":3}},"loc":{"start":{"line":68,"column":53},"end":{"line":92,"column":3}},"line":68},"5":{"name":"(anonymous_5)","decl":{"start":{"line":98,"column":2},"end":{"line":98,"column":3}},"loc":{"start":{"line":98,"column":61},"end":{"line":122,"column":3}},"line":98},"6":{"name":"(anonymous_6)","decl":{"start":{"line":128,"column":2},"end":{"line":128,"column":3}},"loc":{"start":{"line":128,"column":47},"end":{"line":152,"column":3}},"line":128},"7":{"name":"(anonymous_7)","decl":{"start":{"line":170,"column":18},"end":{"line":170,"column":19}},"loc":{"start":{"line":170,"column":29},"end":{"line":172,"column":5}},"line":170},"8":{"name":"(anonymous_8)","decl":{"start":{"line":173,"column":16},"end":{"line":173,"column":17}},"loc":{"start":{"line":173,"column":27},"end":{"line":175,"column":5}},"line":173},"9":{"name":"(anonymous_9)","decl":{"start":{"line":177,"column":17},"end":{"line":177,"column":18}},"loc":{"start":{"line":177,"column":30},"end":{"line":290,"column":3}},"line":177},"10":{"name":"(anonymous_10)","decl":{"start":{"line":180,"column":39},"end":{"line":180,"column":40}},"loc":{"start":{"line":180,"column":50},"end":{"line":182,"column":7}},"line":180},"11":{"name":"(anonymous_11)","decl":{"start":{"line":183,"column":41},"end":{"line":183,"column":42}},"loc":{"start":{"line":183,"column":60},"end":{"line":186,"column":7}},"line":183},"12":{"name":"(anonymous_12)","decl":{"start":{"line":187,"column":40},"end":{"line":187,"column":41}},"loc":{"start":{"line":187,"column":59},"end":{"line":190,"column":7}},"line":187},"13":{"name":"(anonymous_13)","decl":{"start":{"line":193,"column":46},"end":{"line":193,"column":47}},"loc":{"start":{"line":193,"column":57},"end":{"line":195,"column":7}},"line":193},"14":{"name":"(anonymous_14)","decl":{"start":{"line":196,"column":48},"end":{"line":196,"column":49}},"loc":{"start":{"line":196,"column":67},"end":{"line":199,"column":7}},"line":196},"15":{"name":"(anonymous_15)","decl":{"start":{"line":200,"column":47},"end":{"line":200,"column":48}},"loc":{"start":{"line":200,"column":66},"end":{"line":203,"column":7}},"line":200},"16":{"name":"(anonymous_16)","decl":{"start":{"line":206,"column":48},"end":{"line":206,"column":49}},"loc":{"start":{"line":206,"column":59},"end":{"line":208,"column":7}},"line":206},"17":{"name":"(anonymous_17)","decl":{"start":{"line":209,"column":50},"end":{"line":209,"column":51}},"loc":{"start":{"line":209,"column":69},"end":{"line":212,"column":7}},"line":209},"18":{"name":"(anonymous_18)","decl":{"start":{"line":213,"column":49},"end":{"line":213,"column":50}},"loc":{"start":{"line":213,"column":68},"end":{"line":216,"column":7}},"line":213},"19":{"name":"(anonymous_19)","decl":{"start":{"line":219,"column":43},"end":{"line":219,"column":44}},"loc":{"start":{"line":219,"column":54},"end":{"line":221,"column":7}},"line":219},"20":{"name":"(anonymous_20)","decl":{"start":{"line":222,"column":45},"end":{"line":222,"column":46}},"loc":{"start":{"line":222,"column":64},"end":{"line":225,"column":7}},"line":222},"21":{"name":"(anonymous_21)","decl":{"start":{"line":226,"column":44},"end":{"line":226,"column":45}},"loc":{"start":{"line":226,"column":63},"end":{"line":229,"column":7}},"line":226},"22":{"name":"(anonymous_22)","decl":{"start":{"line":232,"column":42},"end":{"line":232,"column":43}},"loc":{"start":{"line":232,"column":53},"end":{"line":234,"column":7}},"line":232},"23":{"name":"(anonymous_23)","decl":{"start":{"
[...]
{"start":{"line":307,"column":36},"end":{"line":307,"column":69}}],"line":307},"10":{"loc":{"start":{"line":311,"column":6},"end":{"line":313,"column":7}},"type":"if","locations":[{"start":{"line":311,"column":6},"end":{"line":313,"column":7}},{"start":{},"end":{}}],"line":311},"11":{"loc":{"start":{"line":311,"column":10},"end":{"line":311,"column":71}},"type":"binary-expr","locations":[{"start":{"line":311,"column":10},"end":{"line":311,"column":33}},{"start":{"line":311,"column":37},"end":{"line":311,"column":71}}],"line":311},"12":{"loc":{"start":{"line":319,"column":4},"end":{"line":321,"column":5}},"type":"if","locations":[{"start":{"line":319,"column":4},"end":{"line":321,"column":5}},{"start":{},"end":{}}],"line":319},"13":{"loc":{"start":{"line":319,"column":8},"end":{"line":319,"column":68}},"type":"binary-expr","locations":[{"start":{"line":319,"column":8},"end":{"line":319,"column":21}},{"start":{"line":319,"column":25},"end":{"line":319,"column":34}},{"start":{"line":319,"column":38},"end":{"line":319,"column":68}}],"line":319},"14":{"loc":{"start":{"line":319,"column":48},"end":{"line":319,"column":67}},"type":"binary-expr","locations":[{"start":{"line":319,"column":48},"end":{"line":319,"column":62}},{"start":{"line":319,"column":66},"end":{"line":319,"column":67}}],"line":319},"15":{"loc":{"start":{"line":325,"column":4},"end":{"line":327,"column":5}},"type":"if","locations":[{"start":{"line":325,"column":4},"end":{"line":327,"column":5}},{"start":{},"end":{}}],"line":325},"16":{"loc":{"start":{"line":325,"column":20},"end":{"line":325,"column":39}},"type":"binary-expr","locations":[{"start":{"line":325,"column":20},"end":{"line":325,"column":34}},{"start":{"line":325,"column":38},"end":{"line":325,"column":39}}],"line":325},"17":{"loc":{"start":{"line":331,"column":4},"end":{"line":333,"column":5}},"type":"if","locations":[{"start":{"line":331,"column":4},"end":{"line":333,"column":5}},{"start":{},"end":{}}],"line":331},"18":{"loc":{"start":{"line":337,"column":4},"end":{"line":346,"column":5}},"type":"if","locations":[{"start":{"line":337,"column":4},"end":{"line":346,"column":5}},{"start":{},"end":{}}],"line":337},"19":{"loc":{"start":{"line":354,"column":12},"end":{"line":354,"column":33}},"type":"binary-expr","locations":[{"start":{"line":354,"column":12},"end":{"line":354,"column":24}},{"start":{"line":354,"column":28},"end":{"line":354,"column":33}}],"line":354},"20":{"loc":{"start":{"line":355,"column":13},"end":{"line":355,"column":32}},"type":"binary-expr","locations":[{"start":{"line":355,"column":13},"end":{"line":355,"column":26}},{"start":{"line":355,"column":30},"end":{"line":355,"column":32}}],"line":355},"21":{"loc":{"start":{"line":370,"column":2},"end":{"line":372,"column":3}},"type":"if","locations":[{"start":{"line":370,"column":2},"end":{"line":372,"column":3}},{"start":{},"end":{}}],"line":370},"22":{"loc":{"start":{"line":374,"column":2},"end":{"line":376,"column":3}},"type":"if","locations":[{"start":{"line":374,"column":2},"end":{"line":376,"column":3}},{"start":{},"end":{}}],"line":374},"23":{"loc":{"start":{"line":404,"column":13},"end":{"line":415,"column":13}},"type":"binary-expr","locations":[{"start":{"line":404,"column":13},"end":{"line":404,"column":30}},{"start":{"line":405,"column":14},"end":{"line":414,"column":25}}],"line":404},"24":{"loc":{"start":{"line":417,"column":13},"end":{"line":430,"column":13}},"type":"binary-expr","locations":[{"start":{"line":417,"column":13},"end":{"line":417,"column":28}},{"start":{"line":418,"column":14},"end":{"line":429,"column":25}}],"line":417},"25":{"loc":{"start":{"line":421,"column":19},"end":{"line":426,"column":19}},"type":"binary-expr","locations":[{"start":{"line":421,"column":19},"end":{"line":421,"column":49}},{"start":{"line":422,"column":20},"end":{"line":425,"column":22}}],"line":421},"26":{"loc":{"start":{"line":434,"column":15},"end":{"line":440,"column":15}},"type":"cond-expr","locations":[{"start":{"line":435,"column":16},"end":{"line":437,"column":30}},{"start":{"line":439,"column":16},"end":{"line":439,"column":71}}],"line":434},"27":{"loc":{"start":{"line":445,"column":13},"end":{"line":462,"column":15}},"type":"binary-expr","locations":[{"start":{"line":445,"column":13},"end":{"line":445,"column":35}},{"start":{"line":446,"column":14},"end":{"line":446,"column":47}},{"start":{"line":447,"column":14},"end":{"line":447,"column":49}},{"start":{"line":448,"column":16},"end":{"line":461,"column":30}}],"line":445},"28":{"loc":{"start":{"line":464,"column":13},"end":{"line":478,"column":13}},"type":"binary-expr","locations":[{"start":{"line":464,"column":13},"end":{"line":464,"column":36}},{"start":{"line":464,"column":40},"end":{"line":464,"column":74}},{"start":{"line":465,"column":14},"end":{"line":477,"column":28}}],"line":464},"29":{"loc":{"start":{"line":507,"column":13},"end":{"line":507,"column":53}},"type":"cond-expr","locations":[{"start":{"line":507,"column":23},"end":{"line":507,"column":36}},{"start":{"line":507,"column":39},"end":{"line":507,"column":53}}],"line":507}},"s":{"0":0,"1":0,"2":0,"3":0,"4":0,"5":0,"6":0,"7":0,"8":0,"9":0,"10":0,"11":0,"12":0,"13":0,"14":0,"15":0,"16":0,"17":0,"18":0,"19":0,"20":0,"21":0,"22":0,"23":0,"24":0,"25":0,"26":0,"27":0,"28":0,"29":0,"30":0,"31":0,"32":0,"33":0,"34":0,"35":0,"36":0,"37":0,"38":0,"39":0,"40":0,"41":0,"42":0,"43":0,"44":0,"45":0,"46":0,"47":0,"48":0,"49":0,"50":0,"51":0,"52":0,"53":0,"54":0,"55":0,"56":0,"57":0,"58":0,"59":0,"60":0,"61":0,"62":0,"63":0,"64":0,"65":0,"66":0,"67":0,"68":0,"69":0,"70":0,"71":0,"72":0,"73":0,"74":0,"75":0,"76":0,"77":0,"78":0,"79":0,"80":0,"81":0,"82":0,"83":0,"84":0,"85":0},"f":{"0":0,"1":0,"2":0,"3":0,"4":0,"5":0,"6":0,"7":0,"8":0,"9":0,"10":0,"11":0,"12":0,"13":0,"14":0,"15":0,"16":0,"17":0,"18":0,"19":0,"20":0},"b":{"0":[0,0],"1":[0,0],"2":[0,0],"3":[0,0],"4":[0,0],"5":[0,0],"6":[0,0],"7":[0,0],"8":[0,0],"9":[0,0],"10":[0,0],"11":[0,0],"12":[0,0],"13":[0,0,0],"14":[0,0],"15":[0,0],"16":[0,0],"17":[0,0],"18":[0,0],"19":[0,0],"20":[0,0],"21":[0,0],"22":[0,0],"23":[0,0],"24":[0,0],"25":[0,0],"26":[0,0],"27":[0,0,0,0],"28":[0,0,0],"29":[0,0]}}
,"/home/ywvlfy/projects/waifu-hospital/frontend/src/pages/Register.js": {"path":"/home/ywvlfy/projects/waifu-hospital/frontend/src/pages/Register.js","statementMap":{"0":{"start":{"line":9,"column":26},"end":{"line":16,"column":1}},"1":{"start":{"line":18,"column":14},"end":{"line":23,"column":1}},"2":{"start":{"line":25,"column":13},"end":{"line":28,"column":1}},"3":{"start":{"line":30,"column":18},"end":{"line":32,"column":1}},"4":{"start":{"line":34,"column":14},"end":{"line":38,"column":1}},"5":{"start":{"line":40,"column":14},"end":{"line":51,"column":1}},"6":{"start":{"line":53,"column":17},"end":{"line":57,"column":1}},"7":{"start":{"line":59,"column":22},"end":{"line":61,"column":1}},"8":{"start":{"line":63,"column":15},"end":{"line":82,"column":1}},"9":{"start":{"line":84,"column":18},"end":{"line":87,"column":1}},"10":{"start":{"line":89,"column":17},"end":{"line":193,"column":1}},"11":{"start":{"line":90,"column":34},"end":{"line":95,"column":4}},"12":{"start":{"line":97,"column":57},"end":{"line":97,"column":65}},"13":{"start":{"line":98,"column":19},"end":{"line":98,"column":32}},"14":{"start":{"line":99,"column":19},"end":{"line":99,"column":32}},"15":{"start":{"line":100,"column":39},"end":{"line":100,"column":73}},"16":{"start":{"line":100,"column":62},"end":{"line":100,"column":72}},"17":{"start":{"line":102,"column":2},"end":{"line":107,"column":34}},"18":{"start":{"line":104,"column":4},"end":{"line":106,"column":5}},"19":{"start":{"line":105,"column":6},"end":{"line":105,"column":29}},"20":{"start":{"line":109,"column":19},"end":{"line":115,"column":3}},"21":{"start":{"line":110,"column":4},"end":{"line":114,"column":7}},"22":{"start":{"line":117,"column":19},"end":{"line":129,"column":3}},"23":{"start":{"line":118,"column":4},"end":{"line":118,"column":23}},"24":{"start":{"line":119,"column":4},"end":{"line":128,"column":5}},"25":{"start":{"line":120,"column":6},"end":{"line":125,"column":8}},"26":{"start":{"line":127,"column":6},"end":{"line":127,"column":56}},"27":{"start":{"line":131,"column":2},"end":{"line":133,"column":3}},"28":{"start":{"line":132,"column":4},"end":{"line":132,"column":23}},"29":{"start":{"line":135,"column":2},"end":{"line":192,"column":4}}},"fnMap":{"0":{"name":"(anonymous_0)","decl":{"start":{"line":89,"column":17},"end":{"line":89,"column":18}},"loc":{"start":{"line":89,"column":23},"end":{"line":193,"column":1}},"line":89},"1":{"name":"(anonymous_1)","decl":{"start":{"line":100,"column":51},"end":{"line":100,"column":52}},"loc":{"start":{"line":100,"column":62},"end":{"line":100,"column":72}},"line":100},"2":{"name":"(anonymous_2)","decl":{"start":{"line":102,"column":12},"end":{"line":102,"column":13}},"loc":{"start":{"line":102,"column":18},"end":{"line":107,"column":3}},"line":102},"3":{"name":"(anonymous_3)","decl":{"start":{"line":109,"column":19},"end":{"line":109,"column":20}},"loc":{"start":{"line":109,"column":26},"end":{"line":115,"column":3}},"line":109},"4":{"name":"(anonymous_4)","decl":{"start":{"line":117,"column":19},"end":{"line":117,"column":20}},"loc":{"start":{"line":117,"column":26},"end":{"line":129,"column":3}},"line":117}},"branchMap":{"0":{"loc":{"start":{"line":104,"column":4},"end":{"line":106,"column":5}},"type":"if","locations":[{"start":{"line":104,"column":4},"end":{"line":106,"column":5}},{"start":{},"end":{}}],"line":104},"1":{"loc":{"start":{"line":113,"column":8},"end":{"line":113,"column":72}},"type":"cond-expr","locations":[{"start":{"line":113,"column":39},"end":{"line":113,"column":55}},{"start":{"line":113,"column":58},"end":{"line":113,"column":72}}],"line":113},"2":{"loc":{"start":{"line":119,"column":4},"end":{"line":128,"column":5}},"type":"if","locations":[{"start":{"line":119,"column":4},"end":{"line":128,"column":5}},{"start":{"line":126,"column":11},"end":{"line":128,"column":5}}],"line":119},"3":{"loc":{"start":{"line":131,"column":2},"end":{"line":133,"column":3}},"type":"if","locations":[{"start":{"line":131,"column":2},"end":{"line":133,"column":3}},{"start":{},"end":{}}],"line":131}},"s":{"0":0,"1":0,"2":0,"3":0,"4":0,"5":0,"6":0,"7":0,"8":0,"9":0,"10":0,"11":0,"12":0,"13":0,"14":0,"15":0,"16":0,"17":0,"18":0,"19":0,"20":0,"21":0,"22":0,"23":0,"24":0,"25":0,"26":0,"27":0,"28":0,"29":0},"f":{"0":0,"1":0,"2":0,"3":0,"4":0},"b":{"0":[0,0],"1":[0,0],"2":[0,0],"3":[0,0]}}
,"/home/ywvlfy/projects/waifu-hospital/frontend/src/utils/aiApi.js": {"path":"/home/ywvlfy/projects/waifu-hospital/frontend/src/utils/aiApi.js","statementMap":{"0":{"start":{"line":5,"column":2},"end":{"line":5,"column":65}},"1":{"start":{"line":7,"column":14},"end":{"line":12,"column":2}},"2":{"start":{"line":15,"column":0},"end":{"line":15,"column":39}},"3":{"start":{"line":18,"column":0},"end":{"line":24,"column":2}},"4":{"start":{"line":19,"column":16},"end":{"line":19,"column":24}},"5":{"start":{"line":21,"column":4},"end":{"line":21,"column":42}},"6":{"start":{"line":22,"column":4},"end":{"line":22,"column":33}},"7":{"start":{"line":27,"column":0},"end":{"line":32,"column":2}},"8":{"start":{"line":29,"column":4},"end":{"line":29,"column":18}},"9":{"start":{"line":31,"column":13},"end":{"line":31,"column":34}},"10":{"start":{"line":42,"column":38},"end":{"line":58,"column":1}},"11":{"start":{"line":47,"column":2},"end":{"line":57,"column":3}},"12":{"start":{"line":48,"column":21},"end":{"line":52,"column":6}},"13":{"start":{"line":53,"column":4},"end":{"line":53,"column":34}},"14":{"start":{"line":55,"column":4},"end":{"line":55,"column":53}},"15":{"start":{"line":56,"column":4},"end":{"line":56,"column":16}},"16":{"start":{"line":66,"column":31},"end":{"line":77,"column":1}},"17":{"start":{"line":67,"column":2},"end":{"line":76,"column":3}},"18":{"start":{"line":68,"column":21},"end":{"line":71,"column":6}},"19":{"start":{"line":72,"column":4},"end":{"line":72,"column":34}},"20":{"start":{"line":74,"column":4},"end":{"line":74,"column":49}},"21":{"start":{"line":75,"column":4},"end":{"line":75,"column":16}}},"fnMap":{"0":{"name":"(anonymous_0)","decl":{"start":{"line":19,"column":2},"end":{"line":19,"column":3}},"loc":{"start":{"line":19,"column":16},"end":{"line":19,"column":24}},"line":19},"1":{"name":"(anonymous_1)","decl":{"start":{"line":20,"column":2},"end":{"line":20,"column":3}},"loc":{"start":{"line":20,"column":13},"end":{"line":23,"column":3}},"line":20},"2":{"name":"(anonymous_2)","decl":{"start":{"line":28,"column":2},"end":{"line":28,"column":3}},"loc":{"start":{"line":28,"column":14},"end":{"line":30,"column":3}},"line":28},"3":{"name":"(anonymous_3)","decl":{"start":{"line":31,"column":2},"end":{"line":31,"column":3}},"loc":{"start":{"line":31,"column":13},"end":{"line":31,"column":34}},"line":31},"4":{"name":"(anonymous_4)","decl":{"start":{"line":42,"column":38},"end":{"line":42,"column":39}},"loc":{"start":{"line":46,"column":6},"end":{"line":58,"column":1}},"line":46},"5":{"name":"(anonymous_5)","decl":{"start":{"line":66,"column":31},"end":{"line":66,"column":32}},"loc":{"start":{"line":66,"column":63},"end":{"line":77,"column":1}},"line":66}},"branchMap":{"0":{"loc":{"start":{"line":5,"column":2},"end":{"line":5,"column":65}},"type":"binary-expr","locations":[{"start":{"line":5,"column":2},"end":{"line":5,"column":38}},{"start":{"line":5,"column":42},"end":{"line":5,"column":65}}],"line":5}},"s":{"0":0,"1":0,"2":0,"3":0,"4":0,"5":0,"6":0,"7":0,"8":0,"9":0,"10":0,"11":0,"12":0,"13":0,"14":0,"15":0,"16":0,"17":0,"18":0,"19":0,"20":0,"21":0},"f":{"0":0,"1":0,"2":0,"3":0,"4":0,"5":0},"b":{"0":[0,0]}}
,"/home/ywvlfy/projects/waifu-hospital/frontend/src/utils/api.js": {"path":"/home/ywvlfy/projects/waifu-hospital/frontend/src/utils/api.js","statementMap":{"0":{"start":{"line":4,"column":16},"end":{"line":4,"column":70}},"1":{"start":{"line":6,"column":12},"end":{"line":11,"column":2}},"2":{"start":{"line":14,"column":0},"end":{"line":14,"column":33}},"3":{"start":{"line":17,"column":0},"end":{"line":23,"column":2}},"4":{"start":{"line":18,"column":16},"end":{"line":18,"column":24}},"5":{"start":{"line":20,"column":4},"end":{"line":20,"column":39}},"6":{"start":{"line":21,"column":4},"end":{"line":21,"column":33}},"7":{"start":{"line":26,"column":0},"end":{"line":35,"column":2}},"8":{"start":{"line":28,"column":18},"end":{"line":28,"column":47}},"9":{"start":{"line":29,"column":4},"end":{"line":31,"column":5}},"10":{"start":{"line":30,"column":6},"end":{"line":30,"column":45}},"11":{"start":{"line":32,"column":4},"end":{"line":32,"column":18}},"12":{"start":{"line":34,"column":13},"end":{"line":34,"column":34}},"13":{"start":{"line":43,"column":38},"end":{"line":54,"column":1}},"14":{"start":{"line":44,"column":2},"end":{"line":53,"column":3}},"15":{"start":{"line":45,"column":21},"end":{"line":48,"column":6}},"16":{"start":{"line":49,"column":4},"end":{"line":49,"column":25}},"17":{"start":{"line":51,"column":4},"end":{"line":51,"column":54}},"18":{"start":{"line":52,"column":4},"end":{"line":52,"column":16}}},"fnMap":{"0":{"name":"(anonymous_0)","decl":{"start":{"line":18,"column":2},"end":{"line":18,"column":3}},"loc":{"start":{"line":18,"column":16},"end":{"line":18,"column":24}},"line":18},"1":{"name":"(anonymous_1)","decl":{"start":{"line":19,"column":2},"end":{"line":19,"column":3}},"loc":{"start":{"line":19,"column":13},"end":{"line":22,"column":3}},"line":19},"2":{"name":"(anonymous_2)","decl":{"start":{"line":27,"column":2},"end":{"line":27,"column":3}},"loc":{"start":{"line":27,"column":14},"end":{"line":33,"column":3}},"line":27},"3":{"name":"(anonymous_3)","decl":{"start":{"line":34,"column":2},"end":{"line":34,"column":3}},"loc":{"start":{"line":34,"column":13},"end":{"line":34,"column":34}},"line":34},"4":{"name":"(anonymous_4)","decl":{"start":{"line":43,"column":38},"end":{"line":43,"column":39}},"loc":{"start":{"line":43,"column":67},"end":{"line":54,"column":1}},"line":43}},"branchMap":{"0":{"loc":{"start":{"line":4,"column":16},"end":{"line":4,"column":70}},"type":"binary-expr","locations":[{"start":{"line":4,"column":16},"end":{"line":4,"column":45}},{"start":{"line":4,"column":49},"end":{"line":4,"column":70}}],"line":4},"1":{"loc":{"start":{"line":29,"column":4},"end":{"line":31,"column":5}},"type":"if","locations":[{"start":{"line":29,"column":4},"end":{"line":31,"column":5}},{"start":{},"end":{}}],"line":29}},"s":{"0":0,"1":0,"2":0,"3":0,"4":0,"5":0,"6":0,"7":0,"8":0,"9":0,"10":0,"11":0,"12":0,"13":0,"14":0,"15":0,"16":0,"17":0,"18":0},"f":{"0":0,"1":0,"2":0,"3":0,"4":0},"b":{"0":[0,0],"1":[0,0]}}
,"/home/ywvlfy/projects/waifu-hospital/frontend/src/utils/setAuthToken.js": {"path":"/home/ywvlfy/projects/waifu-hospital/frontend/src/utils/setAuthToken.js","statementMap":{"0":{"start":{"line":7,"column":28},"end":{"line":15,"column":1}},"1":{"start":{"line":8,"column":2},"end":{"line":14,"column":3}},"2":{"start":{"line":9,"column":4},"end":{"line":9,"column":58}},"3":{"start":{"line":10,"column":4},"end":{"line":10,"column":41}},"4":{"start":{"line":12,"column":4},"end":{"line":12,"column":57}},"5":{"start":{"line":13,"column":4},"end":{"line":13,"column":37}}},"fnMap":{"0":{"name":"(anonymous_0)","decl":{"start":{"line":7,"column":28},"end":{"line":7,"column":29}},"loc":{"start":{"line":7,"column":39},"end":{"line":15,"column":1}},"line":7}},"branchMap":{"0":{"loc":{"start":{"line":8,"column":2},"end":{"line":14,"column":3}},"type":"if","locations":[{"start":{"line":8,"column":2},"end":{"line":14,"column":3}},{"start":{"line":11,"column":9},"end":{"line":14,"column":3}}],"line":8}},"s":{"0":0,"1":0,"2":0,"3":0,"4":0,"5":0},"f":{"0":0},"b":{"0":[0,0]}}
,"/home/ywvlfy/projects/waifu-hospital/frontend/src/utils/test-utils.js": {"path":"/home/ywvlfy/projects/waifu-hospital/frontend/src/utils/test-utils.js","statementMap":{"0":{"start":{"line":13,"column":21},"end":{"line":39,"column":1}},"1":{"start":{"line":30,"column":18},"end":{"line":36,"column":3}},"2":{"start":{"line":31,"column":4},"end":{"line":35,"column":15}},"3":{"start":{"line":38,"column":2},"end":{"line":38,"column":60}},"4":{"start":{"line":42,"column":31},"end":{"line":53,"column":1}},"5":{"start":{"line":43,"column":2},"end":{"line":52,"column":5}},"6":{"start":{"line":56,"column":24},"end":{"line":63,"column":1}},"7":{"start":{"line":66,"column":29},"end":{"line":79,"column":1}},"8":{"start":{"line":82,"column":31},"end":{"line":94,"column":1}},"9":{"start":{"line":97,"column":28},"end":{"line":102,"column":1}}},"fnMap":{"0":{"name":"(anonymous_0)","decl":{"start":{"line":13,"column":21},"end":{"line":13,"column":22}},"loc":{"start":{"line":29,"column":5},"end":{"line":39,"column":1}},"line":29},"1":{"name":"(anonymous_1)","decl":{"start":{"line":30,"column":18},"end":{"line":30,"column":19}},"loc":{"start":{"line":31,"column":4},"end":{"line":35,"column":15}},"line":31},"2":{"name":"(anonymous_2)","decl":{"start":{"line":42,"column":31},"end":{"line":42,"column":32}},"loc":{"start":{"line":42,"column":56},"end":{"line":53,"column":1}},"line":42}},"branchMap":{"0":{"loc":{"start":{"line":15,"column":2},"end":{"line":28,"column":8}},"type":"default-arg","locations":[{"start":{"line":28,"column":6},"end":{"line":28,"column":8}}],"line":15},"1":{"loc":{"start":{"line":16,"column":4},"end":{"line":16,"column":23}},"type":"default-arg","locations":[{"start":{"line":16,"column":21},"end":{"line":16,"column":23}}],"line":16},"2":{"loc":{"start":{"line":17,"column":4},"end":{"line":26,"column":6}},"type":"default-arg","locations":[{"start":{"line":17,"column":12},"end":{"line":26,"column":6}}],"line":17},"3":{"loc":{"start":{"line":42,"column":32},"end":{"line":42,"column":51}},"type":"default-arg","locations":[{"start":{"line":42,"column":49},"end":{"line":42,"column":51}}],"line":42}},"s":{"0":0,"1":0,"2":0,"3":0,"4":0,"5":0,"6":0,"7":0,"8":0,"9":0},"f":{"0":0,"1":0,"2":0},"b":{"0":[0],"1":[0],"2":[0],"3":[0]}}
}
