TN:
SF:src/App.js
FN:29,(anonymous_0)
FN:32,(anonymous_1)
FNF:2
FNH:0
FNDA:0,(anonymous_0)
FNDA:0,(anonymous_1)
DA:25,0
DA:26,0
DA:29,0
DA:30,0
DA:32,0
DA:33,0
DA:36,0
LF:7
LH:0
BRDA:25,0,0,0
BRDA:25,0,1,0
BRF:2
BRH:0
end_of_record
TN:
SF:src/index.js
FNF:0
FNH:0
DA:9,0
DA:10,0
LF:2
LH:0
BRF:0
BRH:0
end_of_record
TN:
SF:src/store.js
FNF:0
FNH:0
DA:8,0
LF:1
LH:0
BRF:0
BRH:0
end_of_record
TN:
SF:src/components/layout/Alert.js
FN:15,(anonymous_0)
FN:43,(anonymous_1)
FN:44,(anonymous_2)
FN:47,(anonymous_3)
FN:49,(anonymous_4)
FN:50,(anonymous_5)
FN:54,(anonymous_6)
FN:61,(anonymous_7)
FN:64,(anonymous_8)
FNF:9
FNH:0
FNDA:0,(anonymous_0)
FNDA:0,(anonymous_1)
FNDA:0,(anonymous_2)
FNDA:0,(anonymous_3)
FNDA:0,(anonymous_4)
FNDA:0,(anonymous_5)
FNDA:0,(anonymous_6)
FNDA:0,(anonymous_7)
FNDA:0,(anonymous_8)
DA:6,0
DA:10,0
DA:16,0
DA:18,0
DA:20,0
DA:22,0
DA:24,0
DA:26,0
DA:35,0
DA:43,0
DA:44,0
DA:45,0
DA:47,0
DA:48,0
DA:49,0
DA:50,0
DA:51,0
DA:54,0
DA:59,0
DA:62,0
DA:64,0
LF:21
LH:0
BRDA:16,0,0,0
BRDA:16,0,1,0
BRDA:16,0,2,0
BRDA:16,0,3,0
BRDA:16,0,4,0
BRDA:48,1,0,0
BRDA:48,1,1,0
BRF:7
BRH:0
end_of_record
TN:
SF:src/components/layout/Footer.js
FN:59,(anonymous_0)
FNF:1
FNH:0
FNDA:0,(anonymous_0)
DA:5,0
DA:11,0
DA:21,0
DA:26,0
DA:33,0
DA:44,0
DA:49,0
DA:59,0
DA:60,0
LF:9
LH:0
BRF:0
BRH:0
end_of_record
TN:
SF:src/components/layout/Header.js
FN:70,(anonymous_0)
FN:72,(anonymous_1)
FN:73,(anonymous_2)
FN:75,(anonymous_3)
FNF:4
FNH:0
FNDA:0,(anonymous_0)
FNDA:0,(anonymous_1)
FNDA:0,(anonymous_2)
FNDA:0,(anonymous_3)
DA:7,0
DA:12,0
DA:22,0
DA:29,0
DA:34,0
DA:46,0
DA:60,0
DA:70,0
DA:71,0
DA:72,0
DA:73,0
DA:75,0
DA:76,0
DA:80,0
DA:87,0
DA:99,0
LF:16
LH:0
BRDA:93,0,0,0
BRDA:93,0,1,0
BRDA:105,1,0,0
BRDA:105,1,1,0
BRF:4
BRH:0
end_of_record
TN:
SF:src/components/layout/Spinner.js
FN:27,(anonymous_0)
FNF:1
FNH:0
FNDA:0,(anonymous_0)
DA:4,0
DA:12,0
DA:27,0
DA:28,0
LF:4
LH:0
BRF:0
BRH:0
end_of_record
TN:
SF:src/components/routing/PrivateRoute.js
FN:6,(anonymous_0)
FN:7,(anonymous_1)
FNF:2
FNH:2
FNDA:26,(anonymous_0)
FNDA:48,(anonymous_1)
DA:6,1
DA:7,48
DA:9,26
DA:10,4
DA:13,22
DA:14,5
DA:17,17
LF:7
LH:7
BRDA:9,0,0,4
BRDA:9,0,1,22
BRDA:13,1,0,5
BRDA:13,1,1,17
BRF:4
BRH:4
end_of_record
TN:
SF:src/features/alerts/alertSlice.js
FN:11,(anonymous_0)
FN:14,(anonymous_1)
FN:26,(anonymous_2)
FN:27,(anonymous_3)
FNF:4
FNH:4
FNDA:55,(anonymous_0)
FNDA:55,(anonymous_1)
FNDA:6,(anonymous_2)
FNDA:9,(anonymous_3)
DA:4,9
DA:6,9
DA:12,55
DA:15,55
DA:16,55
DA:27,9
DA:32,9
LF:7
LH:7
BRDA:14,0,0,53
BRF:1
BRH:1
end_of_record
TN:
SF:src/features/auth/authSlice.js
FN:9,(anonymous_0)
FN:25,(anonymous_1)
FN:43,(anonymous_2)
FN:68,(anonymous_3)
FN:98,(anonymous_4)
FN:139,(anonymous_5)
FN:146,(anonymous_6)
FN:150,(anonymous_7)
FN:153,(anonymous_8)
FN:156,(anonymous_9)
FN:161,(anonymous_10)
FN:170,(anonymous_11)
FN:173,(anonymous_12)
FN:180,(anonymous_13)
FN:188,(anonymous_14)
FN:191,(anonymous_15)
FN:198,(anonymous_16)
FN:206,(anonymous_17)
FN:209,(anonymous_18)
FN:213,(anonymous_19)
FNF:20
FNH:20
FNDA:4,(anonymous_0)
FNDA:4,(anonymous_1)
FNDA:2,(anonymous_2)
FNDA:4,(anonymous_3)
FNDA:4,(anonymous_4)
FNDA:2,(anonymous_5)
FNDA:1,(anonymous_6)
FNDA:4,(anonymous_7)
FNDA:5,(anonymous_8)
FNDA:1,(anonymous_9)
FNDA:3,(anonymous_10)
FNDA:5,(anonymous_11)
FNDA:1,(anonymous_12)
FNDA:3,(anonymous_13)
FNDA:5,(anonymous_14)
FNDA:1,(anonymous_15)
FNDA:3,(anonymous_16)
FNDA:5,(anonymous_17)
FNDA:1,(anonymous_18)
FNDA:3,(anonymous_19)
DA:7,4
DA:10,4
DA:12,4
DA:13,1
DA:15,3
DA:16,3
DA:17,3
DA:23,4
DA:26,4
DA:27,4
DA:29,1
DA:36,1
DA:38,3
DA:40,3
DA:42,3
DA:43,1
DA:44,2
DA:52,2
DA:60,3
DA:66,4
DA:69,4
DA:70,4
DA:72,1
DA:79,1
DA:81,3
DA:83,3
DA:90,3
DA:96,4
DA:99,4
DA:100,4
DA:102,1
DA:109,1
DA:111,3
DA:113,3
DA:120,3
DA:126,4
DA:135,4
DA:140,2
DA:141,2
DA:142,2
DA:143,2
DA:144,2
DA:147,1
DA:151,4
DA:154,5
DA:157,1
DA:158,1
DA:159,1
DA:162,3
DA:163,3
DA:164,3
DA:165,3
DA:166,3
DA:171,5
DA:174,1
DA:175,1
DA:176,1
DA:177,1
DA:178,1
DA:181,3
DA:182,3
DA:183,3
DA:184,3
DA:189,5
DA:192,1
DA:193,1
DA:194,1
DA:195,1
DA:196,1
DA:199,3
DA:200,3
DA:201,3
DA:202,3
DA:207,5
DA:210,1
DA:211,1
DA:214,3
DA:215,3
DA:220,4
LF:79
LH:79
BRDA:17,0,0,3
BRDA:17,0,1,2
BRDA:42,1,0,1
BRDA:42,1,1,2
BRDA:54,2,0,2
BRDA:54,2,1,0
BRDA:60,3,0,3
BRDA:60,3,1,2
BRDA:85,4,0,3
BRDA:85,4,1,2
BRDA:90,5,0,3
BRDA:90,5,1,2
BRDA:115,6,0,3
BRDA:115,6,1,2
BRDA:120,7,0,3
BRDA:120,7,1,2
BRF:16
BRH:15
end_of_record
TN:
SF:src/features/cart/cartSlice.js
FN:9,(anonymous_0)
FN:14,(anonymous_1)
FN:49,(anonymous_2)
FN:67,(anonymous_3)
FN:90,(anonymous_4)
FN:128,(anonymous_5)
FN:141,(anonymous_6)
FN:171,(anonymous_7)
FN:180,(anonymous_8)
FN:184,(anonymous_9)
FN:189,(anonymous_10)
FN:202,(anonymous_11)
FN:204,(anonymous_12)
FN:214,(anonymous_13)
FN:217,(anonymous_14)
FN:225,(anonymous_15)
FN:229,(anonymous_16)
FN:233,(anonymous_17)
FN:237,(anonymous_18)
FN:243,(anonymous_19)
FN:247,(anonymous_20)
FN:250,(anonymous_21)
FN:254,(anonymous_22)
FN:259,(anonymous_23)
FN:265,(anonymous_24)
FN:268,(anonymous_25)
FN:272,(anonymous_26)
FN:278,(anonymous_27)
FN:281,(anonymous_28)
FN:285,(anonymous_29)
FN:291,(anonymous_30)
FN:294,(anonymous_31)
FN:300,(anonymous_32)
FN:306,(anonymous_33)
FN:309,(anonymous_34)
FN:313,(anonymous_35)
FN:319,(anonymous_36)
FN:322,(anonymous_37)
FN:326,(anonymous_38)
FNF:39
FNH:39
FNDA:3,(anonymous_0)
FNDA:3,(anonymous_1)
FNDA:3,(anonymous_2)
FNDA:2,(anonymous_3)
FNDA:1,(anonymous_4)
FNDA:41,(anonymous_5)
FNDA:2,(anonymous_6)
FNDA:13,(anonymous_7)
FNDA:3,(anonymous_8)
FNDA:2,(anonymous_9)
FNDA:1,(anonymous_10)
FNDA:4,(anonymous_11)
FNDA:7,(anonymous_12)
FNDA:5,(anonymous_13)
FNDA:8,(anonymous_14)
FNDA:3,(anonymous_15)
FNDA:1,(anonymous_16)
FNDA:1,(anonymous_17)
FNDA:1,(anonymous_18)
FNDA:1,(anonymous_19)
FNDA:3,(anonymous_20)
FNDA:5,(anonymous_21)
FNDA:3,(anonymous_22)
FNDA:2,(anonymous_23)
FNDA:4,(anonymous_24)
FNDA:2,(anonymous_25)
FNDA:2,(anonymous_26)
FNDA:3,(anonymous_27)
FNDA:2,(anonymous_28)
FNDA:1,(anonymous_29)
FNDA:2,(anonymous_30)
FNDA:2,(anonymous_31)
FNDA:1,(anonymous_32)
FNDA:42,(anonymous_33)
FNDA:2,(anonymous_34)
FNDA:40,(anonymous_35)
FNDA:3,(anonymous_36)
FNDA:2,(anonymous_37)
FNDA:1,(anonymous_38)
DA:7,3
DA:10,3
DA:11,3
DA:14,3
DA:21,3
DA:23,2
DA:30,2
DA:32,1
DA:39,1
DA:47,3
DA:50,3
DA:51,3
DA:55,1
DA:57,2
DA:65,3
DA:71,2
DA:72,2
DA:78,1
DA:80,1
DA:88,3
DA:94,1
DA:95,1
DA:102,0
DA:109,0
DA:111,1
DA:118,1
DA:126,3
DA:129,41
DA:130,41
DA:131,40
DA:133,40
DA:139,3
DA:142,2
DA:143,2
DA:144,1
DA:146,1
DA:152,3
DA:171,3
DA:172,13
DA:176,3
DA:181,3
DA:183,3
DA:185,2
DA:188,3
DA:189,1
DA:190,1
DA:197,2
DA:200,3
DA:203,4
DA:205,7
DA:212,4
DA:215,5
DA:217,5
DA:218,8
DA:223,5
DA:226,3
DA:227,3
DA:230,1
DA:231,1
DA:234,1
DA:235,1
DA:238,1
DA:239,1
DA:240,1
DA:241,1
DA:244,1
DA:248,3
DA:251,5
DA:252,5
DA:255,3
DA:256,3
DA:257,3
DA:260,2
DA:261,2
DA:266,4
DA:269,2
DA:270,2
DA:273,2
DA:274,2
DA:279,3
DA:282,2
DA:283,2
DA:286,1
DA:287,1
DA:292,2
DA:295,2
DA:296,2
DA:297,2
DA:298,2
DA:301,1
DA:302,1
DA:307,42
DA:310,2
DA:311,2
DA:314,40
DA:315,40
DA:320,3
DA:323,2
DA:324,2
DA:327,1
DA:328,1
DA:342,3
LF:102
LH:100
BRDA:34,0,0,1
BRDA:34,0,1,0
BRDA:40,1,0,1
BRDA:40,1,1,0
BRDA:58,2,0,2
BRDA:58,2,1,1
BRDA:81,3,0,1
BRDA:81,3,1,0
BRDA:113,4,0,1
BRDA:113,4,1,0
BRDA:119,5,0,1
BRDA:119,5,1,0
BRDA:133,6,0,40
BRDA:133,6,1,0
BRDA:146,7,0,1
BRDA:146,7,1,0
BRDA:153,8,0,0
BRDA:153,8,1,3
BRDA:156,9,0,0
BRDA:156,9,1,3
BRDA:159,10,0,3
BRDA:159,10,1,3
BRDA:185,11,0,2
BRDA:185,11,1,2
BRDA:185,11,2,1
BRDA:188,12,0,1
BRDA:188,12,1,2
BRDA:190,13,0,1
BRDA:190,13,1,0
BRDA:190,14,0,1
BRDA:190,14,1,1
BRDA:190,14,2,1
BRDA:206,15,0,7
BRDA:206,15,1,3
BRDA:206,15,2,3
BRDA:218,16,0,4
BRDA:218,16,1,4
BRDA:218,17,0,8
BRDA:218,17,1,4
BRDA:218,17,2,4
BRF:40
BRH:30
end_of_record
TN:
SF:src/features/characters/characterSlice.js
FN:8,(anonymous_0)
FN:24,(anonymous_1)
FN:40,(anonymous_2)
FN:56,(anonymous_3)
FN:71,(anonymous_4)
FN:103,(anonymous_5)
FN:133,(anonymous_6)
FN:163,(anonymous_7)
FN:178,(anonymous_8)
FN:205,(anonymous_9)
FN:208,(anonymous_10)
FN:212,(anonymous_11)
FN:215,(anonymous_12)
FN:218,(anonymous_13)
FN:222,(anonymous_14)
FN:228,(anonymous_15)
FN:231,(anonymous_16)
FN:235,(anonymous_17)
FN:241,(anonymous_18)
FN:244,(anonymous_19)
FN:248,(anonymous_20)
FN:254,(anonymous_21)
FN:257,(anonymous_22)
FN:261,(anonymous_23)
FN:267,(anonymous_24)
FN:270,(anonymous_25)
FN:274,(anonymous_26)
FN:280,(anonymous_27)
FN:283,(anonymous_28)
FN:286,(anonymous_29)
FN:290,(anonymous_30)
FN:296,(anonymous_31)
FN:299,(anonymous_32)
FN:302,(anonymous_33)
FN:306,(anonymous_34)
FN:312,(anonymous_35)
FN:316,(anonymous_36)
FN:319,(anonymous_37)
FN:325,(anonymous_38)
FN:329,(anonymous_39)
FN:332,(anonymous_40)
FNF:41
FNH:41
FNDA:4,(anonymous_0)
FNDA:42,(anonymous_1)
FNDA:28,(anonymous_2)
FNDA:2,(anonymous_3)
FNDA:4,(anonymous_4)
FNDA:2,(anonymous_5)
FNDA:1,(anonymous_6)
FNDA:1,(anonymous_7)
FNDA:1,(anonymous_8)
FNDA:1,(anonymous_9)
FNDA:1,(anonymous_10)
FNDA:3,(anonymous_11)
FNDA:6,(anonymous_12)
FNDA:2,(anonymous_13)
FNDA:4,(anonymous_14)
FNDA:43,(anonymous_15)
FNDA:2,(anonymous_16)
FNDA:42,(anonymous_17)
FNDA:29,(anonymous_18)
FNDA:3,(anonymous_19)
FNDA:27,(anonymous_20)
FNDA:3,(anonymous_21)
FNDA:2,(anonymous_22)
FNDA:1,(anonymous_23)
FNDA:5,(anonymous_24)
FNDA:2,(anonymous_25)
FNDA:3,(anonymous_26)
FNDA:3,(anonymous_27)
FNDA:3,(anonymous_28)
FNDA:3,(anonymous_29)
FNDA:1,(anonymous_30)
FNDA:2,(anonymous_31)
FNDA:2,(anonymous_32)
FNDA:1,(anonymous_33)
FNDA:1,(anonymous_34)
FNDA:3,(anonymous_35)
FNDA:3,(anonymous_36)
FNDA:3,(anonymous_37)
FNDA:1,(anonymous_38)
FNDA:1,(anonymous_39)
FNDA:1,(anonymous_40)
DA:6,3
DA:9,4
DA:10,4
DA:11,1
DA:13,3
DA:14,3
DA:22,3
DA:25,42
DA:26,42
DA:27,40
DA:29,41
DA:30,41
DA:38,3
DA:41,28
DA:42,28
DA:43,26
DA:45,27
DA:46,27
DA:54,3
DA:57,2
DA:58,2
DA:59,1
DA:61,1
DA:69,3
DA:72,4
DA:74,4
DA:76,1
DA:83,1
DA:85,3
DA:86,3
DA:93,3
DA:101,3
DA:104,2
DA:105,2
DA:107,1
DA:114,1
DA:116,1
DA:123,1
DA:131,3
DA:134,1
DA:135,1
DA:137,0
DA:144,0
DA:146,1
DA:153,1
DA:161,3
DA:164,1
DA:165,1
DA:166,0
DA:168,1
DA:176,3
DA:179,1
DA:180,1
DA:181,0
DA:183,1
DA:191,3
DA:201,3
DA:206,1
DA:209,1
DA:213,3
DA:216,6
DA:219,2
DA:220,2
DA:223,4
DA:224,4
DA:229,43
DA:232,2
DA:233,2
DA:236,42
DA:237,42
DA:242,29
DA:245,3
DA:246,3
DA:249,27
DA:250,27
DA:255,3
DA:258,2
DA:259,2
DA:262,1
DA:263,1
DA:268,5
DA:271,2
DA:272,2
DA:275,3
DA:276,3
DA:281,3
DA:284,3
DA:285,3
DA:286,3
DA:287,3
DA:291,1
DA:292,1
DA:297,2
DA:300,2
DA:301,2
DA:302,1
DA:304,2
DA:307,1
DA:308,1
DA:313,3
DA:314,2
DA:316,3
DA:317,3
DA:319,3
DA:320,3
DA:326,1
DA:327,1
DA:329,1
DA:330,1
DA:332,1
DA:333,1
DA:339,3
LF:112
LH:108
BRDA:15,0,0,3
BRDA:15,0,1,2
BRDA:31,1,0,41
BRDA:31,1,1,40
BRDA:47,2,0,27
BRDA:47,2,1,27
BRDA:62,3,0,1
BRDA:62,3,1,0
BRDA:88,4,0,3
BRDA:88,4,1,2
BRDA:94,5,0,3
BRDA:94,5,1,2
BRDA:118,6,0,1
BRDA:118,6,1,0
BRDA:124,7,0,1
BRDA:124,7,1,0
BRDA:148,8,0,1
BRDA:148,8,1,0
BRDA:154,9,0,1
BRDA:154,9,1,0
BRDA:169,10,0,1
BRDA:169,10,1,0
BRDA:184,11,0,1
BRDA:184,11,1,1
BRDA:287,12,0,2
BRDA:287,12,1,1
BRDA:313,13,0,2
BRDA:313,13,1,1
BRDA:317,14,0,2
BRDA:317,14,1,1
BRDA:320,15,0,2
BRDA:320,15,1,1
BRDA:326,16,0,1
BRDA:326,16,1,0
BRDA:330,17,0,1
BRDA:330,17,1,0
BRDA:333,18,0,1
BRDA:333,18,1,0
BRF:38
BRH:29
end_of_record
TN:
SF:src/features/merchandise/merchandiseSlice.js
FN:8,(anonymous_0)
FN:23,(anonymous_1)
FN:38,(anonymous_2)
FN:53,(anonymous_3)
FN:68,(anonymous_4)
FN:98,(anonymous_5)
FN:128,(anonymous_6)
FN:170,(anonymous_7)
FN:173,(anonymous_8)
FN:177,(anonymous_9)
FN:180,(anonymous_10)
FN:183,(anonymous_11)
FN:187,(anonymous_12)
FN:193,(anonymous_13)
FN:196,(anonymous_14)
FN:200,(anonymous_15)
FN:206,(anonymous_16)
FN:209,(anonymous_17)
FN:213,(anonymous_18)
FN:219,(anonymous_19)
FN:222,(anonymous_20)
FN:226,(anonymous_21)
FN:232,(anonymous_22)
FN:235,(anonymous_23)
FN:240,(anonymous_24)
FN:246,(anonymous_25)
FN:249,(anonymous_26)
FN:252,(anonymous_27)
FN:255,(anonymous_28)
FN:258,(anonymous_29)
FN:262,(anonymous_30)
FN:268,(anonymous_31)
FN:271,(anonymous_32)
FN:274,(anonymous_33)
FN:277,(anonymous_34)
FN:280,(anonymous_35)
FN:286,(anonymous_36)
FNF:37
FNH:37
FNDA:5,(anonymous_0)
FNDA:42,(anonymous_1)
FNDA:3,(anonymous_2)
FNDA:3,(anonymous_3)
FNDA:4,(anonymous_4)
FNDA:3,(anonymous_5)
FNDA:3,(anonymous_6)
FNDA:1,(anonymous_7)
FNDA:1,(anonymous_8)
FNDA:2,(anonymous_9)
FNDA:7,(anonymous_10)
FNDA:3,(anonymous_11)
FNDA:4,(anonymous_12)
FNDA:43,(anonymous_13)
FNDA:3,(anonymous_14)
FNDA:41,(anonymous_15)
FNDA:4,(anonymous_16)
FNDA:3,(anonymous_17)
FNDA:1,(anonymous_18)
FNDA:4,(anonymous_19)
FNDA:3,(anonymous_20)
FNDA:1,(anonymous_21)
FNDA:6,(anonymous_22)
FNDA:3,(anonymous_23)
FNDA:2,(anonymous_24)
FNDA:4,(anonymous_25)
FNDA:6,(anonymous_26)
FNDA:5,(anonymous_27)
FNDA:5,(anonymous_28)
FNDA:4,(anonymous_29)
FNDA:1,(anonymous_30)
FNDA:4,(anonymous_31)
FNDA:6,(anonymous_32)
FNDA:4,(anonymous_33)
FNDA:4,(anonymous_34)
FNDA:3,(anonymous_35)
FNDA:1,(anonymous_36)
DA:6,2
DA:9,5
DA:10,5
DA:11,2
DA:13,3
DA:21,2
DA:24,42
DA:25,42
DA:26,41
DA:28,40
DA:36,2
DA:39,3
DA:40,3
DA:41,2
DA:43,1
DA:51,2
DA:54,3
DA:55,3
DA:56,2
DA:58,1
DA:66,2
DA:69,4
DA:70,4
DA:72,2
DA:79,2
DA:81,2
DA:88,2
DA:96,2
DA:99,3
DA:100,3
DA:102,2
DA:109,2
DA:111,1
DA:118,1
DA:126,2
DA:129,3
DA:130,3
DA:132,2
DA:139,2
DA:141,1
DA:148,1
DA:156,2
DA:166,2
DA:171,1
DA:174,1
DA:178,2
DA:181,7
DA:184,3
DA:185,3
DA:188,4
DA:189,4
DA:194,43
DA:197,3
DA:198,3
DA:201,41
DA:202,41
DA:207,4
DA:210,3
DA:211,3
DA:214,1
DA:215,1
DA:220,4
DA:223,3
DA:224,3
DA:227,1
DA:228,1
DA:233,6
DA:236,3
DA:237,3
DA:238,3
DA:241,2
DA:242,2
DA:247,4
DA:250,6
DA:251,6
DA:252,6
DA:253,5
DA:255,6
DA:256,5
DA:258,6
DA:259,4
DA:263,1
DA:264,1
DA:269,4
DA:272,6
DA:273,6
DA:274,4
DA:276,6
DA:277,4
DA:279,6
DA:280,3
DA:282,6
DA:283,1
DA:287,1
DA:288,1
DA:293,2
LF:96
LH:96
BRDA:14,0,0,3
BRDA:14,0,1,1
BRDA:29,1,0,40
BRDA:29,1,1,0
BRDA:44,2,0,1
BRDA:44,2,1,0
BRDA:59,3,0,1
BRDA:59,3,1,0
BRDA:83,4,0,2
BRDA:83,4,1,1
BRDA:89,5,0,2
BRDA:89,5,1,1
BRDA:113,6,0,1
BRDA:113,6,1,0
BRDA:119,7,0,1
BRDA:119,7,1,0
BRDA:143,8,0,1
BRDA:143,8,1,0
BRDA:149,9,0,1
BRDA:149,9,1,0
BRDA:253,10,0,3
BRDA:253,10,1,2
BRDA:256,11,0,3
BRDA:256,11,1,2
BRDA:259,12,0,2
BRDA:259,12,1,2
BRDA:282,13,0,1
BRDA:282,13,1,5
BRDA:282,14,0,6
BRDA:282,14,1,3
BRF:30
BRH:23
end_of_record
TN:
SF:src/pages/Cart.js
FN:65,(anonymous_0)
FN:66,(anonymous_1)
FN:67,(anonymous_2)
FN:69,(anonymous_3)
FN:70,(anonymous_4)
FN:181,(anonymous_5)
FN:289,(anonymous_6)
FN:292,(anonymous_7)
FN:294,(anonymous_8)
FN:308,(anonymous_9)
FN:318,(anonymous_10)
FN:328,(anonymous_11)
FN:334,(anonymous_12)
FN:369,(anonymous_13)
FN:396,(anonymous_14)
FN:408,(anonymous_15)
FN:413,(anonymous_16)
FN:421,(anonymous_17)
FNF:18
FNH:12
FNDA:0,(anonymous_0)
FNDA:0,(anonymous_1)
FNDA:0,(anonymous_2)
FNDA:0,(anonymous_3)
FNDA:0,(anonymous_4)
FNDA:0,(anonymous_5)
FNDA:53,(anonymous_6)
FNDA:108,(anonymous_7)
FNDA:7,(anonymous_8)
FNDA:2,(anonymous_9)
FNDA:2,(anonymous_10)
FNDA:1,(anonymous_11)
FNDA:133,(anonymous_12)
FNDA:133,(anonymous_13)
FNDA:1,(anonymous_14)
FNDA:5,(anonymous_15)
FNDA:1,(anonymous_16)
FNDA:2,(anonymous_17)
DA:13,1
DA:17,1
DA:23,1
DA:33,1
DA:38,1
DA:46,1
DA:55,1
DA:61,1
DA:65,0
DA:66,0
DA:68,0
DA:69,0
DA:71,0
DA:74,1
DA:97,1
DA:114,1
DA:127,1
DA:142,1
DA:147,1
DA:160,1
DA:167,1
DA:176,1
DA:181,0
DA:185,1
DA:192,1
DA:199,1
DA:205,1
DA:229,1
DA:243,1
DA:256,1
DA:264,1
DA:269,1
DA:274,1
DA:289,1
DA:290,53
DA:291,52
DA:292,108
DA:294,52
DA:295,7
DA:296,7
DA:297,3
DA:308,52
DA:309,2
DA:310,2
DA:318,52
DA:319,2
DA:320,2
DA:328,52
DA:329,1
DA:333,52
DA:334,133
DA:337,52
DA:338,52
DA:339,52
DA:341,52
DA:342,1
DA:345,51
DA:346,5
DA:360,46
DA:370,133
DA:397,1
DA:409,5
DA:414,1
DA:421,2
LF:64
LH:58
BRDA:65,0,0,0
BRDA:65,0,1,0
BRDA:66,1,0,0
BRDA:66,1,1,0
BRDA:68,2,0,0
BRDA:68,2,1,0
BRDA:69,3,0,0
BRDA:69,3,1,0
BRDA:71,4,0,0
BRDA:71,4,1,0
BRDA:296,5,0,3
BRDA:296,5,1,4
BRDA:296,6,0,7
BRDA:296,6,1,6
BRDA:296,6,2,4
BRDA:337,7,0,45
BRDA:337,7,1,7
BRDA:341,8,0,1
BRDA:341,8,1,51
BRDA:345,9,0,5
BRDA:345,9,1,46
BRDA:364,10,0,8
BRDA:364,10,1,38
BRDA:380,11,0,133
BRDA:380,11,1,95
BRDA:383,12,0,133
BRDA:383,12,1,132
BRF:27
BRH:17
end_of_record
TN:
SF:src/pages/CharacterChat.js
FN:38,(anonymous_0)
FN:90,(anonymous_1)
FN:93,(anonymous_2)
FN:104,(anonymous_3)
FN:106,(anonymous_4)
FN:115,(anonymous_5)
FN:116,(anonymous_6)
FN:117,(anonymous_7)
FN:242,(anonymous_8)
FN:252,(anonymous_9)
FN:254,(anonymous_10)
FN:256,(anonymous_11)
FN:260,(anonymous_12)
FN:277,(anonymous_13)
FN:283,(anonymous_14)
FN:294,(anonymous_15)
FN:312,(anonymous_16)
FN:351,(anonymous_17)
FN:393,(anonymous_18)
FNF:19
FNH:0
FNDA:0,(anonymous_0)
FNDA:0,(anonymous_1)
FNDA:0,(anonymous_2)
FNDA:0,(anonymous_3)
FNDA:0,(anonymous_4)
FNDA:0,(anonymous_5)
FNDA:0,(anonymous_6)
FNDA:0,(anonymous_7)
FNDA:0,(anonymous_8)
FNDA:0,(anonymous_9)
FNDA:0,(anonymous_10)
FNDA:0,(anonymous_11)
FNDA:0,(anonymous_12)
FNDA:0,(anonymous_13)
FNDA:0,(anonymous_14)
FNDA:0,(anonymous_15)
FNDA:0,(anonymous_16)
FNDA:0,(anonymous_17)
FNDA:0,(anonymous_18)
DA:9,0
DA:21,0
DA:32,0
DA:38,0
DA:46,0
DA:62,0
DA:67,0
DA:78,0
DA:88,0
DA:90,0
DA:93,0
DA:96,0
DA:101,0
DA:105,0
DA:106,0
DA:113,0
DA:115,0
DA:116,0
DA:117,0
DA:120,0
DA:129,0
DA:142,0
DA:177,0
DA:183,0
DA:188,0
DA:201,0
DA:221,0
DA:232,0
DA:238,0
DA:242,0
DA:243,0
DA:244,0
DA:245,0
DA:246,0
DA:247,0
DA:248,0
DA:250,0
DA:251,0
DA:252,0
DA:254,0
DA:256,0
DA:257,0
DA:260,0
DA:261,0
DA:262,0
DA:263,0
DA:264,0
DA:266,0
DA:267,0
DA:271,0
DA:272,0
DA:277,0
DA:278,0
DA:279,0
DA:283,0
DA:284,0
DA:286,0
DA:289,0
DA:294,0
DA:299,0
DA:300,0
DA:302,0
DA:304,0
DA:307,0
DA:309,0
DA:312,0
DA:320,0
DA:324,0
DA:325,0
DA:328,0
DA:329,0
DA:332,0
DA:352,0
DA:393,0
LF:74
LH:0
BRDA:90,0,0,0
BRDA:90,0,1,0
BRDA:93,1,0,0
BRDA:93,1,1,0
BRDA:105,2,0,0
BRDA:105,2,1,0
BRDA:106,3,0,0
BRDA:106,3,1,0
BRDA:115,4,0,0
BRDA:115,4,1,0
BRDA:116,5,0,0
BRDA:116,5,1,0
BRDA:117,6,0,0
BRDA:117,6,1,0
BRDA:271,7,0,0
BRDA:271,7,1,0
BRDA:278,8,0,0
BRDA:278,8,1,0
BRDA:286,9,0,0
BRDA:286,9,1,0
BRDA:324,10,0,0
BRDA:324,10,1,0
BRDA:324,11,0,0
BRDA:324,11,1,0
BRDA:328,12,0,0
BRDA:328,12,1,0
BRDA:342,13,0,0
BRDA:342,13,1,0
BRDA:354,14,0,0
BRDA:354,14,1,0
BRDA:356,15,0,0
BRDA:356,15,1,0
BRDA:371,16,0,0
BRDA:371,16,1,0
BRDA:396,17,0,0
BRDA:396,17,1,0
BRF:36
BRH:0
end_of_record
TN:
SF:src/pages/CharacterCreator.js
FN:168,(anonymous_0)
FN:170,(anonymous_1)
FN:172,(anonymous_2)
FN:182,(anonymous_3)
FN:200,(anonymous_4)
FN:220,(anonymous_5)
FN:238,(anonymous_6)
FN:254,(anonymous_7)
FN:267,(anonymous_8)
FN:270,(anonymous_9)
FN:274,(anonymous_10)
FN:281,(anonymous_11)
FN:287,(anonymous_12)
FN:366,(anonymous_13)
FN:378,(anonymous_14)
FN:389,(anonymous_15)
FN:398,(anonymous_16)
FN:416,(anonymous_17)
FN:606,(anonymous_18)
FN:616,(anonymous_19)
FN:619,(anonymous_20)
FN:644,(anonymous_21)
FNF:22
FNH:0
FNDA:0,(anonymous_0)
FNDA:0,(anonymous_1)
FNDA:0,(anonymous_2)
FNDA:0,(anonymous_3)
FNDA:0,(anonymous_4)
FNDA:0,(anonymous_5)
FNDA:0,(anonymous_6)
FNDA:0,(anonymous_7)
FNDA:0,(anonymous_8)
FNDA:0,(anonymous_9)
FNDA:0,(anonymous_10)
FNDA:0,(anonymous_11)
FNDA:0,(anonymous_12)
FNDA:0,(anonymous_13)
FNDA:0,(anonymous_14)
FNDA:0,(anonymous_15)
FNDA:0,(anonymous_16)
FNDA:0,(anonymous_17)
FNDA:0,(anonymous_18)
FNDA:0,(anonymous_19)
FNDA:0,(anonymous_20)
FNDA:0,(anonymous_21)
DA:10,0
DA:19,0
DA:25,0
DA:30,0
DA:34,0
DA:40,0
DA:53,0
DA:68,0
DA:82,0
DA:89,0
DA:99,0
DA:110,0
DA:115,0
DA:128,0
DA:134,0
DA:138,0
DA:146,0
DA:152,0
DA:161,0
DA:167,0
DA:169,0
DA:171,0
DA:173,0
DA:183,0
DA:194,0
DA:200,0
DA:201,0
DA:215,0
DA:216,0
DA:217,0
DA:218,0
DA:220,0
DA:221,0
DA:222,0
DA:236,0
DA:238,0
DA:239,0
DA:242,0
DA:243,0
DA:245,0
DA:249,0
DA:250,0
DA:254,0
DA:255,0
DA:259,0
DA:263,0
DA:267,0
DA:268,0
DA:270,0
DA:274,0
DA:275,0
DA:276,0
DA:277,0
DA:281,0
DA:283,0
DA:284,0
DA:285,0
DA:287,0
DA:288,0
DA:289,0
DA:290,0
DA:294,0
DA:295,0
DA:296,0
DA:302,0
DA:305,0
DA:307,0
DA:309,0
DA:315,0
DA:320,0
DA:322,0
DA:329,0
DA:330,0
DA:338,0
DA:355,0
DA:360,0
DA:362,0
DA:366,0
DA:367,0
DA:369,0
DA:370,0
DA:371,0
DA:372,0
DA:374,0
DA:375,0
DA:378,0
DA:379,0
DA:381,0
DA:382,0
DA:387,0
DA:390,0
DA:396,0
DA:399,0
DA:407,0
DA:416,0
DA:417,0
DA:418,0
DA:421,0
DA:422,0
DA:425,0
DA:606,0
DA:617,0
DA:619,0
DA:644,0
LF:104
LH:0
BRDA:169,0,0,0
BRDA:169,0,1,0
BRDA:171,1,0,0
BRDA:171,1,1,0
BRDA:173,2,0,0
BRDA:173,2,1,0
BRDA:183,3,0,0
BRDA:183,3,1,0
BRDA:242,4,0,0
BRDA:242,4,1,0
BRDA:249,5,0,0
BRDA:249,5,1,0
BRDA:255,6,0,0
BRDA:255,6,1,0
BRDA:256,7,0,0
BRDA:256,7,1,0
BRDA:275,8,0,0
BRDA:275,8,1,0
BRDA:288,9,0,0
BRDA:288,9,1,0
BRDA:294,10,0,0
BRDA:294,10,1,0
BRDA:357,11,0,0
BRDA:357,11,1,0
BRDA:369,12,0,0
BRDA:369,12,1,0
BRDA:370,13,0,0
BRDA:370,13,1,0
BRDA:371,14,0,0
BRDA:371,14,1,0
BRDA:372,15,0,0
BRDA:372,15,1,0
BRDA:379,16,0,0
BRDA:379,16,1,0
BRDA:381,17,0,0
BRDA:381,17,1,0
BRDA:384,18,0,0
BRDA:384,18,1,0
BRDA:401,19,0,0
BRDA:401,19,1,0
BRDA:421,20,0,0
BRDA:421,20,1,0
BRDA:438,21,0,0
BRDA:438,21,1,0
BRDA:463,22,0,0
BRDA:463,22,1,0
BRDA:477,23,0,0
BRDA:477,23,1,0
BRDA:493,24,0,0
BRDA:493,24,1,0
BRDA:493,24,2,0
BRDA:493,24,3,0
BRDA:496,25,0,0
BRDA:496,25,1,0
BRDA:501,26,0,0
BRDA:501,26,1,0
BRDA:509,27,0,0
BRDA:509,27,1,0
BRDA:511,28,0,0
BRDA:511,28,1,0
BRDA:522,29,0,0
BRDA:522,29,1,0
BRF:62
BRH:0
end_of_record
TN:
SF:src/pages/CharacterDetail.js
FN:116,(anonymous_0)
FN:118,(anonymous_1)
FN:120,(anonymous_2)
FN:133,(anonymous_3)
FN:146,(anonymous_4)
FN:148,(anonymous_5)
FN:150,(anonymous_6)
FN:164,(anonymous_7)
FN:172,(anonymous_8)
FN:175,(anonymous_9)
FN:179,(anonymous_10)
FN:201,(anonymous_11)
FN:203,(anonymous_12)
FN:328,(anonymous_13)
FN:335,(anonymous_14)
FN:337,(anonymous_15)
FN:339,(anonymous_16)
FN:341,(anonymous_17)
FN:346,(anonymous_18)
FN:359,(anonymous_19)
FN:367,(anonymous_20)
FN:391,(anonymous_21)
FN:443,(anonymous_22)
FN:457,(anonymous_23)
FN:463,(anonymous_24)
FN:497,(anonymous_25)
FN:520,(anonymous_26)
FN:556,(anonymous_27)
FNF:28
FNH:0
FNDA:0,(anonymous_0)
FNDA:0,(anonymous_1)
FNDA:0,(anonymous_2)
FNDA:0,(anonymous_3)
FNDA:0,(anonymous_4)
FNDA:0,(anonymous_5)
FNDA:0,(anonymous_6)
FNDA:0,(anonymous_7)
FNDA:0,(anonymous_8)
FNDA:0,(anonymous_9)
FNDA:0,(anonymous_10)
FNDA:0,(anonymous_11)
FNDA:0,(anonymous_12)
FNDA:0,(anonymous_13)
FNDA:0,(anonymous_14)
FNDA:0,(anonymous_15)
FNDA:0,(anonymous_16)
FNDA:0,(anonymous_17)
FNDA:0,(anonymous_18)
FNDA:0,(anonymous_19)
FNDA:0,(anonymous_20)
FNDA:0,(anonymous_21)
FNDA:0,(anonymous_22)
FNDA:0,(anonymous_23)
FNDA:0,(anonymous_24)
FNDA:0,(anonymous_25)
FNDA:0,(anonymous_26)
FNDA:0,(anonymous_27)
DA:15,0
DA:19,0
DA:30,0
DA:38,0
DA:45,0
DA:49,0
DA:55,0
DA:61,0
DA:69,0
DA:76,0
DA:86,0
DA:91,0
DA:97,0
DA:103,0
DA:108,0
DA:115,0
DA:117,0
DA:119,0
DA:121,0
DA:134,0
DA:145,0
DA:147,0
DA:149,0
DA:151,0
DA:165,0
DA:171,0
DA:173,0
DA:176,0
DA:180,0
DA:184,0
DA:188,0
DA:194,0
DA:202,0
DA:204,0
DA:212,0
DA:216,0
DA:220,0
DA:226,0
DA:232,0
DA:239,0
DA:247,0
DA:253,0
DA:267,0
DA:273,0
DA:277,0
DA:282,0
DA:288,0
DA:295,0
DA:308,0
DA:316,0
DA:321,0
DA:328,0
DA:329,0
DA:330,0
DA:331,0
DA:332,0
DA:333,0
DA:335,0
DA:336,0
DA:337,0
DA:339,0
DA:341,0
DA:342,0
DA:343,0
DA:346,0
DA:347,0
DA:348,0
DA:354,0
DA:357,0
DA:359,0
DA:361,0
DA:363,0
DA:367,0
DA:368,0
DA:369,0
DA:370,0
DA:374,0
DA:376,0
DA:377,0
DA:380,0
DA:381,0
DA:389,0
DA:391,0
DA:393,0
DA:443,0
DA:457,0
DA:463,0
DA:498,0
DA:521,0
DA:556,0
LF:90
LH:0
BRDA:117,0,0,0
BRDA:117,0,1,0
BRDA:119,1,0,0
BRDA:119,1,1,0
BRDA:121,2,0,0
BRDA:121,2,1,0
BRDA:134,3,0,0
BRDA:134,3,1,0
BRDA:147,4,0,0
BRDA:147,4,1,0
BRDA:149,5,0,0
BRDA:149,5,1,0
BRDA:151,6,0,0
BRDA:151,6,1,0
BRDA:165,7,0,0
BRDA:165,7,1,0
BRDA:173,8,0,0
BRDA:173,8,1,0
BRDA:176,9,0,0
BRDA:176,9,1,0
BRDA:180,10,0,0
BRDA:180,10,1,0
BRDA:202,11,0,0
BRDA:202,11,1,0
BRDA:204,12,0,0
BRDA:204,12,1,0
BRDA:347,13,0,0
BRDA:347,13,1,0
BRDA:357,14,0,0
BRDA:357,14,1,0
BRDA:358,15,0,0
BRDA:358,15,1,0
BRDA:374,16,0,0
BRDA:374,16,1,0
BRDA:374,16,2,0
BRDA:376,17,0,0
BRDA:376,17,1,0
BRDA:376,18,0,0
BRDA:376,18,1,0
BRDA:380,19,0,0
BRDA:380,19,1,0
BRDA:389,20,0,0
BRDA:389,20,1,0
BRDA:389,20,2,0
BRDA:403,21,0,0
BRDA:403,21,1,0
BRDA:422,22,0,0
BRDA:422,22,1,0
BRDA:425,23,0,0
BRDA:425,23,1,0
BRDA:427,24,0,0
BRDA:427,24,1,0
BRDA:433,25,0,0
BRDA:433,25,1,0
BRDA:469,26,0,0
BRDA:469,26,1,0
BRDA:475,27,0,0
BRDA:475,27,1,0
BRDA:481,28,0,0
BRDA:481,28,1,0
BRDA:487,29,0,0
BRDA:487,29,1,0
BRDA:493,30,0,0
BRDA:493,30,1,0
BRDA:493,30,2,0
BRDA:506,31,0,0
BRDA:506,31,1,0
BRDA:508,32,0,0
BRDA:508,32,1,0
BRDA:518,33,0,0
BRDA:518,33,1,0
BRDA:518,34,0,0
BRDA:518,34,1,0
BRDA:538,35,0,0
BRDA:538,35,1,0
BRDA:545,36,0,0
BRDA:545,36,1,0
BRF:77
BRH:0
end_of_record
TN:
SF:src/pages/Checkout.js
FN:67,(anonymous_0)
FN:196,(anonymous_1)
FN:197,(anonymous_2)
FN:198,(anonymous_3)
FN:199,(anonymous_4)
FN:236,(anonymous_5)
FN:240,(anonymous_6)
FN:242,(anonymous_7)
FN:271,(anonymous_8)
FN:273,(anonymous_9)
FN:282,(anonymous_10)
FN:295,(anonymous_11)
FN:301,(anonymous_12)
FN:303,(anonymous_13)
FN:309,(anonymous_14)
FN:311,(anonymous_15)
FN:317,(anonymous_16)
FN:319,(anonymous_17)
FN:337,(anonymous_18)
FN:339,(anonymous_19)
FN:344,(anonymous_20)
FN:348,(anonymous_21)
FN:355,(anonymous_22)
FN:359,(anonymous_23)
FN:373,(anonymous_24)
FN:780,(anonymous_25)
FNF:26
FNH:0
FNDA:0,(anonymous_0)
FNDA:0,(anonymous_1)
FNDA:0,(anonymous_2)
FNDA:0,(anonymous_3)
FNDA:0,(anonymous_4)
FNDA:0,(anonymous_5)
FNDA:0,(anonymous_6)
FNDA:0,(anonymous_7)
FNDA:0,(anonymous_8)
FNDA:0,(anonymous_9)
FNDA:0,(anonymous_10)
FNDA:0,(anonymous_11)
FNDA:0,(anonymous_12)
FNDA:0,(anonymous_13)
FNDA:0,(anonymous_14)
FNDA:0,(anonymous_15)
FNDA:0,(anonymous_16)
FNDA:0,(anonymous_17)
FNDA:0,(anonymous_18)
FNDA:0,(anonymous_19)
FNDA:0,(anonymous_20)
FNDA:0,(anonymous_21)
FNDA:0,(anonymous_22)
FNDA:0,(anonymous_23)
FNDA:0,(anonymous_24)
FNDA:0,(anonymous_25)
DA:8,0
DA:12,0
DA:16,0
DA:22,0
DA:28,0
DA:38,0
DA:45,0
DA:51,0
DA:55,0
DA:66,0
DA:67,0
DA:71,0
DA:78,0
DA:91,0
DA:104,0
DA:108,0
DA:114,0
DA:118,0
DA:124,0
DA:130,0
DA:140,0
DA:146,0
DA:150,0
DA:161,0
DA:169,0
DA:173,0
DA:179,0
DA:185,0
DA:192,0
DA:196,0
DA:197,0
DA:198,0
DA:200,0
DA:203,0
DA:226,0
DA:230,0
DA:236,0
DA:237,0
DA:238,0
DA:239,0
DA:240,0
DA:242,0
DA:244,0
DA:261,0
DA:271,0
DA:272,0
DA:273,0
DA:282,0
DA:283,0
DA:284,0
DA:285,0
DA:295,0
DA:296,0
DA:297,0
DA:301,0
DA:302,0
DA:303,0
DA:309,0
DA:310,0
DA:311,0
DA:317,0
DA:318,0
DA:319,0
DA:324,0
DA:325,0
DA:337,0
DA:338,0
DA:339,0
DA:344,0
DA:345,0
DA:348,0
DA:350,0
DA:351,0
DA:352,0
DA:355,0
DA:356,0
DA:359,0
DA:360,0
DA:362,0
DA:364,0
DA:373,0
DA:375,0
DA:378,0
DA:386,0
DA:391,0
DA:781,0
LF:86
LH:0
BRDA:67,0,0,0
BRDA:67,0,1,0
BRDA:196,1,0,0
BRDA:196,1,1,0
BRDA:197,2,0,0
BRDA:197,2,1,0
BRDA:198,3,0,0
BRDA:198,3,1,0
BRDA:200,4,0,0
BRDA:200,4,1,0
BRDA:272,5,0,0
BRDA:272,5,1,0
BRDA:275,6,0,0
BRDA:275,6,1,0
BRDA:276,7,0,0
BRDA:276,7,1,0
BRDA:277,8,0,0
BRDA:277,8,1,0
BRDA:283,9,0,0
BRDA:283,9,1,0
BRDA:296,10,0,0
BRDA:296,10,1,0
BRDA:324,11,0,0
BRDA:324,11,1,0
BRDA:351,12,0,0
BRDA:351,12,1,0
BRDA:362,13,0,0
BRDA:362,13,1,0
BRDA:529,14,0,0
BRDA:529,14,1,0
BRDA:688,15,0,0
BRDA:688,15,1,0
BRDA:744,16,0,0
BRDA:744,16,1,0
BRDA:752,17,0,0
BRDA:752,17,1,0
BRDA:759,18,0,0
BRDA:759,18,1,0
BRDA:768,19,0,0
BRDA:768,19,1,0
BRDA:770,20,0,0
BRDA:770,20,1,0
BRDA:786,21,0,0
BRDA:786,21,1,0
BRDA:786,21,2,0
BRDA:789,22,0,0
BRDA:789,22,1,0
BRDA:809,23,0,0
BRDA:809,23,1,0
BRF:49
BRH:0
end_of_record
TN:
SF:src/pages/CreateMerchandise.js
FN:230,(anonymous_0)
FN:232,(anonymous_1)
FN:362,(anonymous_2)
FN:368,(anonymous_3)
FN:371,(anonymous_4)
FN:390,(anonymous_5)
FN:396,(anonymous_6)
FN:403,(anonymous_7)
FN:414,(anonymous_8)
FN:451,(anonymous_9)
FN:458,(anonymous_10)
FN:463,(anonymous_11)
FN:468,(anonymous_12)
FN:474,(anonymous_13)
FN:483,(anonymous_14)
FN:488,(anonymous_15)
FN:497,(anonymous_16)
FN:569,(anonymous_17)
FN:573,(anonymous_18)
FN:585,(anonymous_19)
FN:618,(anonymous_20)
FNF:21
FNH:0
FNDA:0,(anonymous_0)
FNDA:0,(anonymous_1)
FNDA:0,(anonymous_2)
FNDA:0,(anonymous_3)
FNDA:0,(anonymous_4)
FNDA:0,(anonymous_5)
FNDA:0,(anonymous_6)
FNDA:0,(anonymous_7)
FNDA:0,(anonymous_8)
FNDA:0,(anonymous_9)
FNDA:0,(anonymous_10)
FNDA:0,(anonymous_11)
FNDA:0,(anonymous_12)
FNDA:0,(anonymous_13)
FNDA:0,(anonymous_14)
FNDA:0,(anonymous_15)
FNDA:0,(anonymous_16)
FNDA:0,(anonymous_17)
FNDA:0,(anonymous_18)
FNDA:0,(anonymous_19)
FNDA:0,(anonymous_20)
DA:11,0
DA:59,0
DA:106,0
DA:155,0
DA:165,0
DA:175,0
DA:184,0
DA:190,0
DA:196,0
DA:203,0
DA:207,0
DA:214,0
DA:220,0
DA:226,0
DA:231,0
DA:233,0
DA:245,0
DA:259,0
DA:263,0
DA:270,0
DA:276,0
DA:282,0
DA:289,0
DA:294,0
DA:305,0
DA:313,0
DA:318,0
DA:324,0
DA:330,0
DA:352,0
DA:362,0
DA:363,0
DA:364,0
DA:365,0
DA:367,0
DA:368,0
DA:370,0
DA:371,0
DA:374,0
DA:383,0
DA:384,0
DA:385,0
DA:388,0
DA:390,0
DA:391,0
DA:392,0
DA:396,0
DA:398,0
DA:399,0
DA:403,0
DA:404,0
DA:406,0
DA:407,0
DA:409,0
DA:412,0
DA:413,0
DA:414,0
DA:423,0
DA:424,0
DA:431,0
DA:436,0
DA:437,0
DA:438,0
DA:441,0
DA:442,0
DA:445,0
DA:447,0
DA:451,0
DA:452,0
DA:458,0
DA:459,0
DA:460,0
DA:463,0
DA:464,0
DA:465,0
DA:468,0
DA:469,0
DA:470,0
DA:471,0
DA:474,0
DA:475,0
DA:477,0
DA:480,0
DA:483,0
DA:484,0
DA:487,0
DA:488,0
DA:491,0
DA:492,0
DA:493,0
DA:497,0
DA:498,0
DA:499,0
DA:500,0
DA:501,0
DA:503,0
DA:515,0
DA:516,0
DA:518,0
DA:523,0
DA:526,0
DA:529,0
DA:530,0
DA:533,0
DA:534,0
DA:541,0
DA:570,0
DA:573,0
DA:585,0
DA:618,0
LF:110
LH:0
BRDA:231,0,0,0
BRDA:231,0,1,0
BRDA:233,1,0,0
BRDA:233,1,1,0
BRDA:391,2,0,0
BRDA:391,2,1,0
BRDA:391,3,0,0
BRDA:391,3,1,0
BRDA:398,4,0,0
BRDA:398,4,1,0
BRDA:398,5,0,0
BRDA:398,5,1,0
BRDA:404,6,0,0
BRDA:404,6,1,0
BRDA:404,7,0,0
BRDA:404,7,1,0
BRDA:436,8,0,0
BRDA:436,8,1,0
BRDA:436,9,0,0
BRDA:436,9,1,0
BRDA:459,10,0,0
BRDA:459,10,1,0
BRDA:464,11,0,0
BRDA:464,11,1,0
BRDA:475,12,0,0
BRDA:475,12,1,0
BRDA:475,13,0,0
BRDA:475,13,1,0
BRDA:475,13,2,0
BRDA:477,14,0,0
BRDA:477,14,1,0
BRDA:491,15,0,0
BRDA:491,15,1,0
BRDA:529,16,0,0
BRDA:529,16,1,0
BRDA:533,17,0,0
BRDA:533,17,1,0
BRDA:548,18,0,0
BRDA:548,18,1,0
BRDA:552,19,0,0
BRDA:552,19,1,0
BRDA:564,20,0,0
BRDA:564,20,1,0
BRDA:622,21,0,0
BRDA:622,21,1,0
BRDA:623,22,0,0
BRDA:623,22,1,0
BRF:47
BRH:0
end_of_record
TN:
SF:src/pages/Dashboard.js
FN:120,(anonymous_0)
FN:122,(anonymous_1)
FN:124,(anonymous_2)
FN:127,(anonymous_3)
FN:129,(anonymous_4)
FN:131,(anonymous_5)
FN:154,(anonymous_6)
FN:183,(anonymous_7)
FN:215,(anonymous_8)
FNF:9
FNH:9
FNDA:121,(anonymous_0)
FNDA:391,(anonymous_1)
FNDA:391,(anonymous_2)
FNDA:391,(anonymous_3)
FNDA:391,(anonymous_4)
FNDA:39,(anonymous_5)
FNDA:140,(anonymous_6)
FNDA:18,(anonymous_7)
FNDA:26,(anonymous_8)
DA:10,1
DA:14,1
DA:21,1
DA:26,1
DA:41,1
DA:45,1
DA:52,1
DA:58,1
DA:63,1
DA:75,1
DA:81,1
DA:85,1
DA:91,1
DA:97,1
DA:113,1
DA:120,1
DA:121,121
DA:122,391
DA:123,120
DA:124,391
DA:126,120
DA:127,391
DA:129,391
DA:131,120
DA:132,39
DA:133,39
DA:134,39
DA:137,120
DA:138,45
DA:141,75
DA:155,140
DA:184,18
DA:216,26
LF:33
LH:33
BRDA:137,0,0,45
BRDA:137,0,1,75
BRDA:137,1,0,120
BRDA:137,1,1,115
BRDA:137,1,2,77
BRDA:137,1,3,76
BRDA:145,2,0,75
BRDA:145,2,1,71
BRDA:152,3,0,26
BRDA:152,3,1,49
BRDA:152,4,0,75
BRDA:152,4,1,73
BRDA:181,5,0,10
BRDA:181,5,1,61
BRDA:181,6,0,71
BRDA:181,6,1,71
BRDA:199,7,0,20
BRDA:199,7,1,41
BRDA:199,8,0,61
BRDA:199,8,1,59
BRDA:213,9,0,14
BRDA:213,9,1,57
BRDA:213,10,0,71
BRDA:213,10,1,69
BRF:24
BRH:24
end_of_record
TN:
SF:src/pages/Home.js
FN:166,(anonymous_0)
FN:169,(anonymous_1)
FN:171,(anonymous_2)
FN:173,(anonymous_3)
FN:250,(anonymous_4)
FNF:5
FNH:5
FNDA:78,(anonymous_0)
FNDA:151,(anonymous_1)
FNDA:151,(anonymous_2)
FNDA:25,(anonymous_3)
FNDA:42,(anonymous_4)
DA:8,1
DA:16,1
DA:22,1
DA:27,1
DA:33,1
DA:46,1
DA:56,1
DA:65,1
DA:75,1
DA:79,1
DA:85,1
DA:92,1
DA:100,1
DA:106,1
DA:110,1
DA:117,1
DA:129,1
DA:135,1
DA:139,1
DA:144,1
DA:150,1
DA:166,1
DA:167,78
DA:168,77
DA:169,151
DA:171,151
DA:173,77
DA:174,25
DA:177,77
DA:251,42
LF:30
LH:30
BRDA:187,0,0,9
BRDA:187,0,1,68
BRDA:190,1,0,3
BRDA:190,1,1,6
BRDA:190,2,0,9
BRDA:190,2,1,6
BRDA:246,3,0,27
BRDA:246,3,1,50
BRDA:248,4,0,17
BRDA:248,4,1,33
BRDA:256,5,0,42
BRDA:256,5,1,4
BRF:12
BRH:12
end_of_record
TN:
SF:src/pages/Login.js
FN:79,(anonymous_0)
FN:88,(anonymous_1)
FN:90,(anonymous_2)
FN:97,(anonymous_3)
FN:101,(anonymous_4)
FNF:5
FNH:0
FNDA:0,(anonymous_0)
FNDA:0,(anonymous_1)
FNDA:0,(anonymous_2)
FNDA:0,(anonymous_3)
FNDA:0,(anonymous_4)
DA:9,0
DA:18,0
DA:25,0
DA:30,0
DA:34,0
DA:40,0
DA:53,0
DA:74,0
DA:79,0
DA:80,0
DA:85,0
DA:86,0
DA:87,0
DA:88,0
DA:90,0
DA:92,0
DA:93,0
DA:97,0
DA:98,0
DA:101,0
DA:102,0
DA:103,0
DA:104,0
DA:111,0
DA:113,0
DA:114,0
DA:116,0
DA:121,0
DA:122,0
DA:125,0
LF:30
LH:0
BRDA:92,0,0,0
BRDA:92,0,1,0
BRDA:103,1,0,0
BRDA:103,1,1,0
BRDA:103,2,0,0
BRDA:103,2,1,0
BRDA:121,3,0,0
BRDA:121,3,1,0
BRF:8
BRH:0
end_of_record
TN:
SF:src/pages/MerchandiseStore.js
FN:161,(anonymous_0)
FN:163,(anonymous_1)
FN:172,(anonymous_2)
FN:176,(anonymous_3)
FN:183,(anonymous_4)
FN:191,(anonymous_5)
FN:195,(anonymous_6)
FN:199,(anonymous_7)
FN:210,(anonymous_8)
FN:214,(anonymous_9)
FN:217,(anonymous_10)
FN:220,(anonymous_11)
FN:230,(anonymous_12)
FN:232,(anonymous_13)
FN:306,(anonymous_14)
FNF:15
FNH:0
FNDA:0,(anonymous_0)
FNDA:0,(anonymous_1)
FNDA:0,(anonymous_2)
FNDA:0,(anonymous_3)
FNDA:0,(anonymous_4)
FNDA:0,(anonymous_5)
FNDA:0,(anonymous_6)
FNDA:0,(anonymous_7)
FNDA:0,(anonymous_8)
FNDA:0,(anonymous_9)
FNDA:0,(anonymous_10)
FNDA:0,(anonymous_11)
FNDA:0,(anonymous_12)
FNDA:0,(anonymous_13)
FNDA:0,(anonymous_14)
DA:8,0
DA:12,0
DA:16,0
DA:22,0
DA:28,0
DA:39,0
DA:45,0
DA:51,0
DA:63,0
DA:69,0
DA:83,0
DA:89,0
DA:93,0
DA:98,0
DA:104,0
DA:114,0
DA:122,0
DA:129,0
DA:136,0
DA:143,0
DA:151,0
DA:156,0
DA:161,0
DA:162,0
DA:163,0
DA:165,0
DA:166,0
DA:172,0
DA:173,0
DA:176,0
DA:177,0
DA:178,0
DA:181,0
DA:182,0
DA:183,0
DA:188,0
DA:189,0
DA:191,0
DA:192,0
DA:194,0
DA:195,0
DA:197,0
DA:199,0
DA:200,0
DA:202,0
DA:207,0
DA:209,0
DA:210,0
DA:212,0
DA:214,0
DA:215,0
DA:217,0
DA:218,0
DA:220,0
DA:221,0
DA:223,0
DA:226,0
DA:230,0
DA:231,0
DA:232,0
DA:238,0
DA:239,0
DA:242,0
DA:307,0
LF:64
LH:0
BRDA:177,0,0,0
BRDA:177,0,1,0
BRDA:181,1,0,0
BRDA:181,1,1,0
BRDA:188,2,0,0
BRDA:188,2,1,0
BRDA:189,3,0,0
BRDA:189,3,1,0
BRDA:189,3,2,0
BRDA:189,3,3,0
BRDA:195,4,0,0
BRDA:195,4,1,0
BRDA:207,5,0,0
BRDA:207,5,1,0
BRDA:207,5,2,0
BRDA:207,5,3,0
BRDA:207,5,4,0
BRDA:238,6,0,0
BRDA:238,6,1,0
BRDA:304,7,0,0
BRDA:304,7,1,0
BRDA:314,8,0,0
BRDA:314,8,1,0
BRDA:324,9,0,0
BRDA:324,9,1,0
BRDA:326,10,0,0
BRDA:326,10,1,0
BRF:27
BRH:0
end_of_record
TN:
SF:src/pages/NotFound.js
FN:42,(anonymous_0)
FNF:1
FNH:1
FNDA:6,(anonymous_0)
DA:5,1
DA:10,1
DA:16,1
DA:21,1
DA:27,1
DA:42,1
DA:43,6
LF:7
LH:7
BRF:0
BRH:0
end_of_record
TN:
SF:src/pages/ProductDetail.js
FN:158,(anonymous_0)
FN:160,(anonymous_1)
FN:162,(anonymous_2)
FN:188,(anonymous_3)
FN:189,(anonymous_4)
FN:207,(anonymous_5)
FN:280,(anonymous_6)
FN:281,(anonymous_7)
FN:288,(anonymous_8)
FN:293,(anonymous_9)
FN:294,(anonymous_10)
FN:300,(anonymous_11)
FN:304,(anonymous_12)
FN:317,(anonymous_13)
FN:324,(anonymous_14)
FN:330,(anonymous_15)
FN:336,(anonymous_16)
FN:451,(anonymous_17)
FN:455,(anonymous_18)
FN:468,(anonymous_19)
FN:473,(anonymous_20)
FNF:21
FNH:0
FNDA:0,(anonymous_0)
FNDA:0,(anonymous_1)
FNDA:0,(anonymous_2)
FNDA:0,(anonymous_3)
FNDA:0,(anonymous_4)
FNDA:0,(anonymous_5)
FNDA:0,(anonymous_6)
FNDA:0,(anonymous_7)
FNDA:0,(anonymous_8)
FNDA:0,(anonymous_9)
FNDA:0,(anonymous_10)
FNDA:0,(anonymous_11)
FNDA:0,(anonymous_12)
FNDA:0,(anonymous_13)
FNDA:0,(anonymous_14)
FNDA:0,(anonymous_15)
FNDA:0,(anonymous_16)
FNDA:0,(anonymous_17)
FNDA:0,(anonymous_18)
FNDA:0,(anonymous_19)
FNDA:0,(anonymous_20)
DA:10,0
DA:14,0
DA:20,0
DA:30,0
DA:41,0
DA:49,0
DA:56,0
DA:60,0
DA:66,0
DA:73,0
DA:79,0
DA:83,0
DA:88,0
DA:94,0
DA:98,0
DA:107,0
DA:114,0
DA:121,0
DA:128,0
DA:135,0
DA:139,0
DA:143,0
DA:149,0
DA:155,0
DA:159,0
DA:161,0
DA:162,0
DA:177,0
DA:183,0
DA:188,0
DA:189,0
DA:207,0
DA:211,0
DA:217,0
DA:241,0
DA:255,0
DA:277,0
DA:280,0
DA:282,0
DA:288,0
DA:289,0
DA:290,0
DA:291,0
DA:293,0
DA:294,0
DA:296,0
DA:297,0
DA:298,0
DA:300,0
DA:301,0
DA:304,0
DA:305,0
DA:307,0
DA:308,0
DA:311,0
DA:312,0
DA:317,0
DA:318,0
DA:319,0
DA:320,0
DA:324,0
DA:325,0
DA:326,0
DA:330,0
DA:331,0
DA:332,0
DA:336,0
DA:337,0
DA:338,0
DA:344,0
DA:345,0
DA:348,0
DA:360,0
DA:362,0
DA:370,0
DA:371,0
DA:374,0
DA:375,0
DA:378,0
DA:380,0
DA:452,0
DA:455,0
DA:469,0
DA:473,0
LF:84
LH:0
BRDA:159,0,0,0
BRDA:159,0,1,0
BRDA:161,1,0,0
BRDA:161,1,1,0
BRDA:162,2,0,0
BRDA:162,2,1,0
BRDA:188,3,0,0
BRDA:188,3,1,0
BRDA:207,4,0,0
BRDA:207,4,1,0
BRDA:280,5,0,0
BRDA:280,5,1,0
BRDA:282,6,0,0
BRDA:282,6,1,0
BRDA:305,7,0,0
BRDA:305,7,1,0
BRDA:307,8,0,0
BRDA:307,8,1,0
BRDA:307,9,0,0
BRDA:307,9,1,0
BRDA:311,10,0,0
BRDA:311,10,1,0
BRDA:311,11,0,0
BRDA:311,11,1,0
BRDA:319,12,0,0
BRDA:319,12,1,0
BRDA:319,13,0,0
BRDA:319,13,1,0
BRDA:319,13,2,0
BRDA:319,14,0,0
BRDA:319,14,1,0
BRDA:325,15,0,0
BRDA:325,15,1,0
BRDA:325,16,0,0
BRDA:325,16,1,0
BRDA:331,17,0,0
BRDA:331,17,1,0
BRDA:337,18,0,0
BRDA:337,18,1,0
BRDA:354,19,0,0
BRDA:354,19,1,0
BRDA:355,20,0,0
BRDA:355,20,1,0
BRDA:370,21,0,0
BRDA:370,21,1,0
BRDA:374,22,0,0
BRDA:374,22,1,0
BRDA:404,23,0,0
BRDA:404,23,1,0
BRDA:417,24,0,0
BRDA:417,24,1,0
BRDA:421,25,0,0
BRDA:421,25,1,0
BRDA:434,26,0,0
BRDA:434,26,1,0
BRDA:445,27,0,0
BRDA:445,27,1,0
BRDA:445,27,2,0
BRDA:445,27,3,0
BRDA:464,28,0,0
BRDA:464,28,1,0
BRDA:464,28,2,0
BRDA:507,29,0,0
BRDA:507,29,1,0
BRF:64
BRH:0
end_of_record
TN:
SF:src/pages/Register.js
FN:89,(anonymous_0)
FN:100,(anonymous_1)
FN:102,(anonymous_2)
FN:109,(anonymous_3)
FN:117,(anonymous_4)
FNF:5
FNH:0
FNDA:0,(anonymous_0)
FNDA:0,(anonymous_1)
FNDA:0,(anonymous_2)
FNDA:0,(anonymous_3)
FNDA:0,(anonymous_4)
DA:9,0
DA:18,0
DA:25,0
DA:30,0
DA:34,0
DA:40,0
DA:53,0
DA:59,0
DA:63,0
DA:84,0
DA:89,0
DA:90,0
DA:97,0
DA:98,0
DA:99,0
DA:100,0
DA:102,0
DA:104,0
DA:105,0
DA:109,0
DA:110,0
DA:117,0
DA:118,0
DA:119,0
DA:120,0
DA:127,0
DA:131,0
DA:132,0
DA:135,0
LF:29
LH:0
BRDA:104,0,0,0
BRDA:104,0,1,0
BRDA:113,1,0,0
BRDA:113,1,1,0
BRDA:119,2,0,0
BRDA:119,2,1,0
BRDA:131,3,0,0
BRDA:131,3,1,0
BRF:8
BRH:0
end_of_record
TN:
SF:src/utils/aiApi.js
FN:19,(anonymous_0)
FN:20,(anonymous_1)
FN:28,(anonymous_2)
FN:31,(anonymous_3)
FN:42,(anonymous_4)
FN:66,(anonymous_5)
FNF:6
FNH:0
FNDA:0,(anonymous_0)
FNDA:0,(anonymous_1)
FNDA:0,(anonymous_2)
FNDA:0,(anonymous_3)
FNDA:0,(anonymous_4)
FNDA:0,(anonymous_5)
DA:5,0
DA:7,0
DA:15,0
DA:18,0
DA:19,0
DA:21,0
DA:22,0
DA:27,0
DA:29,0
DA:31,0
DA:42,0
DA:47,0
DA:48,0
DA:53,0
DA:55,0
DA:56,0
DA:66,0
DA:67,0
DA:68,0
DA:72,0
DA:74,0
DA:75,0
LF:22
LH:0
BRDA:5,0,0,0
BRDA:5,0,1,0
BRF:2
BRH:0
end_of_record
TN:
SF:src/utils/api.js
FN:18,(anonymous_0)
FN:19,(anonymous_1)
FN:27,(anonymous_2)
FN:34,(anonymous_3)
FN:43,(anonymous_4)
FNF:5
FNH:0
FNDA:0,(anonymous_0)
FNDA:0,(anonymous_1)
FNDA:0,(anonymous_2)
FNDA:0,(anonymous_3)
FNDA:0,(anonymous_4)
DA:4,0
DA:6,0
DA:14,0
DA:17,0
DA:18,0
DA:20,0
DA:21,0
DA:26,0
DA:28,0
DA:29,0
DA:30,0
DA:32,0
DA:34,0
DA:43,0
DA:44,0
DA:45,0
DA:49,0
DA:51,0
DA:52,0
LF:19
LH:0
BRDA:4,0,0,0
BRDA:4,0,1,0
BRDA:29,1,0,0
BRDA:29,1,1,0
BRF:4
BRH:0
end_of_record
TN:
SF:src/utils/setAuthToken.js
FN:7,(anonymous_0)
FNF:1
FNH:0
FNDA:0,(anonymous_0)
DA:7,0
DA:8,0
DA:9,0
DA:10,0
DA:12,0
DA:13,0
LF:6
LH:0
BRDA:8,0,0,0
BRDA:8,0,1,0
BRF:2
BRH:0
end_of_record
TN:
SF:src/utils/test-utils.js
FN:13,(anonymous_0)
FN:30,(anonymous_1)
FN:42,(anonymous_2)
FNF:3
FNH:0
FNDA:0,(anonymous_0)
FNDA:0,(anonymous_1)
FNDA:0,(anonymous_2)
DA:13,0
DA:30,0
DA:31,0
DA:38,0
DA:42,0
DA:43,0
DA:56,0
DA:66,0
DA:82,0
DA:97,0
LF:10
LH:0
BRDA:15,0,0,0
BRDA:16,1,0,0
BRDA:17,2,0,0
BRDA:42,3,0,0
BRF:4
BRH:0
end_of_record
