{"/home/ywvlfy/projects/waifu-hospital/backend/constants.js": {"path":"/home/ywvlfy/projects/waifu-hospital/backend/constants.js","statementMap":{"0":{"start":{"line":1,"column":32},"end":{"line":12,"column":1}},"1":{"start":{"line":14,"column":20},"end":{"line":60,"column":1}},"2":{"start":{"line":62,"column":34},"end":{"line":70,"column":1}},"3":{"start":{"line":72,"column":33},"end":{"line":117,"column":1}},"4":{"start":{"line":119,"column":0},"end":{"line":124,"column":2}}},"fnMap":{},"branchMap":{},"s":{"0":0,"1":0,"2":0,"3":0,"4":0},"f":{},"b":{}}
,"/home/ywvlfy/projects/waifu-hospital/backend/server.js": {"path":"/home/ywvlfy/projects/waifu-hospital/backend/server.js","statementMap":{"0":{"start":{"line":1,"column":15},"end":{"line":1,"column":32}},"1":{"start":{"line":2,"column":15},"end":{"line":2,"column":30}},"2":{"start":{"line":3,"column":0},"end":{"line":5,"column":1}},"3":{"start":{"line":4,"column":2},"end":{"line":4,"column":58}},"4":{"start":{"line":7,"column":0},"end":{"line":11,"column":3}},"5":{"start":{"line":13,"column":16},"end":{"line":13,"column":34}},"6":{"start":{"line":14,"column":13},"end":{"line":14,"column":28}},"7":{"start":{"line":15,"column":17},"end":{"line":15,"column":36}},"8":{"start":{"line":16,"column":13},"end":{"line":16,"column":28}},"9":{"start":{"line":19,"column":19},"end":{"line":19,"column":49}},"10":{"start":{"line":20,"column":24},"end":{"line":20,"column":59}},"11":{"start":{"line":21,"column":19},"end":{"line":21,"column":49}},"12":{"start":{"line":22,"column":26},"end":{"line":22,"column":63}},"13":{"start":{"line":23,"column":22},"end":{"line":23,"column":55}},"14":{"start":{"line":26,"column":12},"end":{"line":26,"column":21}},"15":{"start":{"line":27,"column":13},"end":{"line":27,"column":37}},"16":{"start":{"line":31,"column":0},"end":{"line":44,"column":2}},"17":{"start":{"line":47,"column":0},"end":{"line":47,"column":24}},"18":{"start":{"line":57,"column":0},"end":{"line":60,"column":3}},"19":{"start":{"line":58,"column":2},"end":{"line":58,"column":46}},"20":{"start":{"line":59,"column":2},"end":{"line":59,"column":72}},"21":{"start":{"line":64,"column":2},"end":{"line":65,"column":55}},"22":{"start":{"line":66,"column":0},"end":{"line":66,"column":67}},"23":{"start":{"line":69,"column":18},"end":{"line":69,"column":23}},"24":{"start":{"line":72,"column":25},"end":{"line":108,"column":1}},"25":{"start":{"line":73,"column":18},"end":{"line":81,"column":3}},"26":{"start":{"line":84,"column":15},"end":{"line":88,"column":3}},"27":{"start":{"line":91,"column":2},"end":{"line":101,"column":3}},"28":{"start":{"line":92,"column":4},"end":{"line":100,"column":5}},"29":{"start":{"line":93,"column":6},"end":{"line":93,"column":71}},"30":{"start":{"line":94,"column":6},"end":{"line":94,"column":43}},"31":{"start":{"line":95,"column":6},"end":{"line":95,"column":63}},"32":{"start":{"line":96,"column":6},"end":{"line":96,"column":25}},"33":{"start":{"line":97,"column":6},"end":{"line":97,"column":18}},"34":{"start":{"line":99,"column":6},"end":{"line":99,"column":74}},"35":{"start":{"line":103,"column":2},"end":{"line":103,"column":73}},"36":{"start":{"line":104,"column":2},"end":{"line":104,"column":70}},"37":{"start":{"line":105,"column":2},"end":{"line":105,"column":66}},"38":{"start":{"line":106,"column":2},"end":{"line":106,"column":64}},"39":{"start":{"line":107,"column":2},"end":{"line":107,"column":15}},"40":{"start":{"line":111,"column":20},"end":{"line":160,"column":1}},"41":{"start":{"line":112,"column":2},"end":{"line":159,"column":3}},"42":{"start":{"line":114,"column":22},"end":{"line":114,"column":46}},"43":{"start":{"line":116,"column":4},"end":{"line":120,"column":5}},"44":{"start":{"line":117,"column":6},"end":{"line":119,"column":8}},"45":{"start":{"line":123,"column":4},"end":{"line":123,"column":38}},"46":{"start":{"line":124,"column":4},"end":{"line":124,"column":48}},"47":{"start":{"line":125,"column":4},"end":{"line":125,"column":37}},"48":{"start":{"line":126,"column":4},"end":{"line":126,"column":51}},"49":{"start":{"line":127,"column":4},"end":{"line":127,"column":44}},"50":{"start":{"line":130,"column":4},"end":{"line":138,"column":5}},"51":{"start":{"line":131,"column":6},"end":{"line":131,"column":73}},"52":{"start":{"line":133,"column":6},"end":{"line":137,"column":9}},"53":{"start":{"line":134,"column":8},"end":{"line":136,"column":10}},"54":{"start":{"line":141,"column":19},"end":{"line":145,"column":6}},"55":{"start":{"line":142,"column":6},"end":{"line":144,"column":8}},"56":{"start":{"line":148,"column":4},"end":{"line":156,"column":7}},"57":{"start":{"line":149,"column":6},"end":{"line":149,"column":44}},"58":{"start":{"line":150,"column":6},"end":{"line":155,"column":7}},"59":{"start":{"line":151,"column":8},"end":{"line":153,"column":10}},"60":{"start":{"line":154,"column":8},"end":{"line":154,"column":24}},"61":{"start":{"line":158,"column":4},"end":{"line":158,"column":52}},"62":{"start":{"line":163,"column":0},"end":{"line":163,"column":14}}},"fnMap":{"0":{"name":"(anonymous_0)","decl":{"start":{"line":57,"column":8},"end":{"line":57,"column":9}},"loc":{"start":{"line":57,"column":33},"end":{"line":60,"column":1}},"line":57},"1":{"name":"(anonymous_1)","decl":{"start":{"line":72,"column":25},"end":{"line":72,"column":26}},"loc":{"start":{"line":72,"column":37},"end":{"line":108,"column":1}},"line":72},"2":{"name":"(anonymous_2)","decl":{"start":{"line":111,"column":20},"end":{"line":111,"column":21}},"loc":{"start":{"line":111,"column":32},"end":{"line":160,"column":1}},"line":111},"3":{"name":"(anonymous_3)","decl":{"start":{"line":133,"column":19},"end":{"line":133,"column":20}},"loc":{"start":{"line":133,"column":33},"end":{"line":137,"column":7}},"line":133},"4":{"name":"(anonymous_4)","decl":{"start":{"line":141,"column":47},"end":{"line":141,"column":48}},"loc":{"start":{"line":141,"column":53},"end":{"line":145,"column":5}},"line":141},"5":{"name":"(anonymous_5)","decl":{"start":{"line":148,"column":23},"end":{"line":148,"column":24}},"loc":{"start":{"line":148,"column":34},"end":{"line":156,"column":5}},"line":148}},"branchMap":{"0":{"loc":{"start":{"line":3,"column":0},"end":{"line":5,"column":1}},"type":"if","locations":[{"start":{"line":3,"column":0},"end":{"line":5,"column":1}},{"start":{},"end":{}}],"line":3},"1":{"loc":{"start":{"line":8,"column":14},"end":{"line":8,"column":65}},"type":"cond-expr","locations":[{"start":{"line":8,"column":39},"end":{"line":8,"column":53}},{"start":{"line":8,"column":56},"end":{"line":8,"column":65}}],"line":8},"2":{"loc":{"start":{"line":9,"column":15},"end":{"line":9,"column":58}},"type":"cond-expr","locations":[{"start":{"line":9,"column":41},"end":{"line":9,"column":46}},{"start":{"line":9,"column":49},"end":{"line":9,"column":58}}],"line":9},"3":{"loc":{"start":{"line":27,"column":13},"end":{"line":27,"column":37}},"type":"binary-expr","locations":[{"start":{"line":27,"column":13},"end":{"line":27,"column":29}},{"start":{"line":27,"column":33},"end":{"line":27,"column":37}}],"line":27},"4":{"loc":{"start":{"line":64,"column":2},"end":{"line":65,"column":55}},"type":"binary-expr","locations":[{"start":{"line":64,"column":2},"end":{"line":64,"column":25}},{"start":{"line":65,"column":2},"end":{"line":65,"column":55}}],"line":64},"5":{"loc":{"start":{"line":116,"column":4},"end":{"line":120,"column":5}},"type":"if","locations":[{"start":{"line":116,"column":4},"end":{"line":120,"column":5}},{"start":{},"end":{}}],"line":116},"6":{"loc":{"start":{"line":130,"column":4},"end":{"line":138,"column":5}},"type":"if","locations":[{"start":{"line":130,"column":4},"end":{"line":138,"column":5}},{"start":{},"end":{}}],"line":130},"7":{"loc":{"start":{"line":150,"column":6},"end":{"line":155,"column":7}},"type":"if","locations":[{"start":{"line":150,"column":6},"end":{"line":155,"column":7}},{"start":{},"end":{}}],"line":150}},"s":{"0":0,"1":0,"2":0,"3":0,"4":0,"5":0,"6":0,"7":0,"8":0,"9":0,"10":0,"11":0,"12":0,"13":0,"14":0,"15":0,"16":0,"17":0,"18":0,"19":0,"20":0,"21":0,"22":0,"23":0,"24":0,"25":0,"26":0,"27":0,"28":0,"29":0,"30":0,"31":0,"32":0,"33":0,"34":0,"35":0,"36":0,"37":0,"38":0,"39":0,"40":0,"41":0,"42":0,"43":0,"44":0,"45":0,"46":0,"47":0,"48":0,"49":0,"50":0,"51":0,"52":0,"53":0,"54":0,"55":0,"56":0,"57":0,"58":0,"59":0,"60":0,"61":0,"62":0},"f":{"0":0,"1":0,"2":0,"3":0,"4":0,"5":0},"b":{"0":[0,0],"1":[0,0],"2":[0,0],"3":[0,0],"4":[0,0],"5":[0,0],"6":[0,0],"7":[0,0]}}
,"/home/ywvlfy/projects/waifu-hospital/backend/testMongo.js": {"path":"/home/ywvlfy/projects/waifu-hospital/backend/testMongo.js","statementMap":{"0":{"start":{"line":1,"column":17},"end":{"line":1,"column":36}},"1":{"start":{"line":2,"column":15},"end":{"line":2,"column":32}},"2":{"start":{"line":5,"column":0},"end":{"line":5,"column":16}},"3":{"start":{"line":6,"column":0},"end":{"line":8,"column":3}},"4":{"start":{"line":12,"column":15},"end":{"line":17,"column":3}},"5":{"start":{"line":19,"column":2},"end":{"line":19,"column":78}},"6":{"start":{"line":21,"column":2},"end":{"line":57,"column":3}},"7":{"start":{"line":22,"column":4},"end":{"line":56,"column":5}},"8":{"start":{"line":23,"column":6},"end":{"line":23,"column":67}},"9":{"start":{"line":25,"column":6},"end":{"line":30,"column":9}},"10":{"start":{"line":32,"column":6},"end":{"line":32,"column":51}},"11":{"start":{"line":33,"column":6},"end":{"line":33,"column":71}},"12":{"start":{"line":36,"column":6},"end":{"line":46,"column":7}},"13":{"start":{"line":37,"column":28},"end":{"line":39,"column":20}},"14":{"start":{"line":40,"column":8},"end":{"line":43,"column":10}},"15":{"start":{"line":42,"column":33},"end":{"line":42,"column":39}},"16":{"start":{"line":45,"column":8},"end":{"line":45,"column":63}},"17":{"start":{"line":49,"column":6},"end":{"line":49,"column":40}},"18":{"start":{"line":51,"column":6},"end":{"line":51,"column":48}},"19":{"start":{"line":53,"column":6},"end":{"line":55,"column":7}},"20":{"start":{"line":54,"column":8},"end":{"line":54,"column":42}},"21":{"start":{"line":61,"column":0},"end":{"line":64,"column":33}},"22":{"start":{"line":62,"column":14},"end":{"line":62,"column":47}},"23":{"start":{"line":63,"column":18},"end":{"line":63,"column":56}},"24":{"start":{"line":64,"column":17},"end":{"line":64,"column":31}}},"fnMap":{"0":{"name":"testMongo","decl":{"start":{"line":11,"column":15},"end":{"line":11,"column":24}},"loc":{"start":{"line":11,"column":27},"end":{"line":58,"column":1}},"line":11},"1":{"name":"(anonymous_1)","decl":{"start":{"line":42,"column":26},"end":{"line":42,"column":27}},"loc":{"start":{"line":42,"column":33},"end":{"line":42,"column":39}},"line":42},"2":{"name":"(anonymous_2)","decl":{"start":{"line":62,"column":8},"end":{"line":62,"column":9}},"loc":{"start":{"line":62,"column":14},"end":{"line":62,"column":47}},"line":62},"3":{"name":"(anonymous_3)","decl":{"start":{"line":63,"column":9},"end":{"line":63,"column":10}},"loc":{"start":{"line":63,"column":18},"end":{"line":63,"column":56}},"line":63},"4":{"name":"(anonymous_4)","decl":{"start":{"line":64,"column":11},"end":{"line":64,"column":12}},"loc":{"start":{"line":64,"column":17},"end":{"line":64,"column":31}},"line":64}},"branchMap":{"0":{"loc":{"start":{"line":7,"column":15},"end":{"line":7,"column":58}},"type":"cond-expr","locations":[{"start":{"line":7,"column":41},"end":{"line":7,"column":46}},{"start":{"line":7,"column":49},"end":{"line":7,"column":58}}],"line":7},"1":{"loc":{"start":{"line":42,"column":10},"end":{"line":42,"column":61}},"type":"binary-expr","locations":[{"start":{"line":42,"column":10},"end":{"line":42,"column":51}},{"start":{"line":42,"column":55},"end":{"line":42,"column":61}}],"line":42},"2":{"loc":{"start":{"line":53,"column":6},"end":{"line":55,"column":7}},"type":"if","locations":[{"start":{"line":53,"column":6},"end":{"line":55,"column":7}},{"start":{},"end":{}}],"line":53}},"s":{"0":0,"1":0,"2":0,"3":0,"4":0,"5":0,"6":0,"7":0,"8":0,"9":0,"10":0,"11":0,"12":0,"13":0,"14":0,"15":0,"16":0,"17":0,"18":0,"19":0,"20":0,"21":0,"22":0,"23":0,"24":0},"f":{"0":0,"1":0,"2":0,"3":0,"4":0},"b":{"0":[0,0],"1":[0,0],"2":[0,0]}}
,"/home/ywvlfy/projects/waifu-hospital/backend/controllers/characterController.js": {"path":"/home/ywvlfy/projects/waifu-hospital/backend/controllers/characterController.js","statementMap":{"0":{"start":{"line":1,"column":18},"end":{"line":1,"column":48}},"1":{"start":{"line":2,"column":13},"end":{"line":2,"column":38}},"2":{"start":{"line":3,"column":29},"end":{"line":3,"column":57}},"3":{"start":{"line":4,"column":32},"end":{"line":4,"column":78}},"4":{"start":{"line":5,"column":14},"end":{"line":5,"column":30}},"5":{"start":{"line":10,"column":0},"end":{"line":119,"column":2}},"6":{"start":{"line":11,"column":17},"end":{"line":11,"column":38}},"7":{"start":{"line":12,"column":2},"end":{"line":14,"column":3}},"8":{"start":{"line":13,"column":4},"end":{"line":13,"column":60}},"9":{"start":{"line":27,"column":6},"end":{"line":27,"column":14}},"10":{"start":{"line":29,"column":2},"end":{"line":118,"column":3}},"11":{"start":{"line":31,"column":25},"end":{"line":43,"column":6}},"12":{"start":{"line":46,"column":4},"end":{"line":74,"column":5}},"13":{"start":{"line":47,"column":23},"end":{"line":47,"column":67}},"14":{"start":{"line":48,"column":27},"end":{"line":51,"column":7}},"15":{"start":{"line":54,"column":6},"end":{"line":54,"column":55}},"16":{"start":{"line":57,"column":33},"end":{"line":59,"column":7}},"17":{"start":{"line":60,"column":6},"end":{"line":60,"column":49}},"18":{"start":{"line":62,"column":6},"end":{"line":66,"column":9}},"19":{"start":{"line":69,"column":6},"end":{"line":72,"column":8}},"20":{"start":{"line":77,"column":22},"end":{"line":77,"column":47}},"21":{"start":{"line":80,"column":4},"end":{"line":105,"column":5}},"22":{"start":{"line":81,"column":27},"end":{"line":81,"column":81}},"23":{"start":{"line":82,"column":23},"end":{"line":90,"column":8}},"24":{"start":{"line":92,"column":6},"end":{"line":99,"column":7}},"25":{"start":{"line":93,"column":8},"end":{"line":93,"column":60}},"26":{"start":{"line":94,"column":8},"end":{"line":94,"column":31}},"27":{"start":{"line":95,"column":8},"end":{"line":98,"column":11}},"28":{"start":{"line":101,"column":6},"end":{"line":101,"column":90}},"29":{"start":{"line":103,"column":6},"end":{"line":103,"column":127}},"30":{"start":{"line":104,"column":6},"end":{"line":104,"column":29}},"31":{"start":{"line":108,"column":4},"end":{"line":112,"column":6}},"32":{"start":{"line":114,"column":4},"end":{"line":114,"column":24}},"33":{"start":{"line":116,"column":4},"end":{"line":116,"column":31}},"34":{"start":{"line":117,"column":4},"end":{"line":117,"column":41}},"35":{"start":{"line":124,"column":0},"end":{"line":135,"column":2}},"36":{"start":{"line":125,"column":2},"end":{"line":134,"column":3}},"37":{"start":{"line":126,"column":23},"end":{"line":128,"column":30}},"38":{"start":{"line":130,"column":4},"end":{"line":130,"column":25}},"39":{"start":{"line":132,"column":4},"end":{"line":132,"column":31}},"40":{"start":{"line":133,"column":4},"end":{"line":133,"column":41}},"41":{"start":{"line":140,"column":0},"end":{"line":152,"column":2}},"42":{"start":{"line":141,"column":2},"end":{"line":151,"column":3}},"43":{"start":{"line":143,"column":23},"end":{"line":145,"column":30}},"44":{"start":{"line":147,"column":4},"end":{"line":147,"column":25}},"45":{"start":{"line":149,"column":4},"end":{"line":149,"column":31}},"46":{"start":{"line":150,"column":4},"end":{"line":150,"column":41}},"47":{"start":{"line":157,"column":0},"end":{"line":169,"column":2}},"48":{"start":{"line":158,"column":2},"end":{"line":168,"column":3}},"49":{"start":{"line":159,"column":23},"end":{"line":162,"column":16}},"50":{"start":{"line":164,"column":4},"end":{"line":164,"column":25}},"51":{"start":{"line":166,"column":4},"end":{"line":166,"column":31}},"52":{"start":{"line":167,"column":4},"end":{"line":167,"column":41}},"53":{"start":{"line":174,"column":0},"end":{"line":225,"column":2}},"54":{"start":{"line":175,"column":2},"end":{"line":224,"column":3}},"55":{"start":{"line":176,"column":22},"end":{"line":179,"column":5}},"56":{"start":{"line":181,"column":4},"end":{"line":183,"column":5}},"57":{"start":{"line":182,"column":6},"end":{"line":182,"column":66}},"58":{"start":{"line":186,"column":4},"end":{"line":191,"column":5}},"59":{"start":{"line":190,"column":6},"end":{"line":190,"column":72}},"60":{"start":{"line":195,"column":4},"end":{"line":215,"column":5}},"61":{"start":{"line":201,"column":33},"end":{"line":203,"column":7}},"62":{"start":{"line":204,"column":6},"end":{"line":204,"column":46}},"63":{"start":{"line":206,"column":6},"end":{"line":206,"column":29}},"64":{"start":{"line":207,"column":6},"end":{"line":214,"column":8}},"65":{"start":{"line":217,"column":4},"end":{"line":217,"column":24}},"66":{"start":{"line":219,"column":4},"end":{"line":219,"column":31}},"67":{"start":{"line":220,"column":4},"end":{"line":222,"column":5}},"68":{"start":{"line":221,"column":6},"end":{"line":221,"column":66}},"69":{"start":{"line":223,"column":4},"end":{"line":223,"column":41}},"70":{"start":{"line":230,"column":0},"end":{"line":362,"column":2}},"71":{"start":{"line":231,"column":2},"end":{"line":361,"column":3}},"72":{"start":{"line":232,"column":22},"end":{"line":232,"column":61}},"73":{"start":{"line":234,"column":4},"end":{"line":236,"column":5}},"74":{"start":{"line":235,"column":6},"end":{"line":235,"column":66}},"75":{"start":{"line":239,"column":4},"end":{"line":243,"column":5}},"76":{"start":{"line":240,"column":6},"end":{"line":242,"column":66}},"77":{"start":{"line":257,"column":8},"end":{"line":257,"column":16}},"78":{"start":{"line":260,"column":28},"end":{"line":260,"column":30}},"79":{"start":{"line":261,"column":4},"end":{"line":261,"column":42}},"80":{"start":{"line":261,"column":14},"end":{"line":261,"column":42}},"81":{"start":{"line":262,"column":4},"end":{"line":262,"column":45}},"82":{"start":{"line":262,"column":15},"end":{"line":262,"column":45}},"83":{"start":{"line":263,"column":4},"end":{"line":263,"column":63}},"84":{"start":{"line":263,"column":21},"end":{"line":263,"column":63}},"85":{"start":{"line":264,"column":4},"end":{"line":264,"column":63}},"86":{"start":{"line":264,"column":21},"end":{"line":264,"column":63}},"87":{"start":{"line":265,"column":4},"end":{"line":265,"column":60}},"88":{"start":{"line":265,"column":20},"end":{"line":265,"column":60}},"89":{"start":{"line":266,"column":4},"end":{"line":266,"column":57}},"90":{"start":{"line":266,"column":19},"end":{"line":266,"column":57}},"91":{"start":{"line":267,"column":4},"end":{"line":267,"column":60}},"92":{"start":{"line":267,"column":20},"end":{"line":267,"column":60}},"93":{"start":{"line":268,"column":4},"end":{"line":268,"column":39}},"94":{"start":{"line":268,"column":13},"end":{"line":268,"column":39}},"95":{"start":{"line":269,"column":4},"end":{"line":269,"column":66}},"96":{"start":{"line":269,"column":32},"end":{"line":269,"column":66}},"97":{"start":{"line":273,"column":4},"end":{"line":319,"column":5}},"98":{"start":{"line":274,"column":6},"end":{"line":318,"column":7}},"99":{"start":{"line":276,"column":8},"end":{"line":292,"column":9}},"100":{"start":{"line":277,"column":10},"end":{"line":291,"column":11}},"101":{"start":{"line":278,"column":12},"end":{"line":280,"column":14}},"102":{"start":{"line":281,"column":12},"end":{"line":284,"column":15}},"103":{"start":{"line":286,"column":12},"end":{"line":289,"column":14}},"104":{"start":{"line":295,"column":25},"end":{"line":295,"column":66}},"105":{"start":{"line":296,"column":29},"end":{"line":299,"column":9}},"106":{"start":{"line":302,"column":8},"end":{"line":302,"column":60}},"107":{"start":{"line":303,"column":8},"end":{"line":305,"column":10}},"108":{"start":{"line":307,"column":8},"end":{"line":310,"column":11}},"109":{"start":{"line":312,"column":8},"end":{"line":315,"column":10}},"110":{"start":{"line":317,"column":8},"end":{"line":317,"column":44}},"111":{"start":{"line":322,"column":29},"end":{"line":326,"column":5}},"112":{"start":{"line":329,"column":4},"end":{"line":352,"column":5}},"113":{"start":{"line":330,"column":6},"end":{"line":351,"column":7}},"114":{"start":{"line":331,"column":29},"end":{"line":331,"column":83}},"115":{"start":{"line":332,"column":25},"end":{"line":340,"column":10}},"116":{"start":{"line":342,"column":8},"end":{"line":348,"column":9}},"117":{"start":{"line":343,"column":10},"end":{"line":343,"column":69}},"118":{"start":{"line":344,"column":10},"end":{"line":344,"column":40}},"119":{"start":{"line":345,"column":10},"end":{"line":347,"column":13}},"120":{"start":{"line":350,"column":8},"end":{"line":350,"column":94}},"121":{"start":{"line":354,"column":4},"end":{"line":354,"column":31}},"122":{"start":{"line":356,"column":4},"end":{"line":356,"column":31}},"123":{"start":{"line":357,"column":4},"end":{"line":359,"column":5}},"124":{"start":{"line":358,"column":6},"end":{"line":358,"column":66}},"125":{"start":{"line":360,"column":4},"end":{"line":360,"column":41}},"126":{"start":{"line":367,"column":0},"end":{"line":418,"column":2}},"127":{"start":{"line":368,"column":2},"end":{"line":417,"column":3}},"128":{"start":{"line":369,"column":22},"end":{"line":369,"column":61}},"129":{"start":{"line":371,"column":4},"end":{"line":373,"column":5}},"130":{"start":{"line":372,"column":6},"end":{"line":372,"column":66}},"131":{"start":{"line":376,"column":4},"end":{"line":380,"column":5}},"132":{"start":{"line":377,"column":6},"end":{"line":379,"column":66}},"133":{"start":{"line":383,"column":4},"end":{"line":400,"column":5}},"134":{"start":{"line":384,"column":6},"end":{"line":399,"column":7}},"135":{"start":{"line":385,"column":8},"end":{"line":385,"column":79}},"136":{"start":{"line":386,"column":8},"end":{"line":392,"column":10}},"137":{"start":{"line":394,"column":8},"end":{"line":397,"column":10}},"138":{"start":{"line":403,"column":4},"end":{"line":403,"column":54}},"139":{"start":{"line":406,"column":4},"end":{"line":408,"column":7}},"140":{"start":{"line":410,"column":4},"end":{"line":410,"column":43}},"141":{"start":{"line":412,"column":4},"end":{"line":412,"column":31}},"142":{"start":{"line":413,"column":4},"end":{"line":415,"column":5}},"143":{"start":{"line":414,"column":6},"end":{"line":414,"column":66}},"144":{"start":{"line":416,"column":4},"end":{"line":416,"column":41}},"145":{"start":{"line":423,"column":0},"end":{"line":450,"column":2}},"146":{"start":{"line":424,"column":2},"end":{"line":449,"column":3}},"147":{"start":{"line":425,"column":22},"end":{"line":425,"column":61}},"148":{"start":{"line":427,"column":4},"end":{"line":429,"column":5}},"149":{"start":{"line":428,"column":6},"end":{"line":428,"column":66}},"150":{"start":{"line":432,"column":4},"end":{"line":434,"column":5}},"151":{"start":{"line":432,"column":39},"end":{"line":432,"column":68}},"152":{"start":{"line":433,"column":6},"end":{"line":433,"column":70}},"153":{"start":{"line":437,"column":4},"end":{"line":437,"column":43}},"154":{"start":{"line":438,"column":4},"end":{"line":438,"column":25}},"155":{"start":{"line":440,"column":4},"end":{"line":440,"column":27}},"156":{"start":{"line":442,"column":4},"end":{"line":442,"column":24}},"157":{"start":{"line":444,"column":4},"end":{"line":444,"column":31}},"158":{"start":{"line":445,"column":4},"end":{"line":447,"column":5}},"159":{"start":{"line":446,"column":6},"end":{"line":446,"column":66}},"160":{"start":{"line":448,"column":4},"end":{"line":448,"column":41}},"161":{"start":{"line":455,"column":0},"end":{"line":484,"column":2}},"162":{"start":{"line":456,"column":2},"end":{"line":483,"column":3}},"163":{"start":{"line":457,"column":22},"end":{"line":457,"column":61}},"164":{"start":{"line":459,"column":4},"end":{"line":461,"column":5}},"165":{"start":{"line":460,"column":6},"end":{"line":460,"column":66}},"166":{"start":{"line":464,"column":4},"end":{"line":466,"column":5}},"167":{"start":{"line":464,"column":40},"end":{"line":464,"column":69}},"168":{"start":{"line":465,"column":6},"end":{"line":465,"column":79}},"169":{"start":{"line":469,"column":4},"end":{"line":471,"column":6}},"170":{"start":{"line":470,"column":14},"end":{"line":470,"column":43}},"171":{"start":{"line":472,"column":4},"end":{"line":472,"column":25}},"172":{"start":{"line":474,"column":4},"end":{"line":474,"column":27}},"173":{"start":{"line":476,"column":4},"end":{"line":476,"column":24}},"174":{"start":{"line":478,"column":4},"end":{"line":478,"column":31}},"175":{"start":{"line":479,"column":4},"end":{"line":481,"column":5}},"176":{"start":{"line":480,"column":6},"end":{"line":480,"column":66}},"177":{"start":{"line":482,"column":4},"end":{"line":482,"column":41}}},"fnMap":{"0":{"name":"(anonymous_0)","decl":{"start":{"line":10,"column":26},"end":{"line":10,"column":27}},"loc":{"start":{"line":10,"column":46},"end":{"line":119,"column":1}},"line":10},"1":{"name":"(anonymous_1)","decl":{"start":{"line":124,"column":24},"end":{"line":124,"column":25}},"loc":{"start":{"line":124,"column":44},"end":{"line":135,"column":1}},"line":124},"2":{"name":"(anonymous_2)","decl":{"start":{"line":140,"column":28},"end":{"line":140,"column":29}},"loc":{"start":{"line":140,"column":48},"end":{"line":152,"column":1}},"line":140},"3":{"name":"(anonymous_3)","decl":{"start":{"line":157,"column":31},"end":{"line":157,"column":32}},"loc":{"start":{"line":157,"column":51},"end":{"line":169,"column":1}},"line":157},"4":{"name":"(anonymous_4)","decl":{"start":{"line":174,"column":27},"end":{"line":174,"column":28}},"loc":{"start":{"line":174,"column":47},"end":{"line":225,"column":1}},"line":174},"5":{"name":"(anonymous_5)","decl":{"start":{"line":230,"column":26},"end":{"line":230,"column":27}},"loc":{"start":{"line":230,"column":46},"end":{"line":362,"column":1}},"line":230},"6":{"name":"(anonymous_6)","decl":{"start":{"line":367,"column":26},"end":{"line":367,"column":27}},"loc":{"start":{"line":367,"column":46},"end":{"line":418,"column":1}},"line":367},"7":{"name":"(anonymous_7)","decl":{"start":{"line":423,"column":24},"end":{"line":423,"column":25}},"loc":{"start":{"line":423,"column":44},"end":{"line":450,"column":1}},"line":423},"8":{"name":"(anonymous_8)","decl":{"start":{"line":432,"column":31},"end":{"line":432,"column":32}},"loc":{"start":{"line":432,"column":39},"end":{"line":432,"column":68}},"line":432},"9":{"name":"(anonymous_9)","decl":{"start":{"line":455,"column":26},"end":{"line":455,"column":27}},"loc":{"start":{"line":455,"column":46},"end":{"line":484,"column":1}},"line":455},"10":{"name":"(anonymous_10)","decl":{"start":{"line":464,"column":32},"end":{"line":464,"column":33}},"loc":{"start":{"line":464,"column":40},"end":{"line":464,"column":69}},"line":464},"11":{"name":"(anonymous_11)","decl":{"start":{"line":470,"column":6},"end":{"line":470,"column":7}},"loc":{"start":{"line":470,"column":14},"end":{"line":470,"column":43}},"line":470}},"branchMap":{"0":{"loc":{"start":{"line":12,"column":2},"end":{"line":14,"column":3}},"type":"if","locations":[{"start":{"line":12,"column":2},"end":{"line":14,"column":3}},{"start":{},"end":{}}],"line":12},"1":{"loc":{"start":{"line":42,"column":14},"end":{"line":42,"column":54}},"type":"cond-expr","locations":[{"start":{"line":42,"column":39},"end":{"line":42,"column":47}},{"start":{"line":42,"column":50},"end":{"line":42,"column":54}}],"line":42},"2":{"loc":{"start":{"line":81,"column":27},"end":{"line":81,"column":81}},"type":"binary-expr","locations":[{"start":{"line":81,"column":27},"end":{"line":81,"column":53}},{"start":{"line":81,"column":57},"end":{"line":81,"column":81}}],"line":81},"3":{"loc":{"start":{"line":92,"column":6},"end":{"line":99,"column":7}},"type":"if","locations":[{"start":{"line":92,"column":6},"end":{"line":99,"column":7}},{"start":{},"end":{}}],"line":92},"4":{"loc":{"start":{"line":92,"column":10},"end":{"line":92,"column":53}},"type":"binary-expr","locations":[{"start":{"line":92,"column":10},"end":{"line":92,"column":23}},{"start":{"line":92,"column":27},"end":{"line":92,"column":53}}],"line":92},"5":{"loc":{"start":{"line":181,"column":4},"end":{"line":183,"column":5}},"type":"if","locations":[{"start":{"line":181,"column":4},"end":{"line":183,"column":5}},{"start":{},"end":{}}],"line":181},"6":{"loc":{"start":{"line":186,"column":4},"end":{"line":191,"column":5}},"type":"if","locations":[{"start":{"line":186,"column":4},"end":{"line":191,"column":5}},{"start":{},"end":{}}],"line":186},"7":{"loc":{"start":{"line":187,"column":6},"end":{"line":188,"column":69}},"type":"binary-expr","locations":[{"start":{"line":187,"column":6},"end":{"line":187,"column":23}},{"start":{"line":188,"column":7},"end":{"line":188,"column":16}},{"start":{"line":188,"column":20},"end":{"line":188,"column":68}}],"line":187},"8":{"loc":{"start":{"line":195,"column":4},"end":{"line":215,"column":5}},"type":"if","locations":[{"start":{"line":195,"column":4},"end":{"line":215,"column":5}},{"start":{},"end":{}}],"line":195},"9":{"loc":{"start":{"line":196,"column":6},"end":{"line":198,"column":66}},"type":"binary-expr","locations":[{"start":{"line":196,"column":6},"end":{"line":196,"column":33}},{"start":{"line":197,"column":7},"end":{"line":197,"column":56}},{"start":{"line":198,"column":8},"end":{"line":198,"column":65}}],"line":196},"10":{"loc":{"start":{"line":220,"column":4},"end":{"line":222,"column":5}},"type":"if","locations":[{"start":{"line":220,"column":4},"end":{"line":222,"column":5}},{"start":{},"end":{}}],"line":220},"11":{"loc":{"start":{"line":234,"column":4},"end":{"line":236,"column":5}},"type":"if","locations":[{"start":{"line":234,"column":4},"end":{"line":236,"column":5}},{"start":{},"end":{}}],"line":234},"12":{"loc":{"start":{"line":239,"column":4},"end":{"line":243,"column":5}},"type":"if","locations":[{"start":{"line":239,"column":4},"end":{"line":243,"column":5}},{"start":{},"end":{}}],"line":239},"13":{"loc":{"start":{"line":261,"column":4},"end":{"line":261,"column":42}},"type":"if","locations":[{"start":{"line":261,"column":4},"end":{"line":261,"column":42}},{"start":{},"end":{}}],"line":261},"14":{"loc":{"start":{"line":262,"column":4},"end":{"line":262,"column":45}},"type":"if","locations":[{"start":{"line":262,"column":4},"end":{"line":262,"column":45}},{"start":{},"end":{}}],"line":262},"15":{"loc":{"start":{"line":263,"column":4},"end":{"line":263,"column":63}},"type":"if","locations":[{"start":{"line":263,"column":4},"end":{"line":263,"column":63}},{"start":{},"end":{}}],"line":263},"16":{"loc":{"start":{"line":264,"column":4},"end":{"line":264,"column":63}},"type":"if","locations":[{"start":{"line":264,"column":4},"end":{"line":264,"column":63}},{"start":{},"end":{}}],"line":264},"17":{"loc":{"start":{"line":265,"column":4},"end":{"line":265,"column":60}},"type":"if","locations":[{"start":{"line":265,"column":4},"end":{"line":265,"column":60}},{"start":{},"end":{}}],"line":265},"18":{"loc":{"start":{"line":266,"column":4},"end":{"line":266,"column":57}},"type":"if","locations":[{"start":{"line":266,"column":4},"end":{"line":266,"column":57}},{"start":{},"end":{}}],"line":266},"19":{"loc":{"start":{"line":267,"column":4},"end":{"line":267,"column":60}},"type":"if","locations":[{"start":{"line":267,"column":4},"end":{"line":267,"column":60}},{"start":{},"end":{}}],"line":267},"20":{"loc":{"start":{"line":268,"column":4},"end":{"line":268,"column":39}},"type":"if","locations":[{"start":{"line":268,"column":4},"end":{"line":268,"column":39}},{"start":{},"end":{}}],"line":268},"21":{"loc":{"start":{"line":269,"column":4},"end":{"line":269,"column":66}},"type":"if","locations":[{"start":{"line":269,"column":4},"end":{"line":269,"column":66}},{"start":{},"end":{}}],"line":269},"22":{"loc":{"start":{"line":273,"column":4},"end":{"line":319,"column":5}},"type":"if","locations":[{"start":{"line":273,"column":4},"end":{"line":319,"column":5}},{"start":{},"end":{}}],"line":273},"23":{"loc":{"start":{"line":273,"column":8},"end":{"line":273,"column":51}},"type":"binary-expr","locations":[{"start":{"line":273,"column":8},"end":{"line":273,"column":16}},{"start":{"line":273,"column":20},"end":{"line":273,"column":51}}],"line":273},"24":{"loc":{"start":{"line":276,"column":8},"end":{"line":292,"column":9}},"type":"if","locations":[{"start":{"line":276,"column":8},"end":{"line":292,"column":9}},{"start":{},"end":{}}],"line":276},"25":{"loc":{"start":{"line":329,"column":4},"end":{"line":352,"column":5}},"type":"if","locations":[{"start":{"line":329,"column":4},"end":{"line":352,"column":5}},{"start":{},"end":{}}],"line":329},"26":{"loc":{"start":{"line":329,"column":8},"end":{"line":329,"column":60}},"type":"binary-expr","locations":[{"start":{"line":329,"column":8},"end":{"line":329,"column":19}},{"start":{"line":329,"column":23},"end":{"line":329,"column":60}}],"line":329},"27":{"loc":{"start":{"line":331,"column":29},"end":{"line":331,"column":83}},"type":"binary-expr","locations":[{"start":{"line":331,"column":29},"end":{"line":331,"column":55}},{"start":{"line":331,"column":59},"end":{"line":331,"column":83}}],"line":331},"28":{"loc":{"start":{"line":342,"column":8},"end":{"line":348,"column":9}},"type":"if","locations":[{"start":{"line":342,"column":8},"end":{"line":348,"column":9}},{"start":{},"end":{}}],"line":342},"29":{"loc":{"start":{"line":342,"column":12},"end":{"line":342,"column":55}},"type":"binary-expr","locations":[{"start":{"line":342,"column":12},"end":{"line":342,"column":25}},{"start":{"line":342,"column":29},"end":{"line":342,"column":55}}],"line":342},"30":{"loc":{"start":{"line":357,"column":4},"end":{"line":359,"column":5}},"type":"if","locations":[{"start":{"line":357,"column":4},"end":{"line":359,"column":5}},{"start":{},"end":{}}],"line":357},"31":{"loc":{"start":{"line":371,"column":4},"end":{"line":373,"column":5}},"type":"if","locations":[{"start":{"line":371,"column":4},"end":{"line":373,"column":5}},{"start":{},"end":{}}],"line":371},"32":{"loc":{"start":{"line":376,"column":4},"end":{"line":380,"column":5}},"type":"if","locations":[{"start":{"line":376,"column":4},"end":{"line":380,"column":5}},{"start":{},"end":{}}],"line":376},"33":{"loc":{"start":{"line":383,"column":4},"end":{"line":400,"column":5}},"type":"if","locations":[{"start":{"line":383,"column":4},"end":{"line":400,"column":5}},{"start":{},"end":{}}],"line":383},"34":{"loc":{"start":{"line":413,"column":4},"end":{"line":415,"column":5}},"type":"if","locations":[{"start":{"line":413,"column":4},"end":{"line":415,"column":5}},{"start":{},"end":{}}],"line":413},"35":{"loc":{"start":{"line":427,"column":4},"end":{"line":429,"column":5}},"type":"if","locations":[{"start":{"line":427,"column":4},"end":{"line":429,"column":5}},{"start":{},"end":{}}],"line":427},"36":{"loc":{"start":{"line":432,"column":4},"end":{"line":434,"column":5}},"type":"if","locations":[{"start":{"line":432,"column":4},"end":{"line":434,"column":5}},{"start":{},"end":{}}],"line":432},"37":{"loc":{"start":{"line":445,"column":4},"end":{"line":447,"column":5}},"type":"if","locations":[{"start":{"line":445,"column":4},"end":{"line":447,"column":5}},{"start":{},"end":{}}],"line":445},"38":{"loc":{"start":{"line":459,"column":4},"end":{"line":461,"column":5}},"type":"if","locations":[{"start":{"line":459,"column":4},"end":{"line":461,"column":5}},{"start":{},"end":{}}],"line":459},"39":{"loc":{"start":{"line":464,"column":4},"end":{"line":466,"column":5}},"type":"if","locations":[{"start":{"line":464,"column":4},"end":{"line":466,"column":5}},{"start":{},"end":{}}],"line":464},"40":{"loc":{"start":{"line":479,"column":4},"end":{"line":481,"column":5}},"type":"if","locations":[{"start":{"line":479,"column":4},"end":{"line":481,"column":5}},{"start":{},"end":{}}],"line":479}},"s":{"0":2,"1":2,"2":2,"3":2,"4":2,"5":2,"6":4,"7":4,"8":0,"9":4,"10":4,"11":4,"12":4,"13":4,"14":4,"15":3,"16":2,"17":2,"18":2,"19":2,"20":4,"21":3,"22":3,"23":3,"24":2,"25":2,"26":2,"27":0,"28":3,"29":3,"30":3,"31":0,"32":0,"33":4,"34":4,"35":2,"36":2,"37":2,"38":1,"39":1,"40":1,"41":2,"42":1,"43":1,"44":1,"45":0,"46":0,"47":2,"48":1,"49":1,"50":1,"51":0,"52":0,"53":2,"54":5,"55":5,"56":4,"57":1,"58":3,"59":1,"60":2,"61":1,"62":1,"63":1,"64":1,"65":2,"66":1,"67":1,"68":1,"69":0,"70":2,"71":4,"72":4,"73":4,"74":1,"75":3,"76":1,"77":2,"78":2,"79":2,"80":2,"81":2,"82":0,"83":2,"84":2,"85":2,"86":2,"87":2,"88":0,"89":2,"90":0,"91":2,"92":0,"93":2,"94":0,"95":2,"96":0,"97":2,"98":0,"99":0,"100":0,"101":0,"102":0,"103":0,"104":0,"105":0,"106":0,"107":0,"108":0,"109":0,"110":0,"111":2,"112":2,"113":2,"114":2,"115":2,"116":2,"117":2,"118":2,"119":2,"120":0,"121":2,"122":0,"123":0,"124":0,"125":0,"126":2,"127":4,"128":4,"129":4,"130":1,"131":3,"132":1,"133":2,"134":2,"135":2,"136":1,"137":1,"138":2,"139":2,"140":2,"141":0,"142":0,"143":0,"144":0,"145":2,"146":3,"147":3,"148":3,"149":1,"150":2,"151":0,"152":1,"153":1,"154":1,"155":1,"156":1,"157":0,"158":0,"159":0,"160":0,"161":2,"162":2,"163":2,"164":2,"165":0,"166":2,"167":0,"168":1,"169":1,"170":0,"171":1,"172":1,"173":1,"174":0,"175":0,"176":0,"177":0},"f":{"0":4,"1":2,"2":1,"3":1,"4":5,"5":4,"6":4,"7":3,"8":0,"9":2,"10":0,"11":0},"b":{"0":[0,4],"1":[4,0],"2":[3,0],"3":[2,0],"4":[2,2],"5":[1,3],"6":[1,2],"7":[3,1,1],"8":[1,1],"9":[2,1,0],"10":[1,0],"11":[1,3],"12":[1,2],"13":[2,0],"14":[0,2],"15":[2,0],"16":[2,0],"17":[0,2],"18":[0,2],"19":[0,2],"20":[0,2],"21":[0,2],"22":[0,2],"23":[2,0],"24":[0,0],"25":[2,0],"26":[2,2],"27":[2,0],"28":[2,0],"29":[2,2],"30":[0,0],"31":[1,3],"32":[1,2],"33":[2,0],"34":[0,0],"35":[1,2],"36":[1,1],"37":[0,0],"38":[0,2],"39":[1,1],"40":[0,0]},"_coverageSchema":"1a1c01bbd47fc00a2c39e90264f33305004495a9","hash":"d2d5918145dd9366588fea492218319297821030"}
,"/home/ywvlfy/projects/waifu-hospital/backend/controllers/chatController.js": {"path":"/home/ywvlfy/projects/waifu-hospital/backend/controllers/chatController.js","statementMap":{"0":{"start":{"line":1,"column":13},"end":{"line":1,"column":38}},"1":{"start":{"line":2,"column":18},"end":{"line":2,"column":48}},"2":{"start":{"line":3,"column":14},"end":{"line":3,"column":30}},"3":{"start":{"line":4,"column":29},"end":{"line":4,"column":57}},"4":{"start":{"line":9,"column":0},"end":{"line":20,"column":2}},"5":{"start":{"line":10,"column":2},"end":{"line":19,"column":3}},"6":{"start":{"line":11,"column":18},"end":{"line":13,"column":41}},"7":{"start":{"line":15,"column":4},"end":{"line":15,"column":20}},"8":{"start":{"line":17,"column":4},"end":{"line":17,"column":31}},"9":{"start":{"line":18,"column":4},"end":{"line":18,"column":41}},"10":{"start":{"line":25,"column":0},"end":{"line":81,"column":2}},"11":{"start":{"line":26,"column":2},"end":{"line":80,"column":3}},"12":{"start":{"line":28,"column":22},"end":{"line":28,"column":70}},"13":{"start":{"line":29,"column":4},"end":{"line":31,"column":5}},"14":{"start":{"line":30,"column":6},"end":{"line":30,"column":66}},"15":{"start":{"line":34,"column":15},"end":{"line":43,"column":6}},"16":{"start":{"line":45,"column":4},"end":{"line":71,"column":5}},"17":{"start":{"line":47,"column":6},"end":{"line":51,"column":9}},"18":{"start":{"line":54,"column":6},"end":{"line":59,"column":7}},"19":{"start":{"line":55,"column":8},"end":{"line":58,"column":11}},"20":{"start":{"line":61,"column":6},"end":{"line":61,"column":24}},"21":{"start":{"line":64,"column":6},"end":{"line":70,"column":9}},"22":{"start":{"line":73,"column":4},"end":{"line":73,"column":19}},"23":{"start":{"line":75,"column":4},"end":{"line":75,"column":31}},"24":{"start":{"line":76,"column":4},"end":{"line":78,"column":5}},"25":{"start":{"line":77,"column":6},"end":{"line":77,"column":66}},"26":{"start":{"line":79,"column":4},"end":{"line":79,"column":41}},"27":{"start":{"line":86,"column":0},"end":{"line":160,"column":2}},"28":{"start":{"line":87,"column":17},"end":{"line":87,"column":38}},"29":{"start":{"line":88,"column":2},"end":{"line":90,"column":3}},"30":{"start":{"line":89,"column":4},"end":{"line":89,"column":60}},"31":{"start":{"line":92,"column":22},"end":{"line":92,"column":30}},"32":{"start":{"line":94,"column":2},"end":{"line":159,"column":3}},"33":{"start":{"line":96,"column":22},"end":{"line":96,"column":70}},"34":{"start":{"line":97,"column":4},"end":{"line":99,"column":5}},"35":{"start":{"line":98,"column":6},"end":{"line":98,"column":66}},"36":{"start":{"line":102,"column":15},"end":{"line":105,"column":6}},"37":{"start":{"line":107,"column":4},"end":{"line":121,"column":5}},"38":{"start":{"line":108,"column":6},"end":{"line":112,"column":9}},"39":{"start":{"line":115,"column":6},"end":{"line":120,"column":7}},"40":{"start":{"line":116,"column":8},"end":{"line":119,"column":11}},"41":{"start":{"line":124,"column":4},"end":{"line":127,"column":7}},"42":{"start":{"line":130,"column":27},"end":{"line":130,"column":76}},"43":{"start":{"line":133,"column":4},"end":{"line":136,"column":7}},"44":{"start":{"line":139,"column":4},"end":{"line":139,"column":43}},"45":{"start":{"line":141,"column":4},"end":{"line":141,"column":22}},"46":{"start":{"line":144,"column":24},"end":{"line":150,"column":6}},"47":{"start":{"line":152,"column":4},"end":{"line":152,"column":26}},"48":{"start":{"line":154,"column":4},"end":{"line":154,"column":31}},"49":{"start":{"line":155,"column":4},"end":{"line":157,"column":5}},"50":{"start":{"line":156,"column":6},"end":{"line":156,"column":66}},"51":{"start":{"line":158,"column":4},"end":{"line":158,"column":41}},"52":{"start":{"line":165,"column":0},"end":{"line":190,"column":2}},"53":{"start":{"line":166,"column":2},"end":{"line":189,"column":3}},"54":{"start":{"line":167,"column":17},"end":{"line":167,"column":55}},"55":{"start":{"line":169,"column":4},"end":{"line":171,"column":5}},"56":{"start":{"line":170,"column":6},"end":{"line":170,"column":61}},"57":{"start":{"line":174,"column":4},"end":{"line":178,"column":5}},"58":{"start":{"line":175,"column":6},"end":{"line":177,"column":61}},"59":{"start":{"line":180,"column":4},"end":{"line":180,"column":24}},"60":{"start":{"line":182,"column":4},"end":{"line":182,"column":38}},"61":{"start":{"line":184,"column":4},"end":{"line":184,"column":31}},"62":{"start":{"line":185,"column":4},"end":{"line":187,"column":5}},"63":{"start":{"line":186,"column":6},"end":{"line":186,"column":61}},"64":{"start":{"line":188,"column":4},"end":{"line":188,"column":41}},"65":{"start":{"line":194,"column":26},"end":{"line":238,"column":1}},"66":{"start":{"line":198,"column":2},"end":{"line":237,"column":3}},"67":{"start":{"line":200,"column":4},"end":{"line":216,"column":5}},"68":{"start":{"line":201,"column":23},"end":{"line":213,"column":7}},"69":{"start":{"line":215,"column":6},"end":{"line":215,"column":33}},"70":{"start":{"line":219,"column":30},"end":{"line":230,"column":5}},"71":{"start":{"line":232,"column":24},"end":{"line":232,"column":76}},"72":{"start":{"line":233,"column":4},"end":{"line":233,"column":42}},"73":{"start":{"line":235,"column":4},"end":{"line":235,"column":59}},"74":{"start":{"line":236,"column":4},"end":{"line":236,"column":100}}},"fnMap":{"0":{"name":"(anonymous_0)","decl":{"start":{"line":9,"column":23},"end":{"line":9,"column":24}},"loc":{"start":{"line":9,"column":43},"end":{"line":20,"column":1}},"line":9},"1":{"name":"(anonymous_1)","decl":{"start":{"line":25,"column":31},"end":{"line":25,"column":32}},"loc":{"start":{"line":25,"column":51},"end":{"line":81,"column":1}},"line":25},"2":{"name":"(anonymous_2)","decl":{"start":{"line":86,"column":22},"end":{"line":86,"column":23}},"loc":{"start":{"line":86,"column":42},"end":{"line":160,"column":1}},"line":86},"3":{"name":"(anonymous_3)","decl":{"start":{"line":165,"column":21},"end":{"line":165,"column":22}},"loc":{"start":{"line":165,"column":41},"end":{"line":190,"column":1}},"line":165},"4":{"name":"(anonymous_4)","decl":{"start":{"line":194,"column":26},"end":{"line":194,"column":27}},"loc":{"start":{"line":194,"column":57},"end":{"line":238,"column":1}},"line":194}},"branchMap":{"0":{"loc":{"start":{"line":29,"column":4},"end":{"line":31,"column":5}},"type":"if","locations":[{"start":{"line":29,"column":4},"end":{"line":31,"column":5}},{"start":{},"end":{}}],"line":29},"1":{"loc":{"start":{"line":45,"column":4},"end":{"line":71,"column":5}},"type":"if","locations":[{"start":{"line":45,"column":4},"end":{"line":71,"column":5}},{"start":{},"end":{}}],"line":45},"2":{"loc":{"start":{"line":54,"column":6},"end":{"line":59,"column":7}},"type":"if","locations":[{"start":{"line":54,"column":6},"end":{"line":59,"column":7}},{"start":{},"end":{}}],"line":54},"3":{"loc":{"start":{"line":76,"column":4},"end":{"line":78,"column":5}},"type":"if","locations":[{"start":{"line":76,"column":4},"end":{"line":78,"column":5}},{"start":{},"end":{}}],"line":76},"4":{"loc":{"start":{"line":88,"column":2},"end":{"line":90,"column":3}},"type":"if","locations":[{"start":{"line":88,"column":2},"end":{"line":90,"column":3}},{"start":{},"end":{}}],"line":88},"5":{"loc":{"start":{"line":97,"column":4},"end":{"line":99,"column":5}},"type":"if","locations":[{"start":{"line":97,"column":4},"end":{"line":99,"column":5}},{"start":{},"end":{}}],"line":97},"6":{"loc":{"start":{"line":107,"column":4},"end":{"line":121,"column":5}},"type":"if","locations":[{"start":{"line":107,"column":4},"end":{"line":121,"column":5}},{"start":{},"end":{}}],"line":107},"7":{"loc":{"start":{"line":115,"column":6},"end":{"line":120,"column":7}},"type":"if","locations":[{"start":{"line":115,"column":6},"end":{"line":120,"column":7}},{"start":{},"end":{}}],"line":115},"8":{"loc":{"start":{"line":155,"column":4},"end":{"line":157,"column":5}},"type":"if","locations":[{"start":{"line":155,"column":4},"end":{"line":157,"column":5}},{"start":{},"end":{}}],"line":155},"9":{"loc":{"start":{"line":169,"column":4},"end":{"line":171,"column":5}},"type":"if","locations":[{"start":{"line":169,"column":4},"end":{"line":171,"column":5}},{"start":{},"end":{}}],"line":169},"10":{"loc":{"start":{"line":174,"column":4},"end":{"line":178,"column":5}},"type":"if","locations":[{"start":{"line":174,"column":4},"end":{"line":178,"column":5}},{"start":{},"end":{}}],"line":174},"11":{"loc":{"start":{"line":185,"column":4},"end":{"line":187,"column":5}},"type":"if","locations":[{"start":{"line":185,"column":4},"end":{"line":187,"column":5}},{"start":{},"end":{}}],"line":185},"12":{"loc":{"start":{"line":200,"column":4},"end":{"line":216,"column":5}},"type":"if","locations":[{"start":{"line":200,"column":4},"end":{"line":216,"column":5}},{"start":{},"end":{}}],"line":200}},"s":{"0":1,"1":1,"2":1,"3":1,"4":1,"5":2,"6":2,"7":1,"8":1,"9":1,"10":1,"11":4,"12":4,"13":3,"14":1,"15":2,"16":2,"17":1,"18":1,"19":1,"20":1,"21":1,"22":2,"23":1,"24":1,"25":1,"26":0,"27":1,"28":7,"29":7,"30":0,"31":7,"32":7,"33":7,"34":7,"35":2,"36":5,"37":5,"38":1,"39":1,"40":1,"41":5,"42":5,"43":5,"44":5,"45":5,"46":5,"47":5,"48":0,"49":0,"50":0,"51":0,"52":1,"53":4,"54":4,"55":3,"56":1,"57":2,"58":1,"59":1,"60":1,"61":1,"62":1,"63":1,"64":0,"65":1,"66":5,"67":5,"68":4,"69":3,"70":1,"71":1,"72":1,"73":1,"74":1},"f":{"0":2,"1":4,"2":7,"3":4,"4":5},"b":{"0":[1,2],"1":[1,1],"2":[1,0],"3":[1,0],"4":[0,7],"5":[2,5],"6":[1,4],"7":[1,0],"8":[0,0],"9":[1,2],"10":[1,1],"11":[1,0],"12":[4,1]},"_coverageSchema":"1a1c01bbd47fc00a2c39e90264f33305004495a9","hash":"fcf92b2e1819cbcff20de797285a323778caf93e"}
,"/home/ywvlfy/projects/waifu-hospital/backend/controllers/merchandiseController.js": {"path":"/home/ywvlfy/projects/waifu-hospital/backend/controllers/merchandiseController.js","statementMap":{"0":{"start":{"line":1,"column":20},"end":{"line":1,"column":52}},"1":{"start":{"line":2,"column":18},"end":{"line":2,"column":48}},"2":{"start":{"line":3,"column":13},"end":{"line":3,"column":38}},"3":{"start":{"line":4,"column":29},"end":{"line":4,"column":57}},"4":{"start":{"line":5,"column":37},"end":{"line":5,"column":60}},"5":{"start":{"line":6,"column":24},"end":{"line":6,"column":62}},"6":{"start":{"line":56,"column":0},"end":{"line":75,"column":1}},"7":{"start":{"line":57,"column":2},"end":{"line":57,"column":69}},"8":{"start":{"line":59,"column":2},"end":{"line":61,"column":4}},"9":{"start":{"line":63,"column":2},"end":{"line":74,"column":4}},"10":{"start":{"line":64,"column":41},"end":{"line":66,"column":5}},"11":{"start":{"line":67,"column":36},"end":{"line":69,"column":5}},"12":{"start":{"line":70,"column":45},"end":{"line":73,"column":5}},"13":{"start":{"line":80,"column":0},"end":{"line":238,"column":2}},"14":{"start":{"line":81,"column":17},"end":{"line":81,"column":38}},"15":{"start":{"line":82,"column":2},"end":{"line":84,"column":3}},"16":{"start":{"line":83,"column":4},"end":{"line":83,"column":60}},"17":{"start":{"line":101,"column":6},"end":{"line":101,"column":14}},"18":{"start":{"line":103,"column":2},"end":{"line":237,"column":3}},"19":{"start":{"line":105,"column":25},"end":{"line":105,"column":60}},"20":{"start":{"line":106,"column":4},"end":{"line":108,"column":5}},"21":{"start":{"line":107,"column":6},"end":{"line":107,"column":66}},"22":{"start":{"line":111,"column":4},"end":{"line":115,"column":5}},"23":{"start":{"line":112,"column":6},"end":{"line":114,"column":9}},"24":{"start":{"line":118,"column":17},"end":{"line":118,"column":49}},"25":{"start":{"line":121,"column":33},"end":{"line":121,"column":62}},"26":{"start":{"line":122,"column":4},"end":{"line":148,"column":5}},"27":{"start":{"line":123,"column":6},"end":{"line":147,"column":7}},"28":{"start":{"line":125,"column":10},"end":{"line":130,"column":12}},"29":{"start":{"line":132,"column":8},"end":{"line":132,"column":53}},"30":{"start":{"line":135,"column":8},"end":{"line":141,"column":10}},"31":{"start":{"line":143,"column":8},"end":{"line":143,"column":26}},"32":{"start":{"line":145,"column":8},"end":{"line":145,"column":78}},"33":{"start":{"line":152,"column":26},"end":{"line":152,"column":73}},"34":{"start":{"line":154,"column":4},"end":{"line":158,"column":5}},"35":{"start":{"line":155,"column":6},"end":{"line":157,"column":8}},"36":{"start":{"line":161,"column":27},"end":{"line":178,"column":6}},"37":{"start":{"line":181,"column":23},"end":{"line":181,"column":61}},"38":{"start":{"line":182,"column":4},"end":{"line":182,"column":51}},"39":{"start":{"line":185,"column":4},"end":{"line":226,"column":5}},"40":{"start":{"line":187,"column":6},"end":{"line":191,"column":7}},"41":{"start":{"line":189,"column":10},"end":{"line":189,"column":61}},"42":{"start":{"line":190,"column":8},"end":{"line":190,"column":74}},"43":{"start":{"line":194,"column":30},"end":{"line":199,"column":8}},"44":{"start":{"line":202,"column":6},"end":{"line":222,"column":7}},"45":{"start":{"line":203,"column":8},"end":{"line":203,"column":62}},"46":{"start":{"line":206,"column":8},"end":{"line":221,"column":9}},"47":{"start":{"line":210,"column":35},"end":{"line":218,"column":11}},"48":{"start":{"line":211,"column":26},"end":{"line":217,"column":13}},"49":{"start":{"line":220,"column":10},"end":{"line":220,"column":61}},"50":{"start":{"line":224,"column":6},"end":{"line":224,"column":72}},"51":{"start":{"line":228,"column":24},"end":{"line":228,"column":51}},"52":{"start":{"line":230,"column":4},"end":{"line":230,"column":26}},"53":{"start":{"line":232,"column":4},"end":{"line":232,"column":31}},"54":{"start":{"line":233,"column":4},"end":{"line":235,"column":5}},"55":{"start":{"line":234,"column":6},"end":{"line":234,"column":66}},"56":{"start":{"line":236,"column":4},"end":{"line":236,"column":41}},"57":{"start":{"line":241,"column":32},"end":{"line":254,"column":1}},"58":{"start":{"line":242,"column":30},"end":{"line":251,"column":3}},"59":{"start":{"line":253,"column":2},"end":{"line":253,"column":46}},"60":{"start":{"line":257,"column":27},"end":{"line":265,"column":1}},"61":{"start":{"line":258,"column":2},"end":{"line":258,"column":37}},"62":{"start":{"line":258,"column":24},"end":{"line":258,"column":37}},"63":{"start":{"line":260,"column":21},"end":{"line":262,"column":3}},"64":{"start":{"line":261,"column":16},"end":{"line":261,"column":61}},"65":{"start":{"line":264,"column":2},"end":{"line":264,"column":70}},"66":{"start":{"line":268,"column":28},"end":{"line":274,"column":1}},"67":{"start":{"line":269,"column":2},"end":{"line":269,"column":34}},"68":{"start":{"line":269,"column":24},"end":{"line":269,"column":34}},"69":{"start":{"line":271,"column":22},"end":{"line":271,"column":77}},"70":{"start":{"line":271,"column":55},"end":{"line":271,"column":76}},"71":{"start":{"line":273,"column":2},"end":{"line":273,"column":70}},"72":{"start":{"line":279,"column":0},"end":{"line":291,"column":2}},"73":{"start":{"line":280,"column":2},"end":{"line":290,"column":3}},"74":{"start":{"line":281,"column":24},"end":{"line":284,"column":30}},"75":{"start":{"line":286,"column":4},"end":{"line":286,"column":26}},"76":{"start":{"line":288,"column":4},"end":{"line":288,"column":31}},"77":{"start":{"line":289,"column":4},"end":{"line":289,"column":41}},"78":{"start":{"line":296,"column":0},"end":{"line":307,"column":2}},"79":{"start":{"line":297,"column":2},"end":{"line":306,"column":3}},"80":{"start":{"line":298,"column":24},"end":{"line":300,"column":30}},"81":{"start":{"line":302,"column":4},"end":{"line":302,"column":26}},"82":{"start":{"line":304,"column":4},"end":{"line":304,"column":31}},"83":{"start":{"line":305,"column":4},"end":{"line":305,"column":41}},"84":{"start":{"line":312,"column":0},"end":{"line":328,"column":2}},"85":{"start":{"line":313,"column":2},"end":{"line":327,"column":3}},"86":{"start":{"line":314,"column":24},"end":{"line":318,"column":30}},"87":{"start":{"line":320,"column":4},"end":{"line":320,"column":26}},"88":{"start":{"line":322,"column":4},"end":{"line":322,"column":31}},"89":{"start":{"line":323,"column":4},"end":{"line":325,"column":5}},"90":{"start":{"line":324,"column":6},"end":{"line":324,"column":66}},"91":{"start":{"line":326,"column":4},"end":{"line":326,"column":41}},"92":{"start":{"line":333,"column":0},"end":{"line":351,"column":2}},"93":{"start":{"line":334,"column":2},"end":{"line":350,"column":3}},"94":{"start":{"line":335,"column":24},"end":{"line":337,"column":58}},"95":{"start":{"line":339,"column":4},"end":{"line":341,"column":5}},"96":{"start":{"line":340,"column":6},"end":{"line":340,"column":68}},"97":{"start":{"line":343,"column":4},"end":{"line":343,"column":26}},"98":{"start":{"line":345,"column":4},"end":{"line":345,"column":31}},"99":{"start":{"line":346,"column":4},"end":{"line":348,"column":5}},"100":{"start":{"line":347,"column":6},"end":{"line":347,"column":68}},"101":{"start":{"line":349,"column":4},"end":{"line":349,"column":41}},"102":{"start":{"line":356,"column":0},"end":{"line":422,"column":2}},"103":{"start":{"line":357,"column":2},"end":{"line":421,"column":3}},"104":{"start":{"line":358,"column":24},"end":{"line":358,"column":65}},"105":{"start":{"line":360,"column":4},"end":{"line":362,"column":5}},"106":{"start":{"line":361,"column":6},"end":{"line":361,"column":68}},"107":{"start":{"line":365,"column":4},"end":{"line":369,"column":5}},"108":{"start":{"line":366,"column":6},"end":{"line":368,"column":68}},"109":{"start":{"line":385,"column":8},"end":{"line":385,"column":16}},"110":{"start":{"line":388,"column":30},"end":{"line":388,"column":32}},"111":{"start":{"line":389,"column":4},"end":{"line":389,"column":44}},"112":{"start":{"line":389,"column":14},"end":{"line":389,"column":44}},"113":{"start":{"line":390,"column":4},"end":{"line":390,"column":65}},"114":{"start":{"line":390,"column":21},"end":{"line":390,"column":65}},"115":{"start":{"line":391,"column":4},"end":{"line":391,"column":47}},"116":{"start":{"line":391,"column":15},"end":{"line":391,"column":47}},"117":{"start":{"line":392,"column":4},"end":{"line":392,"column":56}},"118":{"start":{"line":392,"column":18},"end":{"line":392,"column":56}},"119":{"start":{"line":393,"column":4},"end":{"line":393,"column":56}},"120":{"start":{"line":393,"column":18},"end":{"line":393,"column":56}},"121":{"start":{"line":394,"column":4},"end":{"line":394,"column":74}},"122":{"start":{"line":394,"column":24},"end":{"line":394,"column":74}},"123":{"start":{"line":395,"column":4},"end":{"line":395,"column":77}},"124":{"start":{"line":395,"column":25},"end":{"line":395,"column":77}},"125":{"start":{"line":396,"column":4},"end":{"line":396,"column":61}},"126":{"start":{"line":396,"column":29},"end":{"line":396,"column":61}},"127":{"start":{"line":397,"column":4},"end":{"line":397,"column":74}},"128":{"start":{"line":397,"column":24},"end":{"line":397,"column":74}},"129":{"start":{"line":398,"column":4},"end":{"line":398,"column":74}},"130":{"start":{"line":398,"column":24},"end":{"line":398,"column":74}},"131":{"start":{"line":399,"column":4},"end":{"line":400,"column":70}},"132":{"start":{"line":400,"column":6},"end":{"line":400,"column":70}},"133":{"start":{"line":401,"column":4},"end":{"line":402,"column":64}},"134":{"start":{"line":402,"column":6},"end":{"line":402,"column":64}},"135":{"start":{"line":403,"column":4},"end":{"line":403,"column":76}},"136":{"start":{"line":403,"column":34},"end":{"line":403,"column":76}},"137":{"start":{"line":406,"column":31},"end":{"line":412,"column":58}},"138":{"start":{"line":414,"column":4},"end":{"line":414,"column":33}},"139":{"start":{"line":416,"column":4},"end":{"line":416,"column":31}},"140":{"start":{"line":417,"column":4},"end":{"line":419,"column":5}},"141":{"start":{"line":418,"column":6},"end":{"line":418,"column":68}},"142":{"start":{"line":420,"column":4},"end":{"line":420,"column":41}},"143":{"start":{"line":427,"column":0},"end":{"line":452,"column":2}},"144":{"start":{"line":428,"column":2},"end":{"line":451,"column":3}},"145":{"start":{"line":429,"column":24},"end":{"line":429,"column":65}},"146":{"start":{"line":431,"column":4},"end":{"line":433,"column":5}},"147":{"start":{"line":432,"column":6},"end":{"line":432,"column":68}},"148":{"start":{"line":436,"column":4},"end":{"line":440,"column":5}},"149":{"start":{"line":437,"column":6},"end":{"line":439,"column":68}},"150":{"start":{"line":442,"column":4},"end":{"line":442,"column":31}},"151":{"start":{"line":444,"column":4},"end":{"line":444,"column":45}},"152":{"start":{"line":446,"column":4},"end":{"line":446,"column":31}},"153":{"start":{"line":447,"column":4},"end":{"line":449,"column":5}},"154":{"start":{"line":448,"column":6},"end":{"line":448,"column":68}},"155":{"start":{"line":450,"column":4},"end":{"line":450,"column":41}},"156":{"start":{"line":457,"column":0},"end":{"line":603,"column":2}},"157":{"start":{"line":458,"column":2},"end":{"line":602,"column":3}},"158":{"start":{"line":459,"column":39},"end":{"line":459,"column":47}},"159":{"start":{"line":461,"column":4},"end":{"line":463,"column":5}},"160":{"start":{"line":462,"column":6},"end":{"line":462,"column":65}},"161":{"start":{"line":465,"column":4},"end":{"line":467,"column":5}},"162":{"start":{"line":466,"column":6},"end":{"line":466,"column":75}},"163":{"start":{"line":470,"column":23},"end":{"line":470,"column":25}},"164":{"start":{"line":471,"column":19},"end":{"line":471,"column":20}},"165":{"start":{"line":472,"column":27},"end":{"line":472,"column":29}},"166":{"start":{"line":474,"column":4},"end":{"line":548,"column":5}},"167":{"start":{"line":475,"column":26},"end":{"line":475,"column":72}},"168":{"start":{"line":477,"column":6},"end":{"line":481,"column":7}},"169":{"start":{"line":478,"column":8},"end":{"line":480,"column":11}},"170":{"start":{"line":484,"column":22},"end":{"line":484,"column":26}},"171":{"start":{"line":486,"column":6},"end":{"line":502,"column":7}},"172":{"start":{"line":488,"column":8},"end":{"line":501,"column":9}},"173":{"start":{"line":492,"column":26},"end":{"line":496,"column":11}},"174":{"start":{"line":494,"column":14},"end":{"line":495,"column":53}},"175":{"start":{"line":498,"column":10},"end":{"line":500,"column":11}},"176":{"start":{"line":499,"column":12},"end":{"line":499,"column":42}},"177":{"start":{"line":505,"column":6},"end":{"line":511,"column":7}},"178":{"start":{"line":510,"column":8},"end":{"line":510,"column":62}},"179":{"start":{"line":514,"column":24},"end":{"line":514,"column":64}},"180":{"start":{"line":515,"column":29},"end":{"line":515,"column":78}},"181":{"start":{"line":517,"column":8},"end":{"line":517,"column":77}},"182":{"start":{"line":518,"column":29},"end":{"line":518,"column":69}},"183":{"start":{"line":521,"column":6},"end":{"line":530,"column":7}},"184":{"start":{"line":522,"column":26},"end":{"line":522,"column":56}},"185":{"start":{"line":523,"column":8},"end":{"line":528,"column":9}},"186":{"start":{"line":524,"column":10},"end":{"line":527,"column":12}},"187":{"start":{"line":529,"column":8},"end":{"line":529,"column":59}},"188":{"start":{"line":533,"column":6},"end":{"line":533,"column":28}},"189":{"start":{"line":536,"column":6},"end":{"line":547,"column":9}},"190":{"start":{"line":551,"column":26},"end":{"line":557,"column":6}},"191":{"start":{"line":553,"column":39},"end":{"line":556,"column":7}},"192":{"start":{"line":561,"column":6},"end":{"line":561,"column":78}},"193":{"start":{"line":564,"column":24},"end":{"line":564,"column":47}},"194":{"start":{"line":569,"column":26},"end":{"line":578,"column":5}},"195":{"start":{"line":581,"column":4},"end":{"line":598,"column":7}},"196":{"start":{"line":586,"column":39},"end":{"line":595,"column":7}},"197":{"start":{"line":600,"column":4},"end":{"line":600,"column":31}},"198":{"start":{"line":601,"column":4},"end":{"line":601,"column":41}},"199":{"start":{"line":608,"column":0},"end":{"line":662,"column":2}},"200":{"start":{"line":609,"column":2},"end":{"line":661,"column":3}},"201":{"start":{"line":610,"column":17},"end":{"line":610,"column":49}},"202":{"start":{"line":612,"column":4},"end":{"line":614,"column":5}},"203":{"start":{"line":613,"column":6},"end":{"line":613,"column":61}},"204":{"start":{"line":617,"column":33},"end":{"line":617,"column":62}},"205":{"start":{"line":618,"column":4},"end":{"line":646,"column":5}},"206":{"start":{"line":619,"column":6},"end":{"line":645,"column":7}},"207":{"start":{"line":621,"column":10},"end":{"line":626,"column":12}},"208":{"start":{"line":628,"column":8},"end":{"line":628,"column":53}},"209":{"start":{"line":631,"column":8},"end":{"line":637,"column":10}},"210":{"start":{"line":639,"column":8},"end":{"line":639,"column":26}},"211":{"start":{"line":641,"column":8},"end":{"line":641,"column":78}},"212":{"start":{"line":642,"column":8},"end":{"line":644,"column":68}},"213":{"start":{"line":649,"column":24},"end":{"line":653,"column":5}},"214":{"start":{"line":655,"column":4},"end":{"line":657,"column":7}},"215":{"start":{"line":659,"column":4},"end":{"line":659,"column":31}},"216":{"start":{"line":660,"column":4},"end":{"line":660,"column":41}},"217":{"start":{"line":667,"column":0},"end":{"line":669,"column":2}},"218":{"start":{"line":668,"column":2},"end":{"line":668,"column":38}},"219":{"start":{"line":674,"column":0},"end":{"line":677,"column":2}},"220":{"start":{"line":676,"column":2},"end":{"line":676,"column":38}},"221":{"start":{"line":682,"column":0},"end":{"line":722,"column":2}},"222":{"start":{"line":683,"column":2},"end":{"line":721,"column":3}},"223":{"start":{"line":684,"column":34},"end":{"line":684,"column":42}},"224":{"start":{"line":686,"column":4},"end":{"line":688,"column":5}},"225":{"start":{"line":687,"column":6},"end":{"line":687,"column":68}},"226":{"start":{"line":690,"column":4},"end":{"line":694,"column":5}},"227":{"start":{"line":691,"column":6},"end":{"line":693,"column":65}},"228":{"start":{"line":698,"column":56},"end":{"line":698,"column":63}},"229":{"start":{"line":700,"column":25},"end":{"line":704,"column":6}},"230":{"start":{"line":708,"column":20},"end":{"line":715,"column":5}},"231":{"start":{"line":717,"column":4},"end":{"line":717,"column":26}},"232":{"start":{"line":719,"column":4},"end":{"line":719,"column":60}},"233":{"start":{"line":720,"column":4},"end":{"line":720,"column":41}},"234":{"start":{"line":727,"column":0},"end":{"line":774,"column":2}},"235":{"start":{"line":728,"column":2},"end":{"line":773,"column":3}},"236":{"start":{"line":729,"column":17},"end":{"line":729,"column":49}},"237":{"start":{"line":731,"column":4},"end":{"line":733,"column":5}},"238":{"start":{"line":732,"column":6},"end":{"line":732,"column":61}},"239":{"start":{"line":735,"column":35},"end":{"line":735,"column":64}},"240":{"start":{"line":737,"column":4},"end":{"line":743,"column":5}},"241":{"start":{"line":738,"column":6},"end":{"line":742,"column":9}},"242":{"start":{"line":746,"column":27},"end":{"line":748,"column":5}},"243":{"start":{"line":751,"column":4},"end":{"line":751,"column":70}},"244":{"start":{"line":752,"column":4},"end":{"line":752,"column":71}},"245":{"start":{"line":754,"column":4},"end":{"line":759,"column":5}},"246":{"start":{"line":758,"column":6},"end":{"line":758,"column":58}},"247":{"start":{"line":761,"column":4},"end":{"line":761,"column":22}},"248":{"start":{"line":763,"column":4},"end":{"line":769,"column":7}},"249":{"start":{"line":771,"column":4},"end":{"line":771,"column":31}},"250":{"start":{"line":772,"column":4},"end":{"line":772,"column":41}}},"fnMap":{"0":{"name":"(anonymous_0)","decl":{"start":{"line":64,"column":28},"end":{"line":64,"column":29}},"loc":{"start":{"line":64,"column":41},"end":{"line":66,"column":5}},"line":64},"1":{"name":"(anonymous_1)","decl":{"start":{"line":67,"column":23},"end":{"line":67,"column":24}},"loc":{"start":{"line":67,"column":36},"end":{"line":69,"column":5}},"line":67},"2":{"name":"(anonymous_2)","decl":{"start":{"line":70,"column":32},"end":{"line":70,"column":33}},"loc":{"start":{"line":70,"column":45},"end":{"line":73,"column":5}},"line":70},"3":{"name":"(anonymous_3)","decl":{"start":{"line":80,"column":28},"end":{"line":80,"column":29}},"loc":{"start":{"line":80,"column":48},"end":{"line":238,"column":1}},"line":80},"4":{"name":"(anonymous_4)","decl":{"start":{"line":211,"column":12},"end":{"line":211,"column":13}},"loc":{"start":{"line":211,"column":26},"end":{"line":217,"column":13}},"line":211},"5":{"name":"(anonymous_5)","decl":{"start":{"line":241,"column":32},"end":{"line":241,"column":33}},"loc":{"start":{"line":241,"column":46},"end":{"line":254,"column":1}},"line":241},"6":{"name":"(anonymous_6)","decl":{"start":{"line":257,"column":27},"end":{"line":257,"column":28}},"loc":{"start":{"line":257,"column":40},"end":{"line":265,"column":1}},"line":257},"7":{"name":"(anonymous_7)","decl":{"start":{"line":261,"column":4},"end":{"line":261,"column":5}},"loc":{"start":{"line":261,"column":16},"end":{"line":261,"column":61}},"line":261},"8":{"name":"(anonymous_8)","decl":{"start":{"line":268,"column":28},"end":{"line":268,"column":29}},"loc":{"start":{"line":268,"column":41},"end":{"line":274,"column":1}},"line":268},"9":{"name":"(anonymous_9)","decl":{"start":{"line":271,"column":43},"end":{"line":271,"column":44}},"loc":{"start":{"line":271,"column":55},"end":{"line":271,"column":76}},"line":271},"10":{"name":"(anonymous_10)","decl":{"start":{"line":279,"column":25},"end":{"line":279,"column":26}},"loc":{"start":{"line":279,"column":45},"end":{"line":291,"column":1}},"line":279},"11":{"name":"(anonymous_11)","decl":{"start":{"line":296,"column":32},"end":{"line":296,"column":33}},"loc":{"start":{"line":296,"column":52},"end":{"line":307,"column":1}},"line":296},"12":{"name":"(anonymous_12)","decl":{"start":{"line":312,"column":34},"end":{"line":312,"column":35}},"loc":{"start":{"line":312,"column":54},"end":{"line":328,"column":1}},"line":312},"13":{"name":"(anonymous_13)","decl":{"start":{"line":333,"column":29},"end":{"line":333,"column":30}},"loc":{"start":{"line":333,"column":49},"end":{"line":351,"column":1}},"line":333},"14":{"name":"(anonymous_14)","decl":{"start":{"line":356,"column":28},"end":{"line":356,"column":29}},"loc":{"start":{"line":356,"column":48},"end":{"line":422,"column":1}},"line":356},"15":{"name":"(anonymous_15)","decl":{"start":{"line":427,"column":28},"end":{"line":427,"column":29}},"loc":{"start":{"line":427,"column":48},"end":{"line":452,"column":1}},"line":427},"16":{"name":"(anonymous_16)","decl":{"start":{"line":457,"column":25},"end":{"line":457,"column":26}},"loc":{"start":{"line":457,"column":45},"end":{"line":603,"column":1}},"line":457},"17":{"name":"(anonymous_17)","decl":{"start":{"line":493,"column":12},"end":{"line":493,"column":13}},"loc":{"start":{"line":494,"column":14},"end":{"line":495,"column":53}},"line":494},"18":{"name":"(anonymous_18)","decl":{"start":{"line":553,"column":28},"end":{"line":553,"column":29}},"loc":{"start":{"line":553,"column":39},"end":{"line":556,"column":7}},"line":553},"19":{"name":"(anonymous_19)","decl":{"start":{"line":586,"column":28},"end":{"line":586,"column":29}},"loc":{"start":{"line":586,"column":39},"end":{"line":595,"column":7}},"line":586},"20":{"name":"(anonymous_20)","decl":{"start":{"line":608,"column":37},"end":{"line":608,"column":38}},"loc":{"start":{"line":608,"column":57},"end":{"line":662,"column":1}},"line":608},"21":{"name":"(anonymous_21)","decl":{"start":{"line":667,"column":37},"end":{"line":667,"column":38}},"loc":{"start":{"line":667,"column":57},"end":{"line":669,"column":1}},"line":667},"22":{"name":"(anonymous_22)","decl":{"start":{"line":674,"column":36},"end":{"line":674,"column":37}},"loc":{"start":{"line":674,"column":56},"end":{"line":677,"column":1}},"line":674},"23":{"name":"(anonymous_23)","decl":{"start":{"line":682,"column":26},"end":{"line":682,"column":27}},"loc":{"start":{"line":682,"column":46},"end":{"line":722,"column":1}},"line":682},"24":{"name":"(anonymous_24)","decl":{"start":{"line":727,"column":35},"end":{"line":727,"column":36}},"loc":{"start":{"line":727,"column":55},"end":{"line":774,"column":1}},"line":727}},"branchMap":{"0":{"loc":{"start":{"line":82,"column":2},"end":{"line":84,"column":3}},"type":"if","locations":[{"start":{"line":82,"column":2},"end":{"line":84,"column":3}},{"start":{},"end":{}}],"line":82},"1":{"loc":{"start":{"line":99,"column":4},"end":{"line":99,"column":30}},"type":"default-arg","locations":[{"start":{"line":99,"column":28},"end":{"line":99,"column":30}}],"line":99},"2":{"loc":{"start":{"line":100,"column":4},"end":{"line":100,"column":27}},"type":"default-arg","locations":[{"start":{"line":100,"column":25},"end":{"line":100,"column":27}}],"line":100},"3":{"loc":{"start":{"line":106,"column":4},"end":{"line":108,"column":5}},"type":"if","locations":[{"start":{"line":106,"column":4},"end":{"line":108,"column":5}},{"start":{},"end":{}}],"line":106},"4":{"loc":{"start":{"line":111,"column":4},"end":{"line":115,"column":5}},"type":"if","locations":[{"start":{"line":111,"column":4},"end":{"line":115,"column":5}},{"start":{},"end":{}}],"line":111},"5":{"loc":{"start":{"line":122,"column":4},"end":{"line":148,"column":5}},"type":"if","locations":[{"start":{"line":122,"column":4},"end":{"line":148,"column":5}},{"start":{},"end":{}}],"line":122},"6":{"loc":{"start":{"line":154,"column":4},"end":{"line":158,"column":5}},"type":"if","locations":[{"start":{"line":154,"column":4},"end":{"line":158,"column":5}},{"start":{},"end":{}}],"line":154},"7":{"loc":{"start":{"line":170,"column":22},"end":{"line":170,"column":47}},"type":"binary-expr","locations":[{"start":{"line":170,"column":22},"end":{"line":170,"column":36}},{"start":{"line":170,"column":40},"end":{"line":170,"column":47}}],"line":170},"8":{"loc":{"start":{"line":171,"column":23},"end":{"line":171,"column":44}},"type":"binary-expr","locations":[{"start":{"line":171,"column":23},"end":{"line":171,"column":38}},{"start":{"line":171,"column":42},"end":{"line":171,"column":44}}],"line":171},"9":{"loc":{"start":{"line":172,"column":13},"end":{"line":172,"column":25}},"type":"binary-expr","locations":[{"start":{"line":172,"column":13},"end":{"line":172,"column":18}},{"start":{"line":172,"column":22},"end":{"line":172,"column":25}}],"line":172},"10":{"loc":{"start":{"line":173,"column":22},"end":{"line":173,"column":41}},"type":"binary-expr","locations":[{"start":{"line":173,"column":22},"end":{"line":173,"column":36}},{"start":{"line":173,"column":40},"end":{"line":173,"column":41}}],"line":173},"11":{"loc":{"start":{"line":174,"column":22},"end":{"line":174,"column":41}},"type":"binary-expr","locations":[{"start":{"line":174,"column":22},"end":{"line":174,"column":36}},{"start":{"line":174,"column":40},"end":{"line":174,"column":41}}],"line":174},"12":{"loc":{"start":{"line":187,"column":6},"end":{"line":191,"column":7}},"type":"if","locations":[{"start":{"line":187,"column":6},"end":{"line":191,"column":7}},{"start":{},"end":{}}],"line":187},"13":{"loc":{"start":{"line":202,"column":6},"end":{"line":222,"column":7}},"type":"if","locations":[{"start":{"line":202,"column":6},"end":{"line":222,"column":7}},{"start":{},"end":{}}],"line":202},"14":{"loc":{"start":{"line":202,"column":10},"end":{"line":202,"column":47}},"type":"binary-expr","locations":[{"start":{"line":202,"column":10},"end":{"line":202,"column":25}},{"start":{"line":202,"column":29},"end":{"line":202,"column":47}}],"line":202},"15":{"loc":{"start":{"line":206,"column":8},"end":{"line":221,"column":9}},"type":"if","locations":[{"start":{"line":206,"column":8},"end":{"line":221,"column":9}},{"start":{},"end":{}}],"line":206},"16":{"loc":{"start":{"line":207,"column":10},"end":{"line":208,"column":50}},"type":"binary-expr","locations":[{"start":{"line":207,"column":10},"end":{"line":207,"column":39}},{"start":{"line":208,"column":10},"end":{"line":208,"column":50}}],"line":207},"17":{"loc":{"start":{"line":214,"column":27},"end":{"line":214,"column":56}},"type":"binary-expr","locations":[{"start":{"line":214,"column":27},"end":{"line":214,"column":47}},{"start":{"line":214,"column":51},"end":{"line":214,"column":56}}],"line":214},"18":{"loc":{"start":{"line":233,"column":4},"end":{"line":235,"column":5}},"type":"if","locations":[{"start":{"line":233,"column":4},"end":{"line":235,"column":5}},{"start":{},"end":{}}],"line":233},"19":{"loc":{"start":{"line":253,"column":9},"end":{"line":253,"column":45}},"type":"binary-expr","locations":[{"start":{"line":253,"column":9},"end":{"line":253,"column":38}},{"start":{"line":253,"column":42},"end":{"line":253,"column":45}}],"line":253},"20":{"loc":{"start":{"line":258,"column":2},"end":{"line":258,"column":37}},"type":"if","locations":[{"start":{"line":258,"column":2},"end":{"line":258,"column":37}},{"start":{},"end":{}}],"line":258},"21":{"loc":{"start":{"line":261,"column":16},"end":{"line":261,"column":61}},"type":"binary-expr","locations":[{"start":{"line":261,"column":16},"end":{"line":261,"column":36}},{"start":{"line":261,"column":40},"end":{"line":261,"column":61}}],"line":261},"22":{"loc":{"start":{"line":264,"column":9},"end":{"line":264,"column":69}},"type":"cond-expr","locations":[{"start":{"line":264,"column":42},"end":{"line":264,"column":61}},{"start":{"line":264,"column":64},"end":{"line":264,"column":69}}],"line":264},"23":{"loc":{"start":{"line":264,"column":9},"end":{"line":264,"column":39}},"type":"binary-expr","locations":[{"start":{"line":264,"column":9},"end":{"line":264,"column":19}},{"start":{"line":264,"column":23},"end":{"line":264,"column":39}}],"line":264},"24":{"loc":{"start":{"line":269,"column":2},"end":{"line":269,"column":34}},"type":"if","locations":[{"start":{"line":269,"column":2},"end":{"line":269,"column":34}},{"start":{},"end":{}}],"line":269},"25":{"loc":{"start":{"line":273,"column":9},"end":{"line":273,"column":69}},"type":"cond-expr","locations":[{"start":{"line":273,"column":44},"end":{"line":273,"column":64}},{"start":{"line":273,"column":67},"end":{"line":273,"column":69}}],"line":273},"26":{"loc":{"start":{"line":273,"column":9},"end":{"line":273,"column":41}},"type":"binary-expr","locations":[{"start":{"line":273,"column":9},"end":{"line":273,"column":20}},{"start":{"line":273,"column":24},"end":{"line":273,"column":41}}],"line":273},"27":{"loc":{"start":{"line":323,"column":4},"end":{"line":325,"column":5}},"type":"if","locations":[{"start":{"line":323,"column":4},"end":{"line":325,"column":5}},{"start":{},"end":{}}],"line":323},"28":{"loc":{"start":{"line":339,"column":4},"end":{"line":341,"column":5}},"type":"if","locations":[{"start":{"line":339,"column":4},"end":{"line":341,"column":5}},{"start":{},"end":{}}],"line":339},"29":{"loc":{"start":{"line":346,"column":4},"end":{"line":348,"column":5}},"type":"if","locations":[{"start":{"line":346,"column":4},"end":{"line":348,"column":5}},{"start":{},"end":{}}],"line":346},"30":{"loc":{"start":{"line":360,"column":4},"end":{"line":362,"column":5}},"type":"if","locations":[{"start":{"line":360,"column":4},"end":{"line":362,"column":5}},{"start":{},"end":{}}],"line":360},"31":{"loc":{"start":{"line":365,"column":4},"end":{"line":369,"column":5}},"type":"if","locations":[{"start":{"line":365,"column":4},"end":{"line":369,"column":5}},{"start":{},"end":{}}],"line":365},"32":{"loc":{"start":{"line":389,"column":4},"end":{"line":389,"column":44}},"type":"if","locations":[{"start":{"line":389,"column":4},"end":{"line":389,"column":44}},{"start":{},"end":{}}],"line":389},"33":{"loc":{"start":{"line":390,"column":4},"end":{"line":390,"column":65}},"type":"if","locations":[{"start":{"line":390,"column":4},"end":{"line":390,"column":65}},{"start":{},"end":{}}],"line":390},"34":{"loc":{"start":{"line":391,"column":4},"end":{"line":391,"column":47}},"type":"if","locations":[{"start":{"line":391,"column":4},"end":{"line":391,"column":47}},{"start":{},"end":{}}],"line":391},"35":{"loc":{"start":{"line":392,"column":4},"end":{"line":392,"column":56}},"type":"if","locations":[{"start":{"line":392,"column":4},"end":{"line":392,"column":56}},{"start":{},"end":{}}],"line":392},"36":{"loc":{"start":{"line":393,"column":4},"end":{"line":393,"column":56}},"type":"if","locations":[{"start":{"line":393,"column":4},"end":{"line":393,"column":56}},{"start":{},"end":{}}],"line":393},"37":{"loc":{"start":{"line":394,"column":4},"end":{"line":394,"column":74}},"type":"if","locations":[{"start":{"line":394,"column":4},"end":{"line":394,"column":74}},{"start":{},"end":{}}],"line":394},"38":{"loc":{"start":{"line":395,"column":4},"end":{"line":395,"column":77}},"type":"if","locations":[{"start":{"line":395,"column":4},"end":{"line":395,"column":77}},{"start":{},"end":{}}],"line":395},"39":{"loc":{"start":{"line":396,"column":4},"end":{"line":396,"column":61}},"type":"if","locations":[{"start":{"line":396,"column":4},"end":{"line":396,"column":61}},{"start":{},"end":{}}],"line":396},"40":{"loc":{"start":{"line":397,"column":4},"end":{"line":397,"column":74}},"type":"if","locations":[{"start":{"line":397,"column":4},"end":{"line":397,"column":74}},{"start":{},"end":{}}],"line":397},"41":{"loc":{"start":{"line":398,"column":4},"end":{"line":398,"column":74}},"type":"if","locations":[{"start":{"line":398,"column":4},"end":{"line":398,"column":74}},{"start":{},"end":{}}],"line":398},"42":{"loc":{"start":{"line":399,"column":4},"end":{"line":400,"column":70}},"type":"if","locations":[{"start":{"line":399,"column":4},"end":{"line":400,"column":70}},{"start":{},"end":{}}],"line":399},"43":{"loc":{"start":{"line":401,"column":4},"end":{"line":402,"column":64}},"type":"if","locations":[{"start":{"line":401,"column":4},"end":{"line":402,"column":64}},{"start":{},"end":{}}],"line":401},"44":{"loc":{"start":{"line":403,"column":4},"end":{"line":403,"column":76}},"type":"if","locations":[{"start":{"line":403,"column":4},"end":{"line":403,"column":76}},{"start":{},"end":{}}],"line":403},"45":{"loc":{"start":{"line":417,"column":4},"end":{"line":419,"column":5}},"type":"if","locations":[{"start":{"line":417,"column":4},"end":{"line":419,"column":5}},{"start":{},"end":{}}],"line":417},"46":{"loc":{"start":{"line":431,"column":4},"end":{"line":433,"column":5}},"type":"if","locations":[{"start":{"line":4
[...]
e":"(anonymous_5)","decl":{"start":{"line":184,"column":39},"end":{"line":184,"column":40}},"loc":{"start":{"line":188,"column":5},"end":{"line":238,"column":1}},"line":188},"6":{"name":"(anonymous_6)","decl":{"start":{"line":246,"column":35},"end":{"line":246,"column":36}},"loc":{"start":{"line":246,"column":79},"end":{"line":271,"column":1}},"line":246},"7":{"name":"(anonymous_7)","decl":{"start":{"line":279,"column":36},"end":{"line":279,"column":37}},"loc":{"start":{"line":279,"column":73},"end":{"line":305,"column":1}},"line":279},"8":{"name":"(anonymous_8)","decl":{"start":{"line":312,"column":35},"end":{"line":312,"column":36}},"loc":{"start":{"line":312,"column":65},"end":{"line":331,"column":1}},"line":312},"9":{"name":"(anonymous_9)","decl":{"start":{"line":339,"column":37},"end":{"line":339,"column":38}},"loc":{"start":{"line":342,"column":5},"end":{"line":366,"column":1}},"line":342},"10":{"name":"(anonymous_10)","decl":{"start":{"line":373,"column":23},"end":{"line":373,"column":24}},"loc":{"start":{"line":373,"column":47},"end":{"line":394,"column":1}},"line":373},"11":{"name":"(anonymous_11)","decl":{"start":{"line":401,"column":28},"end":{"line":401,"column":29}},"loc":{"start":{"line":401,"column":57},"end":{"line":421,"column":1}},"line":401},"12":{"name":"(anonymous_12)","decl":{"start":{"line":429,"column":38},"end":{"line":429,"column":39}},"loc":{"start":{"line":429,"column":77},"end":{"line":448,"column":1}},"line":429},"13":{"name":"(anonymous_13)","decl":{"start":{"line":457,"column":30},"end":{"line":457,"column":31}},"loc":{"start":{"line":457,"column":67},"end":{"line":473,"column":1}},"line":457},"14":{"name":"(anonymous_14)","decl":{"start":{"line":482,"column":35},"end":{"line":482,"column":36}},"loc":{"start":{"line":482,"column":49},"end":{"line":516,"column":1}},"line":482},"15":{"name":"(anonymous_15)","decl":{"start":{"line":525,"column":30},"end":{"line":525,"column":31}},"loc":{"start":{"line":525,"column":68},"end":{"line":532,"column":1}},"line":525},"16":{"name":"(anonymous_16)","decl":{"start":{"line":539,"column":30},"end":{"line":539,"column":31}},"loc":{"start":{"line":539,"column":45},"end":{"line":571,"column":1}},"line":539},"17":{"name":"(anonymous_17)","decl":{"start":{"line":579,"column":35},"end":{"line":579,"column":36}},"loc":{"start":{"line":579,"column":62},"end":{"line":614,"column":1}},"line":579},"18":{"name":"(anonymous_18)","decl":{"start":{"line":623,"column":39},"end":{"line":623,"column":40}},"loc":{"start":{"line":627,"column":5},"end":{"line":658,"column":1}},"line":627},"19":{"name":"(anonymous_19)","decl":{"start":{"line":667,"column":43},"end":{"line":667,"column":44}},"loc":{"start":{"line":671,"column":5},"end":{"line":702,"column":1}},"line":671},"20":{"name":"(anonymous_20)","decl":{"start":{"line":710,"column":39},"end":{"line":710,"column":40}},"loc":{"start":{"line":710,"column":77},"end":{"line":728,"column":1}},"line":710},"21":{"name":"(anonymous_21)","decl":{"start":{"line":736,"column":40},"end":{"line":736,"column":41}},"loc":{"start":{"line":736,"column":71},"end":{"line":753,"column":1}},"line":736},"22":{"name":"(anonymous_22)","decl":{"start":{"line":760,"column":39},"end":{"line":760,"column":40}},"loc":{"start":{"line":760,"column":63},"end":{"line":782,"column":1}},"line":760},"23":{"name":"(anonymous_23)","decl":{"start":{"line":790,"column":41},"end":{"line":790,"column":42}},"loc":{"start":{"line":790,"column":79},"end":{"line":815,"column":1}},"line":790},"24":{"name":"(anonymous_24)","decl":{"start":{"line":822,"column":27},"end":{"line":822,"column":28}},"loc":{"start":{"line":822,"column":45},"end":{"line":837,"column":1}},"line":822},"25":{"name":"(anonymous_25)","decl":{"start":{"line":844,"column":32},"end":{"line":844,"column":33}},"loc":{"start":{"line":844,"column":55},"end":{"line":876,"column":1}},"line":844},"26":{"name":"(anonymous_26)","decl":{"start":{"line":884,"column":42},"end":{"line":884,"column":43}},"loc":{"start":{"line":884,"column":75},"end":{"line":913,"column":1}},"line":884},"27":{"name":"(anonymous_27)","decl":{"start":{"line":920,"column":34},"end":{"line":920,"column":35}},"loc":{"start":{"line":920,"column":44},"end":{"line":946,"column":1}},"line":920}},"branchMap":{"0":{"loc":{"start":{"line":2,"column":2},"end":{"line":2,"column":53}},"type":"binary-expr","locations":[{"start":{"line":2,"column":2},"end":{"line":2,"column":31}},{"start":{"line":2,"column":35},"end":{"line":2,"column":53}}],"line":2},"1":{"loc":{"start":{"line":15,"column":4},"end":{"line":17,"column":5}},"type":"if","locations":[{"start":{"line":15,"column":4},"end":{"line":17,"column":5}},{"start":{},"end":{}}],"line":15},"2":{"loc":{"start":{"line":21,"column":15},"end":{"line":21,"column":39}},"type":"binary-expr","locations":[{"start":{"line":21,"column":15},"end":{"line":21,"column":31}},{"start":{"line":21,"column":35},"end":{"line":21,"column":39}}],"line":21},"3":{"loc":{"start":{"line":29,"column":14},"end":{"line":29,"column":79}},"type":"binary-expr","locations":[{"start":{"line":29,"column":14},"end":{"line":29,"column":31}},{"start":{"line":29,"column":35},"end":{"line":29,"column":79}}],"line":29},"4":{"loc":{"start":{"line":31,"column":10},"end":{"line":32,"column":61}},"type":"binary-expr","locations":[{"start":{"line":31,"column":10},"end":{"line":31,"column":26}},{"start":{"line":32,"column":10},"end":{"line":32,"column":61}}],"line":31},"5":{"loc":{"start":{"line":56,"column":4},"end":{"line":58,"column":5}},"type":"if","locations":[{"start":{"line":56,"column":4},"end":{"line":58,"column":5}},{"start":{},"end":{}}],"line":56},"6":{"loc":{"start":{"line":82,"column":4},"end":{"line":84,"column":5}},"type":"if","locations":[{"start":{"line":82,"column":4},"end":{"line":84,"column":5}},{"start":{},"end":{}}],"line":82},"7":{"loc":{"start":{"line":103,"column":4},"end":{"line":105,"column":5}},"type":"if","locations":[{"start":{"line":103,"column":4},"end":{"line":105,"column":5}},{"start":{},"end":{}}],"line":103},"8":{"loc":{"start":{"line":126,"column":2},"end":{"line":126,"column":28}},"type":"default-arg","locations":[{"start":{"line":126,"column":26},"end":{"line":126,"column":28}}],"line":126},"9":{"loc":{"start":{"line":129,"column":4},"end":{"line":135,"column":5}},"type":"if","locations":[{"start":{"line":129,"column":4},"end":{"line":135,"column":5}},{"start":{},"end":{}}],"line":129},"10":{"loc":{"start":{"line":139,"column":6},"end":{"line":139,"column":22}},"type":"default-arg","locations":[{"start":{"line":139,"column":17},"end":{"line":139,"column":22}}],"line":139},"11":{"loc":{"start":{"line":187,"column":2},"end":{"line":187,"column":28}},"type":"default-arg","locations":[{"start":{"line":187,"column":26},"end":{"line":187,"column":28}}],"line":187},"12":{"loc":{"start":{"line":190,"column":4},"end":{"line":196,"column":5}},"type":"if","locations":[{"start":{"line":190,"column":4},"end":{"line":196,"column":5}},{"start":{},"end":{}}],"line":190},"13":{"loc":{"start":{"line":200,"column":6},"end":{"line":200,"column":22}},"type":"default-arg","locations":[{"start":{"line":200,"column":17},"end":{"line":200,"column":22}}],"line":200},"14":{"loc":{"start":{"line":248,"column":4},"end":{"line":250,"column":5}},"type":"if","locations":[{"start":{"line":248,"column":4},"end":{"line":250,"column":5}},{"start":{},"end":{}}],"line":248},"15":{"loc":{"start":{"line":252,"column":20},"end":{"line":252,"column":36}},"type":"default-arg","locations":[{"start":{"line":252,"column":31},"end":{"line":252,"column":36}}],"line":252},"16":{"loc":{"start":{"line":279,"column":53},"end":{"line":279,"column":68}},"type":"default-arg","locations":[{"start":{"line":279,"column":66},"end":{"line":279,"column":68}}],"line":279},"17":{"loc":{"start":{"line":281,"column":4},"end":{"line":283,"column":5}},"type":"if","locations":[{"start":{"line":281,"column":4},"end":{"line":283,"column":5}},{"start":{},"end":{}}],"line":281},"18":{"loc":{"start":{"line":314,"column":4},"end":{"line":316,"column":5}},"type":"if","locations":[{"start":{"line":314,"column":4},"end":{"line":316,"column":5}},{"start":{},"end":{}}],"line":314},"19":{"loc":{"start":{"line":341,"column":2},"end":{"line":341,"column":14}},"type":"default-arg","locations":[{"start":{"line":341,"column":12},"end":{"line":341,"column":14}}],"line":341},"20":{"loc":{"start":{"line":344,"column":4},"end":{"line":346,"column":5}},"type":"if","locations":[{"start":{"line":344,"column":4},"end":{"line":346,"column":5}},{"start":{},"end":{}}],"line":344},"21":{"loc":{"start":{"line":348,"column":12},"end":{"line":348,"column":22}},"type":"default-arg","locations":[{"start":{"line":348,"column":20},"end":{"line":348,"column":22}}],"line":348},"22":{"loc":{"start":{"line":375,"column":4},"end":{"line":377,"column":5}},"type":"if","locations":[{"start":{"line":375,"column":4},"end":{"line":377,"column":5}},{"start":{},"end":{}}],"line":375},"23":{"loc":{"start":{"line":403,"column":4},"end":{"line":405,"column":5}},"type":"if","locations":[{"start":{"line":403,"column":4},"end":{"line":405,"column":5}},{"start":{},"end":{}}],"line":403},"24":{"loc":{"start":{"line":407,"column":12},"end":{"line":407,"column":25}},"type":"default-arg","locations":[{"start":{"line":407,"column":19},"end":{"line":407,"column":25}}],"line":407},"25":{"loc":{"start":{"line":431,"column":4},"end":{"line":433,"column":5}},"type":"if","locations":[{"start":{"line":431,"column":4},"end":{"line":433,"column":5}},{"start":{},"end":{}}],"line":431},"26":{"loc":{"start":{"line":459,"column":4},"end":{"line":461,"column":5}},"type":"if","locations":[{"start":{"line":459,"column":4},"end":{"line":461,"column":5}},{"start":{},"end":{}}],"line":459},"27":{"loc":{"start":{"line":488,"column":12},"end":{"line":488,"column":77}},"type":"binary-expr","locations":[{"start":{"line":488,"column":12},"end":{"line":488,"column":29}},{"start":{"line":488,"column":33},"end":{"line":488,"column":77}}],"line":488},"28":{"loc":{"start":{"line":490,"column":8},"end":{"line":490,"column":79}},"type":"binary-expr","locations":[{"start":{"line":490,"column":8},"end":{"line":490,"column":24}},{"start":{"line":490,"column":28},"end":{"line":490,"column":79}}],"line":490},"29":{"loc":{"start":{"line":497,"column":13},"end":{"line":497,"column":37}},"type":"binary-expr","locations":[{"start":{"line":497,"column":13},"end":{"line":497,"column":29}},{"start":{"line":497,"column":33},"end":{"line":497,"column":37}}],"line":497},"30":{"loc":{"start":{"line":584,"column":12},"end":{"line":584,"column":63}},"type":"binary-expr","locations":[{"start":{"line":584,"column":12},"end":{"line":584,"column":45}},{"start":{"line":584,"column":49},"end":{"line":584,"column":63}}],"line":584},"31":{"loc":{"start":{"line":586,"column":8},"end":{"line":587,"column":49}},"type":"binary-expr","locations":[{"start":{"line":586,"column":8},"end":{"line":586,"column":40}},{"start":{"line":587,"column":8},"end":{"line":587,"column":49}}],"line":586},"32":{"loc":{"start":{"line":594,"column":13},"end":{"line":594,"column":39}},"type":"binary-expr","locations":[{"start":{"line":594,"column":13},"end":{"line":594,"column":31}},{"start":{"line":594,"column":35},"end":{"line":594,"column":39}}],"line":594},"33":{"loc":{"start":{"line":596,"column":22},"end":{"line":596,"column":58}},"type":"binary-expr","locations":[{"start":{"line":596,"column":22},"end":{"line":596,"column":49}},{"start":{"line":596,"column":53},"end":{"line":596,"column":58}}],"line":596},"34":{"loc":{"start":{"line":598,"column":11},"end":{"line":598,"column":49}},"type":"binary-expr","locations":[{"start":{"line":598,"column":11},"end":{"line":598,"column":27}},{"start":{"line":598,"column":31},"end":{"line":598,"column":49}}],"line":598},"35":{"loc":{"start":{"line":600,"column":10},"end":{"line":600,"column":35}},"type":"binary-expr","locations":[{"start":{"line":600,"column":10},"end":{"line":600,"column":29}},{"start":{"line":600,"column":33},"end":{"line":600,"column":35}}],"line":600},"36":{"loc":{"start":{"line":607,"column":22},"end":{"line":607,"column":77}},"type":"binary-expr","locations":[{"start":{"line":607,"column":22},"end":{"line":607,"column":72}},{"start":{"line":607,"column":76},"end":{"line":607,"column":77}}],"line":607},"37":{"loc":{"start":{"line":608,"column":20},"end":{"line":608,"column":79}},"type":"binary-expr","locations":[{"start":{"line":608,"column":20},"end":{"line":608,"column":68}},{"start":{"line":608,"column":72},"end":{"line":608,"column":79}}],"line":608},"38":{"loc":{"start":{"line":630,"column":4},"end":{"line":630,"column":20}},"type":"default-arg","locations":[{"start":{"line":630,"column":15},"end":{"line":630,"column":20}}],"line":630},"39":{"loc":{"start":{"line":646,"column":14},"end":{"line":646,"column":30}},"type":"binary-expr","locations":[{"start":{"line":646,"column":14},"end":{"line":646,"column":22}},{"start":{"line":646,"column":26},"end":{"line":646,"column":30}}],"line":646},"40":{"loc":{"start":{"line":649,"column":10},"end":{"line":649,"column":24}},"type":"binary-expr","locations":[{"start":{"line":649,"column":10},"end":{"line":649,"column":18}},{"start":{"line":649,"column":22},"end":{"line":649,"column":24}}],"line":649},"41":{"loc":{"start":{"line":674,"column":4},"end":{"line":674,"column":20}},"type":"default-arg","locations":[{"start":{"line":674,"column":15},"end":{"line":674,"column":20}}],"line":674},"42":{"loc":{"start":{"line":690,"column":14},"end":{"line":690,"column":30}},"type":"binary-expr","locations":[{"start":{"line":690,"column":14},"end":{"line":690,"column":22}},{"start":{"line":690,"column":26},"end":{"line":690,"column":30}}],"line":690},"43":{"loc":{"start":{"line":693,"column":10},"end":{"line":693,"column":24}},"type":"binary-expr","locations":[{"start":{"line":693,"column":10},"end":{"line":693,"column":18}},{"start":{"line":693,"column":22},"end":{"line":693,"column":24}}],"line":693},"44":{"loc":{"start":{"line":711,"column":18},"end":{"line":711,"column":34}},"type":"default-arg","locations":[{"start":{"line":711,"column":29},"end":{"line":711,"column":34}}],"line":711},"45":{"loc":{"start":{"line":722,"column":10},"end":{"line":722,"column":24}},"type":"binary-expr","locations":[{"start":{"line":722,"column":10},"end":{"line":722,"column":18}},{"start":{"line":722,"column":22},"end":{"line":722,"column":24}}],"line":722},"46":{"loc":{"start":{"line":736,"column":51},"end":{"line":736,"column":66}},"type":"default-arg","locations":[{"start":{"line":736,"column":64},"end":{"line":736,"column":66}}],"line":736},"47":{"loc":{"start":{"line":743,"column":12},"end":{"line":743,"column":26}},"type":"binary-expr","locations":[{"start":{"line":743,"column":12},"end":{"line":743,"column":18}},{"start":{"line":743,"column":22},"end":{"line":743,"column":26}}],"line":743},"48":{"loc":{"start":{"line":748,"column":10},"end":{"line":748,"column":24}},"type":"binary-expr","locations":[{"start":{"line":748,"column":10},"end":{"line":748,"column":18}},{"start":{"line":748,"column":22},"end":{"line":748,"column":24}}],"line":748},"49":{"loc":{"start":{"line":750,"column":12},"end":{"line":750,"column":26}},"type":"binary-expr","locations":[{"start":{"line":750,"column":12},"end":{"line":750,"column":18}},{"start":{"line":750,"column":22},"end":{"line":750,"column":26}}],"line":750},"50":{"loc":{"start":{"line":790,"column":62},"end":{"line":790,"column":74}},"type":"default-arg","locations":[{"start":{"line":790,"column":72},"end":{"line":790,"column":74}}],"line":790},"51":{"loc":{"start":{"line":791,"column":10},"end":{"line":791,"column":20}},"type":"default-arg","locations":[{"start":{"line":791,"column":18},"end":{"line":791,"column":20}}],"line":791},"52":{"loc":{"start":{"line":830,"column":11},"end":{"line":830,"column":38}},"type":"binary-expr","locations":[{"start":{"line":830,"column":11},"end":{"line":830,"column":16}},{"start":{"line":830,"column":20},"end":{"line":830,"column":38}}],"line":830},"53":{"loc":{"start":{"line":831,"column":10},"end":{"line":831,"column":33}},"type":"binary-expr","locations":[{"start":{"line":831,"column":10},"end":{"line":831,"column":14}},{"start":{"line":831,"column":18},"end":{"line":831,"column":33}}],"line":831},"54":{"loc":{"start":{"line":832,"column":11},"end":{"line":832,"column":24}},"type":"binary-expr","locations":[{"start":{"line":832,"column":11},"end":{"line":832,"column":16}},{"start":{"line":832,"column":20},"end":{"line":832,"column":24}}],"line":832},"55":{"loc":{"start":{"line":834,"column":10},"end":{"line":834,"column":24}},"type":"binary-expr","locations":[{"start":{"line":834,"column":10},"end":{"line":834,"column":18}},{"start":{"line":834,"column":22},"end":{"line":834,"column":24}}],"line":834},"56":{"loc":{"start":{"line":845,"column":10},"end":{"line":845,"column":23}},"type":"default-arg","locations":[{"start":{"line":845,"column":17},"end":{"line":845,"column":23}}],"line":845},"57":{"loc":{"start":{"line":861,"column":21},"end":{"line":873,"column":5}},"type":"binary-expr","locations":[{"start":{"line":861,"column":21},"end":{"line":861,"column":36}},{"start":{"line":861,"column":40},"end":{"line":873,"column":5}}],"line":861},"58":{"loc":{"start":{"line":922,"column":23},"end":{"line":922,"column":73}},"type":"cond-expr","locations":[{"start":{"line":922,"column":50},"end":{"line":922,"column":66}},{"start":{"line":922,"column":69},"end":{"line":922,"column":73}}],"line":922},"59":{"loc":{"start":{"line":931,"column":12},"end":{"line":931,"column":57}},"type":"binary-expr","locations":[{"start":{"line":931,"column":12},"end":{"line":931,"column":27}},{"start":{"line":931,"column":31},"end":{"line":931,"column":57}}],"line":931}},"s":{"0":1,"1":1,"2":1,"3":1,"4":8,"5":8,"6":1,"7":7,"8":4,"9":3,"10":3,"11":1,"12":3,"13":3,"14":1,"15":2,"16":1,"17":1,"18":1,"19":1,"20":3,"21":3,"22":1,"23":2,"24":1,"25":1,"26":1,"27":1,"28":2,"29":2,"30":0,"31":2,"32":2,"33":0,"34":0,"35":1,"36":3,"37":3,"38":0,"39":3,"40":3,"41":3,"42":3,"43":0,"44":0,"45":1,"46":2,"47":2,"48":0,"49":2,"50":2,"51":2,"52":2,"53":0,"54":0,"55":1,"56":2,"57":2,"58":0,"59":2,"60":2,"61":2,"62":0,"63":0,"64":1,"65":3,"66":3,"67":0,"68":3,"69":3,"70":3,"71":0,"72":0,"73":1,"74":3,"75":3,"76":0,"77":3,"78":3,"79":0,"80":0,"81":1,"82":3,"83":3,"84":0,"85":3,"86":3,"87":3,"88":0,"89":0,"90":1,"91":2,"92":2,"93":0,"94":2,"95":2,"96":2,"97":0,"98":0,"99":1,"100":2,"101":2,"102":0,"103":2,"104":2,"105":2,"106":0,"107":0,"108":1,"109":2,"110":2,"111":0,"112":2,"113":2,"114":0,"115":0,"116":1,"117":4,"118":4,"119":1,"120":3,"121":2,"122":1,"123":1,"124":1,"125":4,"126":4,"127":1,"128":2,"129":1,"130":2,"131":1,"132":0,"133":1,"134":0,"135":0,"136":0,"137":0,"138":1,"139":0,"140":0,"141":0,"142":0,"143":1,"144":0,"145":0,"146":0,"147":1,"148":0,"149":0,"150":0,"151":1,"152":0,"153":1,"154":0,"155":0,"156":0,"157":0,"158":0,"159":0,"160":1,"161":0,"162":0,"163":0,"164":1,"165":0,"166":0,"167":0,"168":1,"169":0,"170":1,"171":1,"172":1,"173":1,"174":0,"175":0,"176":1},"f":{"0":8,"1":3,"2":3,"3":2,"4":3,"5":2,"6":2,"7":3,"8":3,"9":3,"10":2,"11":2,"12":2,"13":4,"14":4,"15":2,"16":2,"17":0,"18":0,"19":0,"20":0,"21":0,"22":0,"23":0,"24":0,"25":0,"26":0,"27":1},"b":{"0":[1,0],"1":[1,7],"2":[7,5],"3":[7,5],"4":[7,7],"5":[1,2],"6":[1,2],"7":[0,2],"8":[0],"9":[0,3],"10":[0],"11":[2],"12":[0,2],"13":[0],"14":[0,2],"15":[0],"16":[1],"17":[0,3],"18":[0,3],"19":[1],"20":[0,3],"21":[1],"22":[0,2],"23":[0,2],"24":[0],"25":[0,2],"26":[1,3],"27":[4,2],"28":[4,4],"29":[4,2],"30":[0,0],"31":[0,0],"32":[0,0],"33":[0,0],"34":[0,0],"35":[0,0],"36":[0,0],"37":[0,0],"38":[0],"39":[0,0],"40":[0,0],"41":[0],"42":[0,0],"43":[0,0],"44":[0],"45":[0,0],"46":[0],"47":[0,0],"48":[0,0],"49":[0,0],"50":[0],"51":[0],"52":[0,0],"53":[0,0],"54":[0,0],"55":[0,0],"56":[0],"57":[0,0],"58":[1,0],"59":[1,0]},"_coverageSchema":"1a1c01bbd47fc00a2c39e90264f33305004495a9","hash":"1bc2b5b0ffd021279288c26c0ae896cb50a3d284"}
}
