TN:
SF:constants.js
FNF:0
FNH:0
DA:1,0
DA:14,0
DA:62,0
DA:72,0
DA:119,0
LF:5
LH:0
BRF:0
BRH:0
end_of_record
TN:
SF:server.js
FN:57,(anonymous_0)
FN:72,(anonymous_1)
FN:111,(anonymous_2)
FN:133,(anonymous_3)
FN:141,(anonymous_4)
FN:148,(anonymous_5)
FNF:6
FNH:0
FNDA:0,(anonymous_0)
FNDA:0,(anonymous_1)
FNDA:0,(anonymous_2)
FNDA:0,(anonymous_3)
FNDA:0,(anonymous_4)
FNDA:0,(anonymous_5)
DA:1,0
DA:2,0
DA:3,0
DA:4,0
DA:7,0
DA:13,0
DA:14,0
DA:15,0
DA:16,0
DA:19,0
DA:20,0
DA:21,0
DA:22,0
DA:23,0
DA:26,0
DA:27,0
DA:31,0
DA:47,0
DA:57,0
DA:58,0
DA:59,0
DA:64,0
DA:66,0
DA:69,0
DA:72,0
DA:73,0
DA:84,0
DA:91,0
DA:92,0
DA:93,0
DA:94,0
DA:95,0
DA:96,0
DA:97,0
DA:99,0
DA:103,0
DA:104,0
DA:105,0
DA:106,0
DA:107,0
DA:111,0
DA:112,0
DA:114,0
DA:116,0
DA:117,0
DA:123,0
DA:124,0
DA:125,0
DA:126,0
DA:127,0
DA:130,0
DA:131,0
DA:133,0
DA:134,0
DA:141,0
DA:142,0
DA:148,0
DA:149,0
DA:150,0
DA:151,0
DA:154,0
DA:158,0
DA:163,0
LF:63
LH:0
BRDA:3,0,0,0
BRDA:3,0,1,0
BRDA:8,1,0,0
BRDA:8,1,1,0
BRDA:9,2,0,0
BRDA:9,2,1,0
BRDA:27,3,0,0
BRDA:27,3,1,0
BRDA:64,4,0,0
BRDA:64,4,1,0
BRDA:116,5,0,0
BRDA:116,5,1,0
BRDA:130,6,0,0
BRDA:130,6,1,0
BRDA:150,7,0,0
BRDA:150,7,1,0
BRF:16
BRH:0
end_of_record
TN:
SF:testMongo.js
FN:11,testMongo
FN:42,(anonymous_1)
FN:62,(anonymous_2)
FN:63,(anonymous_3)
FN:64,(anonymous_4)
FNF:5
FNH:0
FNDA:0,testMongo
FNDA:0,(anonymous_1)
FNDA:0,(anonymous_2)
FNDA:0,(anonymous_3)
FNDA:0,(anonymous_4)
DA:1,0
DA:2,0
DA:5,0
DA:6,0
DA:12,0
DA:19,0
DA:21,0
DA:22,0
DA:23,0
DA:25,0
DA:32,0
DA:33,0
DA:36,0
DA:37,0
DA:40,0
DA:42,0
DA:45,0
DA:49,0
DA:51,0
DA:53,0
DA:54,0
DA:61,0
DA:62,0
DA:63,0
DA:64,0
LF:25
LH:0
BRDA:7,0,0,0
BRDA:7,0,1,0
BRDA:42,1,0,0
BRDA:42,1,1,0
BRDA:53,2,0,0
BRDA:53,2,1,0
BRF:6
BRH:0
end_of_record
TN:
SF:controllers/characterController.js
FN:10,(anonymous_0)
FN:124,(anonymous_1)
FN:140,(anonymous_2)
FN:157,(anonymous_3)
FN:174,(anonymous_4)
FN:230,(anonymous_5)
FN:367,(anonymous_6)
FN:423,(anonymous_7)
FN:432,(anonymous_8)
FN:455,(anonymous_9)
FN:464,(anonymous_10)
FN:470,(anonymous_11)
FNF:12
FNH:9
FNDA:4,(anonymous_0)
FNDA:2,(anonymous_1)
FNDA:1,(anonymous_2)
FNDA:1,(anonymous_3)
FNDA:5,(anonymous_4)
FNDA:4,(anonymous_5)
FNDA:4,(anonymous_6)
FNDA:3,(anonymous_7)
FNDA:0,(anonymous_8)
FNDA:2,(anonymous_9)
FNDA:0,(anonymous_10)
FNDA:0,(anonymous_11)
DA:1,2
DA:2,2
DA:3,2
DA:4,2
DA:5,2
DA:10,2
DA:11,4
DA:12,4
DA:13,0
DA:27,4
DA:29,4
DA:31,4
DA:46,4
DA:47,4
DA:48,4
DA:54,3
DA:57,2
DA:60,2
DA:62,2
DA:69,2
DA:77,4
DA:80,3
DA:81,3
DA:82,3
DA:92,2
DA:93,2
DA:94,2
DA:95,0
DA:101,3
DA:103,3
DA:104,3
DA:108,0
DA:114,0
DA:116,4
DA:117,4
DA:124,2
DA:125,2
DA:126,2
DA:130,1
DA:132,1
DA:133,1
DA:140,2
DA:141,1
DA:143,1
DA:147,1
DA:149,0
DA:150,0
DA:157,2
DA:158,1
DA:159,1
DA:164,1
DA:166,0
DA:167,0
DA:174,2
DA:175,5
DA:176,5
DA:181,4
DA:182,1
DA:186,3
DA:190,1
DA:195,2
DA:201,1
DA:204,1
DA:206,1
DA:207,1
DA:217,2
DA:219,1
DA:220,1
DA:221,1
DA:223,0
DA:230,2
DA:231,4
DA:232,4
DA:234,4
DA:235,1
DA:239,3
DA:240,1
DA:257,2
DA:260,2
DA:261,2
DA:262,2
DA:263,2
DA:264,2
DA:265,2
DA:266,2
DA:267,2
DA:268,2
DA:269,2
DA:273,2
DA:274,0
DA:276,0
DA:277,0
DA:278,0
DA:281,0
DA:286,0
DA:295,0
DA:296,0
DA:302,0
DA:303,0
DA:307,0
DA:312,0
DA:317,0
DA:322,2
DA:329,2
DA:330,2
DA:331,2
DA:332,2
DA:342,2
DA:343,2
DA:344,2
DA:345,2
DA:350,0
DA:354,2
DA:356,0
DA:357,0
DA:358,0
DA:360,0
DA:367,2
DA:368,4
DA:369,4
DA:371,4
DA:372,1
DA:376,3
DA:377,1
DA:383,2
DA:384,2
DA:385,2
DA:386,1
DA:394,1
DA:403,2
DA:406,2
DA:410,2
DA:412,0
DA:413,0
DA:414,0
DA:416,0
DA:423,2
DA:424,3
DA:425,3
DA:427,3
DA:428,1
DA:432,2
DA:433,1
DA:437,1
DA:438,1
DA:440,1
DA:442,1
DA:444,0
DA:445,0
DA:446,0
DA:448,0
DA:455,2
DA:456,2
DA:457,2
DA:459,2
DA:460,0
DA:464,2
DA:465,1
DA:469,1
DA:470,0
DA:472,1
DA:474,1
DA:476,1
DA:478,0
DA:479,0
DA:480,0
DA:482,0
LF:167
LH:126
BRDA:12,0,0,0
BRDA:12,0,1,4
BRDA:42,1,0,4
BRDA:42,1,1,0
BRDA:81,2,0,3
BRDA:81,2,1,0
BRDA:92,3,0,2
BRDA:92,3,1,0
BRDA:92,4,0,2
BRDA:92,4,1,2
BRDA:181,5,0,1
BRDA:181,5,1,3
BRDA:186,6,0,1
BRDA:186,6,1,2
BRDA:187,7,0,3
BRDA:187,7,1,1
BRDA:187,7,2,1
BRDA:195,8,0,1
BRDA:195,8,1,1
BRDA:196,9,0,2
BRDA:196,9,1,1
BRDA:196,9,2,0
BRDA:220,10,0,1
BRDA:220,10,1,0
BRDA:234,11,0,1
BRDA:234,11,1,3
BRDA:239,12,0,1
BRDA:239,12,1,2
BRDA:261,13,0,2
BRDA:261,13,1,0
BRDA:262,14,0,0
BRDA:262,14,1,2
BRDA:263,15,0,2
BRDA:263,15,1,0
BRDA:264,16,0,2
BRDA:264,16,1,0
BRDA:265,17,0,0
BRDA:265,17,1,2
BRDA:266,18,0,0
BRDA:266,18,1,2
BRDA:267,19,0,0
BRDA:267,19,1,2
BRDA:268,20,0,0
BRDA:268,20,1,2
BRDA:269,21,0,0
BRDA:269,21,1,2
BRDA:273,22,0,0
BRDA:273,22,1,2
BRDA:273,23,0,2
BRDA:273,23,1,0
BRDA:276,24,0,0
BRDA:276,24,1,0
BRDA:329,25,0,2
BRDA:329,25,1,0
BRDA:329,26,0,2
BRDA:329,26,1,2
BRDA:331,27,0,2
BRDA:331,27,1,0
BRDA:342,28,0,2
BRDA:342,28,1,0
BRDA:342,29,0,2
BRDA:342,29,1,2
BRDA:357,30,0,0
BRDA:357,30,1,0
BRDA:371,31,0,1
BRDA:371,31,1,3
BRDA:376,32,0,1
BRDA:376,32,1,2
BRDA:383,33,0,2
BRDA:383,33,1,0
BRDA:413,34,0,0
BRDA:413,34,1,0
BRDA:427,35,0,1
BRDA:427,35,1,2
BRDA:432,36,0,1
BRDA:432,36,1,1
BRDA:445,37,0,0
BRDA:445,37,1,0
BRDA:459,38,0,0
BRDA:459,38,1,2
BRDA:464,39,0,1
BRDA:464,39,1,1
BRDA:479,40,0,0
BRDA:479,40,1,0
BRF:84
BRH:52
end_of_record
TN:
SF:controllers/chatController.js
FN:9,(anonymous_0)
FN:25,(anonymous_1)
FN:86,(anonymous_2)
FN:165,(anonymous_3)
FN:194,(anonymous_4)
FNF:5
FNH:5
FNDA:2,(anonymous_0)
FNDA:4,(anonymous_1)
FNDA:7,(anonymous_2)
FNDA:4,(anonymous_3)
FNDA:5,(anonymous_4)
DA:1,1
DA:2,1
DA:3,1
DA:4,1
DA:9,1
DA:10,2
DA:11,2
DA:15,1
DA:17,1
DA:18,1
DA:25,1
DA:26,4
DA:28,4
DA:29,3
DA:30,1
DA:34,2
DA:45,2
DA:47,1
DA:54,1
DA:55,1
DA:61,1
DA:64,1
DA:73,2
DA:75,1
DA:76,1
DA:77,1
DA:79,0
DA:86,1
DA:87,7
DA:88,7
DA:89,0
DA:92,7
DA:94,7
DA:96,7
DA:97,7
DA:98,2
DA:102,5
DA:107,5
DA:108,1
DA:115,1
DA:116,1
DA:124,5
DA:130,5
DA:133,5
DA:139,5
DA:141,5
DA:144,5
DA:152,5
DA:154,0
DA:155,0
DA:156,0
DA:158,0
DA:165,1
DA:166,4
DA:167,4
DA:169,3
DA:170,1
DA:174,2
DA:175,1
DA:180,1
DA:182,1
DA:184,1
DA:185,1
DA:186,1
DA:188,0
DA:194,1
DA:198,5
DA:200,5
DA:201,4
DA:215,3
DA:219,1
DA:232,1
DA:233,1
DA:235,1
DA:236,1
LF:75
LH:68
BRDA:29,0,0,1
BRDA:29,0,1,2
BRDA:45,1,0,1
BRDA:45,1,1,1
BRDA:54,2,0,1
BRDA:54,2,1,0
BRDA:76,3,0,1
BRDA:76,3,1,0
BRDA:88,4,0,0
BRDA:88,4,1,7
BRDA:97,5,0,2
BRDA:97,5,1,5
BRDA:107,6,0,1
BRDA:107,6,1,4
BRDA:115,7,0,1
BRDA:115,7,1,0
BRDA:155,8,0,0
BRDA:155,8,1,0
BRDA:169,9,0,1
BRDA:169,9,1,2
BRDA:174,10,0,1
BRDA:174,10,1,1
BRDA:185,11,0,1
BRDA:185,11,1,0
BRDA:200,12,0,4
BRDA:200,12,1,1
BRF:26
BRH:19
end_of_record
TN:
SF:controllers/merchandiseController.js
FN:64,(anonymous_0)
FN:67,(anonymous_1)
FN:70,(anonymous_2)
FN:80,(anonymous_3)
FN:211,(anonymous_4)
FN:241,(anonymous_5)
FN:257,(anonymous_6)
FN:261,(anonymous_7)
FN:268,(anonymous_8)
FN:271,(anonymous_9)
FN:279,(anonymous_10)
FN:296,(anonymous_11)
FN:312,(anonymous_12)
FN:333,(anonymous_13)
FN:356,(anonymous_14)
FN:427,(anonymous_15)
FN:457,(anonymous_16)
FN:493,(anonymous_17)
FN:553,(anonymous_18)
FN:586,(anonymous_19)
FN:608,(anonymous_20)
FN:667,(anonymous_21)
FN:674,(anonymous_22)
FN:682,(anonymous_23)
FN:727,(anonymous_24)
FNF:25
FNH:0
FNDA:0,(anonymous_0)
FNDA:0,(anonymous_1)
FNDA:0,(anonymous_2)
FNDA:0,(anonymous_3)
FNDA:0,(anonymous_4)
FNDA:0,(anonymous_5)
FNDA:0,(anonymous_6)
FNDA:0,(anonymous_7)
FNDA:0,(anonymous_8)
FNDA:0,(anonymous_9)
FNDA:0,(anonymous_10)
FNDA:0,(anonymous_11)
FNDA:0,(anonymous_12)
FNDA:0,(anonymous_13)
FNDA:0,(anonymous_14)
FNDA:0,(anonymous_15)
FNDA:0,(anonymous_16)
FNDA:0,(anonymous_17)
FNDA:0,(anonymous_18)
FNDA:0,(anonymous_19)
FNDA:0,(anonymous_20)
FNDA:0,(anonymous_21)
FNDA:0,(anonymous_22)
FNDA:0,(anonymous_23)
FNDA:0,(anonymous_24)
DA:1,0
DA:2,0
DA:3,0
DA:4,0
DA:5,0
DA:6,0
DA:56,0
DA:57,0
DA:59,0
DA:63,0
DA:64,0
DA:67,0
DA:70,0
DA:80,0
DA:81,0
DA:82,0
DA:83,0
DA:101,0
DA:103,0
DA:105,0
DA:106,0
DA:107,0
DA:111,0
DA:112,0
DA:118,0
DA:121,0
DA:122,0
DA:123,0
DA:125,0
DA:132,0
DA:135,0
DA:143,0
DA:145,0
DA:152,0
DA:154,0
DA:155,0
DA:161,0
DA:181,0
DA:182,0
DA:185,0
DA:187,0
DA:189,0
DA:190,0
DA:194,0
DA:202,0
DA:203,0
DA:206,0
DA:210,0
DA:211,0
DA:220,0
DA:224,0
DA:228,0
DA:230,0
DA:232,0
DA:233,0
DA:234,0
DA:236,0
DA:241,0
DA:242,0
DA:253,0
DA:257,0
DA:258,0
DA:260,0
DA:261,0
DA:264,0
DA:268,0
DA:269,0
DA:271,0
DA:273,0
DA:279,0
DA:280,0
DA:281,0
DA:286,0
DA:288,0
DA:289,0
DA:296,0
DA:297,0
DA:298,0
DA:302,0
DA:304,0
DA:305,0
DA:312,0
DA:313,0
DA:314,0
DA:320,0
DA:322,0
DA:323,0
DA:324,0
DA:326,0
DA:333,0
DA:334,0
DA:335,0
DA:339,0
DA:340,0
DA:343,0
DA:345,0
DA:346,0
DA:347,0
DA:349,0
DA:356,0
DA:357,0
DA:358,0
DA:360,0
DA:361,0
DA:365,0
DA:366,0
DA:385,0
DA:388,0
DA:389,0
DA:390,0
DA:391,0
DA:392,0
DA:393,0
DA:394,0
DA:395,0
DA:396,0
DA:397,0
DA:398,0
DA:399,0
DA:400,0
DA:401,0
DA:402,0
DA:403,0
DA:406,0
DA:414,0
DA:416,0
DA:417,0
DA:418,0
DA:420,0
DA:427,0
DA:428,0
DA:429,0
DA:431,0
DA:432,0
DA:436,0
DA:437,0
DA:442,0
DA:444,0
DA:446,0
DA:447,0
DA:448,0
DA:450,0
DA:457,0
DA:458,0
DA:459,0
DA:461,0
DA:462,0
DA:465,0
DA:466,0
DA:470,0
DA:471,0
DA:472,0
DA:474,0
DA:475,0
DA:477,0
DA:478,0
DA:484,0
DA:486,0
DA:488,0
DA:492,0
DA:494,0
DA:498,0
DA:499,0
DA:505,0
DA:510,0
DA:514,0
DA:515,0
DA:517,0
DA:518,0
DA:521,0
DA:522,0
DA:523,0
DA:524,0
DA:529,0
DA:533,0
DA:536,0
DA:551,0
DA:553,0
DA:561,0
DA:564,0
DA:569,0
DA:581,0
DA:586,0
DA:600,0
DA:601,0
DA:608,0
DA:609,0
DA:610,0
DA:612,0
DA:613,0
DA:617,0
DA:618,0
DA:619,0
DA:621,0
DA:628,0
DA:631,0
DA:639,0
DA:641,0
DA:642,0
DA:649,0
DA:655,0
DA:659,0
DA:660,0
DA:667,0
DA:668,0
DA:674,0
DA:676,0
DA:682,0
DA:683,0
DA:684,0
DA:686,0
DA:687,0
DA:690,0
DA:691,0
DA:698,0
DA:700,0
DA:708,0
DA:717,0
DA:719,0
DA:720,0
DA:727,0
DA:728,0
DA:729,0
DA:731,0
DA:732,0
DA:735,0
DA:737,0
DA:738,0
DA:746,0
DA:751,0
DA:752,0
DA:754,0
DA:758,0
DA:761,0
DA:763,0
DA:771,0
DA:772,0
LF:237
LH:0
BRDA:82,0,0,0
BRDA:82,0,1,0
BRDA:99,1,0,0
BRDA:100,2,0,0
BRDA:106,3,0,0
BRDA:106,3,1,0
BRDA:111,4,0,0
BRDA:111,4,1,0
BRDA:122,5,0,0
BRDA:122,5,1,0
BRDA:154,6,0,0
BRDA:154,6,1,0
BRDA:170,7,0,0
BRDA:170,7,1,0
BRDA:171,8,0,0
BRDA:171,8,1,0
BRDA:172,9,0,0
BRDA:172,9,1,0
BRDA:173,10,0,0
BRDA:173,10,1,0
BRDA:174,11,0,0
BRDA:174,11,1,0
BRDA:187,12,0,0
BRDA:187,12,1,0
BRDA:202,13,0,0
BRDA:202,13,1,0
BRDA:202,14,0,0
BRDA:202,14,1,0
BRDA:206,15,0,0
BRDA:206,15,1,0
BRDA:207,16,0,0
BRDA:207,16,1,0
BRDA:214,17,0,0
BRDA:214,17,1,0
BRDA:233,18,0,0
BRDA:233,18,1,0
BRDA:253,19,0,0
BRDA:253,19,1,0
BRDA:258,20,0,0
BRDA:258,20,1,0
BRDA:261,21,0,0
BRDA:261,21,1,0
BRDA:264,22,0,0
BRDA:264,22,1,0
BRDA:264,23,0,0
BRDA:264,23,1,0
BRDA:269,24,0,0
BRDA:269,24,1,0
BRDA:273,25,0,0
BRDA:273,25,1,0
BRDA:273,26,0,0
BRDA:273,26,1,0
BRDA:323,27,0,0
BRDA:323,27,1,0
BRDA:339,28,0,0
BRDA:339,28,1,0
BRDA:346,29,0,0
BRDA:346,29,1,0
BRDA:360,30,0,0
BRDA:360,30,1,0
BRDA:365,31,0,0
BRDA:365,31,1,0
BRDA:389,32,0,0
BRDA:389,32,1,0
BRDA:390,33,0,0
BRDA:390,33,1,0
BRDA:391,34,0,0
BRDA:391,34,1,0
BRDA:392,35,0,0
BRDA:392,35,1,0
BRDA:393,36,0,0
BRDA:393,36,1,0
BRDA:394,37,0,0
BRDA:394,37,1,0
BRDA:395,38,0,0
BRDA:395,38,1,0
BRDA:396,39,0,0
BRDA:396,39,1,0
BRDA:397,40,0,0
BRDA:397,40,1,0
BRDA:398,41,0,0
BRDA:398,41,1,0
BRDA:399,42,0,0
BRDA:399,42,1,0
BRDA:401,43,0,0
BRDA:401,43,1,0
BRDA:403,44,0,0
BRDA:403,44,1,0
BRDA:417,45,0,0
BRDA:417,45,1,0
BRDA:431,46,0,0
BRDA:431,46,1,0
BRDA:436,47,0,0
BRDA:436,47,1,0
BRDA:447,48,0,0
BRDA:447,48,1,0
BRDA:461,49,0,0
BRDA:461,49,1,0
BRDA:461,50,0,0
BRDA:461,50,1,0
BRDA:461,50,2,0
BRDA:465,51,0,0
BRDA:465,51,1,0
BRDA:477,52,0,0
BRDA:477,52,1,0
BRDA:486,53,0,0
BRDA:486,53,1,0
BRDA:486,54,0,0
BRDA:486,54,1,0
BRDA:488,55,0,0
BRDA:488,55,1,0
BRDA:489,56,0,0
BRDA:489,56,1,0
BRDA:494,57,0,0
BRDA:494,57,1,0
BRDA:494,57,2,0
BRDA:494,57,3,0
BRDA:498,58,0,0
BRDA:498,58,1,0
BRDA:505,59,0,0
BRDA:505,59,1,0
BRDA:506,60,0,0
BRDA:506,60,1,0
BRDA:506,60,2,0
BRDA:514,61,0,0
BRDA:514,61,1,0
BRDA:515,62,0,0
BRDA:515,62,1,0
BRDA:521,63,0,0
BRDA:521,63,1,0
BRDA:523,64,0,0
BRDA:523,64,1,0
BRDA:538,65,0,0
BRDA:538,65,1,0
BRDA:539,66,0,0
BRDA:539,66,1,0
BRDA:540,67,0,0
BRDA:540,67,1,0
BRDA:561,68,0,0
BRDA:561,68,1,0
BRDA:561,69,0,0
BRDA:561,69,1,0
BRDA:612,70,0,0
BRDA:612,70,1,0
BRDA:618,71,0,0
BRDA:618,71,1,0
BRDA:686,72,0,0
BRDA:686,72,1,0
BRDA:690,73,0,0
BRDA:690,73,1,0
BRDA:698,74,0,0
BRDA:731,75,0,0
BRDA:731,75,1,0
BRDA:737,76,0,0
BRDA:737,76,1,0
BRDA:754,77,0,0
BRDA:754,77,1,0
BRDA:755,78,0,0
BRDA:755,78,1,0
BRF:159
BRH:0
end_of_record
TN:
SF:controllers/paymentController.js
FN:20,(anonymous_0)
FN:23,(anonymous_1)
FN:39,(anonymous_2)
FN:42,(anonymous_3)
FN:55,(anonymous_4)
FN:88,(anonymous_5)
FN:148,(anonymous_6)
FN:158,(anonymous_7)
FN:194,(anonymous_8)
FN:215,(anonymous_9)
FN:244,(anonymous_10)
FN:295,(anonymous_11)
FN:329,handlePaymentIntentSucceeded
FN:360,(anonymous_13)
FN:382,handleChargeSucceeded
FN:397,handleTransferCreated
FN:423,(anonymous_16)
FN:438,handleTransferPaid
FN:477,(anonymous_18)
FN:493,handleConnectedAccountUpdated
FN:520,handlePrintfulOrderShipped
FN:546,handlePrintfulOrderCreated
FN:577,handlePrintfulOrderUpdated
FN:605,handlePrintfulOrderFailed
FN:630,(anonymous_24)
FN:687,(anonymous_25)
FN:731,(anonymous_26)
FN:777,(anonymous_27)
FN:818,(anonymous_28)
FN:841,(anonymous_29)
FN:874,(anonymous_30)
FN:897,(anonymous_31)
FN:900,(anonymous_32)
FN:905,(anonymous_33)
FN:914,(anonymous_34)
FN:931,(anonymous_35)
FNF:36
FNH:0
FNDA:0,(anonymous_0)
FNDA:0,(anonymous_1)
FNDA:0,(anonymous_2)
FNDA:0,(anonymous_3)
FNDA:0,(anonymous_4)
FNDA:0,(anonymous_5)
FNDA:0,(anonymous_6)
FNDA:0,(anonymous_7)
FNDA:0,(anonymous_8)
FNDA:0,(anonymous_9)
FNDA:0,(anonymous_10)
FNDA:0,(anonymous_11)
FNDA:0,handlePaymentIntentSucceeded
FNDA:0,(anonymous_13)
FNDA:0,handleChargeSucceeded
FNDA:0,handleTransferCreated
FNDA:0,(anonymous_16)
FNDA:0,handleTransferPaid
FNDA:0,(anonymous_18)
FNDA:0,handleConnectedAccountUpdated
FNDA:0,handlePrintfulOrderShipped
FNDA:0,handlePrintfulOrderCreated
FNDA:0,handlePrintfulOrderUpdated
FNDA:0,handlePrintfulOrderFailed
FNDA:0,(anonymous_24)
FNDA:0,(anonymous_25)
FNDA:0,(anonymous_26)
FNDA:0,(anonymous_27)
FNDA:0,(anonymous_28)
FNDA:0,(anonymous_29)
FNDA:0,(anonymous_30)
FNDA:0,(anonymous_31)
FNDA:0,(anonymous_32)
FNDA:0,(anonymous_33)
FNDA:0,(anonymous_34)
FNDA:0,(anonymous_35)
DA:1,0
DA:2,0
DA:3,0
DA:4,0
DA:5,0
DA:8,0
DA:12,0
DA:13,0
DA:15,0
DA:19,0
DA:20,0
DA:23,0
DA:31,0
DA:32,0
DA:34,0
DA:38,0
DA:39,0
DA:42,0
DA:55,0
DA:56,0
DA:57,0
DA:58,0
DA:61,0
DA:63,0
DA:65,0
DA:66,0
DA:67,0
DA:70,0
DA:71,0
DA:72,0
DA:73,0
DA:79,0
DA:81,0
DA:83,0
DA:87,0
DA:89,0
DA:93,0
DA:94,0
DA:100,0
DA:105,0
DA:109,0
DA:110,0
DA:112,0
DA:113,0
DA:116,0
DA:117,0
DA:118,0
DA:119,0
DA:124,0
DA:128,0
DA:131,0
DA:146,0
DA:148,0
DA:155,0
DA:156,0
DA:157,0
DA:158,0
DA:160,0
DA:164,0
DA:171,0
DA:174,0
DA:188,0
DA:194,0
DA:207,0
DA:208,0
DA:215,0
DA:216,0
DA:217,0
DA:218,0
DA:221,0
DA:223,0
DA:228,0
DA:230,0
DA:236,0
DA:237,0
DA:244,0
DA:245,0
DA:247,0
DA:251,0
DA:253,0
DA:254,0
DA:261,0
DA:265,0
DA:267,0
DA:268,0
DA:270,0
DA:271,0
DA:273,0
DA:274,0
DA:276,0
DA:277,0
DA:279,0
DA:280,0
DA:282,0
DA:285,0
DA:287,0
DA:288,0
DA:295,0
DA:296,0
DA:297,0
DA:299,0
DA:300,0
DA:304,0
DA:306,0
DA:307,0
DA:309,0
DA:310,0
DA:312,0
DA:313,0
DA:315,0
DA:316,0
DA:318,0
DA:321,0
DA:323,0
DA:324,0
DA:330,0
DA:334,0
DA:336,0
DA:341,0
DA:342,0
DA:343,0
DA:347,0
DA:348,0
DA:351,0
DA:352,0
DA:354,0
DA:356,0
DA:360,0
DA:367,0
DA:368,0
DA:369,0
DA:372,0
DA:376,0
DA:378,0
DA:383,0
DA:385,0
DA:387,0
DA:388,0
DA:393,0
DA:398,0
DA:402,0
DA:404,0
DA:408,0
DA:409,0
DA:412,0
DA:417,0
DA:418,0
DA:420,0
DA:422,0
DA:423,0
DA:426,0
DA:427,0
DA:428,0
DA:429,0
DA:434,0
DA:439,0
DA:443,0
DA:445,0
DA:449,0
DA:450,0
DA:453,0
DA:457,0
DA:458,0
DA:460,0
DA:471,0
DA:472,0
DA:474,0
DA:476,0
DA:477,0
DA:480,0
DA:481,0
DA:482,0
DA:483,0
DA:489,0
DA:494,0
DA:496,0
DA:498,0
DA:500,0
DA:501,0
DA:502,0
DA:506,0
DA:507,0
DA:509,0
DA:510,0
DA:513,0
DA:515,0
DA:521,0
DA:523,0
DA:525,0
DA:527,0
DA:528,0
DA:529,0
DA:533,0
DA:534,0
DA:535,0
DA:536,0
DA:537,0
DA:538,0
DA:540,0
DA:542,0
DA:547,0
DA:549,0
DA:552,0
DA:560,0
DA:562,0
DA:563,0
DA:564,0
DA:565,0
DA:566,0
DA:569,0
DA:573,0
DA:578,0
DA:580,0
DA:581,0
DA:583,0
DA:584,0
DA:585,0
DA:588,0
DA:591,0
DA:592,0
DA:593,0
DA:594,0
DA:595,0
DA:596,0
DA:599,0
DA:601,0
DA:606,0
DA:610,0
DA:611,0
DA:613,0
DA:614,0
DA:615,0
DA:618,0
DA:619,0
DA:621,0
DA:623,0
DA:630,0
DA:631,0
DA:632,0
DA:633,0
DA:645,0
DA:647,0
DA:649,0
DA:650,0
DA:655,0
DA:656,0
DA:660,0
DA:661,0
DA:663,0
DA:664,0
DA:665,0
DA:666,0
DA:672,0
DA:673,0
DA:679,0
DA:680,0
DA:682,0
DA:686,0
DA:688,0
DA:692,0
DA:693,0
DA:699,0
DA:704,0
DA:708,0
DA:709,0
DA:711,0
DA:712,0
DA:715,0
DA:729,0
DA:730,0
DA:731,0
DA:734,0
DA:735,0
DA:737,0
DA:746,0
DA:755,0
DA:772,0
DA:773,0
DA:777,0
DA:784,0
DA:785,0
DA:786,0
DA:789,0
DA:793,0
DA:796,0
DA:797,0
DA:808,0
DA:810,0
DA:811,0
DA:818,0
DA:819,0
DA:820,0
DA:831,0
DA:833,0
DA:834,0
DA:841,0
DA:842,0
DA:843,0
DA:852,0
DA:853,0
DA:857,0
DA:858,0
DA:861,0
DA:863,0
DA:864,0
DA:865,0
DA:867,0
DA:874,0
DA:875,0
DA:877,0
DA:892,0
DA:893,0
DA:894,0
DA:897,0
DA:899,0
DA:900,0
DA:904,0
DA:905,0
DA:910,0
DA:913,0
DA:914,0
DA:917,0
DA:918,0
DA:919,0
DA:921,0
DA:924,0
DA:927,0
DA:931,0
DA:943,0
DA:945,0
DA:963,0
DA:964,0
LF:332
LH:0
BRDA:6,0,0,0
BRDA:6,0,1,0
BRDA:57,1,0,0
BRDA:57,1,1,0
BRDA:72,2,0,0
BRDA:72,2,1,0
BRDA:81,3,0,0
BRDA:81,3,1,0
BRDA:81,4,0,0
BRDA:81,4,1,0
BRDA:83,5,0,0
BRDA:83,5,1,0
BRDA:84,6,0,0
BRDA:84,6,1,0
BRDA:89,7,0,0
BRDA:89,7,1,0
BRDA:89,7,2,0
BRDA:89,7,3,0
BRDA:93,8,0,0
BRDA:93,8,1,0
BRDA:100,9,0,0
BRDA:100,9,1,0
BRDA:101,10,0,0
BRDA:101,10,1,0
BRDA:101,10,2,0
BRDA:109,11,0,0
BRDA:109,11,1,0
BRDA:110,12,0,0
BRDA:110,12,1,0
BRDA:116,13,0,0
BRDA:116,13,1,0
BRDA:116,14,0,0
BRDA:116,14,1,0
BRDA:118,15,0,0
BRDA:118,15,1,0
BRDA:133,16,0,0
BRDA:133,16,1,0
BRDA:134,17,0,0
BRDA:134,17,1,0
BRDA:135,18,0,0
BRDA:135,18,1,0
BRDA:156,19,0,0
BRDA:156,19,1,0
BRDA:156,20,0,0
BRDA:156,20,1,0
BRDA:160,21,0,0
BRDA:160,21,1,0
BRDA:162,22,0,0
BRDA:162,22,1,0
BRDA:165,23,0,0
BRDA:165,23,1,0
BRDA:165,24,0,0
BRDA:165,24,1,0
BRDA:217,25,0,0
BRDA:217,25,1,0
BRDA:233,26,0,0
BRDA:233,26,1,0
BRDA:247,27,0,0
BRDA:247,27,1,0
BRDA:253,28,0,0
BRDA:253,28,1,0
BRDA:265,29,0,0
BRDA:265,29,1,0
BRDA:265,29,2,0
BRDA:265,29,3,0
BRDA:265,29,4,0
BRDA:265,29,5,0
BRDA:299,30,0,0
BRDA:299,30,1,0
BRDA:299,31,0,0
BRDA:299,31,1,0
BRDA:304,32,0,0
BRDA:304,32,1,0
BRDA:304,32,2,0
BRDA:304,32,3,0
BRDA:304,32,4,0
BRDA:341,33,0,0
BRDA:341,33,1,0
BRDA:351,34,0,0
BRDA:351,34,1,0
BRDA:358,35,0,0
BRDA:358,35,1,0
BRDA:367,36,0,0
BRDA:367,36,1,0
BRDA:367,37,0,0
BRDA:367,37,1,0
BRDA:369,38,0,0
BRDA:369,38,1,0
BRDA:387,39,0,0
BRDA:387,39,1,0
BRDA:387,40,0,0
BRDA:387,40,1,0
BRDA:408,41,0,0
BRDA:408,41,1,0
BRDA:417,42,0,0
BRDA:417,42,1,0
BRDA:417,43,0,0
BRDA:417,43,1,0
BRDA:420,44,0,0
BRDA:420,44,1,0
BRDA:426,45,0,0
BRDA:426,45,1,0
BRDA:449,46,0,0
BRDA:449,46,1,0
BRDA:457,47,0,0
BRDA:457,47,1,0
BRDA:471,48,0,0
BRDA:471,48,1,0
BRDA:471,49,0,0
BRDA:471,49,1,0
BRDA:474,50,0,0
BRDA:474,50,1,0
BRDA:480,51,0,0
BRDA:480,51,1,0
BRDA:500,52,0,0
BRDA:500,52,1,0
BRDA:509,53,0,0
BRDA:509,53,1,0
BRDA:509,54,0,0
BRDA:509,54,1,0
BRDA:527,55,0,0
BRDA:527,55,1,0
BRDA:562,56,0,0
BRDA:562,56,1,0
BRDA:583,57,0,0
BRDA:583,57,1,0
BRDA:591,58,0,0
BRDA:591,58,1,0
BRDA:595,59,0,0
BRDA:595,59,1,0
BRDA:607,60,0,0
BRDA:607,60,1,0
BRDA:613,61,0,0
BRDA:613,61,1,0
BRDA:632,62,0,0
BRDA:632,62,1,0
BRDA:649,63,0,0
BRDA:649,63,1,0
BRDA:649,64,0,0
BRDA:649,64,1,0
BRDA:655,65,0,0
BRDA:655,65,1,0
BRDA:655,66,0,0
BRDA:655,66,1,0
BRDA:655,66,2,0
BRDA:665,67,0,0
BRDA:665,67,1,0
BRDA:672,68,0,0
BRDA:672,68,1,0
BRDA:680,69,0,0
BRDA:680,69,1,0
BRDA:680,70,0,0
BRDA:680,70,1,0
BRDA:680,70,2,0
BRDA:682,71,0,0
BRDA:682,71,1,0
BRDA:683,72,0,0
BRDA:683,72,1,0
BRDA:688,73,0,0
BRDA:688,73,1,0
BRDA:688,73,2,0
BRDA:688,73,3,0
BRDA:692,74,0,0
BRDA:692,74,1,0
BRDA:699,75,0,0
BRDA:699,75,1,0
BRDA:700,76,0,0
BRDA:700,76,1,0
BRDA:700,76,2,0
BRDA:718,77,0,0
BRDA:718,77,1,0
BRDA:719,78,0,0
BRDA:719,78,1,0
BRDA:729,79,0,0
BRDA:729,79,1,0
BRDA:734,80,0,0
BRDA:734,80,1,0
BRDA:758,81,0,0
BRDA:758,81,1,0
BRDA:759,82,0,0
BRDA:759,82,1,0
BRDA:760,83,0,0
BRDA:760,83,1,0
BRDA:764,84,0,0
BRDA:764,84,1,0
BRDA:784,85,0,0
BRDA:784,85,1,0
BRDA:784,86,0,0
BRDA:784,86,1,0
BRDA:786,87,0,0
BRDA:786,87,1,0
BRDA:852,88,0,0
BRDA:852,88,1,0
BRDA:857,89,0,0
BRDA:857,89,1,0
BRDA:864,90,0,0
BRDA:864,90,1,0
BRDA:900,91,0,0
BRDA:900,91,1,0
BRDA:917,92,0,0
BRDA:917,92,1,0
BRDA:918,93,0,0
BRDA:918,93,1,0
BRDA:935,94,0,0
BRDA:935,94,1,0
BRDA:938,95,0,0
BRDA:938,95,1,0
BRDA:952,96,0,0
BRDA:952,96,1,0
BRDA:957,97,0,0
BRDA:957,97,1,0
BRF:211
BRH:0
end_of_record
TN:
SF:controllers/userController.js
FN:9,(anonymous_0)
FN:31,(anonymous_1)
FN:49,(anonymous_2)
FN:70,(anonymous_3)
FN:89,(anonymous_4)
FN:125,(anonymous_5)
FN:155,(anonymous_6)
FN:181,(anonymous_7)
FN:201,(anonymous_8)
FN:237,(anonymous_9)
FN:256,(anonymous_10)
FN:279,(anonymous_11)
FN:303,(anonymous_12)
FNF:13
FNH:8
FNDA:7,(anonymous_0)
FNDA:2,(anonymous_1)
FNDA:5,(anonymous_2)
FNDA:2,(anonymous_3)
FNDA:0,(anonymous_4)
FNDA:5,(anonymous_5)
FNDA:1,(anonymous_6)
FNDA:0,(anonymous_7)
FNDA:0,(anonymous_8)
FNDA:0,(anonymous_9)
FNDA:0,(anonymous_10)
FNDA:2,(anonymous_11)
FNDA:4,(anonymous_12)
DA:1,2
DA:2,2
DA:3,2
DA:4,2
DA:9,2
DA:10,7
DA:11,7
DA:12,0
DA:15,7
DA:17,7
DA:19,7
DA:20,7
DA:23,7
DA:24,7
DA:25,9
DA:26,9
DA:27,6
DA:29,3
DA:30,3
DA:31,2
DA:34,6
DA:35,1
DA:36,1
DA:39,5
DA:41,5
DA:48,5
DA:49,5
DA:50,5
DA:51,7
DA:52,7
DA:53,4
DA:54,4
DA:56,3
DA:61,3
DA:63,0
DA:69,3
DA:70,2
DA:75,5
DA:78,4
DA:79,4
DA:81,4
DA:85,4
DA:90,0
DA:91,0
DA:92,0
DA:97,0
DA:98,0
DA:113,2
DA:114,2
DA:125,2
DA:126,5
DA:127,5
DA:128,0
DA:131,5
DA:133,5
DA:135,5
DA:136,4
DA:137,2
DA:141,2
DA:142,2
DA:143,1
DA:147,1
DA:151,1
DA:156,1
DA:158,1
DA:173,1
DA:174,1
DA:181,2
DA:182,0
DA:183,0
DA:187,0
DA:188,0
DA:191,0
DA:193,0
DA:194,0
DA:201,2
DA:202,0
DA:204,0
DA:205,0
DA:207,0
DA:208,0
DA:212,0
DA:213,0
DA:214,0
DA:215,0
DA:218,0
DA:220,0
DA:223,0
DA:226,0
DA:227,0
DA:229,0
DA:230,0
DA:237,2
DA:238,0
DA:240,0
DA:246,0
DA:248,0
DA:249,0
DA:256,2
DA:257,0
DA:258,0
DA:262,0
DA:263,0
DA:266,0
DA:268,0
DA:269,0
DA:270,0
DA:272,0
DA:279,2
DA:280,2
DA:281,2
DA:282,1
DA:285,1
DA:289,0
DA:290,0
DA:293,0
DA:295,1
DA:296,1
DA:303,2
DA:304,4
DA:306,4
DA:307,4
DA:319,3
DA:320,1
DA:324,2
DA:325,0
DA:327,0
DA:329,3
DA:330,3
LF:129
LH:79
BRDA:11,0,0,0
BRDA:11,0,1,7
BRDA:30,1,0,1
BRDA:30,1,1,2
BRDA:34,2,0,1
BRDA:34,2,1,5
BRDA:49,3,0,5
BRDA:61,4,0,0
BRDA:61,4,1,3
BRDA:69,5,0,1
BRDA:69,5,1,2
BRDA:87,6,0,4
BRDA:87,6,1,0
BRDA:90,7,0,0
BRDA:90,7,1,0
BRDA:117,8,0,0
BRDA:117,8,1,2
BRDA:127,9,0,0
BRDA:127,9,1,5
BRDA:136,10,0,2
BRDA:136,10,1,2
BRDA:142,11,0,1
BRDA:142,11,1,1
BRDA:153,12,0,1
BRDA:153,12,1,0
BRDA:156,13,0,0
BRDA:156,13,1,1
BRDA:187,14,0,0
BRDA:187,14,1,0
BRDA:207,15,0,0
BRDA:207,15,1,0
BRDA:212,16,0,0
BRDA:212,16,1,0
BRDA:213,17,0,0
BRDA:213,17,1,0
BRDA:214,18,0,0
BRDA:214,18,1,0
BRDA:215,19,0,0
BRDA:215,19,1,0
BRDA:218,20,0,0
BRDA:218,20,1,0
BRDA:262,21,0,0
BRDA:262,21,1,0
BRDA:269,22,0,0
BRDA:269,22,1,0
BRDA:281,23,0,1
BRDA:281,23,1,1
BRDA:289,24,0,0
BRDA:289,24,1,0
BRDA:310,25,0,4
BRDA:310,25,1,3
BRDA:311,26,0,4
BRDA:311,26,1,0
BRDA:312,27,0,4
BRDA:312,27,1,4
BRDA:313,28,0,4
BRDA:313,28,1,3
BRDA:314,29,0,4
BRDA:314,29,1,0
BRDA:319,30,0,1
BRDA:319,30,1,2
BRF:61
BRH:30
end_of_record
TN:
SF:middleware/authMiddleware.js
FN:4,(anonymous_0)
FNF:1
FNH:1
FNDA:12,(anonymous_0)
DA:1,1
DA:2,1
DA:4,1
DA:5,12
DA:7,12
DA:10,12
DA:11,3
DA:15,9
DA:18,6
DA:20,5
DA:21,1
DA:25,4
DA:26,4
DA:28,4
LF:14
LH:14
BRDA:10,0,0,3
BRDA:10,0,1,9
BRDA:15,1,0,9
BRDA:15,1,1,0
BRDA:20,2,0,1
BRDA:20,2,1,4
BRF:6
BRH:5
end_of_record
TN:
SF:models/Character.js
FNF:0
FNH:0
DA:1,4
DA:3,4
DA:91,4
LF:3
LH:3
BRF:0
BRH:0
end_of_record
TN:
SF:models/Chat.js
FNF:0
FNH:0
DA:1,2
DA:3,2
DA:19,2
DA:41,2
LF:4
LH:4
BRF:0
BRH:0
end_of_record
TN:
SF:models/Merchandise.js
FNF:0
FNH:0
DA:1,1
DA:3,1
DA:111,1
LF:3
LH:3
BRF:0
BRH:0
end_of_record
TN:
SF:models/Purchase.js
FNF:0
FNH:0
DA:1,1
DA:3,1
DA:197,1
LF:3
LH:3
BRF:0
BRH:0
end_of_record
TN:
SF:models/User.js
FN:99,(anonymous_0)
FN:108,(anonymous_1)
FNF:2
FNH:2
FNDA:21,(anonymous_0)
FNDA:2,(anonymous_1)
DA:1,6
DA:2,6
DA:3,6
DA:5,6
DA:99,6
DA:100,21
DA:101,4
DA:103,21
DA:104,21
DA:108,6
DA:109,2
DA:112,6
LF:12
LH:12
BRDA:100,0,0,4
BRDA:100,0,1,17
BRF:2
BRH:2
end_of_record
TN:
SF:routes/characterRoutes.js
FNF:0
FNH:0
DA:1,1
DA:2,1
DA:3,1
DA:6,1
DA:7,1
DA:12,1
DA:29,1
DA:34,1
DA:39,1
DA:44,1
DA:49,1
DA:54,1
DA:59,1
DA:64,1
DA:66,1
LF:15
LH:15
BRF:0
BRH:0
end_of_record
TN:
SF:routes/chatRoutes.js
FNF:0
FNH:0
DA:1,0
DA:2,0
DA:3,0
DA:6,0
DA:7,0
DA:12,0
DA:17,0
DA:26,0
DA:35,0
DA:37,0
LF:10
LH:0
BRF:0
BRH:0
end_of_record
TN:
SF:routes/merchandiseRoutes.js
FNF:0
FNH:0
DA:1,0
DA:2,0
DA:3,0
DA:6,0
DA:7,0
DA:12,0
DA:33,0
DA:38,0
DA:47,0
DA:55,0
DA:60,0
DA:65,0
DA:70,0
DA:75,0
DA:81,0
LF:15
LH:0
BRF:0
BRH:0
end_of_record
TN:
SF:routes/paymentRoutes.js
FNF:0
FNH:0
DA:1,0
DA:2,0
DA:3,0
DA:6,0
DA:7,0
DA:12,0
DA:27,0
DA:44,0
DA:49,0
DA:54,0
DA:70,0
DA:75,0
DA:80,0
DA:82,0
LF:14
LH:0
BRF:0
BRH:0
end_of_record
TN:
SF:routes/userRoutes.js
FNF:0
FNH:0
DA:1,1
DA:2,1
DA:3,1
DA:6,1
DA:7,1
DA:12,1
DA:27,1
DA:39,1
DA:44,1
DA:49,1
DA:54,1
DA:56,1
LF:12
LH:12
BRF:0
BRH:0
end_of_record
TN:
SF:services/cloudflareImagesService.js
FN:9,(anonymous_0)
FN:45,(anonymous_1)
FN:109,(anonymous_2)
FN:148,(anonymous_3)
FN:188,(anonymous_4)
FNF:5
FNH:4
FNDA:3,(anonymous_0)
FNDA:3,(anonymous_1)
FNDA:0,(anonymous_2)
FNDA:3,(anonymous_3)
FNDA:5,(anonymous_4)
DA:1,3
DA:2,3
DA:10,3
DA:11,3
DA:12,3
DA:14,3
DA:15,0
DA:20,3
DA:21,0
DA:26,3
DA:27,0
DA:32,3
DA:36,3
DA:46,3
DA:47,0
DA:48,0
DA:51,3
DA:53,3
DA:55,3
DA:58,3
DA:61,0
DA:62,0
DA:68,0
DA:69,0
DA:73,0
DA:76,0
DA:83,0
DA:84,0
DA:89,0
DA:92,0
DA:94,3
DA:100,3
DA:110,0
DA:111,0
DA:112,0
DA:115,0
DA:117,0
DA:118,0
DA:124,0
DA:125,0
DA:130,0
DA:131,0
DA:133,0
DA:139,0
DA:149,3
DA:150,0
DA:151,0
DA:154,3
DA:156,3
DA:157,3
DA:163,2
DA:164,1
DA:169,1
DA:170,1
DA:172,2
DA:178,2
DA:192,5
DA:196,3
LF:58
LH:29
BRDA:14,0,0,0
BRDA:14,0,1,3
BRDA:20,1,0,0
BRDA:20,1,1,3
BRDA:26,2,0,0
BRDA:26,2,1,3
BRDA:45,3,0,0
BRDA:46,4,0,0
BRDA:46,4,1,3
BRDA:46,5,0,3
BRDA:46,5,1,3
BRDA:68,6,0,0
BRDA:68,6,1,0
BRDA:68,7,0,0
BRDA:68,7,1,0
BRDA:83,8,0,0
BRDA:83,8,1,0
BRDA:85,9,0,0
BRDA:85,9,1,0
BRDA:96,10,0,3
BRDA:96,10,1,3
BRDA:110,11,0,0
BRDA:110,11,1,0
BRDA:110,12,0,0
BRDA:110,12,1,0
BRDA:124,13,0,0
BRDA:124,13,1,0
BRDA:126,14,0,0
BRDA:126,14,1,0
BRDA:135,15,0,0
BRDA:135,15,1,0
BRDA:149,16,0,0
BRDA:149,16,1,3
BRDA:149,17,0,3
BRDA:149,17,1,3
BRDA:163,18,0,1
BRDA:163,18,1,1
BRDA:165,19,0,1
BRDA:165,19,1,1
BRDA:174,20,0,2
BRDA:174,20,1,2
BRDA:188,21,0,4
BRF:42
BRH:18
end_of_record
TN:
SF:services/printfulService.js
FN:29,(anonymous_0)
FN:50,(anonymous_1)
FN:76,(anonymous_2)
FN:118,(anonymous_3)
FN:181,(anonymous_4)
FN:199,(anonymous_5)
FN:220,(anonymous_6)
FN:235,(anonymous_7)
FN:255,(anonymous_8)
FN:282,(anonymous_9)
FN:303,(anonymous_10)
FN:326,(anonymous_11)
FN:390,(anonymous_12)
FN:410,(anonymous_13)
FNF:14
FNH:9
FNDA:5,(anonymous_0)
FNDA:3,(anonymous_1)
FNDA:3,(anonymous_2)
FNDA:0,(anonymous_3)
FNDA:3,(anonymous_4)
FNDA:0,(anonymous_5)
FNDA:2,(anonymous_6)
FNDA:0,(anonymous_7)
FNDA:2,(anonymous_8)
FNDA:2,(anonymous_9)
FNDA:2,(anonymous_10)
FNDA:2,(anonymous_11)
FNDA:0,(anonymous_12)
FNDA:0,(anonymous_13)
DA:1,1
DA:2,1
DA:7,1
DA:9,1
DA:13,1
DA:14,1
DA:17,1
DA:29,1
DA:30,5
DA:32,5
DA:33,0
DA:36,5
DA:37,0
DA:39,5
DA:41,5
DA:50,1
DA:51,3
DA:53,3
DA:54,0
DA:57,3
DA:60,0
DA:62,3
DA:67,3
DA:76,1
DA:77,3
DA:79,3
DA:80,0
DA:83,3
DA:100,3
DA:101,0
DA:104,3
DA:105,0
DA:107,3
DA:109,3
DA:118,1
DA:121,0
DA:173,0
DA:181,1
DA:182,3
DA:184,3
DA:185,0
DA:188,3
DA:199,0
DA:206,0
DA:207,0
DA:209,3
DA:211,3
DA:220,1
DA:221,2
DA:223,2
DA:224,0
DA:227,2
DA:235,0
DA:241,0
DA:242,0
DA:244,2
DA:246,2
DA:255,1
DA:256,2
DA:258,2
DA:259,0
DA:262,2
DA:263,0
DA:268,2
DA:273,2
DA:282,1
DA:283,2
DA:285,2
DA:286,0
DA:289,2
DA:290,0
DA:292,2
DA:294,2
DA:303,1
DA:304,2
DA:306,2
DA:307,0
DA:310,2
DA:311,0
DA:313,2
DA:314,2
DA:315,0
DA:317,2
DA:326,1
DA:327,2
DA:328,2
DA:330,2
DA:331,0
DA:334,2
DA:336,2
DA:337,2
DA:339,2
DA:361,2
DA:364,2
DA:368,0
DA:369,0
DA:370,0
DA:373,0
DA:375,0
DA:378,0
DA:380,2
DA:381,2
DA:390,1
DA:391,0
DA:393,0
DA:395,0
DA:396,0
DA:397,0
DA:400,0
DA:402,0
DA:403,0
DA:404,0
DA:405,0
DA:406,0
DA:410,0
DA:412,0
DA:416,0
DA:417,0
DA:422,0
DA:425,1
LF:120
LH:73
BRDA:13,0,0,1
BRDA:13,0,1,0
BRDA:32,1,0,0
BRDA:32,1,1,5
BRDA:53,2,0,0
BRDA:53,2,1,3
BRDA:79,3,0,0
BRDA:79,3,1,3
BRDA:100,4,0,0
BRDA:100,4,1,3
BRDA:173,5,0,0
BRDA:173,5,1,0
BRDA:184,6,0,0
BRDA:184,6,1,3
BRDA:223,7,0,0
BRDA:223,7,1,2
BRDA:258,8,0,0
BRDA:258,8,1,2
BRDA:285,9,0,0
BRDA:285,9,1,2
BRDA:306,10,0,0
BRDA:306,10,1,2
BRDA:314,11,0,0
BRDA:314,11,1,2
BRDA:314,12,0,2
BRDA:314,12,1,0
BRDA:330,13,0,0
BRDA:330,13,1,2
BRDA:334,14,0,2
BRDA:402,15,0,0
BRDA:402,15,1,0
BRDA:405,16,0,0
BRDA:405,16,1,0
BRDA:416,17,0,0
BRDA:416,17,1,0
BRF:35
BRH:14
end_of_record
TN:
SF:services/shopifyService.js
FN:10,(anonymous_0)
FN:15,(anonymous_1)
FN:24,(anonymous_2)
FN:89,(anonymous_3)
FN:131,(anonymous_4)
FN:178,(anonymous_5)
FNF:6
FNH:4
FNDA:3,(anonymous_0)
FNDA:0,(anonymous_1)
FNDA:13,(anonymous_2)
FNDA:0,(anonymous_3)
FNDA:2,(anonymous_4)
FNDA:3,(anonymous_5)
DA:3,1
DA:5,1
DA:8,1
DA:11,3
DA:24,1
DA:25,13
DA:27,13
DA:31,11
DA:34,11
DA:43,2
DA:47,2
DA:50,0
DA:65,0
DA:70,0
DA:72,3
DA:74,3
DA:89,1
DA:90,0
DA:93,0
DA:94,0
DA:104,0
DA:107,0
DA:111,0
DA:112,0
DA:113,0
DA:123,0
DA:131,1
DA:132,2
DA:134,2
DA:138,1
DA:141,1
DA:150,1
DA:153,1
DA:155,0
DA:159,0
DA:161,1
DA:163,1
DA:178,1
DA:179,3
DA:181,3
DA:185,3
DA:188,3
DA:195,0
DA:198,0
DA:200,0
DA:207,0
DA:212,0
DA:214,0
DA:216,0
DA:224,1
LF:50
LH:29
BRDA:27,0,0,11
BRDA:27,0,1,2
BRDA:28,1,0,13
BRDA:28,1,1,9
BRDA:44,2,0,2
BRDA:44,2,1,1
BRDA:93,3,0,0
BRDA:93,3,1,0
BRDA:93,4,0,0
BRDA:93,4,1,0
BRDA:104,5,0,0
BRDA:104,5,1,0
BRDA:107,6,0,0
BRDA:107,6,1,0
BRDA:115,7,0,0
BRDA:115,7,1,0
BRDA:116,8,0,0
BRDA:116,8,1,0
BRDA:134,9,0,1
BRDA:134,9,1,1
BRDA:135,10,0,2
BRDA:135,10,1,2
BRDA:151,11,0,1
BRDA:151,11,1,0
BRDA:181,12,0,3
BRDA:181,12,1,0
BRDA:182,13,0,3
BRDA:182,13,1,3
BRDA:196,14,0,0
BRDA:196,14,1,0
BRF:30
BRH:14
end_of_record
TN:
SF:services/stripeConnectService.js
FN:13,(anonymous_0)
FN:54,(anonymous_1)
FN:80,(anonymous_2)
FN:101,(anonymous_3)
FN:123,(anonymous_4)
FN:184,(anonymous_5)
FN:246,(anonymous_6)
FN:279,(anonymous_7)
FN:312,(anonymous_8)
FN:339,(anonymous_9)
FN:373,(anonymous_10)
FN:401,(anonymous_11)
FN:429,(anonymous_12)
FN:457,(anonymous_13)
FN:482,(anonymous_14)
FN:525,(anonymous_15)
FN:539,(anonymous_16)
FN:579,(anonymous_17)
FN:623,(anonymous_18)
FN:667,(anonymous_19)
FN:710,(anonymous_20)
FN:736,(anonymous_21)
FN:760,(anonymous_22)
FN:790,(anonymous_23)
FN:822,(anonymous_24)
FN:844,(anonymous_25)
FN:884,(anonymous_26)
FN:920,(anonymous_27)
FNF:28
FNH:18
FNDA:8,(anonymous_0)
FNDA:3,(anonymous_1)
FNDA:3,(anonymous_2)
FNDA:2,(anonymous_3)
FNDA:3,(anonymous_4)
FNDA:2,(anonymous_5)
FNDA:2,(anonymous_6)
FNDA:3,(anonymous_7)
FNDA:3,(anonymous_8)
FNDA:3,(anonymous_9)
FNDA:2,(anonymous_10)
FNDA:2,(anonymous_11)
FNDA:2,(anonymous_12)
FNDA:4,(anonymous_13)
FNDA:4,(anonymous_14)
FNDA:2,(anonymous_15)
FNDA:2,(anonymous_16)
FNDA:0,(anonymous_17)
FNDA:0,(anonymous_18)
FNDA:0,(anonymous_19)
FNDA:0,(anonymous_20)
FNDA:0,(anonymous_21)
FNDA:0,(anonymous_22)
FNDA:0,(anonymous_23)
FNDA:0,(anonymous_24)
FNDA:0,(anonymous_25)
FNDA:0,(anonymous_26)
FNDA:1,(anonymous_27)
DA:1,1
DA:4,1
DA:6,1
DA:13,1
DA:14,8
DA:15,8
DA:16,1
DA:19,7
DA:39,4
DA:41,3
DA:43,3
DA:54,1
DA:55,3
DA:56,3
DA:57,1
DA:60,2
DA:67,1
DA:69,1
DA:71,1
DA:80,1
DA:81,3
DA:82,3
DA:83,1
DA:86,2
DA:87,1
DA:89,1
DA:91,1
DA:101,1
DA:102,2
DA:103,2
DA:104,0
DA:107,2
DA:108,2
DA:110,0
DA:112,0
DA:123,1
DA:128,3
DA:129,3
DA:130,0
DA:143,3
DA:146,3
DA:150,3
DA:162,3
DA:164,0
DA:169,0
DA:184,1
DA:189,2
DA:190,2
DA:191,0
DA:205,2
DA:208,2
DA:212,2
DA:225,2
DA:227,0
DA:232,0
DA:246,1
DA:247,2
DA:248,2
DA:249,0
DA:252,2
DA:254,2
DA:262,2
DA:264,0
DA:269,0
DA:279,1
DA:280,3
DA:281,3
DA:282,0
DA:285,3
DA:287,3
DA:296,3
DA:298,0
DA:303,0
DA:312,1
DA:313,3
DA:314,3
DA:315,0
DA:318,3
DA:322,3
DA:324,0
DA:329,0
DA:339,1
DA:343,3
DA:344,3
DA:345,0
DA:348,3
DA:350,3
DA:357,3
DA:359,0
DA:364,0
DA:373,1
DA:374,2
DA:375,2
DA:376,0
DA:379,2
DA:381,2
DA:388,2
DA:390,0
DA:392,0
DA:401,1
DA:402,2
DA:403,2
DA:404,0
DA:407,2
DA:409,2
DA:415,2
DA:417,0
DA:419,0
DA:429,1
DA:430,2
DA:431,2
DA:432,0
DA:435,2
DA:439,2
DA:441,0
DA:446,0
DA:457,1
DA:458,4
DA:459,4
DA:460,1
DA:463,3
DA:468,2
DA:470,1
DA:471,1
DA:482,1
DA:483,4
DA:484,4
DA:525,1
DA:526,2
DA:539,1
DA:540,2
DA:579,1
DA:580,0
DA:623,1
DA:634,0
DA:635,0
DA:636,0
DA:640,0
DA:667,1
DA:678,0
DA:679,0
DA:680,0
DA:684,0
DA:710,1
DA:711,0
DA:712,0
DA:714,0
DA:736,1
DA:737,0
DA:738,0
DA:740,0
DA:760,1
DA:761,0
DA:790,1
DA:791,0
DA:792,0
DA:794,0
DA:795,0
DA:809,0
DA:822,1
DA:823,0
DA:824,0
DA:826,0
DA:844,1
DA:845,0
DA:846,0
DA:848,0
DA:884,1
DA:885,0
DA:920,1
DA:921,1
DA:922,1
DA:923,1
DA:934,0
DA:935,0
DA:948,1
LF:176
LH:116
BRDA:2,0,0,1
BRDA:2,0,1,0
BRDA:15,1,0,1
BRDA:15,1,1,7
BRDA:21,2,0,7
BRDA:21,2,1,5
BRDA:29,3,0,7
BRDA:29,3,1,5
BRDA:31,4,0,7
BRDA:31,4,1,7
BRDA:56,5,0,1
BRDA:56,5,1,2
BRDA:82,6,0,1
BRDA:82,6,1,2
BRDA:103,7,0,0
BRDA:103,7,1,2
BRDA:126,8,0,0
BRDA:129,9,0,0
BRDA:129,9,1,3
BRDA:139,10,0,0
BRDA:187,11,0,2
BRDA:190,12,0,0
BRDA:190,12,1,2
BRDA:200,13,0,0
BRDA:248,14,0,0
BRDA:248,14,1,2
BRDA:252,15,0,0
BRDA:279,16,0,1
BRDA:281,17,0,0
BRDA:281,17,1,3
BRDA:314,18,0,0
BRDA:314,18,1,3
BRDA:341,19,0,1
BRDA:344,20,0,0
BRDA:344,20,1,3
BRDA:348,21,0,1
BRDA:375,22,0,0
BRDA:375,22,1,2
BRDA:403,23,0,0
BRDA:403,23,1,2
BRDA:407,24,0,0
BRDA:431,25,0,0
BRDA:431,25,1,2
BRDA:459,26,0,1
BRDA:459,26,1,3
BRDA:488,27,0,4
BRDA:488,27,1,2
BRDA:490,28,0,4
BRDA:490,28,1,4
BRDA:497,29,0,4
BRDA:497,29,1,2
BRDA:584,30,0,0
BRDA:584,30,1,0
BRDA:586,31,0,0
BRDA:586,31,1,0
BRDA:594,32,0,0
BRDA:594,32,1,0
BRDA:596,33,0,0
BRDA:596,33,1,0
BRDA:598,34,0,0
BRDA:598,34,1,0
BRDA:600,35,0,0
BRDA:600,35,1,0
BRDA:607,36,0,0
BRDA:607,36,1,0
BRDA:608,37,0,0
BRDA:608,37,1,0
BRDA:630,38,0,0
BRDA:646,39,0,0
BRDA:646,39,1,0
BRDA:649,40,0,0
BRDA:649,40,1,0
BRDA:674,41,0,0
BRDA:690,42,0,0
BRDA:690,42,1,0
BRDA:693,43,0,0
BRDA:693,43,1,0
BRDA:711,44,0,0
BRDA:722,45,0,0
BRDA:722,45,1,0
BRDA:736,46,0,0
BRDA:743,47,0,0
BRDA:743,47,1,0
BRDA:748,48,0,0
BRDA:748,48,1,0
BRDA:750,49,0,0
BRDA:750,49,1,0
BRDA:790,50,0,0
BRDA:791,51,0,0
BRDA:830,52,0,0
BRDA:830,52,1,0
BRDA:831,53,0,0
BRDA:831,53,1,0
BRDA:832,54,0,0
BRDA:832,54,1,0
BRDA:834,55,0,0
BRDA:834,55,1,0
BRDA:845,56,0,0
BRDA:861,57,0,0
BRDA:861,57,1,0
BRDA:922,58,0,1
BRDA:922,58,1,0
BRDA:931,59,0,1
BRDA:931,59,1,0
BRF:104
BRH:37
end_of_record
