{"/home/ywvlfy/projects/waifu-hospital/ai_service/app.js": {"path":"/home/ywvlfy/projects/waifu-hospital/ai_service/app.js","statementMap":{"0":{"start":{"line":1,"column":0},"end":{"line":1,"column":27}},"1":{"start":{"line":2,"column":16},"end":{"line":2,"column":34}},"2":{"start":{"line":3,"column":13},"end":{"line":3,"column":28}},"3":{"start":{"line":4,"column":14},"end":{"line":4,"column":30}},"4":{"start":{"line":5,"column":20},"end":{"line":5,"column":53}},"5":{"start":{"line":6,"column":21},"end":{"line":6,"column":55}},"6":{"start":{"line":7,"column":26},"end":{"line":7,"column":55}},"7":{"start":{"line":10,"column":12},"end":{"line":10,"column":21}},"8":{"start":{"line":13,"column":20},"end":{"line":18,"column":1}},"9":{"start":{"line":19,"column":0},"end":{"line":19,"column":27}},"10":{"start":{"line":20,"column":0},"end":{"line":20,"column":24}},"11":{"start":{"line":23,"column":0},"end":{"line":26,"column":3}},"12":{"start":{"line":24,"column":2},"end":{"line":24,"column":48}},"13":{"start":{"line":25,"column":2},"end":{"line":25,"column":75}},"14":{"start":{"line":29,"column":0},"end":{"line":58,"column":3}},"15":{"start":{"line":30,"column":35},"end":{"line":30,"column":43}},"16":{"start":{"line":32,"column":2},"end":{"line":35,"column":3}},"17":{"start":{"line":33,"column":4},"end":{"line":33,"column":65}},"18":{"start":{"line":34,"column":4},"end":{"line":34,"column":66}},"19":{"start":{"line":37,"column":2},"end":{"line":40,"column":5}},"20":{"start":{"line":43,"column":21},"end":{"line":43,"column":77}},"21":{"start":{"line":45,"column":2},"end":{"line":57,"column":3}},"22":{"start":{"line":46,"column":4},"end":{"line":49,"column":7}},"23":{"start":{"line":50,"column":4},"end":{"line":50,"column":39}},"24":{"start":{"line":53,"column":4},"end":{"line":53,"column":78}},"25":{"start":{"line":54,"column":29},"end":{"line":54,"column":73}},"26":{"start":{"line":55,"column":4},"end":{"line":55,"column":74}},"27":{"start":{"line":56,"column":4},"end":{"line":56,"column":45}},"28":{"start":{"line":61,"column":0},"end":{"line":93,"column":3}},"29":{"start":{"line":62,"column":24},"end":{"line":62,"column":32}},"30":{"start":{"line":64,"column":2},"end":{"line":67,"column":3}},"31":{"start":{"line":65,"column":4},"end":{"line":65,"column":55}},"32":{"start":{"line":66,"column":4},"end":{"line":66,"column":90}},"33":{"start":{"line":69,"column":2},"end":{"line":71,"column":5}},"34":{"start":{"line":73,"column":2},"end":{"line":92,"column":3}},"35":{"start":{"line":75,"column":25},"end":{"line":75,"column":74}},"36":{"start":{"line":77,"column":4},"end":{"line":87,"column":5}},"37":{"start":{"line":78,"column":6},"end":{"line":81,"column":9}},"38":{"start":{"line":82,"column":6},"end":{"line":82,"column":33}},"39":{"start":{"line":85,"column":23},"end":{"line":85,"column":118}},"40":{"start":{"line":86,"column":6},"end":{"line":86,"column":43}},"41":{"start":{"line":89,"column":4},"end":{"line":89,"column":59}},"42":{"start":{"line":90,"column":21},"end":{"line":90,"column":116}},"43":{"start":{"line":91,"column":4},"end":{"line":91,"column":41}},"44":{"start":{"line":96,"column":0},"end":{"line":133,"column":3}},"45":{"start":{"line":97,"column":46},"end":{"line":97,"column":54}},"46":{"start":{"line":99,"column":2},"end":{"line":102,"column":3}},"47":{"start":{"line":100,"column":4},"end":{"line":100,"column":52}},"48":{"start":{"line":101,"column":4},"end":{"line":101,"column":70}},"49":{"start":{"line":104,"column":2},"end":{"line":107,"column":3}},"50":{"start":{"line":105,"column":4},"end":{"line":105,"column":46}},"51":{"start":{"line":106,"column":4},"end":{"line":106,"column":64}},"52":{"start":{"line":109,"column":2},"end":{"line":112,"column":5}},"53":{"start":{"line":114,"column":2},"end":{"line":132,"column":3}},"54":{"start":{"line":116,"column":21},"end":{"line":120,"column":6}},"55":{"start":{"line":122,"column":4},"end":{"line":122,"column":46}},"56":{"start":{"line":123,"column":4},"end":{"line":123,"column":27}},"57":{"start":{"line":125,"column":4},"end":{"line":125,"column":63}},"58":{"start":{"line":128,"column":24},"end":{"line":128,"column":60}},"59":{"start":{"line":129,"column":4},"end":{"line":129,"column":51}},"60":{"start":{"line":131,"column":4},"end":{"line":131,"column":40}},"61":{"start":{"line":136,"column":0},"end":{"line":164,"column":3}},"62":{"start":{"line":137,"column":17},"end":{"line":137,"column":27}},"63":{"start":{"line":139,"column":2},"end":{"line":142,"column":3}},"64":{"start":{"line":140,"column":4},"end":{"line":140,"column":53}},"65":{"start":{"line":141,"column":4},"end":{"line":141,"column":71}},"66":{"start":{"line":144,"column":2},"end":{"line":163,"column":3}},"67":{"start":{"line":145,"column":23},"end":{"line":145,"column":71}},"68":{"start":{"line":146,"column":21},"end":{"line":146,"column":74}},"69":{"start":{"line":148,"column":4},"end":{"line":154,"column":5}},"70":{"start":{"line":149,"column":6},"end":{"line":149,"column":58}},"71":{"start":{"line":150,"column":6},"end":{"line":150,"column":30}},"72":{"start":{"line":152,"column":6},"end":{"line":152,"column":64}},"73":{"start":{"line":153,"column":6},"end":{"line":153,"column":72}},"74":{"start":{"line":156,"column":4},"end":{"line":159,"column":6}},"75":{"start":{"line":160,"column":4},"end":{"line":162,"column":7}},"76":{"start":{"line":167,"column":0},"end":{"line":170,"column":3}},"77":{"start":{"line":168,"column":2},"end":{"line":168,"column":40}},"78":{"start":{"line":169,"column":2},"end":{"line":169,"column":59}},"79":{"start":{"line":174,"column":2},"end":{"line":201,"column":3}},"80":{"start":{"line":175,"column":23},"end":{"line":175,"column":71}},"81":{"start":{"line":177,"column":27},"end":{"line":177,"column":74}},"82":{"start":{"line":179,"column":24},"end":{"line":179,"column":26}},"83":{"start":{"line":181,"column":4},"end":{"line":186,"column":5}},"84":{"start":{"line":182,"column":6},"end":{"line":184,"column":8}},"85":{"start":{"line":185,"column":6},"end":{"line":185,"column":47}},"86":{"start":{"line":191,"column":4},"end":{"line":198,"column":5}},"87":{"start":{"line":192,"column":6},"end":{"line":192,"column":35}},"88":{"start":{"line":193,"column":6},"end":{"line":195,"column":8}},"89":{"start":{"line":197,"column":6},"end":{"line":197,"column":58}},"90":{"start":{"line":200,"column":4},"end":{"line":200,"column":77}},"91":{"start":{"line":204,"column":0},"end":{"line":204,"column":42}}},"fnMap":{"0":{"name":"(anonymous_0)","decl":{"start":{"line":23,"column":19},"end":{"line":23,"column":20}},"loc":{"start":{"line":23,"column":33},"end":{"line":26,"column":1}},"line":23},"1":{"name":"(anonymous_1)","decl":{"start":{"line":29,"column":22},"end":{"line":29,"column":23}},"loc":{"start":{"line":29,"column":42},"end":{"line":58,"column":1}},"line":29},"2":{"name":"(anonymous_2)","decl":{"start":{"line":61,"column":32},"end":{"line":61,"column":33}},"loc":{"start":{"line":61,"column":52},"end":{"line":93,"column":1}},"line":61},"3":{"name":"(anonymous_3)","decl":{"start":{"line":96,"column":32},"end":{"line":96,"column":33}},"loc":{"start":{"line":96,"column":52},"end":{"line":133,"column":1}},"line":96},"4":{"name":"(anonymous_4)","decl":{"start":{"line":136,"column":31},"end":{"line":136,"column":32}},"loc":{"start":{"line":136,"column":51},"end":{"line":164,"column":1}},"line":136},"5":{"name":"(anonymous_5)","decl":{"start":{"line":167,"column":8},"end":{"line":167,"column":9}},"loc":{"start":{"line":167,"column":33},"end":{"line":170,"column":1}},"line":167},"6":{"name":"fetchCharacters","decl":{"start":{"line":173,"column":15},"end":{"line":173,"column":30}},"loc":{"start":{"line":173,"column":33},"end":{"line":202,"column":1}},"line":173}},"branchMap":{"0":{"loc":{"start":{"line":32,"column":2},"end":{"line":35,"column":3}},"type":"if","locations":[{"start":{"line":32,"column":2},"end":{"line":35,"column":3}},{"start":{},"end":{}}],"line":32},"1":{"loc":{"start":{"line":45,"column":2},"end":{"line":57,"column":3}},"type":"if","locations":[{"start":{"line":45,"column":2},"end":{"line":57,"column":3}},{"start":{"line":51,"column":9},"end":{"line":57,"column":3}}],"line":45},"2":{"loc":{"start":{"line":64,"column":2},"end":{"line":67,"column":3}},"type":"if","locations":[{"start":{"line":64,"column":2},"end":{"line":67,"column":3}},{"start":{},"end":{}}],"line":64},"3":{"loc":{"start":{"line":64,"column":6},"end":{"line":64,"column":61}},"type":"binary-expr","locations":[{"start":{"line":64,"column":6},"end":{"line":64,"column":16}},{"start":{"line":64,"column":20},"end":{"line":64,"column":35}},{"start":{"line":64,"column":39},"end":{"line":64,"column":61}}],"line":64},"4":{"loc":{"start":{"line":77,"column":4},"end":{"line":87,"column":5}},"type":"if","locations":[{"start":{"line":77,"column":4},"end":{"line":87,"column":5}},{"start":{"line":83,"column":11},"end":{"line":87,"column":5}}],"line":77},"5":{"loc":{"start":{"line":99,"column":2},"end":{"line":102,"column":3}},"type":"if","locations":[{"start":{"line":99,"column":2},"end":{"line":102,"column":3}},{"start":{},"end":{}}],"line":99},"6":{"loc":{"start":{"line":104,"column":2},"end":{"line":107,"column":3}},"type":"if","locations":[{"start":{"line":104,"column":2},"end":{"line":107,"column":3}},{"start":{},"end":{}}],"line":104},"7":{"loc":{"start":{"line":118,"column":19},"end":{"line":118,"column":36}},"type":"binary-expr","locations":[{"start":{"line":118,"column":19},"end":{"line":118,"column":30}},{"start":{"line":118,"column":34},"end":{"line":118,"column":36}}],"line":118},"8":{"loc":{"start":{"line":139,"column":2},"end":{"line":142,"column":3}},"type":"if","locations":[{"start":{"line":139,"column":2},"end":{"line":142,"column":3}},{"start":{},"end":{}}],"line":139},"9":{"loc":{"start":{"line":145,"column":23},"end":{"line":145,"column":71}},"type":"binary-expr","locations":[{"start":{"line":145,"column":23},"end":{"line":145,"column":46}},{"start":{"line":145,"column":50},"end":{"line":145,"column":71}}],"line":145},"10":{"loc":{"start":{"line":148,"column":4},"end":{"line":154,"column":5}},"type":"if","locations":[{"start":{"line":148,"column":4},"end":{"line":154,"column":5}},{"start":{"line":151,"column":11},"end":{"line":154,"column":5}}],"line":148},"11":{"loc":{"start":{"line":160,"column":15},"end":{"line":160,"column":44}},"type":"binary-expr","locations":[{"start":{"line":160,"column":15},"end":{"line":160,"column":37}},{"start":{"line":160,"column":41},"end":{"line":160,"column":44}}],"line":160},"12":{"loc":{"start":{"line":161,"column":13},"end":{"line":161,"column":74}},"type":"binary-expr","locations":[{"start":{"line":161,"column":13},"end":{"line":161,"column":38}},{"start":{"line":161,"column":42},"end":{"line":161,"column":74}}],"line":161},"13":{"loc":{"start":{"line":175,"column":23},"end":{"line":175,"column":71}},"type":"binary-expr","locations":[{"start":{"line":175,"column":23},"end":{"line":175,"column":46}},{"start":{"line":175,"column":50},"end":{"line":175,"column":71}}],"line":175},"14":{"loc":{"start":{"line":181,"column":4},"end":{"line":186,"column":5}},"type":"if","locations":[{"start":{"line":181,"column":4},"end":{"line":186,"column":5}},{"start":{},"end":{}}],"line":181},"15":{"loc":{"start":{"line":181,"column":8},"end":{"line":181,"column":65}},"type":"binary-expr","locations":[{"start":{"line":181,"column":8},"end":{"line":181,"column":27}},{"start":{"line":181,"column":31},"end":{"line":181,"column":65}}],"line":181},"16":{"loc":{"start":{"line":191,"column":4},"end":{"line":198,"column":5}},"type":"if","locations":[{"start":{"line":191,"column":4},"end":{"line":198,"column":5}},{"start":{"line":196,"column":11},"end":{"line":198,"column":5}}],"line":191}},"s":{"0":1,"1":1,"2":1,"3":1,"4":1,"5":1,"6":1,"7":1,"8":1,"9":1,"10":1,"11":1,"12":3,"13":3,"14":1,"15":8,"16":8,"17":2,"18":2,"19":6,"20":6,"21":6,"22":4,"23":4,"24":2,"25":2,"26":2,"27":2,"28":1,"29":8,"30":8,"31":4,"32":4,"33":4,"34":4,"35":4,"36":3,"37":2,"38":2,"39":1,"40":1,"41":1,"42":1,"43":1,"44":1,"45":7,"46":7,"47":1,"48":1,"49":6,"50":1,"51":1,"52":5,"53":5,"54":5,"55":4,"56":4,"57":1,"58":1,"59":1,"60":1,"61":1,"62":5,"63":5,"64":0,"65":0,"66":5,"67":5,"68":5,"69":3,"70":2,"71":2,"72":1,"73":1,"74":2,"75":2,"76":1,"77":2,"78":2,"79":0,"80":0,"81":0,"82":0,"83":0,"84":0,"85":0,"86":0,"87":0,"88":0,"89":0,"90":0,"91":1},"f":{"0":3,"1":8,"2":8,"3":7,"4":5,"5":2,"6":0},"b":{"0":[2,6],"1":[4,2],"2":[4,4],"3":[8,7,5],"4":[2,1],"5":[1,6],"6":[1,5],"7":[5,2],"8":[0,5],"9":[5,1],"10":[2,1],"11":[2,1],"12":[2,1],"13":[0,0],"14":[0,0],"15":[0,0],"16":[0,0]},"_coverageSchema":"1a1c01bbd47fc00a2c39e90264f33305004495a9","hash":"fa1e2ddf7dabd559e976f94da8b3f92cfea719e5"}
,"/home/ywvlfy/projects/waifu-hospital/ai_service/server.js": {"path":"/home/ywvlfy/projects/waifu-hospital/ai_service/server.js","statementMap":{"0":{"start":{"line":1,"column":33},"end":{"line":1,"column":49}},"1":{"start":{"line":3,"column":13},"end":{"line":3,"column":37}},"2":{"start":{"line":6,"column":0},"end":{"line":14,"column":3}},"3":{"start":{"line":7,"column":2},"end":{"line":7,"column":52}},"4":{"start":{"line":10,"column":2},"end":{"line":10,"column":20}},"5":{"start":{"line":13,"column":2},"end":{"line":13,"column":46}}},"fnMap":{"0":{"name":"(anonymous_0)","decl":{"start":{"line":6,"column":17},"end":{"line":6,"column":18}},"loc":{"start":{"line":6,"column":23},"end":{"line":14,"column":1}},"line":6}},"branchMap":{"0":{"loc":{"start":{"line":3,"column":13},"end":{"line":3,"column":37}},"type":"binary-expr","locations":[{"start":{"line":3,"column":13},"end":{"line":3,"column":29}},{"start":{"line":3,"column":33},"end":{"line":3,"column":37}}],"line":3}},"s":{"0":0,"1":0,"2":0,"3":0,"4":0,"5":0},"f":{"0":0},"b":{"0":[0,0]}}
,"/home/ywvlfy/projects/waifu-hospital/ai_service/models/Character.js": {"path":"/home/ywvlfy/projects/waifu-hospital/ai_service/models/Character.js","statementMap":{"0":{"start":{"line":28,"column":4},"end":{"line":28,"column":17}},"1":{"start":{"line":29,"column":4},"end":{"line":29,"column":21}},"2":{"start":{"line":30,"column":4},"end":{"line":30,"column":35}},"3":{"start":{"line":31,"column":4},"end":{"line":31,"column":35}},"4":{"start":{"line":32,"column":4},"end":{"line":32,"column":37}},"5":{"start":{"line":33,"column":4},"end":{"line":33,"column":39}},"6":{"start":{"line":34,"column":4},"end":{"line":34,"column":39}},"7":{"start":{"line":35,"column":4},"end":{"line":35,"column":27}},"8":{"start":{"line":36,"column":4},"end":{"line":36,"column":40}},"9":{"start":{"line":44,"column":17},"end":{"line":44,"column":96}},"10":{"start":{"line":46,"column":4},"end":{"line":48,"column":5}},"11":{"start":{"line":47,"column":6},"end":{"line":47,"column":39}},"12":{"start":{"line":50,"column":4},"end":{"line":52,"column":5}},"13":{"start":{"line":51,"column":6},"end":{"line":51,"column":42}},"14":{"start":{"line":54,"column":4},"end":{"line":54,"column":19}},"15":{"start":{"line":56,"column":4},"end":{"line":58,"column":5}},"16":{"start":{"line":57,"column":6},"end":{"line":57,"column":60}},"17":{"start":{"line":60,"column":4},"end":{"line":62,"column":5}},"18":{"start":{"line":61,"column":6},"end":{"line":61,"column":39}},"19":{"start":{"line":64,"column":4},"end":{"line":66,"column":5}},"20":{"start":{"line":65,"column":6},"end":{"line":65,"column":55}},"21":{"start":{"line":68,"column":4},"end":{"line":70,"column":5}},"22":{"start":{"line":69,"column":6},"end":{"line":69,"column":73}},"23":{"start":{"line":72,"column":4},"end":{"line":82,"column":221}},"24":{"start":{"line":85,"column":4},"end":{"line":119,"column":5}},"25":{"start":{"line":86,"column":30},"end":{"line":86,"column":32}},"26":{"start":{"line":88,"column":6},"end":{"line":116,"column":7}},"27":{"start":{"line":90,"column":10},"end":{"line":91,"column":115}},"28":{"start":{"line":92,"column":10},"end":{"line":92,"column":16}},"29":{"start":{"line":94,"column":10},"end":{"line":95,"column":315}},"30":{"start":{"line":96,"column":10},"end":{"line":96,"column":16}},"31":{"start":{"line":98,"column":10},"end":{"line":99,"column":316}},"32":{"start":{"line":100,"column":10},"end":{"line":100,"column":16}},"33":{"start":{"line":102,"column":10},"end":{"line":103,"column":303}},"34":{"start":{"line":104,"column":10},"end":{"line":104,"column":16}},"35":{"start":{"line":106,"column":10},"end":{"line":107,"column":318}},"36":{"start":{"line":108,"column":10},"end":{"line":108,"column":16}},"37":{"start":{"line":110,"column":10},"end":{"line":111,"column":322}},"38":{"start":{"line":112,"column":10},"end":{"line":112,"column":16}},"39":{"start":{"line":114,"column":10},"end":{"line":115,"column":316}},"40":{"start":{"line":118,"column":6},"end":{"line":118,"column":41}},"41":{"start":{"line":121,"column":4},"end":{"line":121,"column":144}},"42":{"start":{"line":123,"column":4},"end":{"line":123,"column":18}},"43":{"start":{"line":128,"column":17},"end":{"line":128,"column":19}},"44":{"start":{"line":135,"column":2},"end":{"line":148,"column":4}},"45":{"start":{"line":137,"column":6},"end":{"line":147,"column":7}},"46":{"start":{"line":157,"column":2},"end":{"line":157,"column":59}},"47":{"start":{"line":157,"column":35},"end":{"line":157,"column":49}},"48":{"start":{"line":160,"column":0},"end":{"line":164,"column":2}}},"fnMap":{"0":{"name":"(anonymous_0)","decl":{"start":{"line":17,"column":2},"end":{"line":17,"column":3}},"loc":{"start":{"line":27,"column":4},"end":{"line":37,"column":3}},"line":27},"1":{"name":"(anonymous_1)","decl":{"start":{"line":43,"column":2},"end":{"line":43,"column":3}},"loc":{"start":{"line":43,"column":20},"end":{"line":124,"column":3}},"line":43},"2":{"name":"setCharacters","decl":{"start":{"line":134,"column":9},"end":{"line":134,"column":22}},"loc":{"start":{"line":134,"column":38},"end":{"line":149,"column":1}},"line":134},"3":{"name":"(anonymous_3)","decl":{"start":{"line":136,"column":4},"end":{"line":136,"column":5}},"loc":{"start":{"line":137,"column":6},"end":{"line":147,"column":7}},"line":137},"4":{"name":"getCharacterById","decl":{"start":{"line":156,"column":9},"end":{"line":156,"column":25}},"loc":{"start":{"line":156,"column":30},"end":{"line":158,"column":1}},"line":156},"5":{"name":"(anonymous_5)","decl":{"start":{"line":157,"column":25},"end":{"line":157,"column":26}},"loc":{"start":{"line":157,"column":35},"end":{"line":157,"column":49}},"line":157}},"branchMap":{"0":{"loc":{"start":{"line":32,"column":21},"end":{"line":32,"column":36}},"type":"binary-expr","locations":[{"start":{"line":32,"column":21},"end":{"line":32,"column":30}},{"start":{"line":32,"column":34},"end":{"line":32,"column":36}}],"line":32},"1":{"loc":{"start":{"line":33,"column":22},"end":{"line":33,"column":38}},"type":"binary-expr","locations":[{"start":{"line":33,"column":22},"end":{"line":33,"column":32}},{"start":{"line":33,"column":36},"end":{"line":33,"column":38}}],"line":33},"2":{"loc":{"start":{"line":34,"column":22},"end":{"line":34,"column":38}},"type":"binary-expr","locations":[{"start":{"line":34,"column":22},"end":{"line":34,"column":32}},{"start":{"line":34,"column":36},"end":{"line":34,"column":38}}],"line":34},"3":{"loc":{"start":{"line":35,"column":15},"end":{"line":35,"column":26}},"type":"binary-expr","locations":[{"start":{"line":35,"column":15},"end":{"line":35,"column":18}},{"start":{"line":35,"column":22},"end":{"line":35,"column":26}}],"line":35},"4":{"loc":{"start":{"line":36,"column":23},"end":{"line":36,"column":39}},"type":"binary-expr","locations":[{"start":{"line":36,"column":23},"end":{"line":36,"column":34}},{"start":{"line":36,"column":38},"end":{"line":36,"column":39}}],"line":36},"5":{"loc":{"start":{"line":46,"column":4},"end":{"line":48,"column":5}},"type":"if","locations":[{"start":{"line":46,"column":4},"end":{"line":48,"column":5}},{"start":{},"end":{}}],"line":46},"6":{"loc":{"start":{"line":50,"column":4},"end":{"line":52,"column":5}},"type":"if","locations":[{"start":{"line":50,"column":4},"end":{"line":52,"column":5}},{"start":{},"end":{}}],"line":50},"7":{"loc":{"start":{"line":56,"column":4},"end":{"line":58,"column":5}},"type":"if","locations":[{"start":{"line":56,"column":4},"end":{"line":58,"column":5}},{"start":{},"end":{}}],"line":56},"8":{"loc":{"start":{"line":60,"column":4},"end":{"line":62,"column":5}},"type":"if","locations":[{"start":{"line":60,"column":4},"end":{"line":62,"column":5}},{"start":{},"end":{}}],"line":60},"9":{"loc":{"start":{"line":64,"column":4},"end":{"line":66,"column":5}},"type":"if","locations":[{"start":{"line":64,"column":4},"end":{"line":66,"column":5}},{"start":{},"end":{}}],"line":64},"10":{"loc":{"start":{"line":68,"column":4},"end":{"line":70,"column":5}},"type":"if","locations":[{"start":{"line":68,"column":4},"end":{"line":70,"column":5}},{"start":{},"end":{}}],"line":68},"11":{"loc":{"start":{"line":68,"column":8},"end":{"line":68,"column":51}},"type":"binary-expr","locations":[{"start":{"line":68,"column":8},"end":{"line":68,"column":22}},{"start":{"line":68,"column":26},"end":{"line":68,"column":51}}],"line":68},"12":{"loc":{"start":{"line":85,"column":4},"end":{"line":119,"column":5}},"type":"if","locations":[{"start":{"line":85,"column":4},"end":{"line":119,"column":5}},{"start":{},"end":{}}],"line":85},"13":{"loc":{"start":{"line":85,"column":8},"end":{"line":85,"column":63}},"type":"binary-expr","locations":[{"start":{"line":85,"column":8},"end":{"line":85,"column":38}},{"start":{"line":85,"column":42},"end":{"line":85,"column":63}}],"line":85},"14":{"loc":{"start":{"line":88,"column":6},"end":{"line":116,"column":7}},"type":"switch","locations":[{"start":{"line":89,"column":8},"end":{"line":92,"column":16}},{"start":{"line":93,"column":8},"end":{"line":96,"column":16}},{"start":{"line":97,"column":8},"end":{"line":100,"column":16}},{"start":{"line":101,"column":8},"end":{"line":104,"column":16}},{"start":{"line":105,"column":8},"end":{"line":108,"column":16}},{"start":{"line":109,"column":8},"end":{"line":112,"column":16}},{"start":{"line":113,"column":8},"end":{"line":115,"column":316}}],"line":88},"15":{"loc":{"start":{"line":157,"column":9},"end":{"line":157,"column":58}},"type":"binary-expr","locations":[{"start":{"line":157,"column":9},"end":{"line":157,"column":50}},{"start":{"line":157,"column":54},"end":{"line":157,"column":58}}],"line":157}},"s":{"0":23,"1":23,"2":23,"3":23,"4":23,"5":23,"6":23,"7":23,"8":23,"9":14,"10":14,"11":3,"12":14,"13":3,"14":14,"15":14,"16":14,"17":14,"18":14,"19":14,"20":3,"21":14,"22":3,"23":14,"24":14,"25":14,"26":14,"27":2,"28":2,"29":3,"30":3,"31":4,"32":4,"33":2,"34":2,"35":1,"36":1,"37":2,"38":2,"39":0,"40":14,"41":14,"42":14,"43":2,"44":12,"45":6,"46":9,"47":8,"48":2},"f":{"0":23,"1":14,"2":12,"3":6,"4":9,"5":8},"b":{"0":[23,9],"1":[23,18],"2":[23,18],"3":[23,18],"4":[23,12],"5":[3,11],"6":[3,11],"7":[14,0],"8":[14,0],"9":[3,11],"10":[3,11],"11":[14,14],"12":[14,0],"13":[14,14],"14":[2,3,4,2,1,2,0],"15":[9,4]},"_coverageSchema":"1a1c01bbd47fc00a2c39e90264f33305004495a9","hash":"ef6ec8db5c5d5b099625c95e36b8a8b313f82278"}
,"/home/ywvlfy/projects/waifu-hospital/ai_service/services/ChatService.js": {"path":"/home/ywvlfy/projects/waifu-hospital/ai_service/services/ChatService.js","statementMap":{"0":{"start":{"line":1,"column":19},"end":{"line":1,"column":36}},"1":{"start":{"line":2,"column":14},"end":{"line":2,"column":30}},"2":{"start":{"line":3,"column":40},"end":{"line":3,"column":70}},"3":{"start":{"line":10,"column":4},"end":{"line":12,"column":7}},"4":{"start":{"line":25,"column":20},"end":{"line":25,"column":49}},"5":{"start":{"line":28,"column":4},"end":{"line":62,"column":5}},"6":{"start":{"line":29,"column":6},"end":{"line":61,"column":7}},"7":{"start":{"line":30,"column":8},"end":{"line":32,"column":10}},"8":{"start":{"line":35,"column":27},"end":{"line":35,"column":75}},"9":{"start":{"line":36,"column":25},"end":{"line":38,"column":9}},"10":{"start":{"line":40,"column":8},"end":{"line":54,"column":9}},"11":{"start":{"line":42,"column":27},"end":{"line":42,"column":40}},"12":{"start":{"line":43,"column":10},"end":{"line":53,"column":12}},"13":{"start":{"line":56,"column":8},"end":{"line":59,"column":10}},"14":{"start":{"line":60,"column":8},"end":{"line":60,"column":70}},"15":{"start":{"line":64,"column":4},"end":{"line":68,"column":5}},"16":{"start":{"line":65,"column":6},"end":{"line":67,"column":8}},"17":{"start":{"line":70,"column":4},"end":{"line":121,"column":5}},"18":{"start":{"line":72,"column":27},"end":{"line":72,"column":54}},"19":{"start":{"line":73,"column":6},"end":{"line":76,"column":8}},"20":{"start":{"line":79,"column":6},"end":{"line":84,"column":7}},"21":{"start":{"line":80,"column":8},"end":{"line":82,"column":10}},"22":{"start":{"line":83,"column":8},"end":{"line":83,"column":53}},"23":{"start":{"line":87,"column":6},"end":{"line":116,"column":7}},"24":{"start":{"line":88,"column":27},"end":{"line":96,"column":10}},"25":{"start":{"line":98,"column":8},"end":{"line":98,"column":53}},"26":{"start":{"line":101,"column":8},"end":{"line":113,"column":9}},"27":{"start":{"line":102,"column":10},"end":{"line":105,"column":13}},"28":{"start":{"line":106,"column":15},"end":{"line":113,"column":9}},"29":{"start":{"line":107,"column":10},"end":{"line":110,"column":12}},"30":{"start":{"line":112,"column":10},"end":{"line":112,"column":55}},"31":{"start":{"line":115,"column":8},"end":{"line":115,"column":20}},"32":{"start":{"line":118,"column":6},"end":{"line":118,"column":70}},"33":{"start":{"line":120,"column":6},"end":{"line":120,"column":18}},"34":{"start":{"line":130,"column":4},"end":{"line":167,"column":5}},"35":{"start":{"line":132,"column":6},"end":{"line":135,"column":7}},"36":{"start":{"line":133,"column":8},"end":{"line":133,"column":85}},"37":{"start":{"line":134,"column":8},"end":{"line":134,"column":20}},"38":{"start":{"line":138,"column":27},"end":{"line":149,"column":48}},"39":{"start":{"line":151,"column":25},"end":{"line":151,"column":121}},"40":{"start":{"line":153,"column":25},"end":{"line":161,"column":8}},"41":{"start":{"line":163,"column":6},"end":{"line":163,"column":51}},"42":{"start":{"line":165,"column":6},"end":{"line":165,"column":72}},"43":{"start":{"line":166,"column":6},"end":{"line":166,"column":18}},"44":{"start":{"line":177,"column":22},"end":{"line":177,"column":51}},"45":{"start":{"line":179,"column":4},"end":{"line":190,"column":5}},"46":{"start":{"line":181,"column":6},"end":{"line":189,"column":44}},"47":{"start":{"line":193,"column":30},"end":{"line":199,"column":5}},"48":{"start":{"line":201,"column":4},"end":{"line":203,"column":6}},"49":{"start":{"line":207,"column":0},"end":{"line":207,"column":35}}},"fnMap":{"0":{"name":"(anonymous_0)","decl":{"start":{"line":9,"column":2},"end":{"line":9,"column":3}},"loc":{"start":{"line":9,"column":16},"end":{"line":13,"column":3}},"line":9},"1":{"name":"(anonymous_1)","decl":{"start":{"line":23,"column":2},"end":{"line":23,"column":3}},"loc":{"start":{"line":23,"column":51},"end":{"line":122,"column":3}},"line":23},"2":{"name":"(anonymous_2)","decl":{"start":{"line":129,"column":2},"end":{"line":129,"column":3}},"loc":{"start":{"line":129,"column":40},"end":{"line":168,"column":3}},"line":129},"3":{"name":"(anonymous_3)","decl":{"start":{"line":175,"column":2},"end":{"line":175,"column":3}},"loc":{"start":{"line":175,"column":35},"end":{"line":204,"column":3}},"line":175}},"branchMap":{"0":{"loc":{"start":{"line":28,"column":4},"end":{"line":62,"column":5}},"type":"if","locations":[{"start":{"line":28,"column":4},"end":{"line":62,"column":5}},{"start":{},"end":{}}],"line":28},"1":{"loc":{"start":{"line":35,"column":27},"end":{"line":35,"column":75}},"type":"binary-expr","locations":[{"start":{"line":35,"column":27},"end":{"line":35,"column":50}},{"start":{"line":35,"column":54},"end":{"line":35,"column":75}}],"line":35},"2":{"loc":{"start":{"line":40,"column":8},"end":{"line":54,"column":9}},"type":"if","locations":[{"start":{"line":40,"column":8},"end":{"line":54,"column":9}},{"start":{},"end":{}}],"line":40},"3":{"loc":{"start":{"line":64,"column":4},"end":{"line":68,"column":5}},"type":"if","locations":[{"start":{"line":64,"column":4},"end":{"line":68,"column":5}},{"start":{},"end":{}}],"line":64},"4":{"loc":{"start":{"line":79,"column":6},"end":{"line":84,"column":7}},"type":"if","locations":[{"start":{"line":79,"column":6},"end":{"line":84,"column":7}},{"start":{},"end":{}}],"line":79},"5":{"loc":{"start":{"line":101,"column":8},"end":{"line":113,"column":9}},"type":"if","locations":[{"start":{"line":101,"column":8},"end":{"line":113,"column":9}},{"start":{"line":106,"column":15},"end":{"line":113,"column":9}}],"line":101},"6":{"loc":{"start":{"line":106,"column":15},"end":{"line":113,"column":9}},"type":"if","locations":[{"start":{"line":106,"column":15},"end":{"line":113,"column":9}},{"start":{"line":111,"column":15},"end":{"line":113,"column":9}}],"line":106},"7":{"loc":{"start":{"line":132,"column":6},"end":{"line":135,"column":7}},"type":"if","locations":[{"start":{"line":132,"column":6},"end":{"line":135,"column":7}},{"start":{},"end":{}}],"line":132},"8":{"loc":{"start":{"line":140,"column":2},"end":{"line":140,"column":67}},"type":"cond-expr","locations":[{"start":{"line":140,"column":25},"end":{"line":140,"column":62}},{"start":{"line":140,"column":65},"end":{"line":140,"column":67}}],"line":140},"9":{"loc":{"start":{"line":141,"column":2},"end":{"line":141,"column":67}},"type":"cond-expr","locations":[{"start":{"line":141,"column":25},"end":{"line":141,"column":62}},{"start":{"line":141,"column":65},"end":{"line":141,"column":67}}],"line":141},"10":{"loc":{"start":{"line":142,"column":2},"end":{"line":142,"column":109}},"type":"cond-expr","locations":[{"start":{"line":142,"column":58},"end":{"line":142,"column":104}},{"start":{"line":142,"column":107},"end":{"line":142,"column":109}}],"line":142},"11":{"loc":{"start":{"line":142,"column":2},"end":{"line":142,"column":55}},"type":"binary-expr","locations":[{"start":{"line":142,"column":2},"end":{"line":142,"column":21}},{"start":{"line":142,"column":25},"end":{"line":142,"column":55}}],"line":142},"12":{"loc":{"start":{"line":179,"column":4},"end":{"line":190,"column":5}},"type":"if","locations":[{"start":{"line":179,"column":4},"end":{"line":190,"column":5}},{"start":{},"end":{}}],"line":179},"13":{"loc":{"start":{"line":181,"column":47},"end":{"line":181,"column":102}},"type":"cond-expr","locations":[{"start":{"line":181,"column":70},"end":{"line":181,"column":97}},{"start":{"line":181,"column":100},"end":{"line":181,"column":102}}],"line":181},"14":{"loc":{"start":{"line":182,"column":8},"end":{"line":184,"column":14}},"type":"cond-expr","locations":[{"start":{"line":183,"column":12},"end":{"line":183,"column":59}},{"start":{"line":184,"column":12},"end":{"line":184,"column":14}}],"line":182},"15":{"loc":{"start":{"line":186,"column":8},"end":{"line":188,"column":14}},"type":"cond-expr","locations":[{"start":{"line":187,"column":12},"end":{"line":187,"column":66}},{"start":{"line":188,"column":12},"end":{"line":188,"column":14}}],"line":186},"16":{"loc":{"start":{"line":186,"column":8},"end":{"line":186,"column":61}},"type":"binary-expr","locations":[{"start":{"line":186,"column":8},"end":{"line":186,"column":27}},{"start":{"line":186,"column":31},"end":{"line":186,"column":61}}],"line":186}},"s":{"0":2,"1":2,"2":2,"3":2,"4":12,"5":12,"6":6,"7":6,"8":6,"9":6,"10":4,"11":2,"12":2,"13":2,"14":2,"15":10,"16":2,"17":8,"18":8,"19":8,"20":8,"21":1,"22":1,"23":7,"24":7,"25":3,"26":4,"27":2,"28":2,"29":1,"30":1,"31":4,"32":1,"33":1,"34":6,"35":6,"36":1,"37":1,"38":5,"39":5,"40":5,"41":4,"42":1,"43":1,"44":25,"45":25,"46":4,"47":21,"48":21,"49":2},"f":{"0":2,"1":12,"2":6,"3":25},"b":{"0":[6,6],"1":[6,1],"2":[2,2],"3":[2,8],"4":[1,7],"5":[2,2],"6":[1,1],"7":[1,5],"8":[4,1],"9":[4,1],"10":[3,2],"11":[5,4],"12":[4,21],"13":[2,2],"14":[4,0],"15":[2,2],"16":[4,3]},"_coverageSchema":"1a1c01bbd47fc00a2c39e90264f33305004495a9","hash":"0f342dbb43af70fce6eea741d337e97fa009e700"}
,"/home/ywvlfy/projects/waifu-hospital/ai_service/services/ImageService.js": {"path":"/home/ywvlfy/projects/waifu-hospital/ai_service/services/ImageService.js","statementMap":{"0":{"start":{"line":1,"column":19},"end":{"line":1,"column":36}},"1":{"start":{"line":8,"column":4},"end":{"line":10,"column":7}},"2":{"start":{"line":24,"column":4},"end":{"line":24,"column":73}},"3":{"start":{"line":27,"column":19},"end":{"line":27,"column":78}},"4":{"start":{"line":29,"column":4},"end":{"line":43,"column":5}},"5":{"start":{"line":31,"column":23},"end":{"line":36,"column":8}},"6":{"start":{"line":38,"column":6},"end":{"line":38,"column":50}},"7":{"start":{"line":39,"column":6},"end":{"line":39,"column":34}},"8":{"start":{"line":41,"column":6},"end":{"line":41,"column":55}},"9":{"start":{"line":42,"column":6},"end":{"line":42,"column":42}},"10":{"start":{"line":51,"column":17},"end":{"line":51,"column":112}},"11":{"start":{"line":54,"column":4},"end":{"line":54,"column":51}},"12":{"start":{"line":57,"column":4},"end":{"line":59,"column":5}},"13":{"start":{"line":58,"column":6},"end":{"line":58,"column":135}},"14":{"start":{"line":62,"column":24},"end":{"line":77,"column":5}},"15":{"start":{"line":80,"column":4},"end":{"line":80,"column":54}},"16":{"start":{"line":83,"column":4},"end":{"line":84,"column":465}},"17":{"start":{"line":86,"column":4},"end":{"line":86,"column":18}},"18":{"start":{"line":96,"column":30},"end":{"line":113,"column":5}},"19":{"start":{"line":115,"column":4},"end":{"line":115,"column":51}},"20":{"start":{"line":116,"column":4},"end":{"line":116,"column":63}},"21":{"start":{"line":120,"column":0},"end":{"line":120,"column":36}}},"fnMap":{"0":{"name":"(anonymous_0)","decl":{"start":{"line":7,"column":2},"end":{"line":7,"column":3}},"loc":{"start":{"line":7,"column":16},"end":{"line":11,"column":3}},"line":7},"1":{"name":"(anonymous_1)","decl":{"start":{"line":23,"column":2},"end":{"line":23,"column":3}},"loc":{"start":{"line":23,"column":59},"end":{"line":44,"column":3}},"line":23},"2":{"name":"(anonymous_2)","decl":{"start":{"line":49,"column":2},"end":{"line":49,"column":3}},"loc":{"start":{"line":49,"column":57},"end":{"line":87,"column":3}},"line":49},"3":{"name":"(anonymous_3)","decl":{"start":{"line":94,"column":2},"end":{"line":94,"column":3}},"loc":{"start":{"line":94,"column":26},"end":{"line":117,"column":3}},"line":94}},"branchMap":{"0":{"loc":{"start":{"line":57,"column":4},"end":{"line":59,"column":5}},"type":"if","locations":[{"start":{"line":57,"column":4},"end":{"line":59,"column":5}},{"start":{},"end":{}}],"line":57},"1":{"loc":{"start":{"line":80,"column":14},"end":{"line":80,"column":53}},"type":"binary-expr","locations":[{"start":{"line":80,"column":14},"end":{"line":80,"column":32}},{"start":{"line":80,"column":36},"end":{"line":80,"column":53}}],"line":80},"2":{"loc":{"start":{"line":116,"column":11},"end":{"line":116,"column":62}},"type":"binary-expr","locations":[{"start":{"line":116,"column":11},"end":{"line":116,"column":35}},{"start":{"line":116,"column":39},"end":{"line":116,"column":62}}],"line":116}},"s":{"0":2,"1":2,"2":17,"3":17,"4":17,"5":17,"6":12,"7":12,"8":7,"9":7,"10":34,"11":34,"12":34,"13":31,"14":34,"15":34,"16":34,"17":34,"18":18,"19":18,"20":18,"21":2},"f":{"0":2,"1":17,"2":34,"3":18},"b":{"0":[31,3],"1":[34,2],"2":[18,3]},"_coverageSchema":"1a1c01bbd47fc00a2c39e90264f33305004495a9","hash":"5fd9276693cce5fd197d5a30efaf54a017632a99"}
}
