TN:
SF:app.js
FN:23,(anonymous_0)
FN:29,(anonymous_1)
FN:61,(anonymous_2)
FN:96,(anonymous_3)
FN:136,(anonymous_4)
FN:167,(anonymous_5)
FN:173,fetchCharacters
FNF:7
FNH:6
FNDA:3,(anonymous_0)
FNDA:8,(anonymous_1)
FNDA:8,(anonymous_2)
FNDA:7,(anonymous_3)
FNDA:5,(anonymous_4)
FNDA:2,(anonymous_5)
FNDA:0,fetchCharacters
DA:1,1
DA:2,1
DA:3,1
DA:4,1
DA:5,1
DA:6,1
DA:7,1
DA:10,1
DA:13,1
DA:19,1
DA:20,1
DA:23,1
DA:24,3
DA:25,3
DA:29,1
DA:30,8
DA:32,8
DA:33,2
DA:34,2
DA:37,6
DA:43,6
DA:45,6
DA:46,4
DA:50,4
DA:53,2
DA:54,2
DA:55,2
DA:56,2
DA:61,1
DA:62,8
DA:64,8
DA:65,4
DA:66,4
DA:69,4
DA:73,4
DA:75,4
DA:77,3
DA:78,2
DA:82,2
DA:85,1
DA:86,1
DA:89,1
DA:90,1
DA:91,1
DA:96,1
DA:97,7
DA:99,7
DA:100,1
DA:101,1
DA:104,6
DA:105,1
DA:106,1
DA:109,5
DA:114,5
DA:116,5
DA:122,4
DA:123,4
DA:125,1
DA:128,1
DA:129,1
DA:131,1
DA:136,1
DA:137,5
DA:139,5
DA:140,0
DA:141,0
DA:144,5
DA:145,5
DA:146,5
DA:148,3
DA:149,2
DA:150,2
DA:152,1
DA:153,1
DA:156,2
DA:160,2
DA:167,1
DA:168,2
DA:169,2
DA:174,0
DA:175,0
DA:177,0
DA:179,0
DA:181,0
DA:182,0
DA:185,0
DA:191,0
DA:192,0
DA:193,0
DA:197,0
DA:200,0
DA:204,1
LF:92
LH:78
BRDA:32,0,0,2
BRDA:32,0,1,6
BRDA:45,1,0,4
BRDA:45,1,1,2
BRDA:64,2,0,4
BRDA:64,2,1,4
BRDA:64,3,0,8
BRDA:64,3,1,7
BRDA:64,3,2,5
BRDA:77,4,0,2
BRDA:77,4,1,1
BRDA:99,5,0,1
BRDA:99,5,1,6
BRDA:104,6,0,1
BRDA:104,6,1,5
BRDA:118,7,0,5
BRDA:118,7,1,2
BRDA:139,8,0,0
BRDA:139,8,1,5
BRDA:145,9,0,5
BRDA:145,9,1,1
BRDA:148,10,0,2
BRDA:148,10,1,1
BRDA:160,11,0,2
BRDA:160,11,1,1
BRDA:161,12,0,2
BRDA:161,12,1,1
BRDA:175,13,0,0
BRDA:175,13,1,0
BRDA:181,14,0,0
BRDA:181,14,1,0
BRDA:181,15,0,0
BRDA:181,15,1,0
BRDA:191,16,0,0
BRDA:191,16,1,0
BRF:35
BRH:26
end_of_record
TN:
SF:server.js
FN:6,(anonymous_0)
FNF:1
FNH:0
FNDA:0,(anonymous_0)
DA:1,0
DA:3,0
DA:6,0
DA:7,0
DA:10,0
DA:13,0
LF:6
LH:0
BRDA:3,0,0,0
BRDA:3,0,1,0
BRF:2
BRH:0
end_of_record
TN:
SF:models/Character.js
FN:17,(anonymous_0)
FN:43,(anonymous_1)
FN:134,setCharacters
FN:136,(anonymous_3)
FN:156,getCharacterById
FN:157,(anonymous_5)
FNF:6
FNH:6
FNDA:23,(anonymous_0)
FNDA:14,(anonymous_1)
FNDA:12,setCharacters
FNDA:6,(anonymous_3)
FNDA:9,getCharacterById
FNDA:8,(anonymous_5)
DA:28,23
DA:29,23
DA:30,23
DA:31,23
DA:32,23
DA:33,23
DA:34,23
DA:35,23
DA:36,23
DA:44,14
DA:46,14
DA:47,3
DA:50,14
DA:51,3
DA:54,14
DA:56,14
DA:57,14
DA:60,14
DA:61,14
DA:64,14
DA:65,3
DA:68,14
DA:69,3
DA:72,14
DA:85,14
DA:86,14
DA:88,14
DA:90,2
DA:92,2
DA:94,3
DA:96,3
DA:98,4
DA:100,4
DA:102,2
DA:104,2
DA:106,1
DA:108,1
DA:110,2
DA:112,2
DA:114,0
DA:118,14
DA:121,14
DA:123,14
DA:128,2
DA:135,12
DA:137,6
DA:157,9
DA:160,2
LF:48
LH:47
BRDA:32,0,0,23
BRDA:32,0,1,9
BRDA:33,1,0,23
BRDA:33,1,1,18
BRDA:34,2,0,23
BRDA:34,2,1,18
BRDA:35,3,0,23
BRDA:35,3,1,18
BRDA:36,4,0,23
BRDA:36,4,1,12
BRDA:46,5,0,3
BRDA:46,5,1,11
BRDA:50,6,0,3
BRDA:50,6,1,11
BRDA:56,7,0,14
BRDA:56,7,1,0
BRDA:60,8,0,14
BRDA:60,8,1,0
BRDA:64,9,0,3
BRDA:64,9,1,11
BRDA:68,10,0,3
BRDA:68,10,1,11
BRDA:68,11,0,14
BRDA:68,11,1,14
BRDA:85,12,0,14
BRDA:85,12,1,0
BRDA:85,13,0,14
BRDA:85,13,1,14
BRDA:88,14,0,2
BRDA:88,14,1,3
BRDA:88,14,2,4
BRDA:88,14,3,2
BRDA:88,14,4,1
BRDA:88,14,5,2
BRDA:88,14,6,0
BRDA:157,15,0,9
BRDA:157,15,1,4
BRF:37
BRH:33
end_of_record
TN:
SF:services/ChatService.js
FN:9,(anonymous_0)
FN:23,(anonymous_1)
FN:129,(anonymous_2)
FN:175,(anonymous_3)
FNF:4
FNH:4
FNDA:2,(anonymous_0)
FNDA:12,(anonymous_1)
FNDA:6,(anonymous_2)
FNDA:25,(anonymous_3)
DA:1,2
DA:2,2
DA:3,2
DA:10,2
DA:25,12
DA:28,12
DA:29,6
DA:30,6
DA:35,6
DA:36,6
DA:40,4
DA:42,2
DA:43,2
DA:56,2
DA:60,2
DA:64,10
DA:65,2
DA:70,8
DA:72,8
DA:73,8
DA:79,8
DA:80,1
DA:83,1
DA:87,7
DA:88,7
DA:98,3
DA:101,4
DA:102,2
DA:106,2
DA:107,1
DA:112,1
DA:115,4
DA:118,1
DA:120,1
DA:130,6
DA:132,6
DA:133,1
DA:134,1
DA:138,5
DA:151,5
DA:153,5
DA:163,4
DA:165,1
DA:166,1
DA:177,25
DA:179,25
DA:181,4
DA:193,21
DA:201,21
DA:207,2
LF:50
LH:50
BRDA:28,0,0,6
BRDA:28,0,1,6
BRDA:35,1,0,6
BRDA:35,1,1,1
BRDA:40,2,0,2
BRDA:40,2,1,2
BRDA:64,3,0,2
BRDA:64,3,1,8
BRDA:79,4,0,1
BRDA:79,4,1,7
BRDA:101,5,0,2
BRDA:101,5,1,2
BRDA:106,6,0,1
BRDA:106,6,1,1
BRDA:132,7,0,1
BRDA:132,7,1,5
BRDA:140,8,0,4
BRDA:140,8,1,1
BRDA:141,9,0,4
BRDA:141,9,1,1
BRDA:142,10,0,3
BRDA:142,10,1,2
BRDA:142,11,0,5
BRDA:142,11,1,4
BRDA:179,12,0,4
BRDA:179,12,1,21
BRDA:181,13,0,2
BRDA:181,13,1,2
BRDA:182,14,0,4
BRDA:182,14,1,0
BRDA:186,15,0,2
BRDA:186,15,1,2
BRDA:186,16,0,4
BRDA:186,16,1,3
BRF:34
BRH:33
end_of_record
TN:
SF:services/ImageService.js
FN:7,(anonymous_0)
FN:23,(anonymous_1)
FN:49,(anonymous_2)
FN:94,(anonymous_3)
FNF:4
FNH:4
FNDA:2,(anonymous_0)
FNDA:17,(anonymous_1)
FNDA:34,(anonymous_2)
FNDA:18,(anonymous_3)
DA:1,2
DA:8,2
DA:24,17
DA:27,17
DA:29,17
DA:31,17
DA:38,12
DA:39,12
DA:41,7
DA:42,7
DA:51,34
DA:54,34
DA:57,34
DA:58,31
DA:62,34
DA:80,34
DA:83,34
DA:86,34
DA:96,18
DA:115,18
DA:116,18
DA:120,2
LF:22
LH:22
BRDA:57,0,0,31
BRDA:57,0,1,3
BRDA:80,1,0,34
BRDA:80,1,1,2
BRDA:116,2,0,18
BRDA:116,2,1,3
BRF:6
BRH:6
end_of_record
